[INFO] [launch]: All log files can be found below /home/ubuntu/.ros/log/2025-08-10-13-05-06-749248-ubuntu-HP-Laptop-14s-dq5xxx-175
[INFO] [launch]: Default logging verbosity is set to INFO
[INFO] [launch.user]: The arguments for aichallenge_system_launch.
[INFO] [launch.user]:  - simulation: true
[INFO] [launch.user]:  - use_sim_time: true
[INFO] [launch.user]:  - sensor_model: racing_kart_sensor_kit
[INFO] [launch.user]:  - launch_vehicle_interface: true
[INFO] [launch.user]:  - rviz config: /aichallenge/workspace/install/aichallenge_system_launch/share/aichallenge_system_launch/config/autoware.rviz
[INFO] [launch.user]: The arguments for aichallenge_submit_launch.
[INFO] [launch.user]:  - simulation: true
[INFO] [launch.user]:  - use_sim_time: true
[INFO] [launch.user]:  - sensor_model: racing_kart_sensor_kit
[INFO] [launch.user]:  - launch_vehicle_interface: true
[INFO] [launch.user]: echo launch param use_sim_time: true launch_vehicle_interface: true sensor_model: racing_kart_sensor_kit
[INFO] [robot_state_publisher-1]: process started with pid [189]
[INFO] [vehicle_velocity_converter-2]: process started with pid [191]
[INFO] [imu_corrector-3]: process started with pid [193]
[INFO] [gnss_poser-4]: process started with pid [195]
[INFO] [gyro_odometer-5]: process started with pid [197]
[INFO] [imu_gnss_poser_node-6]: process started with pid [199]
[INFO] [ekf_localizer-7]: process started with pid [201]
[INFO] [twist2accel-8]: process started with pid [203]
[INFO] [simple_trajectory_generator_node-9]: process started with pid [205]
[INFO] [interactive_server-10]: process started with pid [207]
[INFO] [simple_pure_pursuit-11]: process started with pid [209]
[INFO] [component_container-12]: process started with pid [211]
[INFO] [raw_vehicle_cmd_converter_node-13]: process started with pid [213]
[INFO] [goal_pose_setter_node-14]: process started with pid [215]
[INFO] [rviz2-15]: process started with pid [217]
[INFO] [relay-16]: process started with pid [221]
[INFO] [control_mode_adapter.py-17]: process started with pid [233]
[INFO] [actuation_cmd_converter-18]: process started with pid [245]
[INFO] [relay-19]: process started with pid [252]
[INFO] [component_container_mt-20]: process started with pid [265]
[simple_trajectory_generator_node-9] [INFO] [1754798708.239742084] [planning.scenario_planning.simple_trajectory_generator]: csv_path parameter changed from '' to '/aichallenge/workspace/install/simple_trajectory_generator/share/simple_trajectory_generator/data/raceline_awsim_15km.csv'
[simple_trajectory_generator_node-9] [INFO] [1754798708.243400052] [planning.scenario_planning.simple_trajectory_generator]: Successfully loaded new trajectory from CSV: /aichallenge/workspace/install/simple_trajectory_generator/share/simple_trajectory_generator/data/raceline_awsim_15km.csv with 121 points
[simple_trajectory_generator_node-9] [INFO] [1754798708.243560224] [planning.scenario_planning.simple_trajectory_generator]: z parameter changed to 6.500000
[simple_trajectory_generator_node-9] [INFO] [1754798708.243971609] [planning.scenario_planning.simple_trajectory_generator]: Loaded trajectory from CSV with 121 points
[interactive_server-10] [INFO] [1754798708.258972445] [editor_tool_server]: Waiting for 5.000000 seconds before loading CSV and publishing markers.
[robot_state_publisher-1] [INFO] [1754798708.283458848] [robot_state_publisher]: got segment base_link
[robot_state_publisher-1] [INFO] [1754798708.283579026] [robot_state_publisher]: got segment gnss_link
[robot_state_publisher-1] [INFO] [1754798708.283598093] [robot_state_publisher]: got segment imu_link
[robot_state_publisher-1] [INFO] [1754798708.283605463] [robot_state_publisher]: got segment sensor_kit_base_link
[simple_pure_pursuit-11] [INFO] [1754798708.284404746] [simple_pure_pursuit_node]: odometry is not available
[gyro_odometer-5] [WARN] [1754798708.325524624] [localization.gyro_odometer]: Twist msg is not subscribed
[component_container-12] [INFO] [1754798708.326845342] [map.map_container]: Load Library: /autoware/install/map_loader/lib/liblanelet2_map_loader_node.so
[ekf_localizer-7] [WARN] [1754798708.338589849] [localization.ekf_localizer]: The node is not activated. Provide initial pose to pose_initializer
[gnss_poser-4] [WARN] [1754798708.338712090] [sensing.gnss.racing_kart_gnss_poser]: "gnss_link" passed to lookupTransform argument target_frame does not exist. 
[gnss_poser-4] [WARN] [1754798708.338838238] [sensing.gnss.racing_kart_gnss_poser]: Please publish TF gnss_link to base_link
[component_container-12] [INFO] [1754798708.365094606] [map.map_container]: Found class: rclcpp_components::NodeFactoryTemplate<Lanelet2MapLoaderNode>
[component_container-12] [INFO] [1754798708.365185298] [map.map_container]: Instantiate class: rclcpp_components::NodeFactoryTemplate<Lanelet2MapLoaderNode>
[INFO] [launch_ros.actions.load_composable_nodes]: Loaded node '/map/lanelet2_map_loader' in container '/map/map_container'
[component_container-12] [INFO] [1754798708.394707407] [map.map_container]: Load Library: /autoware/install/map_loader/lib/liblanelet2_map_visualization_node.so
[component_container-12] [INFO] [1754798708.397199148] [map.map_container]: Found class: rclcpp_components::NodeFactoryTemplate<Lanelet2MapVisualizationNode>
[component_container-12] [INFO] [1754798708.397240926] [map.map_container]: Instantiate class: rclcpp_components::NodeFactoryTemplate<Lanelet2MapVisualizationNode>
[INFO] [launch_ros.actions.load_composable_nodes]: Loaded node '/map/lanelet2_map_visualization' in container '/map/map_container'
[component_container-12] [INFO] [1754798708.408722441] [map.lanelet2_map_visualization]: Map is loaded
[component_container-12] 
[component_container_mt-20] [INFO] [1754798708.410812337] [system.system_monitor.system_monitor.system_monitor_container]: Load Library: /autoware/install/system_monitor/lib/libcpu_monitor_lib.so
[component_container-12] [INFO] [1754798708.412799814] [map.map_container]: Load Library: /autoware/install/map_tf_generator/lib/libvector_map_tf_generator_node.so
[component_container-12] [INFO] [1754798708.417428992] [map.map_container]: Found class: rclcpp_components::NodeFactoryTemplate<VectorMapTFGeneratorNode>
[component_container-12] [INFO] [1754798708.417486250] [map.map_container]: Instantiate class: rclcpp_components::NodeFactoryTemplate<VectorMapTFGeneratorNode>
[component_container_mt-20] [INFO] [1754798708.418935147] [system.system_monitor.system_monitor.system_monitor_container]: Found class: rclcpp_components::NodeFactoryTemplate<CPUMonitor>
[component_container_mt-20] [INFO] [1754798708.418993871] [system.system_monitor.system_monitor.system_monitor_container]: Instantiate class: rclcpp_components::NodeFactoryTemplate<CPUMonitor>
[INFO] [launch_ros.actions.load_composable_nodes]: Loaded node '/map/vector_map_tf_generator' in container '/map/map_container'
[component_container-12] [INFO] [1754798708.434962707] [map.vector_map_tf_generator]: broadcast static tf. map_frame:map, viewer_frame:viewer, x:89648.2, y:43157.2, z:6.5
[INFO] [launch_ros.actions.load_composable_nodes]: Loaded node '/system/system_monitor/cpu_monitor' in container '/system/system_monitor/system_monitor/system_monitor_container'
[component_container_mt-20] [INFO] [1754798708.446329514] [system.system_monitor.system_monitor.system_monitor_container]: Load Library: /autoware/install/system_monitor/lib/libmem_monitor_lib.so
[component_container_mt-20] [INFO] [1754798708.448940538] [system.system_monitor.system_monitor.system_monitor_container]: Found class: rclcpp_components::NodeFactoryTemplate<MemMonitor>
[component_container_mt-20] [INFO] [1754798708.448994822] [system.system_monitor.system_monitor.system_monitor_container]: Instantiate class: rclcpp_components::NodeFactoryTemplate<MemMonitor>
[INFO] [launch_ros.actions.load_composable_nodes]: Loaded node '/system/system_monitor/mem_monitor' in container '/system/system_monitor/system_monitor/system_monitor_container'
[component_container_mt-20] [INFO] [1754798708.457913741] [system.system_monitor.system_monitor.system_monitor_container]: Load Library: /autoware/install/system_monitor/lib/libprocess_monitor_lib.so
[component_container_mt-20] [INFO] [1754798708.463582679] [system.system_monitor.system_monitor.system_monitor_container]: Found class: rclcpp_components::NodeFactoryTemplate<ProcessMonitor>
[component_container_mt-20] [INFO] [1754798708.463933141] [system.system_monitor.system_monitor.system_monitor_container]: Instantiate class: rclcpp_components::NodeFactoryTemplate<ProcessMonitor>
[INFO] [launch_ros.actions.load_composable_nodes]: Loaded node '/system/system_monitor/process_monitor' in container '/system/system_monitor/system_monitor/system_monitor_container'
[component_container_mt-20] [INFO] [1754798708.484620075] [system.system_monitor.system_monitor.system_monitor_container]: Load Library: /autoware/install/system_monitor/lib/libvoltage_monitor_lib.so
[component_container_mt-20] [INFO] [1754798708.487897214] [system.system_monitor.system_monitor.system_monitor_container]: Found class: rclcpp_components::NodeFactoryTemplate<VoltageMonitor>
[component_container_mt-20] [INFO] [1754798708.487985944] [system.system_monitor.system_monitor.system_monitor_container]: Instantiate class: rclcpp_components::NodeFactoryTemplate<VoltageMonitor>
[INFO] [launch_ros.actions.load_composable_nodes]: Loaded node '/system/system_monitor/voltage_monitor' in container '/system/system_monitor/system_monitor/system_monitor_container'
[rviz2-15] QPainter::begin: Paint device returned engine == 0, type: 2
[rviz2-15] QPainter::setPen: Painter not active
[rviz2-15] [INFO] [1754798708.871288123] [rviz2]: Stereo is NOT SUPPORTED
[rviz2-15] [INFO] [1754798708.871696196] [rviz2]: OpenGl version: 4.6 (GLSL 4.6)
[rviz2-15] [INFO] [1754798708.963382851] [rviz2]: Stereo is NOT SUPPORTED
[simple_pure_pursuit-11] [INFO] [1754798709.289687344] [simple_pure_pursuit_node]: odometry is not available
[simple_trajectory_generator_node-9] [WARN] [1754798709.686685833] [planning.scenario_planning.simple_trajectory_generator]: New subscription discovered on topic '/planning/scenario_planning/trajectory', requesting incompatible QoS. No messages will be sent to it. Last incompatible policy: RELIABILITY_QOS_POLICY
[simple_trajectory_generator_node-9] [WARN] [1754798709.688726819] [planning.scenario_planning.simple_trajectory_generator]: New subscription discovered on topic '/planning/scenario_planning/trajectory', requesting incompatible QoS. No messages will be sent to it. Last incompatible policy: RELIABILITY_QOS_POLICY
[simple_pure_pursuit-11] [INFO] [1754798710.298402142] [simple_pure_pursuit_node]: odometry is not available
[ekf_localizer-7] [WARN] [1754798710.392075830] [localization.ekf_localizer]: The node is not activated. Provide initial pose to pose_initializer
[rviz2-15] QObject::connect: No such signal QLineEdit::valueChanged(std::string)
[simple_pure_pursuit-11] [INFO] [1754798711.309018041] [simple_pure_pursuit_node]: odometry is not available
[goal_pose_setter_node-14] [INFO] [1754798711.572844609] [goal_pose_setter]: Call localization trigger
[goal_pose_setter_node-14] [INFO] [1754798711.693055730] [goal_pose_setter]: Complete localization trigger
[interactive_server-10] [INFO] [1754798713.259167800] [editor_tool_server]: Loading CSV file: /aichallenge/workspace/src/aichallenge-trajectory-editor/csv/centerline_15km.csv
[interactive_server-10] [ERROR] [1754798713.259349327] [editor_tool_server]: Failed to open file: /aichallenge/workspace/src/aichallenge-trajectory-editor/csv/centerline_15km.csv
[simple_pure_pursuit-11] [INFO] [1754798713.268244495] [simple_pure_pursuit_node]: trajectory points is empty
[relay-16] [WARN] [1754798728.120093592] [initial_pose_relay]: Some, but not all, publishers on topic /initialpose offer 'transient local' durability. Falling back to 'volatile' durability in orderto connect to all publishers.
[rviz2-15] [WARN] [1754798728.199621913] [rviz2]: Negative eigenvalue found for position. Is the covariance matrix correct (positive semidefinite)?
[rviz2-15] [WARN] [1754798728.229928356] [rviz2]: Negative eigenvalue found for position. Is the covariance matrix correct (positive semidefinite)?
[ekf_localizer-7] [WARN] [1754798729.431049171] [localization.ekf_localizer]: The Mahalanobis distance 4007399.7969 is over the limit 10000.0000.
[rviz2-15] OpenCV: FFMPEG: tag 0x34363268/'h264' is not supported with codec id 27 and format 'mp4 / MP4 (MPEG-4 Part 14)'
[rviz2-15] OpenCV: FFMPEG: fallback to use tag 0x31637661/'avc1'
[simple_trajectory_generator_node-9] [INFO] [1754798765.243889922] [planning.scenario_planning.simple_trajectory_generator]: Published trajectory with 121 points
[simple_trajectory_generator_node-9] [INFO] [1754798826.244283492] [planning.scenario_planning.simple_trajectory_generator]: Published trajectory with 121 points
[simple_trajectory_generator_node-9] [INFO] [1754798887.243411135] [planning.scenario_planning.simple_trajectory_generator]: Published trajectory with 121 points
[simple_trajectory_generator_node-9] [INFO] [1754798948.242634846] [planning.scenario_planning.simple_trajectory_generator]: Published trajectory with 121 points
[simple_trajectory_generator_node-9] [INFO] [1754799009.242685377] [planning.scenario_planning.simple_trajectory_generator]: Published trajectory with 121 points
[simple_trajectory_generator_node-9] [INFO] [1754799070.242271803] [planning.scenario_planning.simple_trajectory_generator]: Published trajectory with 121 points
