[INFO] [launch]: All log files can be found below /home/ubuntu/.ros/log/2025-08-10-00-36-59-772520-ubuntu-HP-Laptop-14s-dq5xxx-11697
[INFO] [launch]: Default logging verbosity is set to INFO
[INFO] [launch.user]: The arguments for aichallenge_system_launch.
[INFO] [launch.user]:  - simulation: true
[INFO] [launch.user]:  - use_sim_time: true
[INFO] [launch.user]:  - sensor_model: racing_kart_sensor_kit
[INFO] [launch.user]:  - launch_vehicle_interface: true
[INFO] [launch.user]:  - rviz config: /aichallenge/workspace/install/aichallenge_system_launch/share/aichallenge_system_launch/config/autoware.rviz
[INFO] [launch.user]: The arguments for aichallenge_submit_launch.
[INFO] [launch.user]:  - simulation: true
[INFO] [launch.user]:  - use_sim_time: true
[INFO] [launch.user]:  - sensor_model: racing_kart_sensor_kit
[INFO] [launch.user]:  - launch_vehicle_interface: true
[INFO] [launch.user]: echo launch param use_sim_time: true launch_vehicle_interface: true sensor_model: racing_kart_sensor_kit
[INFO] [robot_state_publisher-1]: process started with pid [11711]
[INFO] [vehicle_velocity_converter-2]: process started with pid [11713]
[INFO] [imu_corrector-3]: process started with pid [11715]
[INFO] [gnss_poser-4]: process started with pid [11717]
[INFO] [gyro_odometer-5]: process started with pid [11719]
[INFO] [imu_gnss_poser_node-6]: process started with pid [11721]
[INFO] [ekf_localizer-7]: process started with pid [11723]
[INFO] [twist2accel-8]: process started with pid [11725]
[INFO] [simple_trajectory_generator_node-9]: process started with pid [11727]
[INFO] [interactive_server-10]: process started with pid [11729]
[INFO] [simple_pure_pursuit-11]: process started with pid [11731]
[INFO] [component_container-12]: process started with pid [11733]
[INFO] [raw_vehicle_cmd_converter_node-13]: process started with pid [11735]
[INFO] [goal_pose_setter_node-14]: process started with pid [11737]
[INFO] [rviz2-15]: process started with pid [11739]
[INFO] [relay-16]: process started with pid [11741]
[INFO] [control_mode_adapter.py-17]: process started with pid [11743]
[INFO] [actuation_cmd_converter-18]: process started with pid [11745]
[INFO] [relay-19]: process started with pid [11747]
[INFO] [component_container_mt-20]: process started with pid [11749]
[simple_trajectory_generator_node-9] [0m[INFO] [1754753821.370451619] [planning.scenario_planning.simple_trajectory_generator]: csv_path parameter changed from '' to '/aichallenge/workspace/install/simple_trajectory_generator/share/simple_trajectory_generator/data/raceline_awsim_15km.csv'[0m
[simple_trajectory_generator_node-9] [0m[INFO] [1754753821.370825425] [planning.scenario_planning.simple_trajectory_generator]: Successfully loaded new trajectory from CSV: /aichallenge/workspace/install/simple_trajectory_generator/share/simple_trajectory_generator/data/raceline_awsim_15km.csv with 121 points[0m
[simple_trajectory_generator_node-9] [0m[INFO] [1754753821.370874669] [planning.scenario_planning.simple_trajectory_generator]: z parameter changed to 6.500000[0m
[simple_trajectory_generator_node-9] [0m[INFO] [1754753821.371097848] [planning.scenario_planning.simple_trajectory_generator]: Loaded trajectory from CSV with 121 points[0m
[gyro_odometer-5] [33m[WARN] [1754753821.428669418] [localization.gyro_odometer]: Imu msg is not subscribed[0m
[interactive_server-10] [0m[INFO] [1754753821.458938875] [editor_tool_server]: Waiting for 5.000000 seconds before loading CSV and publishing markers.[0m
[simple_pure_pursuit-11] [0m[INFO] [1754753821.466717060] [simple_pure_pursuit_node]: odometry is not available[0m
[ekf_localizer-7] [33m[WARN] [1754753821.493244829] [localization.ekf_localizer]: The node is not activated. Provide initial pose to pose_initializer[0m
[robot_state_publisher-1] [0m[INFO] [1754753821.496928512] [robot_state_publisher]: got segment base_link[0m
[robot_state_publisher-1] [0m[INFO] [1754753821.497664650] [robot_state_publisher]: got segment gnss_link[0m
[robot_state_publisher-1] [0m[INFO] [1754753821.497688148] [robot_state_publisher]: got segment imu_link[0m
[robot_state_publisher-1] [0m[INFO] [1754753821.497698882] [robot_state_publisher]: got segment sensor_kit_base_link[0m
[rviz2-15] QPainter::begin: Paint device returned engine == 0, type: 2
[rviz2-15] QPainter::setPen: Painter not active
[component_container-12] [0m[INFO] [1754753821.720883047] [map.map_container]: Load Library: /autoware/install/map_loader/lib/liblanelet2_map_loader_node.so[0m
[component_container-12] [0m[INFO] [1754753821.730599591] [map.map_container]: Found class: rclcpp_components::NodeFactoryTemplate<Lanelet2MapLoaderNode>[0m
[component_container-12] [0m[INFO] [1754753821.730647458] [map.map_container]: Instantiate class: rclcpp_components::NodeFactoryTemplate<Lanelet2MapLoaderNode>[0m
[INFO] [launch_ros.actions.load_composable_nodes]: Loaded node '/map/lanelet2_map_loader' in container '/map/map_container'
[rviz2-15] [0m[INFO] [1754753821.755886929] [rviz2]: Stereo is NOT SUPPORTED[0m
[rviz2-15] [0m[INFO] [1754753821.756097164] [rviz2]: OpenGl version: 4.6 (GLSL 4.6)[0m
[component_container-12] [0m[INFO] [1754753821.758130369] [map.map_container]: Load Library: /autoware/install/map_loader/lib/liblanelet2_map_visualization_node.so[0m
[component_container-12] [0m[INFO] [1754753821.760327000] [map.map_container]: Found class: rclcpp_components::NodeFactoryTemplate<Lanelet2MapVisualizationNode>[0m
[component_container-12] [0m[INFO] [1754753821.760377305] [map.map_container]: Instantiate class: rclcpp_components::NodeFactoryTemplate<Lanelet2MapVisualizationNode>[0m
[INFO] [launch_ros.actions.load_composable_nodes]: Loaded node '/map/lanelet2_map_visualization' in container '/map/map_container'
[component_container-12] [0m[INFO] [1754753821.781473211] [map.lanelet2_map_visualization]: Map is loaded
[component_container-12] [0m
[component_container-12] [0m[INFO] [1754753821.785381650] [map.map_container]: Load Library: /autoware/install/map_tf_generator/lib/libvector_map_tf_generator_node.so[0m
[rviz2-15] [0m[INFO] [1754753821.786836599] [rviz2]: Stereo is NOT SUPPORTED[0m
[component_container-12] [0m[INFO] [1754753821.790773093] [map.map_container]: Found class: rclcpp_components::NodeFactoryTemplate<VectorMapTFGeneratorNode>[0m
[component_container-12] [0m[INFO] [1754753821.791549771] [map.map_container]: Instantiate class: rclcpp_components::NodeFactoryTemplate<VectorMapTFGeneratorNode>[0m
[INFO] [launch_ros.actions.load_composable_nodes]: Loaded node '/map/vector_map_tf_generator' in container '/map/map_container'
[component_container-12] [0m[INFO] [1754753821.811477525] [map.vector_map_tf_generator]: broadcast static tf. map_frame:map, viewer_frame:viewer, x:89648.2, y:43157.2, z:6.5[0m
[component_container_mt-20] [0m[INFO] [1754753821.826030160] [system.system_monitor.system_monitor.system_monitor_container]: Load Library: /autoware/install/system_monitor/lib/libcpu_monitor_lib.so[0m
[component_container_mt-20] [0m[INFO] [1754753821.829846144] [system.system_monitor.system_monitor.system_monitor_container]: Found class: rclcpp_components::NodeFactoryTemplate<CPUMonitor>[0m
[component_container_mt-20] [0m[INFO] [1754753821.829887090] [system.system_monitor.system_monitor.system_monitor_container]: Instantiate class: rclcpp_components::NodeFactoryTemplate<CPUMonitor>[0m
[INFO] [launch_ros.actions.load_composable_nodes]: Loaded node '/system/system_monitor/cpu_monitor' in container '/system/system_monitor/system_monitor/system_monitor_container'
[component_container_mt-20] [0m[INFO] [1754753821.863598038] [system.system_monitor.system_monitor.system_monitor_container]: Load Library: /autoware/install/system_monitor/lib/libmem_monitor_lib.so[0m
[component_container_mt-20] [0m[INFO] [1754753821.864577857] [system.system_monitor.system_monitor.system_monitor_container]: Found class: rclcpp_components::NodeFactoryTemplate<MemMonitor>[0m
[component_container_mt-20] [0m[INFO] [1754753821.864637616] [system.system_monitor.system_monitor.system_monitor_container]: Instantiate class: rclcpp_components::NodeFactoryTemplate<MemMonitor>[0m
[INFO] [launch_ros.actions.load_composable_nodes]: Loaded node '/system/system_monitor/mem_monitor' in container '/system/system_monitor/system_monitor/system_monitor_container'
[component_container_mt-20] [0m[INFO] [1754753821.885269448] [system.system_monitor.system_monitor.system_monitor_container]: Load Library: /autoware/install/system_monitor/lib/libprocess_monitor_lib.so[0m
[component_container_mt-20] [0m[INFO] [1754753821.886690545] [system.system_monitor.system_monitor.system_monitor_container]: Found class: rclcpp_components::NodeFactoryTemplate<ProcessMonitor>[0m
[component_container_mt-20] [0m[INFO] [1754753821.886757290] [system.system_monitor.system_monitor.system_monitor_container]: Instantiate class: rclcpp_components::NodeFactoryTemplate<ProcessMonitor>[0m
[INFO] [launch_ros.actions.load_composable_nodes]: Loaded node '/system/system_monitor/process_monitor' in container '/system/system_monitor/system_monitor/system_monitor_container'
[component_container_mt-20] [0m[INFO] [1754753821.908559372] [system.system_monitor.system_monitor.system_monitor_container]: Load Library: /autoware/install/system_monitor/lib/libvoltage_monitor_lib.so[0m
[component_container_mt-20] [0m[INFO] [1754753821.909354221] [system.system_monitor.system_monitor.system_monitor_container]: Found class: rclcpp_components::NodeFactoryTemplate<VoltageMonitor>[0m
[component_container_mt-20] [0m[INFO] [1754753821.909393352] [system.system_monitor.system_monitor.system_monitor_container]: Instantiate class: rclcpp_components::NodeFactoryTemplate<VoltageMonitor>[0m
[INFO] [launch_ros.actions.load_composable_nodes]: Loaded node '/system/system_monitor/voltage_monitor' in container '/system/system_monitor/system_monitor/system_monitor_container'
[simple_trajectory_generator_node-9] [33m[WARN] [1754753822.278864165] [planning.scenario_planning.simple_trajectory_generator]: New subscription discovered on topic '/planning/scenario_planning/trajectory', requesting incompatible QoS. No messages will be sent to it. Last incompatible policy: RELIABILITY_QOS_POLICY[0m
[simple_trajectory_generator_node-9] [33m[WARN] [1754753822.281135706] [planning.scenario_planning.simple_trajectory_generator]: New subscription discovered on topic '/planning/scenario_planning/trajectory', requesting incompatible QoS. No messages will be sent to it. Last incompatible policy: RELIABILITY_QOS_POLICY[0m
[simple_pure_pursuit-11] [0m[INFO] [1754753822.472451612] [simple_pure_pursuit_node]: odometry is not available[0m
[rviz2-15] QObject::connect: No such signal QLineEdit::valueChanged(std::string)
[simple_pure_pursuit-11] [0m[INFO] [1754753823.482551621] [simple_pure_pursuit_node]: odometry is not available[0m
[ekf_localizer-7] [33m[WARN] [1754753823.546018895] [localization.ekf_localizer]: The node is not activated. Provide initial pose to pose_initializer[0m
[simple_pure_pursuit-11] [0m[INFO] [1754753824.492663893] [simple_pure_pursuit_node]: odometry is not available[0m
[goal_pose_setter_node-14] [0m[INFO] [1754753824.760905515] [goal_pose_setter]: Call localization trigger[0m
[goal_pose_setter_node-14] [0m[INFO] [1754753824.769895967] [goal_pose_setter]: Complete localization trigger[0m
[interactive_server-10] [0m[INFO] [1754753826.459212354] [editor_tool_server]: Loading CSV file: /aichallenge/workspace/src/aichallenge-trajectory-editor/csv/centerline_15km.csv[0m
[interactive_server-10] [31m[ERROR] [1754753826.459378474] [editor_tool_server]: Failed to open file: /aichallenge/workspace/src/aichallenge-trajectory-editor/csv/centerline_15km.csv[0m
[simple_pure_pursuit-11] [0m[INFO] [1754753826.462838964] [simple_pure_pursuit_node]: trajectory points is empty[0m
[relay-16] [33m[WARN] [1754753839.679293018] [initial_pose_relay]: Some, but not all, publishers on topic /initialpose offer 'transient local' durability. Falling back to 'volatile' durability in orderto connect to all publishers.[0m
[rviz2-15] [33m[WARN] [1754753839.814267970] [rviz2]: Negative eigenvalue found for position. Is the covariance matrix correct (positive semidefinite)?[0m
[ekf_localizer-7] [33m[WARN] [1754753840.083958300] [localization.ekf_localizer]: The Mahalanobis distance 10241313293.5573 is over the limit 10000.0000.[0m
[rviz2-15] OpenCV: FFMPEG: tag 0x34363268/'h264' is not supported with codec id 27 and format 'mp4 / MP4 (MPEG-4 Part 14)'
[rviz2-15] OpenCV: FFMPEG: fallback to use tag 0x31637661/'avc1'
[simple_trajectory_generator_node-9] [0m[INFO] [1754753878.371400688] [planning.scenario_planning.simple_trajectory_generator]: Published trajectory with 121 points[0m
[relay-16] [0m[INFO] [1754753902.352495219] [rclcpp]: signal_handler(signum=2)[0m
[component_container_mt-20] [0m[INFO] [1754753902.352504164] [rclcpp]: signal_handler(signum=2)[0m
[ekf_localizer-7] [0m[INFO] [1754753902.352579412] [rclcpp]: signal_handler(signum=2)[0m
[rviz2-15] [0m[INFO] [1754753902.352863886] [rclcpp]: signal_handler(signum=2)[0m
[relay-19] [0m[INFO] [1754753902.352874959] [rclcpp]: signal_handler(signum=2)[0m
[gyro_odometer-5] [0m[INFO] [1754753902.352979977] [rclcpp]: signal_handler(signum=2)[0m
[twist2accel-8] [0m[INFO] [1754753902.353042099] [rclcpp]: signal_handler(signum=2)[0m
[goal_pose_setter_node-14] [0m[INFO] [1754753902.353200649] [rclcpp]: signal_handler(signum=2)[0m
[raw_vehicle_cmd_converter_node-13] [0m[INFO] [1754753902.353257490] [rclcpp]: signal_handler(signum=2)[0m
[simple_pure_pursuit-11] [0m[INFO] [1754753902.353334227] [rclcpp]: signal_handler(signum=2)[0m
[actuation_cmd_converter-18] [0m[INFO] [1754753902.353313475] [rclcpp]: signal_handler(signum=2)[0m
[component_container-12] [0m[INFO] [1754753902.353701458] [rclcpp]: signal_handler(signum=2)[0m
[gnss_poser-4] [0m[INFO] [1754753902.353838713] [rclcpp]: signal_handler(signum=2)[0m
[interactive_server-10] [0m[INFO] [1754753902.354425320] [rclcpp]: signal_handler(signum=2)[0m
[simple_trajectory_generator_node-9] [0m[INFO] [1754753902.354520853] [rclcpp]: signal_handler(signum=2)[0m
[imu_gnss_poser_node-6] [0m[INFO] [1754753902.355233583] [rclcpp]: signal_handler(signum=2)[0m
[imu_corrector-3] [0m[INFO] [1754753902.355429345] [rclcpp]: signal_handler(signum=2)[0m
[robot_state_publisher-1] [0m[INFO] [1754753902.355640959] [rclcpp]: signal_handler(signum=2)[0m
[vehicle_velocity_converter-2] [0m[INFO] [1754753902.354374824] [rclcpp]: signal_handler(signum=2)[0m
[control_mode_adapter.py-17] Traceback (most recent call last):
[control_mode_adapter.py-17]   File "/aichallenge/workspace/install/aichallenge_system_launch/lib/aichallenge_system_launch/control_mode_adapter.py", line 41, in <module>
[control_mode_adapter.py-17]     main()
[control_mode_adapter.py-17]   File "/aichallenge/workspace/install/aichallenge_system_launch/lib/aichallenge_system_launch/control_mode_adapter.py", line 35, in main
[control_mode_adapter.py-17]     rclpy.spin(ControlModeAdapterNode())
[control_mode_adapter.py-17]   File "/opt/ros/humble/local/lib/python3.10/dist-packages/rclpy/__init__.py", line 226, in spin
[control_mode_adapter.py-17]     executor.spin_once()
[control_mode_adapter.py-17]   File "/opt/ros/humble/local/lib/python3.10/dist-packages/rclpy/executors.py", line 751, in spin_once
[control_mode_adapter.py-17]     self._spin_once_impl(timeout_sec)
[control_mode_adapter.py-17]   File "/opt/ros/humble/local/lib/python3.10/dist-packages/rclpy/executors.py", line 740, in _spin_once_impl
[control_mode_adapter.py-17]     handler, entity, node = self.wait_for_ready_callbacks(timeout_sec=timeout_sec)
[control_mode_adapter.py-17]   File "/opt/ros/humble/local/lib/python3.10/dist-packages/rclpy/executors.py", line 723, in wait_for_ready_callbacks
[control_mode_adapter.py-17]     return next(self._cb_iter)
[control_mode_adapter.py-17]   File "/opt/ros/humble/local/lib/python3.10/dist-packages/rclpy/executors.py", line 596, in _wait_for_ready_callbacks
[control_mode_adapter.py-17]     wait_set = _rclpy.WaitSet(
[control_mode_adapter.py-17] rclpy._rclpy_pybind11.RCLError: failed to initialize wait set: the given context is not valid, either rcl_init() was not called or rcl_shutdown() was called., at ./src/rcl/wait.c:130
[INFO] [imu_gnss_poser_node-6]: process has finished cleanly [pid 11721]
[INFO] [robot_state_publisher-1]: process has finished cleanly [pid 11711]
[INFO] [relay-16]: process has finished cleanly [pid 11741]
[INFO] [simple_trajectory_generator_node-9]: process has finished cleanly [pid 11727]
[INFO] [relay-19]: process has finished cleanly [pid 11747]
[INFO] [twist2accel-8]: process has finished cleanly [pid 11725]
[INFO] [goal_pose_setter_node-14]: process has finished cleanly [pid 11737]
[INFO] [gnss_poser-4]: process has finished cleanly [pid 11717]
[ERROR] [control_mode_adapter.py-17]: process has died [pid 11743, exit code 1, cmd '/aichallenge/workspace/install/aichallenge_system_launch/lib/aichallenge_system_launch/control_mode_adapter.py --ros-args -p use_sim_time:=True -p wheel_radius:=0.24 -p wheel_width:=0.18 -p wheel_base:=1.087 -p wheel_tread:=1.12 -p front_overhang:=0.467 -p rear_overhang:=0.51 -p left_overhang:=0.09 -p right_overhang:=0.09 -p vehicle_height:=2.2 -p max_steer_angle:=0.64'].
[INFO] [ekf_localizer-7]: process has finished cleanly [pid 11723]
[INFO] [raw_vehicle_cmd_converter_node-13]: process has finished cleanly [pid 11735]
[INFO] [simple_pure_pursuit-11]: process has finished cleanly [pid 11731]
[INFO] [vehicle_velocity_converter-2]: process has finished cleanly [pid 11713]
[INFO] [interactive_server-10]: process has finished cleanly [pid 11729]
[INFO] [gyro_odometer-5]: process has finished cleanly [pid 11719]
[INFO] [component_container-12]: process has finished cleanly [pid 11733]
[INFO] [component_container_mt-20]: process has finished cleanly [pid 11749]
[INFO] [imu_corrector-3]: process has finished cleanly [pid 11715]
[INFO] [actuation_cmd_converter-18]: process has finished cleanly [pid 11745]
[INFO] [rviz2-15]: process has finished cleanly [pid 11739]
