[INFO] [launch]: All log files can be found below /home/ubuntu/.ros/log/2025-08-09-09-59-49-353585-ubuntu-HP-Laptop-14s-dq5xxx-1204
[INFO] [launch]: Default logging verbosity is set to INFO
[INFO] [launch.user]: The arguments for aichallenge_system_launch.
[INFO] [launch.user]:  - simulation: true
[INFO] [launch.user]:  - use_sim_time: true
[INFO] [launch.user]:  - sensor_model: racing_kart_sensor_kit
[INFO] [launch.user]:  - launch_vehicle_interface: true
[INFO] [launch.user]:  - rviz config: /aichallenge/workspace/install/aichallenge_system_launch/share/aichallenge_system_launch/config/autoware.rviz
[INFO] [launch.user]: The arguments for aichallenge_submit_launch.
[INFO] [launch.user]:  - simulation: true
[INFO] [launch.user]:  - use_sim_time: true
[INFO] [launch.user]:  - sensor_model: racing_kart_sensor_kit
[INFO] [launch.user]:  - launch_vehicle_interface: true
[INFO] [launch.user]: echo launch param use_sim_time: true launch_vehicle_interface: true sensor_model: racing_kart_sensor_kit
[INFO] [robot_state_publisher-1]: process started with pid [1218]
[INFO] [vehicle_velocity_converter-2]: process started with pid [1220]
[INFO] [imu_corrector-3]: process started with pid [1222]
[INFO] [gnss_poser-4]: process started with pid [1224]
[INFO] [gyro_odometer-5]: process started with pid [1226]
[INFO] [imu_gnss_poser_node-6]: process started with pid [1228]
[INFO] [ekf_localizer-7]: process started with pid [1230]
[INFO] [twist2accel-8]: process started with pid [1232]
[INFO] [simple_trajectory_generator_node-9]: process started with pid [1234]
[INFO] [interactive_server-10]: process started with pid [1236]
[INFO] [simple_pure_pursuit-11]: process started with pid [1238]
[INFO] [component_container-12]: process started with pid [1240]
[INFO] [raw_vehicle_cmd_converter_node-13]: process started with pid [1242]
[INFO] [goal_pose_setter_node-14]: process started with pid [1244]
[INFO] [rviz2-15]: process started with pid [1246]
[INFO] [relay-16]: process started with pid [1248]
[INFO] [control_mode_adapter.py-17]: process started with pid [1250]
[INFO] [actuation_cmd_converter-18]: process started with pid [1252]
[INFO] [relay-19]: process started with pid [1256]
[INFO] [component_container_mt-20]: process started with pid [1269]
[interactive_server-10] [0m[INFO] [1754701190.423911530] [editor_tool_server]: Waiting for 5.000000 seconds before loading CSV and publishing markers.[0m
[simple_trajectory_generator_node-9] [0m[INFO] [1754701190.433873047] [planning.scenario_planning.simple_trajectory_generator]: csv_path parameter changed from '' to '/aichallenge/workspace/install/simple_trajectory_generator/share/simple_trajectory_generator/data/raceline_awsim_15km.csv'[0m
[simple_trajectory_generator_node-9] [0m[INFO] [1754701190.434362639] [planning.scenario_planning.simple_trajectory_generator]: Successfully loaded new trajectory from CSV: /aichallenge/workspace/install/simple_trajectory_generator/share/simple_trajectory_generator/data/raceline_awsim_15km.csv with 121 points[0m
[simple_trajectory_generator_node-9] [0m[INFO] [1754701190.436238674] [planning.scenario_planning.simple_trajectory_generator]: z parameter changed to 6.500000[0m
[simple_trajectory_generator_node-9] [0m[INFO] [1754701190.436784751] [planning.scenario_planning.simple_trajectory_generator]: Loaded trajectory from CSV with 121 points[0m
[simple_pure_pursuit-11] [0m[INFO] [1754701190.440312332] [simple_pure_pursuit_node]: odometry is not available[0m
[robot_state_publisher-1] [0m[INFO] [1754701190.470663946] [robot_state_publisher]: got segment base_link[0m
[robot_state_publisher-1] [0m[INFO] [1754701190.470771706] [robot_state_publisher]: got segment gnss_link[0m
[robot_state_publisher-1] [0m[INFO] [1754701190.470784655] [robot_state_publisher]: got segment imu_link[0m
[robot_state_publisher-1] [0m[INFO] [1754701190.470793042] [robot_state_publisher]: got segment sensor_kit_base_link[0m
[gyro_odometer-5] [33m[WARN] [1754701190.471374156] [localization.gyro_odometer]: Imu msg is not subscribed[0m
[ekf_localizer-7] [33m[WARN] [1754701190.478427032] [localization.ekf_localizer]: The node is not activated. Provide initial pose to pose_initializer[0m
[imu_corrector-3] [33m[WARN] [1754701190.481604858] [sensing.imu.imu_corrector]: failed to get transform from imu_link to base_link: "imu_link" passed to lookupTransform argument target_frame does not exist. [0m
[imu_corrector-3] [31m[ERROR] [1754701190.481767809] [sensing.imu.imu_corrector]: Please publish TF base_link to imu_link[0m
[component_container-12] [0m[INFO] [1754701190.491350782] [map.map_container]: Load Library: /autoware/install/map_loader/lib/liblanelet2_map_loader_node.so[0m
[component_container-12] [0m[INFO] [1754701190.508836385] [map.map_container]: Found class: rclcpp_components::NodeFactoryTemplate<Lanelet2MapLoaderNode>[0m
[component_container-12] [0m[INFO] [1754701190.508897674] [map.map_container]: Instantiate class: rclcpp_components::NodeFactoryTemplate<Lanelet2MapLoaderNode>[0m
[INFO] [launch_ros.actions.load_composable_nodes]: Loaded node '/map/lanelet2_map_loader' in container '/map/map_container'
[component_container-12] [0m[INFO] [1754701190.532481876] [map.map_container]: Load Library: /autoware/install/map_loader/lib/liblanelet2_map_visualization_node.so[0m
[component_container-12] [0m[INFO] [1754701190.534368596] [map.map_container]: Found class: rclcpp_components::NodeFactoryTemplate<Lanelet2MapVisualizationNode>[0m
[component_container-12] [0m[INFO] [1754701190.534406921] [map.map_container]: Instantiate class: rclcpp_components::NodeFactoryTemplate<Lanelet2MapVisualizationNode>[0m
[INFO] [launch_ros.actions.load_composable_nodes]: Loaded node '/map/lanelet2_map_visualization' in container '/map/map_container'
[component_container-12] [0m[INFO] [1754701190.547882702] [map.lanelet2_map_visualization]: Map is loaded
[component_container-12] [0m
[component_container-12] [0m[INFO] [1754701190.551803355] [map.map_container]: Load Library: /autoware/install/map_tf_generator/lib/libvector_map_tf_generator_node.so[0m
[component_container-12] [0m[INFO] [1754701190.556908824] [map.map_container]: Found class: rclcpp_components::NodeFactoryTemplate<VectorMapTFGeneratorNode>[0m
[component_container-12] [0m[INFO] [1754701190.556966837] [map.map_container]: Instantiate class: rclcpp_components::NodeFactoryTemplate<VectorMapTFGeneratorNode>[0m
[INFO] [launch_ros.actions.load_composable_nodes]: Loaded node '/map/vector_map_tf_generator' in container '/map/map_container'
[component_container-12] [0m[INFO] [1754701190.576606534] [map.vector_map_tf_generator]: broadcast static tf. map_frame:map, viewer_frame:viewer, x:89648.2, y:43157.2, z:6.5[0m
[rviz2-15] QPainter::begin: Paint device returned engine == 0, type: 2
[component_container_mt-20] [0m[INFO] [1754701190.593316495] [system.system_monitor.system_monitor.system_monitor_container]: Load Library: /autoware/install/system_monitor/lib/libcpu_monitor_lib.so[0m
[rviz2-15] QPainter::setPen: Painter not active
[component_container_mt-20] [0m[INFO] [1754701190.596015355] [system.system_monitor.system_monitor.system_monitor_container]: Found class: rclcpp_components::NodeFactoryTemplate<CPUMonitor>[0m
[component_container_mt-20] [0m[INFO] [1754701190.596052894] [system.system_monitor.system_monitor.system_monitor_container]: Instantiate class: rclcpp_components::NodeFactoryTemplate<CPUMonitor>[0m
[INFO] [launch_ros.actions.load_composable_nodes]: Loaded node '/system/system_monitor/cpu_monitor' in container '/system/system_monitor/system_monitor/system_monitor_container'
[component_container_mt-20] [0m[INFO] [1754701190.621353924] [system.system_monitor.system_monitor.system_monitor_container]: Load Library: /autoware/install/system_monitor/lib/libmem_monitor_lib.so[0m
[component_container_mt-20] [0m[INFO] [1754701190.622070689] [system.system_monitor.system_monitor.system_monitor_container]: Found class: rclcpp_components::NodeFactoryTemplate<MemMonitor>[0m
[component_container_mt-20] [0m[INFO] [1754701190.622106224] [system.system_monitor.system_monitor.system_monitor_container]: Instantiate class: rclcpp_components::NodeFactoryTemplate<MemMonitor>[0m
[INFO] [launch_ros.actions.load_composable_nodes]: Loaded node '/system/system_monitor/mem_monitor' in container '/system/system_monitor/system_monitor/system_monitor_container'
[component_container_mt-20] [0m[INFO] [1754701190.634379264] [system.system_monitor.system_monitor.system_monitor_container]: Load Library: /autoware/install/system_monitor/lib/libprocess_monitor_lib.so[0m
[component_container_mt-20] [0m[INFO] [1754701190.634905695] [system.system_monitor.system_monitor.system_monitor_container]: Found class: rclcpp_components::NodeFactoryTemplate<ProcessMonitor>[0m
[component_container_mt-20] [0m[INFO] [1754701190.634922523] [system.system_monitor.system_monitor.system_monitor_container]: Instantiate class: rclcpp_components::NodeFactoryTemplate<ProcessMonitor>[0m
[INFO] [launch_ros.actions.load_composable_nodes]: Loaded node '/system/system_monitor/process_monitor' in container '/system/system_monitor/system_monitor/system_monitor_container'
[component_container_mt-20] [0m[INFO] [1754701190.650086877] [system.system_monitor.system_monitor.system_monitor_container]: Load Library: /autoware/install/system_monitor/lib/libvoltage_monitor_lib.so[0m
[component_container_mt-20] [0m[INFO] [1754701190.650906255] [system.system_monitor.system_monitor.system_monitor_container]: Found class: rclcpp_components::NodeFactoryTemplate<VoltageMonitor>[0m
[component_container_mt-20] [0m[INFO] [1754701190.650942007] [system.system_monitor.system_monitor.system_monitor_container]: Instantiate class: rclcpp_components::NodeFactoryTemplate<VoltageMonitor>[0m
[INFO] [launch_ros.actions.load_composable_nodes]: Loaded node '/system/system_monitor/voltage_monitor' in container '/system/system_monitor/system_monitor/system_monitor_container'
[rviz2-15] [0m[INFO] [1754701190.765531678] [rviz2]: Stereo is NOT SUPPORTED[0m
[rviz2-15] [0m[INFO] [1754701190.765734817] [rviz2]: OpenGl version: 4.6 (GLSL 4.6)[0m
[rviz2-15] [0m[INFO] [1754701190.794329977] [rviz2]: Stereo is NOT SUPPORTED[0m
[simple_trajectory_generator_node-9] [33m[WARN] [1754701191.186535462] [planning.scenario_planning.simple_trajectory_generator]: New subscription discovered on topic '/planning/scenario_planning/trajectory', requesting incompatible QoS. No messages will be sent to it. Last incompatible policy: RELIABILITY_QOS_POLICY[0m
[simple_trajectory_generator_node-9] [33m[WARN] [1754701191.187717753] [planning.scenario_planning.simple_trajectory_generator]: New subscription discovered on topic '/planning/scenario_planning/trajectory', requesting incompatible QoS. No messages will be sent to it. Last incompatible policy: RELIABILITY_QOS_POLICY[0m
[simple_pure_pursuit-11] [0m[INFO] [1754701191.447204105] [simple_pure_pursuit_node]: odometry is not available[0m
[rviz2-15] QObject::connect: No such signal QLineEdit::valueChanged(std::string)
[simple_pure_pursuit-11] [0m[INFO] [1754701192.457305738] [simple_pure_pursuit_node]: odometry is not available[0m
[ekf_localizer-7] [33m[WARN] [1754701192.477194450] [localization.ekf_localizer]: The node is not activated. Provide initial pose to pose_initializer[0m
[simple_pure_pursuit-11] [0m[INFO] [1754701193.467319380] [simple_pure_pursuit_node]: odometry is not available[0m
[goal_pose_setter_node-14] [0m[INFO] [1754701193.765929412] [goal_pose_setter]: Call localization trigger[0m
[goal_pose_setter_node-14] [0m[INFO] [1754701193.945244605] [goal_pose_setter]: Complete localization trigger[0m
[interactive_server-10] [0m[INFO] [1754701195.424078544] [editor_tool_server]: Loading CSV file: /aichallenge/workspace/src/aichallenge-trajectory-editor/csv/centerline_15km.csv[0m
[interactive_server-10] [31m[ERROR] [1754701195.424177396] [editor_tool_server]: Failed to open file: /aichallenge/workspace/src/aichallenge-trajectory-editor/csv/centerline_15km.csv[0m
[simple_pure_pursuit-11] [0m[INFO] [1754701195.427066761] [simple_pure_pursuit_node]: trajectory points is empty[0m
[component_container_mt-20] [0m[INFO] [1754701207.707719038] [rclcpp]: signal_handler(signum=2)[0m
[interactive_server-10] [0m[INFO] [1754701207.707729360] [rclcpp]: signal_handler(signum=2)[0m
[relay-19] [0m[INFO] [1754701207.707717475] [rclcpp]: signal_handler(signum=2)[0m
[actuation_cmd_converter-18] [0m[INFO] [1754701207.707715832] [rclcpp]: signal_handler(signum=2)[0m
[gyro_odometer-5] [0m[INFO] [1754701207.707774062] [rclcpp]: signal_handler(signum=2)[0m
[ekf_localizer-7] [0m[INFO] [1754701207.707787812] [rclcpp]: signal_handler(signum=2)[0m
[gnss_poser-4] [0m[INFO] [1754701207.707795151] [rclcpp]: signal_handler(signum=2)[0m
[relay-16] [0m[INFO] [1754701207.707836031] [rclcpp]: signal_handler(signum=2)[0m
[component_container-12] [0m[INFO] [1754701207.707913942] [rclcpp]: signal_handler(signum=2)[0m
[simple_pure_pursuit-11] [0m[INFO] [1754701207.708033928] [rclcpp]: signal_handler(signum=2)[0m
[control_mode_adapter.py-17] Traceback (most recent call last):
[control_mode_adapter.py-17]   File "/aichallenge/workspace/install/aichallenge_system_launch/lib/aichallenge_system_launch/control_mode_adapter.py", line 41, in <module>
[twist2accel-8] [0m[INFO] [1754701207.708201839] [rclcpp]: signal_handler(signum=2)[0m
[rviz2-15] [0m[INFO] [1754701207.708555932] [rclcpp]: signal_handler(signum=2)[0m
[robot_state_publisher-1] [0m[INFO] [1754701207.707757370] [rclcpp]: signal_handler(signum=2)[0m
[goal_pose_setter_node-14] [0m[INFO] [1754701207.708722469] [rclcpp]: signal_handler(signum=2)[0m
[simple_trajectory_generator_node-9] [0m[INFO] [1754701207.708779275] [rclcpp]: signal_handler(signum=2)[0m
[control_mode_adapter.py-17]     main()
[control_mode_adapter.py-17]   File "/aichallenge/workspace/install/aichallenge_system_launch/lib/aichallenge_system_launch/control_mode_adapter.py", line 35, in main
[control_mode_adapter.py-17]     rclpy.spin(ControlModeAdapterNode())
[control_mode_adapter.py-17]   File "/opt/ros/humble/local/lib/python3.10/dist-packages/rclpy/__init__.py", line 226, in spin
[imu_gnss_poser_node-6] [0m[INFO] [1754701207.708822904] [rclcpp]: signal_handler(signum=2)[0m
[imu_corrector-3] [0m[INFO] [1754701207.708896046] [rclcpp]: signal_handler(signum=2)[0m
[vehicle_velocity_converter-2] [0m[INFO] [1754701207.709013029] [rclcpp]: signal_handler(signum=2)[0m
[control_mode_adapter.py-17]     executor.spin_once()
[control_mode_adapter.py-17]   File "/opt/ros/humble/local/lib/python3.10/dist-packages/rclpy/executors.py", line 751, in spin_once
[control_mode_adapter.py-17]     self._spin_once_impl(timeout_sec)
[control_mode_adapter.py-17]   File "/opt/ros/humble/local/lib/python3.10/dist-packages/rclpy/executors.py", line 740, in _spin_once_impl
[control_mode_adapter.py-17]     handler, entity, node = self.wait_for_ready_callbacks(timeout_sec=timeout_sec)
[control_mode_adapter.py-17]   File "/opt/ros/humble/local/lib/python3.10/dist-packages/rclpy/executors.py", line 723, in wait_for_ready_callbacks
[control_mode_adapter.py-17]     return next(self._cb_iter)
[control_mode_adapter.py-17]   File "/opt/ros/humble/local/lib/python3.10/dist-packages/rclpy/executors.py", line 624, in _wait_for_ready_callbacks
[control_mode_adapter.py-17]     raise ExternalShutdownException()
[raw_vehicle_cmd_converter_node-13] [0m[INFO] [1754701207.707731781] [rclcpp]: signal_handler(signum=2)[0m
[control_mode_adapter.py-17] rclpy.executors.ExternalShutdownException
[INFO] [relay-16]: process has finished cleanly [pid 1248]
[INFO] [goal_pose_setter_node-14]: process has finished cleanly [pid 1244]
[INFO] [twist2accel-8]: process has finished cleanly [pid 1232]
[INFO] [simple_trajectory_generator_node-9]: process has finished cleanly [pid 1234]
[INFO] [interactive_server-10]: process has finished cleanly [pid 1236]
[INFO] [relay-19]: process has finished cleanly [pid 1256]
[INFO] [imu_corrector-3]: process has finished cleanly [pid 1222]
[INFO] [simple_pure_pursuit-11]: process has finished cleanly [pid 1238]
[INFO] [robot_state_publisher-1]: process has finished cleanly [pid 1218]
[INFO] [component_container-12]: process has finished cleanly [pid 1240]
[ERROR] [control_mode_adapter.py-17]: process has died [pid 1250, exit code 1, cmd '/aichallenge/workspace/install/aichallenge_system_launch/lib/aichallenge_system_launch/control_mode_adapter.py --ros-args -p use_sim_time:=True -p wheel_radius:=0.24 -p wheel_width:=0.18 -p wheel_base:=1.087 -p wheel_tread:=1.12 -p front_overhang:=0.467 -p rear_overhang:=0.51 -p left_overhang:=0.09 -p right_overhang:=0.09 -p vehicle_height:=2.2 -p max_steer_angle:=0.64'].
[INFO] [gnss_poser-4]: process has finished cleanly [pid 1224]
[INFO] [imu_gnss_poser_node-6]: process has finished cleanly [pid 1228]
[INFO] [gyro_odometer-5]: process has finished cleanly [pid 1226]
[INFO] [ekf_localizer-7]: process has finished cleanly [pid 1230]
[INFO] [vehicle_velocity_converter-2]: process has finished cleanly [pid 1220]
[INFO] [raw_vehicle_cmd_converter_node-13]: process has finished cleanly [pid 1242]
[INFO] [actuation_cmd_converter-18]: process has finished cleanly [pid 1252]
[INFO] [component_container_mt-20]: process has finished cleanly [pid 1269]
[INFO] [rviz2-15]: process has finished cleanly [pid 1246]
