[INFO] [launch]: All log files can be found below /home/ubuntu/.ros/log/2025-08-08-20-30-12-328072-ubuntu-HP-Laptop-14s-dq5xxx-515
[INFO] [launch]: Default logging verbosity is set to INFO
[INFO] [launch.user]: The arguments for aichallenge_system_launch.
[INFO] [launch.user]:  - simulation: true
[INFO] [launch.user]:  - use_sim_time: true
[INFO] [launch.user]:  - sensor_model: racing_kart_sensor_kit
[INFO] [launch.user]:  - launch_vehicle_interface: true
[INFO] [launch.user]:  - rviz config: /aichallenge/workspace/install/aichallenge_system_launch/share/aichallenge_system_launch/config/autoware.rviz
[INFO] [launch.user]: The arguments for aichallenge_submit_launch.
[INFO] [launch.user]:  - simulation: true
[INFO] [launch.user]:  - use_sim_time: true
[INFO] [launch.user]:  - sensor_model: racing_kart_sensor_kit
[INFO] [launch.user]:  - launch_vehicle_interface: true
[INFO] [launch.user]: echo launch param use_sim_time: true launch_vehicle_interface: true sensor_model: racing_kart_sensor_kit
[INFO] [robot_state_publisher-1]: process started with pid [529]
[INFO] [vehicle_velocity_converter-2]: process started with pid [531]
[INFO] [imu_corrector-3]: process started with pid [533]
[INFO] [gnss_poser-4]: process started with pid [535]
[INFO] [gyro_odometer-5]: process started with pid [537]
[INFO] [imu_gnss_poser_node-6]: process started with pid [539]
[INFO] [ekf_localizer-7]: process started with pid [541]
[INFO] [twist2accel-8]: process started with pid [543]
[INFO] [simple_trajectory_generator_node-9]: process started with pid [545]
[INFO] [simple_pure_pursuit-10]: process started with pid [547]
[INFO] [component_container-11]: process started with pid [549]
[INFO] [raw_vehicle_cmd_converter_node-12]: process started with pid [551]
[INFO] [goal_pose_setter_node-13]: process started with pid [553]
[INFO] [rviz2-14]: process started with pid [555]
[INFO] [relay-15]: process started with pid [557]
[INFO] [control_mode_adapter.py-16]: process started with pid [559]
[INFO] [actuation_cmd_converter-17]: process started with pid [561]
[INFO] [relay-18]: process started with pid [563]
[INFO] [component_container_mt-19]: process started with pid [672]
[simple_trajectory_generator_node-9] [0m[INFO] [1754652613.444623774] [planning.scenario_planning.simple_trajectory_generator]: csv_path parameter changed from '' to '/aichallenge/workspace/install/simple_trajectory_generator/share/simple_trajectory_generator/data/raceline_awsim_15km.csv'[0m
[simple_trajectory_generator_node-9] [0m[INFO] [1754652613.445066887] [planning.scenario_planning.simple_trajectory_generator]: Successfully loaded new trajectory from CSV: /aichallenge/workspace/install/simple_trajectory_generator/share/simple_trajectory_generator/data/raceline_awsim_15km.csv with 121 points[0m
[simple_trajectory_generator_node-9] [0m[INFO] [1754652613.446152309] [planning.scenario_planning.simple_trajectory_generator]: z parameter changed to 6.500000[0m
[simple_trajectory_generator_node-9] [0m[INFO] [1754652613.446765406] [planning.scenario_planning.simple_trajectory_generator]: Loaded trajectory from CSV with 121 points[0m
[simple_pure_pursuit-10] [0m[INFO] [1754652613.453763137] [simple_pure_pursuit_node]: odometry is not available[0m
[ekf_localizer-7] [33m[WARN] [1754652613.454920277] [localization.ekf_localizer]: The node is not activated. Provide initial pose to pose_initializer[0m
[robot_state_publisher-1] [0m[INFO] [1754652613.469936194] [robot_state_publisher]: got segment base_link[0m
[robot_state_publisher-1] [0m[INFO] [1754652613.472591014] [robot_state_publisher]: got segment gnss_link[0m
[robot_state_publisher-1] [0m[INFO] [1754652613.473861146] [robot_state_publisher]: got segment imu_link[0m
[robot_state_publisher-1] [0m[INFO] [1754652613.473952372] [robot_state_publisher]: got segment sensor_kit_base_link[0m
[gyro_odometer-5] [33m[WARN] [1754652613.504108829] [localization.gyro_odometer]: Twist msg is not subscribed[0m
[rviz2-14] Authorization required, but no authorization protocol specified
[rviz2-14] qt.qpa.xcb: could not connect to display :0
[rviz2-14] qt.qpa.plugin: Could not load the Qt platform plugin "xcb" in "" even though it was found.
[rviz2-14] This application failed to start because no Qt platform plugin could be initialized. Reinstalling the application may fix this problem.
[rviz2-14] 
[rviz2-14] Available platform plugins are: eglfs, linuxfb, minimal, minimalegl, offscreen, vnc, xcb.
[rviz2-14] 
[component_container-11] [0m[INFO] [1754652613.523045159] [map.map_container]: Load Library: /autoware/install/map_loader/lib/liblanelet2_map_loader_node.so[0m
[component_container-11] [0m[INFO] [1754652613.534052979] [map.map_container]: Found class: rclcpp_components::NodeFactoryTemplate<Lanelet2MapLoaderNode>[0m
[component_container-11] [0m[INFO] [1754652613.534113036] [map.map_container]: Instantiate class: rclcpp_components::NodeFactoryTemplate<Lanelet2MapLoaderNode>[0m
[INFO] [launch_ros.actions.load_composable_nodes]: Loaded node '/map/lanelet2_map_loader' in container '/map/map_container'
[component_container-11] [0m[INFO] [1754652613.555765084] [map.map_container]: Load Library: /autoware/install/map_loader/lib/liblanelet2_map_visualization_node.so[0m
[component_container-11] [0m[INFO] [1754652613.557895347] [map.map_container]: Found class: rclcpp_components::NodeFactoryTemplate<Lanelet2MapVisualizationNode>[0m
[component_container-11] [0m[INFO] [1754652613.557943982] [map.map_container]: Instantiate class: rclcpp_components::NodeFactoryTemplate<Lanelet2MapVisualizationNode>[0m
[INFO] [launch_ros.actions.load_composable_nodes]: Loaded node '/map/lanelet2_map_visualization' in container '/map/map_container'
[component_container-11] [0m[INFO] [1754652613.571952677] [map.lanelet2_map_visualization]: Map is loaded
[component_container-11] [0m
[component_container-11] [0m[INFO] [1754652613.575397767] [map.map_container]: Load Library: /autoware/install/map_tf_generator/lib/libvector_map_tf_generator_node.so[0m
[component_container-11] [0m[INFO] [1754652613.578877753] [map.map_container]: Found class: rclcpp_components::NodeFactoryTemplate<VectorMapTFGeneratorNode>[0m
[component_container-11] [0m[INFO] [1754652613.578919284] [map.map_container]: Instantiate class: rclcpp_components::NodeFactoryTemplate<VectorMapTFGeneratorNode>[0m
[INFO] [launch_ros.actions.load_composable_nodes]: Loaded node '/map/vector_map_tf_generator' in container '/map/map_container'
[component_container-11] [0m[INFO] [1754652613.593577200] [map.vector_map_tf_generator]: broadcast static tf. map_frame:map, viewer_frame:viewer, x:89648.2, y:43157.2, z:6.5[0m
[component_container_mt-19] [0m[INFO] [1754652613.596800688] [system.system_monitor.system_monitor.system_monitor_container]: Load Library: /autoware/install/system_monitor/lib/libcpu_monitor_lib.so[0m
[component_container_mt-19] [0m[INFO] [1754652613.599528036] [system.system_monitor.system_monitor.system_monitor_container]: Found class: rclcpp_components::NodeFactoryTemplate<CPUMonitor>[0m
[component_container_mt-19] [0m[INFO] [1754652613.599574338] [system.system_monitor.system_monitor.system_monitor_container]: Instantiate class: rclcpp_components::NodeFactoryTemplate<CPUMonitor>[0m
[INFO] [launch_ros.actions.load_composable_nodes]: Loaded node '/system/system_monitor/cpu_monitor' in container '/system/system_monitor/system_monitor/system_monitor_container'
[component_container_mt-19] [0m[INFO] [1754652613.618795772] [system.system_monitor.system_monitor.system_monitor_container]: Load Library: /autoware/install/system_monitor/lib/libmem_monitor_lib.so[0m
[component_container_mt-19] [0m[INFO] [1754652613.619691162] [system.system_monitor.system_monitor.system_monitor_container]: Found class: rclcpp_components::NodeFactoryTemplate<MemMonitor>[0m
[component_container_mt-19] [0m[INFO] [1754652613.619733861] [system.system_monitor.system_monitor.system_monitor_container]: Instantiate class: rclcpp_components::NodeFactoryTemplate<MemMonitor>[0m
[INFO] [launch_ros.actions.load_composable_nodes]: Loaded node '/system/system_monitor/mem_monitor' in container '/system/system_monitor/system_monitor/system_monitor_container'
[component_container_mt-19] [0m[INFO] [1754652613.631787996] [system.system_monitor.system_monitor.system_monitor_container]: Load Library: /autoware/install/system_monitor/lib/libprocess_monitor_lib.so[0m
[component_container_mt-19] [0m[INFO] [1754652613.632607102] [system.system_monitor.system_monitor.system_monitor_container]: Found class: rclcpp_components::NodeFactoryTemplate<ProcessMonitor>[0m
[component_container_mt-19] [0m[INFO] [1754652613.632642557] [system.system_monitor.system_monitor.system_monitor_container]: Instantiate class: rclcpp_components::NodeFactoryTemplate<ProcessMonitor>[0m
[INFO] [launch_ros.actions.load_composable_nodes]: Loaded node '/system/system_monitor/process_monitor' in container '/system/system_monitor/system_monitor/system_monitor_container'
[component_container_mt-19] [0m[INFO] [1754652613.647513628] [system.system_monitor.system_monitor.system_monitor_container]: Load Library: /autoware/install/system_monitor/lib/libvoltage_monitor_lib.so[0m
[component_container_mt-19] [0m[INFO] [1754652613.648396624] [system.system_monitor.system_monitor.system_monitor_container]: Found class: rclcpp_components::NodeFactoryTemplate<VoltageMonitor>[0m
[component_container_mt-19] [0m[INFO] [1754652613.648439906] [system.system_monitor.system_monitor.system_monitor_container]: Instantiate class: rclcpp_components::NodeFactoryTemplate<VoltageMonitor>[0m
[INFO] [launch_ros.actions.load_composable_nodes]: Loaded node '/system/system_monitor/voltage_monitor' in container '/system/system_monitor/system_monitor/system_monitor_container'
[ERROR] [rviz2-14]: process has died [pid 555, exit code -6, cmd '/opt/ros/humble/lib/rviz2/rviz2 -d /aichallenge/workspace/install/aichallenge_system_launch/share/aichallenge_system_launch/config/autoware.rviz -s /aichallenge/workspace/install/aichallenge_system_launch/share/aichallenge_system_launch/rviz/image/autoware.png --ros-args -r __node:=rviz2 -p use_sim_time:=True -p wheel_radius:=0.24 -p wheel_width:=0.18 -p wheel_base:=1.087 -p wheel_tread:=1.12 -p front_overhang:=0.467 -p rear_overhang:=0.51 -p left_overhang:=0.09 -p right_overhang:=0.09 -p vehicle_height:=2.2 -p max_steer_angle:=0.64'].
[simple_pure_pursuit-10] [0m[INFO] [1754652614.462469896] [simple_pure_pursuit_node]: odometry is not available[0m
[simple_pure_pursuit-10] [0m[INFO] [1754652615.471713525] [simple_pure_pursuit_node]: odometry is not available[0m
[ekf_localizer-7] [33m[WARN] [1754652615.471723897] [localization.ekf_localizer]: The node is not activated. Provide initial pose to pose_initializer[0m
[simple_pure_pursuit-10] [0m[INFO] [1754652616.480856241] [simple_pure_pursuit_node]: odometry is not available[0m
[goal_pose_setter_node-13] [0m[INFO] [1754652616.768002209] [goal_pose_setter]: Call localization trigger[0m
[goal_pose_setter_node-13] [0m[INFO] [1754652616.963542239] [goal_pose_setter]: Complete localization trigger[0m
[component_container-11] [0m[INFO] [1754652617.112732921] [rclcpp]: signal_handler(signum=2)[0m
[actuation_cmd_converter-17] [0m[INFO] [1754652617.112721976] [rclcpp]: signal_handler(signum=2)[0m
[relay-18] [0m[INFO] [1754652617.112723544] [rclcpp]: signal_handler(signum=2)[0m
[ekf_localizer-7] [0m[INFO] [1754652617.112745075] [rclcpp]: signal_handler(signum=2)[0m
[component_container_mt-19] [0m[INFO] [1754652617.112736964] [rclcpp]: signal_handler(signum=2)[0m
[vehicle_velocity_converter-2] [0m[INFO] [1754652617.112772624] [rclcpp]: signal_handler(signum=2)[0m
[relay-15] [0m[INFO] [1754652617.112779766] [rclcpp]: signal_handler(signum=2)[0m
[imu_corrector-3] [0m[INFO] [1754652617.112830667] [rclcpp]: signal_handler(signum=2)[0m
[control_mode_adapter.py-16] Traceback (most recent call last):
[control_mode_adapter.py-16]   File "/aichallenge/workspace/install/aichallenge_system_launch/lib/aichallenge_system_launch/control_mode_adapter.py", line 41, in <module>
[control_mode_adapter.py-16]     main()
[control_mode_adapter.py-16]   File "/aichallenge/workspace/install/aichallenge_system_launch/lib/aichallenge_system_launch/control_mode_adapter.py", line 35, in main
[control_mode_adapter.py-16]     rclpy.spin(ControlModeAdapterNode())
[control_mode_adapter.py-16]   File "/opt/ros/humble/local/lib/python3.10/dist-packages/rclpy/__init__.py", line 226, in spin
[control_mode_adapter.py-16]     executor.spin_once()
[control_mode_adapter.py-16]   File "/opt/ros/humble/local/lib/python3.10/dist-packages/rclpy/executors.py", line 751, in spin_once
[gyro_odometer-5] [0m[INFO] [1754652617.112879115] [rclcpp]: signal_handler(signum=2)[0m
[simple_trajectory_generator_node-9] [0m[INFO] [1754652617.113329878] [rclcpp]: signal_handler(signum=2)[0m
[twist2accel-8] [0m[INFO] [1754652617.113512446] [rclcpp]: signal_handler(signum=2)[0m
[goal_pose_setter_node-13] [0m[INFO] [1754652617.113777099] [rclcpp]: signal_handler(signum=2)[0m
[simple_pure_pursuit-10] [0m[INFO] [1754652617.113966374] [rclcpp]: signal_handler(signum=2)[0m
[imu_gnss_poser_node-6] [0m[INFO] [1754652617.114130605] [rclcpp]: signal_handler(signum=2)[0m
[gnss_poser-4] [0m[INFO] [1754652617.117320089] [rclcpp]: signal_handler(signum=2)[0m
[robot_state_publisher-1] [0m[INFO] [1754652617.117769798] [rclcpp]: signal_handler(signum=2)[0m
[raw_vehicle_cmd_converter_node-12] [0m[INFO] [1754652617.117869541] [rclcpp]: signal_handler(signum=2)[0m
[control_mode_adapter.py-16]     self._spin_once_impl(timeout_sec)
[control_mode_adapter.py-16]   File "/opt/ros/humble/local/lib/python3.10/dist-packages/rclpy/executors.py", line 740, in _spin_once_impl
[control_mode_adapter.py-16]     handler, entity, node = self.wait_for_ready_callbacks(timeout_sec=timeout_sec)
[control_mode_adapter.py-16]   File "/opt/ros/humble/local/lib/python3.10/dist-packages/rclpy/executors.py", line 723, in wait_for_ready_callbacks
[control_mode_adapter.py-16]     return next(self._cb_iter)
[control_mode_adapter.py-16]   File "/opt/ros/humble/local/lib/python3.10/dist-packages/rclpy/executors.py", line 624, in _wait_for_ready_callbacks
[control_mode_adapter.py-16]     raise ExternalShutdownException()
[control_mode_adapter.py-16] rclpy.executors.ExternalShutdownException
[INFO] [vehicle_velocity_converter-2]: process has finished cleanly [pid 531]
[INFO] [component_container_mt-19]: process has finished cleanly [pid 672]
[INFO] [imu_corrector-3]: process has finished cleanly [pid 533]
[INFO] [relay-15]: process has finished cleanly [pid 557]
[INFO] [component_container-11]: process has finished cleanly [pid 549]
[INFO] [imu_gnss_poser_node-6]: process has finished cleanly [pid 539]
[INFO] [relay-18]: process has finished cleanly [pid 563]
[INFO] [gyro_odometer-5]: process has finished cleanly [pid 537]
[INFO] [goal_pose_setter_node-13]: process has finished cleanly [pid 553]
[INFO] [robot_state_publisher-1]: process has finished cleanly [pid 529]
[INFO] [simple_trajectory_generator_node-9]: process has finished cleanly [pid 545]
[INFO] [gnss_poser-4]: process has finished cleanly [pid 535]
[INFO] [simple_pure_pursuit-10]: process has finished cleanly [pid 547]
[INFO] [twist2accel-8]: process has finished cleanly [pid 543]
[INFO] [ekf_localizer-7]: process has finished cleanly [pid 541]
[ERROR] [control_mode_adapter.py-16]: process has died [pid 559, exit code 1, cmd '/aichallenge/workspace/install/aichallenge_system_launch/lib/aichallenge_system_launch/control_mode_adapter.py --ros-args -p use_sim_time:=True -p wheel_radius:=0.24 -p wheel_width:=0.18 -p wheel_base:=1.087 -p wheel_tread:=1.12 -p front_overhang:=0.467 -p rear_overhang:=0.51 -p left_overhang:=0.09 -p right_overhang:=0.09 -p vehicle_height:=2.2 -p max_steer_angle:=0.64'].
[INFO] [actuation_cmd_converter-17]: process has finished cleanly [pid 561]
[INFO] [raw_vehicle_cmd_converter_node-12]: process has finished cleanly [pid 551]
