[INFO] [launch]: All log files can be found below /home/ubuntu/.ros/log/2025-08-10-00-38-40-208771-ubuntu-HP-Laptop-14s-dq5xxx-14482
[INFO] [launch]: Default logging verbosity is set to INFO
[INFO] [launch.user]: The arguments for aichallenge_system_launch.
[INFO] [launch.user]:  - simulation: true
[INFO] [launch.user]:  - use_sim_time: true
[INFO] [launch.user]:  - sensor_model: racing_kart_sensor_kit
[INFO] [launch.user]:  - launch_vehicle_interface: true
[INFO] [launch.user]:  - rviz config: /aichallenge/workspace/install/aichallenge_system_launch/share/aichallenge_system_launch/config/autoware.rviz
[INFO] [launch.user]: The arguments for aichallenge_submit_launch.
[INFO] [launch.user]:  - simulation: true
[INFO] [launch.user]:  - use_sim_time: true
[INFO] [launch.user]:  - sensor_model: racing_kart_sensor_kit
[INFO] [launch.user]:  - launch_vehicle_interface: true
[INFO] [launch.user]: echo launch param use_sim_time: true launch_vehicle_interface: true sensor_model: racing_kart_sensor_kit
[INFO] [robot_state_publisher-1]: process started with pid [14496]
[INFO] [vehicle_velocity_converter-2]: process started with pid [14498]
[INFO] [imu_corrector-3]: process started with pid [14500]
[INFO] [gnss_poser-4]: process started with pid [14502]
[INFO] [gyro_odometer-5]: process started with pid [14504]
[INFO] [imu_gnss_poser_node-6]: process started with pid [14506]
[INFO] [ekf_localizer-7]: process started with pid [14508]
[INFO] [twist2accel-8]: process started with pid [14510]
[INFO] [simple_trajectory_generator_node-9]: process started with pid [14512]
[INFO] [interactive_server-10]: process started with pid [14514]
[INFO] [simple_pure_pursuit-11]: process started with pid [14516]
[INFO] [component_container-12]: process started with pid [14518]
[INFO] [raw_vehicle_cmd_converter_node-13]: process started with pid [14520]
[INFO] [goal_pose_setter_node-14]: process started with pid [14522]
[INFO] [rviz2-15]: process started with pid [14524]
[INFO] [relay-16]: process started with pid [14529]
[INFO] [control_mode_adapter.py-17]: process started with pid [14532]
[INFO] [actuation_cmd_converter-18]: process started with pid [14557]
[INFO] [relay-19]: process started with pid [14570]
[INFO] [component_container_mt-20]: process started with pid [14599]
[ekf_localizer-7] [33m[WARN] [1754753921.764455484] [localization.ekf_localizer]: The node is not activated. Provide initial pose to pose_initializer[0m
[gnss_poser-4] [33m[WARN] [1754753921.777927603] [sensing.gnss.racing_kart_gnss_poser]: "gnss_link" passed to lookupTransform argument target_frame does not exist. [0m
[gnss_poser-4] [33m[WARN] [1754753921.778084606] [sensing.gnss.racing_kart_gnss_poser]: Please publish TF gnss_link to base_link[0m
[simple_pure_pursuit-11] [0m[INFO] [1754753921.785850409] [simple_pure_pursuit_node]: odometry is not available[0m
[robot_state_publisher-1] [0m[INFO] [1754753921.790567775] [robot_state_publisher]: got segment base_link[0m
[robot_state_publisher-1] [0m[INFO] [1754753921.790662615] [robot_state_publisher]: got segment gnss_link[0m
[robot_state_publisher-1] [0m[INFO] [1754753921.790674180] [robot_state_publisher]: got segment imu_link[0m
[robot_state_publisher-1] [0m[INFO] [1754753921.790682178] [robot_state_publisher]: got segment sensor_kit_base_link[0m
[imu_corrector-3] [33m[WARN] [1754753921.791373771] [sensing.imu.imu_corrector]: failed to get transform from imu_link to base_link: "imu_link" passed to lookupTransform argument target_frame does not exist. [0m
[imu_corrector-3] [31m[ERROR] [1754753921.791523936] [sensing.imu.imu_corrector]: Please publish TF base_link to imu_link[0m
[simple_trajectory_generator_node-9] [0m[INFO] [1754753921.793620645] [planning.scenario_planning.simple_trajectory_generator]: csv_path parameter changed from '' to '/aichallenge/workspace/install/simple_trajectory_generator/share/simple_trajectory_generator/data/raceline_awsim_15km.csv'[0m
[simple_trajectory_generator_node-9] [0m[INFO] [1754753921.795215294] [planning.scenario_planning.simple_trajectory_generator]: Successfully loaded new trajectory from CSV: /aichallenge/workspace/install/simple_trajectory_generator/share/simple_trajectory_generator/data/raceline_awsim_15km.csv with 121 points[0m
[simple_trajectory_generator_node-9] [0m[INFO] [1754753921.795468577] [planning.scenario_planning.simple_trajectory_generator]: z parameter changed to 6.500000[0m
[simple_trajectory_generator_node-9] [0m[INFO] [1754753921.795958386] [planning.scenario_planning.simple_trajectory_generator]: Loaded trajectory from CSV with 121 points[0m
[gyro_odometer-5] [33m[WARN] [1754753921.822411702] [localization.gyro_odometer]: Imu msg is not subscribed[0m
[interactive_server-10] [0m[INFO] [1754753921.860504691] [editor_tool_server]: Waiting for 5.000000 seconds before loading CSV and publishing markers.[0m
[rviz2-15] QPainter::begin: Paint device returned engine == 0, type: 2
[component_container_mt-20] [0m[INFO] [1754753921.910346607] [system.system_monitor.system_monitor.system_monitor_container]: Load Library: /autoware/install/system_monitor/lib/libcpu_monitor_lib.so[0m
[rviz2-15] QPainter::setPen: Painter not active
[component_container_mt-20] [0m[INFO] [1754753921.915248095] [system.system_monitor.system_monitor.system_monitor_container]: Found class: rclcpp_components::NodeFactoryTemplate<CPUMonitor>[0m
[component_container_mt-20] [0m[INFO] [1754753921.915309336] [system.system_monitor.system_monitor.system_monitor_container]: Instantiate class: rclcpp_components::NodeFactoryTemplate<CPUMonitor>[0m
[INFO] [launch_ros.actions.load_composable_nodes]: Loaded node '/system/system_monitor/cpu_monitor' in container '/system/system_monitor/system_monitor/system_monitor_container'
[component_container_mt-20] [0m[INFO] [1754753921.946167989] [system.system_monitor.system_monitor.system_monitor_container]: Load Library: /autoware/install/system_monitor/lib/libmem_monitor_lib.so[0m
[component_container_mt-20] [0m[INFO] [1754753921.947281159] [system.system_monitor.system_monitor.system_monitor_container]: Found class: rclcpp_components::NodeFactoryTemplate<MemMonitor>[0m
[component_container_mt-20] [0m[INFO] [1754753921.947364474] [system.system_monitor.system_monitor.system_monitor_container]: Instantiate class: rclcpp_components::NodeFactoryTemplate<MemMonitor>[0m
[INFO] [launch_ros.actions.load_composable_nodes]: Loaded node '/system/system_monitor/mem_monitor' in container '/system/system_monitor/system_monitor/system_monitor_container'
[component_container_mt-20] [0m[INFO] [1754753921.962103837] [system.system_monitor.system_monitor.system_monitor_container]: Load Library: /autoware/install/system_monitor/lib/libprocess_monitor_lib.so[0m
[component_container_mt-20] [0m[INFO] [1754753921.962914220] [system.system_monitor.system_monitor.system_monitor_container]: Found class: rclcpp_components::NodeFactoryTemplate<ProcessMonitor>[0m
[component_container_mt-20] [0m[INFO] [1754753921.962952413] [system.system_monitor.system_monitor.system_monitor_container]: Instantiate class: rclcpp_components::NodeFactoryTemplate<ProcessMonitor>[0m
[INFO] [launch_ros.actions.load_composable_nodes]: Loaded node '/system/system_monitor/process_monitor' in container '/system/system_monitor/system_monitor/system_monitor_container'
[component_container_mt-20] [0m[INFO] [1754753921.987041101] [system.system_monitor.system_monitor.system_monitor_container]: Load Library: /autoware/install/system_monitor/lib/libvoltage_monitor_lib.so[0m
[component_container_mt-20] [0m[INFO] [1754753921.987913214] [system.system_monitor.system_monitor.system_monitor_container]: Found class: rclcpp_components::NodeFactoryTemplate<VoltageMonitor>[0m
[component_container_mt-20] [0m[INFO] [1754753921.987982217] [system.system_monitor.system_monitor.system_monitor_container]: Instantiate class: rclcpp_components::NodeFactoryTemplate<VoltageMonitor>[0m
[INFO] [launch_ros.actions.load_composable_nodes]: Loaded node '/system/system_monitor/voltage_monitor' in container '/system/system_monitor/system_monitor/system_monitor_container'
[component_container-12] [0m[INFO] [1754753922.042725260] [map.map_container]: Load Library: /autoware/install/map_loader/lib/liblanelet2_map_loader_node.so[0m
[component_container-12] [0m[INFO] [1754753922.052375567] [map.map_container]: Found class: rclcpp_components::NodeFactoryTemplate<Lanelet2MapLoaderNode>[0m
[component_container-12] [0m[INFO] [1754753922.052421841] [map.map_container]: Instantiate class: rclcpp_components::NodeFactoryTemplate<Lanelet2MapLoaderNode>[0m
[INFO] [launch_ros.actions.load_composable_nodes]: Loaded node '/map/lanelet2_map_loader' in container '/map/map_container'
[component_container-12] [0m[INFO] [1754753922.082072953] [map.map_container]: Load Library: /autoware/install/map_loader/lib/liblanelet2_map_visualization_node.so[0m
[component_container-12] [0m[INFO] [1754753922.084105103] [map.map_container]: Found class: rclcpp_components::NodeFactoryTemplate<Lanelet2MapVisualizationNode>[0m
[component_container-12] [0m[INFO] [1754753922.084161789] [map.map_container]: Instantiate class: rclcpp_components::NodeFactoryTemplate<Lanelet2MapVisualizationNode>[0m
[INFO] [launch_ros.actions.load_composable_nodes]: Loaded node '/map/lanelet2_map_visualization' in container '/map/map_container'
[component_container-12] [0m[INFO] [1754753922.101655839] [map.lanelet2_map_visualization]: Map is loaded
[component_container-12] [0m
[rviz2-15] [0m[INFO] [1754753922.103136507] [rviz2]: Stereo is NOT SUPPORTED[0m
[rviz2-15] [0m[INFO] [1754753922.103373202] [rviz2]: OpenGl version: 4.6 (GLSL 4.6)[0m
[component_container-12] [0m[INFO] [1754753922.104790498] [map.map_container]: Load Library: /autoware/install/map_tf_generator/lib/libvector_map_tf_generator_node.so[0m
[component_container-12] [0m[INFO] [1754753922.107657462] [map.map_container]: Found class: rclcpp_components::NodeFactoryTemplate<VectorMapTFGeneratorNode>[0m
[component_container-12] [0m[INFO] [1754753922.107689099] [map.map_container]: Instantiate class: rclcpp_components::NodeFactoryTemplate<VectorMapTFGeneratorNode>[0m
[INFO] [launch_ros.actions.load_composable_nodes]: Loaded node '/map/vector_map_tf_generator' in container '/map/map_container'
[component_container-12] [0m[INFO] [1754753922.130286283] [map.vector_map_tf_generator]: broadcast static tf. map_frame:map, viewer_frame:viewer, x:89648.2, y:43157.2, z:6.5[0m
[rviz2-15] [0m[INFO] [1754753922.139180089] [rviz2]: Stereo is NOT SUPPORTED[0m
[simple_trajectory_generator_node-9] [33m[WARN] [1754753922.616767164] [planning.scenario_planning.simple_trajectory_generator]: New subscription discovered on topic '/planning/scenario_planning/trajectory', requesting incompatible QoS. No messages will be sent to it. Last incompatible policy: RELIABILITY_QOS_POLICY[0m
[simple_trajectory_generator_node-9] [33m[WARN] [1754753922.619499790] [planning.scenario_planning.simple_trajectory_generator]: New subscription discovered on topic '/planning/scenario_planning/trajectory', requesting incompatible QoS. No messages will be sent to it. Last incompatible policy: RELIABILITY_QOS_POLICY[0m
[simple_pure_pursuit-11] [0m[INFO] [1754753922.789854415] [simple_pure_pursuit_node]: odometry is not available[0m
[rviz2-15] QObject::connect: No such signal QLineEdit::valueChanged(std::string)
[ekf_localizer-7] [33m[WARN] [1754753923.769662868] [localization.ekf_localizer]: The node is not activated. Provide initial pose to pose_initializer[0m
[simple_pure_pursuit-11] [0m[INFO] [1754753923.799744827] [simple_pure_pursuit_node]: odometry is not available[0m
[simple_pure_pursuit-11] [0m[INFO] [1754753924.809824519] [simple_pure_pursuit_node]: odometry is not available[0m
[goal_pose_setter_node-14] [0m[INFO] [1754753925.152722827] [goal_pose_setter]: Call localization trigger[0m
[goal_pose_setter_node-14] [0m[INFO] [1754753925.360918115] [goal_pose_setter]: Complete localization trigger[0m
[interactive_server-10] [0m[INFO] [1754753926.860743666] [editor_tool_server]: Loading CSV file: /aichallenge/workspace/src/aichallenge-trajectory-editor/csv/centerline_15km.csv[0m
[interactive_server-10] [31m[ERROR] [1754753926.860870360] [editor_tool_server]: Failed to open file: /aichallenge/workspace/src/aichallenge-trajectory-editor/csv/centerline_15km.csv[0m
[simple_pure_pursuit-11] [0m[INFO] [1754753926.869573093] [simple_pure_pursuit_node]: trajectory points is empty[0m
[relay-16] [33m[WARN] [1754753940.377450170] [initial_pose_relay]: Some, but not all, publishers on topic /initialpose offer 'transient local' durability. Falling back to 'volatile' durability in orderto connect to all publishers.[0m
[rviz2-15] [33m[WARN] [1754753940.466342846] [rviz2]: Negative eigenvalue found for position. Is the covariance matrix correct (positive semidefinite)?[0m
[rviz2-15] [33m[WARN] [1754753940.497339175] [rviz2]: Negative eigenvalue found for position. Is the covariance matrix correct (positive semidefinite)?[0m
[ekf_localizer-7] [33m[WARN] [1754753941.450702717] [localization.ekf_localizer]: The Mahalanobis distance 5077792884.3815 is over the limit 10000.0000.[0m
[rviz2-15] OpenCV: FFMPEG: tag 0x34363268/'h264' is not supported with codec id 27 and format 'mp4 / MP4 (MPEG-4 Part 14)'
[rviz2-15] OpenCV: FFMPEG: fallback to use tag 0x31637661/'avc1'
[simple_trajectory_generator_node-9] [0m[INFO] [1754753978.796508590] [planning.scenario_planning.simple_trajectory_generator]: Published trajectory with 121 points[0m
[simple_trajectory_generator_node-9] [0m[INFO] [1754754039.796520627] [planning.scenario_planning.simple_trajectory_generator]: Published trajectory with 121 points[0m
[simple_trajectory_generator_node-9] [0m[INFO] [1754754100.796591765] [planning.scenario_planning.simple_trajectory_generator]: Published trajectory with 121 points[0m
[simple_trajectory_generator_node-9] [0m[INFO] [1754754161.796737469] [planning.scenario_planning.simple_trajectory_generator]: Published trajectory with 121 points[0m
[simple_trajectory_generator_node-9] [0m[INFO] [1754754222.796936243] [planning.scenario_planning.simple_trajectory_generator]: Published trajectory with 121 points[0m
[simple_trajectory_generator_node-9] [0m[INFO] [1754754283.797091306] [planning.scenario_planning.simple_trajectory_generator]: Published trajectory with 121 points[0m
