[INFO] [launch]: All log files can be found below /home/ubuntu/.ros/log/2025-08-08-20-09-32-079264-ubuntu-HP-Laptop-14s-dq5xxx-456
[INFO] [launch]: Default logging verbosity is set to INFO
[INFO] [launch.user]: The arguments for aichallenge_system_launch.
[INFO] [launch.user]:  - simulation: true
[INFO] [launch.user]:  - use_sim_time: true
[INFO] [launch.user]:  - sensor_model: racing_kart_sensor_kit
[INFO] [launch.user]:  - launch_vehicle_interface: true
[INFO] [launch.user]:  - rviz config: /aichallenge/workspace/install/aichallenge_system_launch/share/aichallenge_system_launch/config/autoware.rviz
[INFO] [launch.user]: The arguments for aichallenge_submit_launch.
[INFO] [launch.user]:  - simulation: true
[INFO] [launch.user]:  - use_sim_time: true
[INFO] [launch.user]:  - sensor_model: racing_kart_sensor_kit
[INFO] [launch.user]:  - launch_vehicle_interface: true
[INFO] [launch.user]: echo launch param use_sim_time: true launch_vehicle_interface: true sensor_model: racing_kart_sensor_kit
[INFO] [robot_state_publisher-1]: process started with pid [470]
[INFO] [vehicle_velocity_converter-2]: process started with pid [472]
[INFO] [imu_corrector-3]: process started with pid [474]
[INFO] [gnss_poser-4]: process started with pid [476]
[INFO] [gyro_odometer-5]: process started with pid [478]
[INFO] [imu_gnss_poser_node-6]: process started with pid [480]
[INFO] [ekf_localizer-7]: process started with pid [482]
[INFO] [twist2accel-8]: process started with pid [484]
[INFO] [simple_trajectory_generator_node-9]: process started with pid [486]
[INFO] [simple_pure_pursuit-10]: process started with pid [488]
[INFO] [component_container-11]: process started with pid [490]
[INFO] [raw_vehicle_cmd_converter_node-12]: process started with pid [492]
[INFO] [goal_pose_setter_node-13]: process started with pid [494]
[INFO] [rviz2-14]: process started with pid [496]
[INFO] [relay-15]: process started with pid [498]
[INFO] [control_mode_adapter.py-16]: process started with pid [500]
[INFO] [actuation_cmd_converter-17]: process started with pid [502]
[INFO] [relay-18]: process started with pid [504]
[INFO] [component_container_mt-19]: process started with pid [506]
[simple_trajectory_generator_node-9] [0m[INFO] [1754651372.831136879] [planning.scenario_planning.simple_trajectory_generator]: csv_path parameter changed from '' to '/aichallenge/workspace/install/simple_trajectory_generator/share/simple_trajectory_generator/data/raceline_awsim_15km.csv'[0m
[simple_trajectory_generator_node-9] [0m[INFO] [1754651372.833619897] [planning.scenario_planning.simple_trajectory_generator]: Successfully loaded new trajectory from CSV: /aichallenge/workspace/install/simple_trajectory_generator/share/simple_trajectory_generator/data/raceline_awsim_15km.csv with 121 points[0m
[simple_trajectory_generator_node-9] [0m[INFO] [1754651372.834019736] [planning.scenario_planning.simple_trajectory_generator]: z parameter changed to 6.500000[0m
[simple_trajectory_generator_node-9] [0m[INFO] [1754651372.834601604] [planning.scenario_planning.simple_trajectory_generator]: Loaded trajectory from CSV with 121 points[0m
[robot_state_publisher-1] [0m[INFO] [1754651372.864684882] [robot_state_publisher]: got segment base_link[0m
[robot_state_publisher-1] [0m[INFO] [1754651372.865015752] [robot_state_publisher]: got segment gnss_link[0m
[robot_state_publisher-1] [0m[INFO] [1754651372.865030673] [robot_state_publisher]: got segment imu_link[0m
[robot_state_publisher-1] [0m[INFO] [1754651372.865038219] [robot_state_publisher]: got segment sensor_kit_base_link[0m
[rviz2-14] Authorization required, but no authorization protocol specified
[rviz2-14] qt.qpa.xcb: could not connect to display :0
[rviz2-14] qt.qpa.plugin: Could not load the Qt platform plugin "xcb" in "" even though it was found.
[rviz2-14] This application failed to start because no Qt platform plugin could be initialized. Reinstalling the application may fix this problem.
[rviz2-14] 
[rviz2-14] Available platform plugins are: eglfs, linuxfb, minimal, minimalegl, offscreen, vnc, xcb.
[rviz2-14] 
[component_container-11] [0m[INFO] [1754651372.952113616] [map.map_container]: Load Library: /autoware/install/map_loader/lib/liblanelet2_map_loader_node.so[0m
[component_container-11] [0m[INFO] [1754651372.964226943] [map.map_container]: Found class: rclcpp_components::NodeFactoryTemplate<Lanelet2MapLoaderNode>[0m
[component_container-11] [0m[INFO] [1754651372.964291426] [map.map_container]: Instantiate class: rclcpp_components::NodeFactoryTemplate<Lanelet2MapLoaderNode>[0m
[INFO] [launch_ros.actions.load_composable_nodes]: Loaded node '/map/lanelet2_map_loader' in container '/map/map_container'
[component_container-11] [0m[INFO] [1754651372.984432628] [map.map_container]: Load Library: /autoware/install/map_loader/lib/liblanelet2_map_visualization_node.so[0m
[component_container-11] [0m[INFO] [1754651372.986518858] [map.map_container]: Found class: rclcpp_components::NodeFactoryTemplate<Lanelet2MapVisualizationNode>[0m
[component_container-11] [0m[INFO] [1754651372.986555848] [map.map_container]: Instantiate class: rclcpp_components::NodeFactoryTemplate<Lanelet2MapVisualizationNode>[0m
[INFO] [launch_ros.actions.load_composable_nodes]: Loaded node '/map/lanelet2_map_visualization' in container '/map/map_container'
[component_container_mt-19] [0m[INFO] [1754651372.996521721] [system.system_monitor.system_monitor.system_monitor_container]: Load Library: /autoware/install/system_monitor/lib/libcpu_monitor_lib.so[0m
[component_container-11] [0m[INFO] [1754651372.997121521] [map.lanelet2_map_visualization]: Map is loaded
[component_container-11] [0m
[component_container-11] [0m[INFO] [1754651372.999615923] [map.map_container]: Load Library: /autoware/install/map_tf_generator/lib/libvector_map_tf_generator_node.so[0m
[component_container_mt-19] [0m[INFO] [1754651373.000622483] [system.system_monitor.system_monitor.system_monitor_container]: Found class: rclcpp_components::NodeFactoryTemplate<CPUMonitor>[0m
[component_container_mt-19] [0m[INFO] [1754651373.000673080] [system.system_monitor.system_monitor.system_monitor_container]: Instantiate class: rclcpp_components::NodeFactoryTemplate<CPUMonitor>[0m
[component_container-11] [0m[INFO] [1754651373.003043351] [map.map_container]: Found class: rclcpp_components::NodeFactoryTemplate<VectorMapTFGeneratorNode>[0m
[component_container-11] [0m[INFO] [1754651373.003105818] [map.map_container]: Instantiate class: rclcpp_components::NodeFactoryTemplate<VectorMapTFGeneratorNode>[0m
[INFO] [launch_ros.actions.load_composable_nodes]: Loaded node '/map/vector_map_tf_generator' in container '/map/map_container'
[component_container-11] [0m[INFO] [1754651373.015358109] [map.vector_map_tf_generator]: broadcast static tf. map_frame:map, viewer_frame:viewer, x:89648.2, y:43157.2, z:6.5[0m
[INFO] [launch_ros.actions.load_composable_nodes]: Loaded node '/system/system_monitor/cpu_monitor' in container '/system/system_monitor/system_monitor/system_monitor_container'
[component_container_mt-19] [0m[INFO] [1754651373.023339564] [system.system_monitor.system_monitor.system_monitor_container]: Load Library: /autoware/install/system_monitor/lib/libmem_monitor_lib.so[0m
[component_container_mt-19] [0m[INFO] [1754651373.023817143] [system.system_monitor.system_monitor.system_monitor_container]: Found class: rclcpp_components::NodeFactoryTemplate<MemMonitor>[0m
[component_container_mt-19] [0m[INFO] [1754651373.023834389] [system.system_monitor.system_monitor.system_monitor_container]: Instantiate class: rclcpp_components::NodeFactoryTemplate<MemMonitor>[0m
[ERROR] [rviz2-14]: process has died [pid 496, exit code -6, cmd '/opt/ros/humble/lib/rviz2/rviz2 -d /aichallenge/workspace/install/aichallenge_system_launch/share/aichallenge_system_launch/config/autoware.rviz -s /aichallenge/workspace/install/aichallenge_system_launch/share/aichallenge_system_launch/rviz/image/autoware.png --ros-args -r __node:=rviz2 -p use_sim_time:=True -p wheel_radius:=0.24 -p wheel_width:=0.18 -p wheel_base:=1.087 -p wheel_tread:=1.12 -p front_overhang:=0.467 -p rear_overhang:=0.51 -p left_overhang:=0.09 -p right_overhang:=0.09 -p vehicle_height:=2.2 -p max_steer_angle:=0.64'].
[INFO] [launch_ros.actions.load_composable_nodes]: Loaded node '/system/system_monitor/mem_monitor' in container '/system/system_monitor/system_monitor/system_monitor_container'
[component_container_mt-19] [0m[INFO] [1754651373.034014040] [system.system_monitor.system_monitor.system_monitor_container]: Load Library: /autoware/install/system_monitor/lib/libprocess_monitor_lib.so[0m
[component_container_mt-19] [0m[INFO] [1754651373.034665043] [system.system_monitor.system_monitor.system_monitor_container]: Found class: rclcpp_components::NodeFactoryTemplate<ProcessMonitor>[0m
[component_container_mt-19] [0m[INFO] [1754651373.034687569] [system.system_monitor.system_monitor.system_monitor_container]: Instantiate class: rclcpp_components::NodeFactoryTemplate<ProcessMonitor>[0m
[INFO] [launch_ros.actions.load_composable_nodes]: Loaded node '/system/system_monitor/process_monitor' in container '/system/system_monitor/system_monitor/system_monitor_container'
[component_container_mt-19] [0m[INFO] [1754651373.044535033] [system.system_monitor.system_monitor.system_monitor_container]: Load Library: /autoware/install/system_monitor/lib/libvoltage_monitor_lib.so[0m
[component_container_mt-19] [0m[INFO] [1754651373.045248746] [system.system_monitor.system_monitor.system_monitor_container]: Found class: rclcpp_components::NodeFactoryTemplate<VoltageMonitor>[0m
[component_container_mt-19] [0m[INFO] [1754651373.045287548] [system.system_monitor.system_monitor.system_monitor_container]: Instantiate class: rclcpp_components::NodeFactoryTemplate<VoltageMonitor>[0m
[INFO] [launch_ros.actions.load_composable_nodes]: Loaded node '/system/system_monitor/voltage_monitor' in container '/system/system_monitor/system_monitor/system_monitor_container'
[goal_pose_setter_node-13] [0m[INFO] [1754651376.133853022] [goal_pose_setter]: Call localization trigger[0m
[goal_pose_setter_node-13] [0m[INFO] [1754651376.134372728] [goal_pose_setter]: Complete localization trigger[0m
[component_container-11] [0m[INFO] [1754651380.045778480] [rclcpp]: signal_handler(signum=2)[0m
[component_container_mt-19] [0m[INFO] [1754651380.045826682] [rclcpp]: signal_handler(signum=2)[0m
[goal_pose_setter_node-13] [0m[INFO] [1754651380.045825707] [rclcpp]: signal_handler(signum=2)[0m
[twist2accel-8] [0m[INFO] [1754651380.045823125] [rclcpp]: signal_handler(signum=2)[0m
[simple_pure_pursuit-10] [0m[INFO] [1754651380.045824539] [rclcpp]: signal_handler(signum=2)[0m
[relay-18] [0m[INFO] [1754651380.045827274] [rclcpp]: signal_handler(signum=2)[0m
[actuation_cmd_converter-17] [0m[INFO] [1754651380.045826556] [rclcpp]: signal_handler(signum=2)[0m
[raw_vehicle_cmd_converter_node-12] [0m[INFO] [1754651380.045826885] [rclcpp]: signal_handler(signum=2)[0m
[simple_trajectory_generator_node-9] [0m[INFO] [1754651380.045875818] [rclcpp]: signal_handler(signum=2)[0m
[relay-15] [0m[INFO] [1754651380.045876178] [rclcpp]: signal_handler(signum=2)[0m
[gnss_poser-4] [0m[INFO] [1754651380.045910978] [rclcpp]: signal_handler(signum=2)[0m
[ekf_localizer-7] [0m[INFO] [1754651380.045957418] [rclcpp]: signal_handler(signum=2)[0m
[imu_gnss_poser_node-6] [0m[INFO] [1754651380.046018732] [rclcpp]: signal_handler(signum=2)[0m
[control_mode_adapter.py-16] Traceback (most recent call last):
[control_mode_adapter.py-16]   File "/aichallenge/workspace/install/aichallenge_system_launch/lib/aichallenge_system_launch/control_mode_adapter.py", line 41, in <module>
[control_mode_adapter.py-16]     main()
[control_mode_adapter.py-16]   File "/aichallenge/workspace/install/aichallenge_system_launch/lib/aichallenge_system_launch/control_mode_adapter.py", line 35, in main
[control_mode_adapter.py-16]     rclpy.spin(ControlModeAdapterNode())
[control_mode_adapter.py-16]   File "/opt/ros/humble/local/lib/python3.10/dist-packages/rclpy/__init__.py", line 226, in spin
[control_mode_adapter.py-16]     executor.spin_once()
[control_mode_adapter.py-16]   File "/opt/ros/humble/local/lib/python3.10/dist-packages/rclpy/executors.py", line 751, in spin_once
[control_mode_adapter.py-16]     self._spin_once_impl(timeout_sec)
[control_mode_adapter.py-16]   File "/opt/ros/humble/local/lib/python3.10/dist-packages/rclpy/executors.py", line 740, in _spin_once_impl
[control_mode_adapter.py-16]     handler, entity, node = self.wait_for_ready_callbacks(timeout_sec=timeout_sec)
[control_mode_adapter.py-16]   File "/opt/ros/humble/local/lib/python3.10/dist-packages/rclpy/executors.py", line 723, in wait_for_ready_callbacks
[control_mode_adapter.py-16]     return next(self._cb_iter)
[control_mode_adapter.py-16]   File "/opt/ros/humble/local/lib/python3.10/dist-packages/rclpy/executors.py", line 624, in _wait_for_ready_callbacks
[imu_corrector-3] [0m[INFO] [1754651380.046406837] [rclcpp]: signal_handler(signum=2)[0m
[robot_state_publisher-1] [0m[INFO] [1754651380.046660358] [rclcpp]: signal_handler(signum=2)[0m
[vehicle_velocity_converter-2] [0m[INFO] [1754651380.047163174] [rclcpp]: signal_handler(signum=2)[0m
[gyro_odometer-5] [0m[INFO] [1754651380.046332331] [rclcpp]: signal_handler(signum=2)[0m
[control_mode_adapter.py-16]     raise ExternalShutdownException()
[control_mode_adapter.py-16] rclpy.executors.ExternalShutdownException
[INFO] [component_container_mt-19]: process has finished cleanly [pid 506]
[INFO] [relay-18]: process has finished cleanly [pid 504]
[INFO] [gnss_poser-4]: process has finished cleanly [pid 476]
[INFO] [simple_trajectory_generator_node-9]: process has finished cleanly [pid 486]
[INFO] [relay-15]: process has finished cleanly [pid 498]
[INFO] [simple_pure_pursuit-10]: process has finished cleanly [pid 488]
[INFO] [ekf_localizer-7]: process has finished cleanly [pid 482]
[INFO] [raw_vehicle_cmd_converter_node-12]: process has finished cleanly [pid 492]
[INFO] [imu_gnss_poser_node-6]: process has finished cleanly [pid 480]
[INFO] [component_container-11]: process has finished cleanly [pid 490]
[INFO] [imu_corrector-3]: process has finished cleanly [pid 474]
[INFO] [vehicle_velocity_converter-2]: process has finished cleanly [pid 472]
[INFO] [actuation_cmd_converter-17]: process has finished cleanly [pid 502]
[INFO] [robot_state_publisher-1]: process has finished cleanly [pid 470]
[INFO] [gyro_odometer-5]: process has finished cleanly [pid 478]
[INFO] [twist2accel-8]: process has finished cleanly [pid 484]
[INFO] [goal_pose_setter_node-13]: process has finished cleanly [pid 494]
[ERROR] [control_mode_adapter.py-16]: process has died [pid 500, exit code 1, cmd '/aichallenge/workspace/install/aichallenge_system_launch/lib/aichallenge_system_launch/control_mode_adapter.py --ros-args -p use_sim_time:=True -p wheel_radius:=0.24 -p wheel_width:=0.18 -p wheel_base:=1.087 -p wheel_tread:=1.12 -p front_overhang:=0.467 -p rear_overhang:=0.51 -p left_overhang:=0.09 -p right_overhang:=0.09 -p vehicle_height:=2.2 -p max_steer_angle:=0.64'].
