[INFO] [launch]: All log files can be found below /home/ubuntu/.ros/log/2025-08-10-12-02-22-859465-ubuntu-HP-Laptop-14s-dq5xxx-164
[INFO] [launch]: Default logging verbosity is set to INFO
[INFO] [launch.user]: The arguments for aichallenge_system_launch.
[INFO] [launch.user]:  - simulation: true
[INFO] [launch.user]:  - use_sim_time: true
[INFO] [launch.user]:  - sensor_model: racing_kart_sensor_kit
[INFO] [launch.user]:  - launch_vehicle_interface: true
[INFO] [launch.user]:  - rviz config: /aichallenge/workspace/install/aichallenge_system_launch/share/aichallenge_system_launch/config/autoware.rviz
[INFO] [launch.user]: The arguments for aichallenge_submit_launch.
[INFO] [launch.user]:  - simulation: true
[INFO] [launch.user]:  - use_sim_time: true
[INFO] [launch.user]:  - sensor_model: racing_kart_sensor_kit
[INFO] [launch.user]:  - launch_vehicle_interface: true
[INFO] [launch.user]: echo launch param use_sim_time: true launch_vehicle_interface: true sensor_model: racing_kart_sensor_kit
[INFO] [launch_ros.actions.load_composable_nodes]: Loaded node '/map/lanelet2_map_loader' in container '/map/map_container'
[INFO] [launch_ros.actions.load_composable_nodes]: Loaded node '/map/lanelet2_map_visualization' in container '/map/map_container'
[INFO] [launch_ros.actions.load_composable_nodes]: Loaded node '/map/vector_map_tf_generator' in container '/map/map_container'
[INFO] [launch_ros.actions.load_composable_nodes]: Loaded node '/system/system_monitor/cpu_monitor' in container '/system/system_monitor/system_monitor/system_monitor_container'
[INFO] [robot_state_publisher-1]: process started with pid [199]
[INFO] [vehicle_velocity_converter-2]: process started with pid [201]
[INFO] [imu_corrector-3]: process started with pid [203]
[INFO] [gnss_poser-4]: process started with pid [205]
[INFO] [gyro_odometer-5]: process started with pid [207]
[INFO] [imu_gnss_poser_node-6]: process started with pid [209]
[INFO] [ekf_localizer-7]: process started with pid [211]
[INFO] [twist2accel-8]: process started with pid [213]
[INFO] [simple_trajectory_generator_node-9]: process started with pid [224]
[INFO] [interactive_server-10]: process started with pid [226]
[INFO] [simple_pure_pursuit-11]: process started with pid [229]
[INFO] [component_container-12]: process started with pid [232]
[INFO] [raw_vehicle_cmd_converter_node-13]: process started with pid [234]
[INFO] [goal_pose_setter_node-14]: process started with pid [243]
[INFO] [rviz2-15]: process started with pid [248]
[INFO] [relay-16]: process started with pid [250]
[INFO] [control_mode_adapter.py-17]: process started with pid [252]
[INFO] [actuation_cmd_converter-18]: process started with pid [254]
[INFO] [relay-19]: process started with pid [261]
[INFO] [component_container_mt-20]: process started with pid [267]
[robot_state_publisher-1] [INFO] [1754794947.734154823] [robot_state_publisher]: got segment base_link
[robot_state_publisher-1] [INFO] [1754794947.734304342] [robot_state_publisher]: got segment gnss_link
[robot_state_publisher-1] [INFO] [1754794947.734324578] [robot_state_publisher]: got segment imu_link
[robot_state_publisher-1] [INFO] [1754794947.734336379] [robot_state_publisher]: got segment sensor_kit_base_link
[simple_trajectory_generator_node-9] [INFO] [1754794947.744755493] [planning.scenario_planning.simple_trajectory_generator]: csv_path parameter changed from '' to '/aichallenge/workspace/install/simple_trajectory_generator/share/simple_trajectory_generator/data/raceline_awsim_15km.csv'
[simple_trajectory_generator_node-9] [INFO] [1754794947.747431766] [planning.scenario_planning.simple_trajectory_generator]: Successfully loaded new trajectory from CSV: /aichallenge/workspace/install/simple_trajectory_generator/share/simple_trajectory_generator/data/raceline_awsim_15km.csv with 121 points
[simple_trajectory_generator_node-9] [INFO] [1754794947.747558085] [planning.scenario_planning.simple_trajectory_generator]: z parameter changed to 6.500000
[simple_trajectory_generator_node-9] [INFO] [1754794947.748671622] [planning.scenario_planning.simple_trajectory_generator]: Loaded trajectory from CSV with 121 points
[interactive_server-10] [INFO] [1754794947.911487464] [editor_tool_server]: Waiting for 5.000000 seconds before loading CSV and publishing markers.
[INFO] [launch_ros.actions.load_composable_nodes]: Loaded node '/system/system_monitor/mem_monitor' in container '/system/system_monitor/system_monitor/system_monitor_container'
[INFO] [launch_ros.actions.load_composable_nodes]: Loaded node '/system/system_monitor/process_monitor' in container '/system/system_monitor/system_monitor/system_monitor_container'
[INFO] [launch_ros.actions.load_composable_nodes]: Loaded node '/system/system_monitor/voltage_monitor' in container '/system/system_monitor/system_monitor/system_monitor_container'
[ekf_localizer-7] [WARN] [1754794948.699536297] [localization.ekf_localizer]: The node is not activated. Provide initial pose to pose_initializer
[gnss_poser-4] [WARN] [1754794948.995448296] [sensing.gnss.racing_kart_gnss_poser]: "gnss_link" passed to lookupTransform argument target_frame does not exist. 
[gnss_poser-4] [WARN] [1754794948.995651459] [sensing.gnss.racing_kart_gnss_poser]: Please publish TF gnss_link to base_link
[gyro_odometer-5] [WARN] [1754794949.000127896] [localization.gyro_odometer]: Imu msg is not subscribed
[simple_pure_pursuit-11] [INFO] [1754794949.001745793] [simple_pure_pursuit_node]: odometry is not available
[simple_pure_pursuit-11] [INFO] [1754794949.221248130] [simple_pure_pursuit_node]: trajectory is not available
[gyro_odometer-5] [ERROR] [1754794949.257499678] [localization.gyro_odometer]: Imu msg is timeout. twist_dt: 0.249999994[sec], tolerance 0.2[sec]
[rviz2-15] QPainter::begin: Paint device returned engine == 0, type: 2
[rviz2-15] QPainter::setPen: Painter not active
[gyro_odometer-5] [ERROR] [1754794950.024562217] [localization.gyro_odometer]: Twist msg is timeout. twist_dt: 0.289999993[sec], tolerance 0.2[sec]
[rviz2-15] [INFO] [1754794950.666961164] [rviz2]: Stereo is NOT SUPPORTED
[rviz2-15] [INFO] [1754794950.667314290] [rviz2]: OpenGl version: 4.6 (GLSL 4.6)
[ekf_localizer-7] [WARN] [1754794950.812636306] [localization.ekf_localizer]: The node is not activated. Provide initial pose to pose_initializer
[rviz2-15] [INFO] [1754794950.858008839] [rviz2]: Stereo is NOT SUPPORTED
[goal_pose_setter_node-14] [INFO] [1754794951.781491117] [goal_pose_setter]: Call localization trigger
[goal_pose_setter_node-14] [INFO] [1754794951.794727137] [goal_pose_setter]: Complete localization trigger
[interactive_server-10] [INFO] [1754794952.911737039] [editor_tool_server]: Loading CSV file: /aichallenge/workspace/src/aichallenge-trajectory-editor/csv/centerline_15km.csv
[interactive_server-10] [ERROR] [1754794952.911925193] [editor_tool_server]: Failed to open file: /aichallenge/workspace/src/aichallenge-trajectory-editor/csv/centerline_15km.csv
[ekf_localizer-7] [WARN] [1754794952.934974632] [localization.ekf_localizer]: Pose delay exceeds the compensation limit, ignored. delay: 1.004[s], limit = extend_state_step * ekf_dt : 0.600[s]
[simple_pure_pursuit-11] [INFO] [1754794952.975075025] [simple_pure_pursuit_node]: trajectory points is empty
[simple_trajectory_generator_node-9] [WARN] [1754794953.372210824] [planning.scenario_planning.simple_trajectory_generator]: New subscription discovered on topic '/planning/scenario_planning/trajectory', requesting incompatible QoS. No messages will be sent to it. Last incompatible policy: RELIABILITY_QOS_POLICY
[simple_trajectory_generator_node-9] [WARN] [1754794953.375615552] [planning.scenario_planning.simple_trajectory_generator]: New subscription discovered on topic '/planning/scenario_planning/trajectory', requesting incompatible QoS. No messages will be sent to it. Last incompatible policy: RELIABILITY_QOS_POLICY
[ekf_localizer-7] [WARN] [1754794955.214381477] [localization.ekf_localizer]: Pose delay exceeds the compensation limit, ignored. delay: 1.008[s], limit = extend_state_step * ekf_dt : 0.600[s]
[rviz2-15] QObject::connect: No such signal QLineEdit::valueChanged(std::string)
[ekf_localizer-7] [WARN] [1754794957.384351269] [localization.ekf_localizer]: Pose delay exceeds the compensation limit, ignored. delay: 0.993[s], limit = extend_state_step * ekf_dt : 0.600[s]
[ekf_localizer-7] [WARN] [1754794959.711827513] [localization.ekf_localizer]: Pose delay exceeds the compensation limit, ignored. delay: 0.924[s], limit = extend_state_step * ekf_dt : 0.600[s]
[ekf_localizer-7] [WARN] [1754794961.773590408] [localization.ekf_localizer]: Pose delay exceeds the compensation limit, ignored. delay: 0.950[s], limit = extend_state_step * ekf_dt : 0.600[s]
[ekf_localizer-7] [WARN] [1754794964.461362603] [localization.ekf_localizer]: Pose delay exceeds the compensation limit, ignored. delay: 1.100[s], limit = extend_state_step * ekf_dt : 0.600[s]
[gyro_odometer-5] [ERROR] [1754794964.645847948] [localization.gyro_odometer]: Imu msg is timeout. imu_dt: 0.229999995[sec], tolerance 0.2[sec]
[ekf_localizer-7] [WARN] [1754794966.938899187] [localization.ekf_localizer]: Pose delay exceeds the compensation limit, ignored. delay: 0.995[s], limit = extend_state_step * ekf_dt : 0.600[s]
[gyro_odometer-5] [ERROR] [1754794967.073955360] [localization.gyro_odometer]: Twist msg is timeout. twist_dt: 0.229999995[sec], tolerance 0.2[sec]
[relay-16] [WARN] [1754794968.645437541] [initial_pose_relay]: Some, but not all, publishers on topic /initialpose offer 'transient local' durability. Falling back to 'volatile' durability in orderto connect to all publishers.
[rviz2-15] [WARN] [1754794968.828166059] [rviz2]: Negative eigenvalue found for position. Is the covariance matrix correct (positive semidefinite)?
[gyro_odometer-5] [ERROR] [1754794969.334638956] [localization.gyro_odometer]: Imu msg is timeout. imu_dt: 0.219999995[sec], tolerance 0.2[sec]
[ekf_localizer-7] [WARN] [1754794969.813556388] [localization.ekf_localizer]: Pose delay exceeds the compensation limit, ignored. delay: 0.899[s], limit = extend_state_step * ekf_dt : 0.600[s]
[ekf_localizer-7] [WARN] [1754794971.841095377] [localization.ekf_localizer]: The Mahalanobis distance 671420794.6401 is over the limit 10000.0000.
[ekf_localizer-7] [WARN] [1754794974.652850923] [localization.ekf_localizer]: Pose delay exceeds the compensation limit, ignored. delay: 0.916[s], limit = extend_state_step * ekf_dt : 0.600[s]
[gyro_odometer-5] [ERROR] [1754794975.316441603] [localization.gyro_odometer]: Twist msg is timeout. twist_dt: 0.264999994[sec], tolerance 0.2[sec]
[rviz2-15] OpenCV: FFMPEG: tag 0x34363268/'h264' is not supported with codec id 27 and format 'mp4 / MP4 (MPEG-4 Part 14)'
[rviz2-15] OpenCV: FFMPEG: fallback to use tag 0x31637661/'avc1'
[ekf_localizer-7] [WARN] [1754794976.885090862] [localization.ekf_localizer]: Pose delay exceeds the compensation limit, ignored. delay: 0.958[s], limit = extend_state_step * ekf_dt : 0.600[s]
[ekf_localizer-7] [WARN] [1754794979.550310794] [localization.ekf_localizer]: Pose delay exceeds the compensation limit, ignored. delay: 1.002[s], limit = extend_state_step * ekf_dt : 0.600[s]
[ekf_localizer-7] [WARN] [1754794981.818805581] [localization.ekf_localizer]: Pose delay exceeds the compensation limit, ignored. delay: 0.992[s], limit = extend_state_step * ekf_dt : 0.600[s]
[ekf_localizer-7] [WARN] [1754794986.083838408] [localization.ekf_localizer]: Pose delay exceeds the compensation limit, ignored. delay: 0.972[s], limit = extend_state_step * ekf_dt : 0.600[s]
[ekf_localizer-7] [WARN] [1754794988.672518021] [localization.ekf_localizer]: Pose delay exceeds the compensation limit, ignored. delay: 1.025[s], limit = extend_state_step * ekf_dt : 0.600[s]
[ekf_localizer-7] [WARN] [1754794991.610637818] [localization.ekf_localizer]: Pose delay exceeds the compensation limit, ignored. delay: 0.964[s], limit = extend_state_step * ekf_dt : 0.600[s]
[ekf_localizer-7] [WARN] [1754794993.716682065] [localization.ekf_localizer]: Pose delay exceeds the compensation limit, ignored. delay: 0.912[s], limit = extend_state_step * ekf_dt : 0.600[s]
[ekf_localizer-7] [WARN] [1754794996.607716640] [localization.ekf_localizer]: Pose delay exceeds the compensation limit, ignored. delay: 0.923[s], limit = extend_state_step * ekf_dt : 0.600[s]
[ekf_localizer-7] [WARN] [1754794998.881992902] [localization.ekf_localizer]: Pose delay exceeds the compensation limit, ignored. delay: 0.937[s], limit = extend_state_step * ekf_dt : 0.600[s]
[ekf_localizer-7] [WARN] [1754795000.952268937] [localization.ekf_localizer]: Pose delay exceeds the compensation limit, ignored. delay: 0.922[s], limit = extend_state_step * ekf_dt : 0.600[s]
[ekf_localizer-7] [WARN] [1754795003.792764609] [localization.ekf_localizer]: Pose delay exceeds the compensation limit, ignored. delay: 0.995[s], limit = extend_state_step * ekf_dt : 0.600[s]
[simple_trajectory_generator_node-9] [INFO] [1754795004.865601377] [planning.scenario_planning.simple_trajectory_generator]: Published trajectory with 121 points
[ekf_localizer-7] [WARN] [1754795006.314773842] [localization.ekf_localizer]: Pose delay exceeds the compensation limit, ignored. delay: 1.011[s], limit = extend_state_step * ekf_dt : 0.600[s]
[ekf_localizer-7] [WARN] [1754795008.417153825] [localization.ekf_localizer]: Pose delay exceeds the compensation limit, ignored. delay: 0.933[s], limit = extend_state_step * ekf_dt : 0.600[s]
[gyro_odometer-5] [ERROR] [1754795008.670264020] [localization.gyro_odometer]: Twist msg is timeout. twist_dt: 0.279999994[sec], tolerance 0.2[sec]
[ekf_localizer-7] [WARN] [1754795010.696897459] [localization.ekf_localizer]: Pose delay exceeds the compensation limit, ignored. delay: 0.986[s], limit = extend_state_step * ekf_dt : 0.600[s]
[ekf_localizer-7] [WARN] [1754795012.796611736] [localization.ekf_localizer]: Pose delay exceeds the compensation limit, ignored. delay: 0.914[s], limit = extend_state_step * ekf_dt : 0.600[s]
[ekf_localizer-7] [WARN] [1754795014.837600743] [localization.ekf_localizer]: Pose delay exceeds the compensation limit, ignored. delay: 0.969[s], limit = extend_state_step * ekf_dt : 0.600[s]
[ekf_localizer-7] [WARN] [1754795017.624284938] [localization.ekf_localizer]: Pose delay exceeds the compensation limit, ignored. delay: 0.989[s], limit = extend_state_step * ekf_dt : 0.600[s]
[gyro_odometer-5] [ERROR] [1754795018.481423801] [localization.gyro_odometer]: Twist msg is timeout. twist_dt: 0.214999995[sec], tolerance 0.2[sec]
[ekf_localizer-7] [WARN] [1754795019.790289002] [localization.ekf_localizer]: Pose delay exceeds the compensation limit, ignored. delay: 0.904[s], limit = extend_state_step * ekf_dt : 0.600[s]
[ekf_localizer-7] [WARN] [1754795021.866759248] [localization.ekf_localizer]: Pose delay exceeds the compensation limit, ignored. delay: 1.011[s], limit = extend_state_step * ekf_dt : 0.600[s]
[ekf_localizer-7] [WARN] [1754795024.309762962] [localization.ekf_localizer]: Pose delay exceeds the compensation limit, ignored. delay: 1.032[s], limit = extend_state_step * ekf_dt : 0.600[s]
[ekf_localizer-7] [WARN] [1754795026.913979745] [localization.ekf_localizer]: Pose delay exceeds the compensation limit, ignored. delay: 1.013[s], limit = extend_state_step * ekf_dt : 0.600[s]
[ekf_localizer-7] [WARN] [1754795029.229424849] [localization.ekf_localizer]: Pose delay exceeds the compensation limit, ignored. delay: 0.942[s], limit = extend_state_step * ekf_dt : 0.600[s]
[ekf_localizer-7] [WARN] [1754795031.218179237] [localization.ekf_localizer]: Pose delay exceeds the compensation limit, ignored. delay: 0.902[s], limit = extend_state_step * ekf_dt : 0.600[s]
[ekf_localizer-7] [WARN] [1754795033.667325324] [localization.ekf_localizer]: Pose delay exceeds the compensation limit, ignored. delay: 0.968[s], limit = extend_state_step * ekf_dt : 0.600[s]
[ekf_localizer-7] [WARN] [1754795035.674840173] [localization.ekf_localizer]: Pose delay exceeds the compensation limit, ignored. delay: 1.004[s], limit = extend_state_step * ekf_dt : 0.600[s]
[ekf_localizer-7] [WARN] [1754795038.233762980] [localization.ekf_localizer]: Pose delay exceeds the compensation limit, ignored. delay: 0.899[s], limit = extend_state_step * ekf_dt : 0.600[s]
[ekf_localizer-7] [WARN] [1754795040.700583331] [localization.ekf_localizer]: Pose delay exceeds the compensation limit, ignored. delay: 0.963[s], limit = extend_state_step * ekf_dt : 0.600[s]
[ekf_localizer-7] [WARN] [1754795043.355524856] [localization.ekf_localizer]: Pose delay exceeds the compensation limit, ignored. delay: 0.922[s], limit = extend_state_step * ekf_dt : 0.600[s]
[gyro_odometer-5] [ERROR] [1754795043.755050617] [localization.gyro_odometer]: Imu msg is timeout. twist_dt: 0.219999995[sec], tolerance 0.2[sec]
[ekf_localizer-7] [WARN] [1754795045.485887539] [localization.ekf_localizer]: Twist time stamp is inappropriate, set delay to 0[s]. delay = -0.005
[ekf_localizer-7] [WARN] [1754795047.604106165] [localization.ekf_localizer]: Pose delay exceeds the compensation limit, ignored. delay: 0.894[s], limit = extend_state_step * ekf_dt : 0.600[s]
[ekf_localizer-7] [WARN] [1754795049.870162334] [localization.ekf_localizer]: Pose delay exceeds the compensation limit, ignored. delay: 0.909[s], limit = extend_state_step * ekf_dt : 0.600[s]
[gyro_odometer-5] [ERROR] [1754795050.273621825] [localization.gyro_odometer]: Imu msg is timeout. twist_dt: 0.209999996[sec], tolerance 0.2[sec]
[ekf_localizer-7] [WARN] [1754795052.438196915] [localization.ekf_localizer]: Pose delay exceeds the compensation limit, ignored. delay: 0.981[s], limit = extend_state_step * ekf_dt : 0.600[s]
[gyro_odometer-5] [ERROR] [1754795053.155481184] [localization.gyro_odometer]: Twist msg is timeout. twist_dt: 0.259999994[sec], tolerance 0.2[sec]
[ekf_localizer-7] [WARN] [1754795054.401759922] [localization.ekf_localizer]: Pose delay exceeds the compensation limit, ignored. delay: 0.999[s], limit = extend_state_step * ekf_dt : 0.600[s]
[gyro_odometer-5] [ERROR] [1754795056.469460034] [localization.gyro_odometer]: Imu msg is timeout. twist_dt: 0.279999994[sec], tolerance 0.2[sec]
[ekf_localizer-7] [WARN] [1754795056.571423895] [localization.ekf_localizer]: Pose delay exceeds the compensation limit, ignored. delay: 0.930[s], limit = extend_state_step * ekf_dt : 0.600[s]
[ekf_localizer-7] [WARN] [1754795058.751525488] [localization.ekf_localizer]: Pose delay exceeds the compensation limit, ignored. delay: 0.968[s], limit = extend_state_step * ekf_dt : 0.600[s]
[ekf_localizer-7] [WARN] [1754795064.100261832] [localization.ekf_localizer]: Pose delay exceeds the compensation limit, ignored. delay: 1.067[s], limit = extend_state_step * ekf_dt : 0.600[s]
[ekf_localizer-7] [WARN] [1754795066.510353357] [localization.ekf_localizer]: Pose delay exceeds the compensation limit, ignored. delay: 0.949[s], limit = extend_state_step * ekf_dt : 0.600[s]
[simple_trajectory_generator_node-9] [INFO] [1754795066.754244029] [planning.scenario_planning.simple_trajectory_generator]: Published trajectory with 121 points
[ekf_localizer-7] [WARN] [1754795068.524283276] [localization.ekf_localizer]: Pose delay exceeds the compensation limit, ignored. delay: 0.899[s], limit = extend_state_step * ekf_dt : 0.600[s]
[ekf_localizer-7] [WARN] [1754795070.473744008] [localization.ekf_localizer]: Pose delay exceeds the compensation limit, ignored. delay: 0.933[s], limit = extend_state_step * ekf_dt : 0.600[s]
[ekf_localizer-7] [WARN] [1754795072.607561939] [localization.ekf_localizer]: Pose delay exceeds the compensation limit, ignored. delay: 0.980[s], limit = extend_state_step * ekf_dt : 0.600[s]
[ekf_localizer-7] [WARN] [1754795074.990273422] [localization.ekf_localizer]: Pose delay exceeds the compensation limit, ignored. delay: 0.923[s], limit = extend_state_step * ekf_dt : 0.600[s]
[ekf_localizer-7] [WARN] [1754795077.378825668] [localization.ekf_localizer]: Pose delay exceeds the compensation limit, ignored. delay: 0.941[s], limit = extend_state_step * ekf_dt : 0.600[s]
[gyro_odometer-5] [ERROR] [1754795078.960600085] [localization.gyro_odometer]: Twist msg is timeout. twist_dt: 0.244999995[sec], tolerance 0.2[sec]
[gyro_odometer-5] [ERROR] [1754795079.430131338] [localization.gyro_odometer]: Imu msg is timeout. imu_dt: 0.299999993[sec], tolerance 0.2[sec]
[ekf_localizer-7] [WARN] [1754795079.958260289] [localization.ekf_localizer]: Pose delay exceeds the compensation limit, ignored. delay: 1.119[s], limit = extend_state_step * ekf_dt : 0.600[s]
[gyro_odometer-5] [ERROR] [1754795080.452998005] [localization.gyro_odometer]: Twist msg is timeout. twist_dt: 0.234999995[sec], tolerance 0.2[sec]
[ekf_localizer-7] [WARN] [1754795082.239987644] [localization.ekf_localizer]: Pose delay exceeds the compensation limit, ignored. delay: 0.912[s], limit = extend_state_step * ekf_dt : 0.600[s]
[ekf_localizer-7] [WARN] [1754795084.448617731] [localization.ekf_localizer]: Pose delay exceeds the compensation limit, ignored. delay: 0.926[s], limit = extend_state_step * ekf_dt : 0.600[s]
[ekf_localizer-7] [WARN] [1754795086.506901896] [localization.ekf_localizer]: Pose delay exceeds the compensation limit, ignored. delay: 0.924[s], limit = extend_state_step * ekf_dt : 0.600[s]
[ekf_localizer-7] [WARN] [1754795092.878937417] [localization.ekf_localizer]: Pose delay exceeds the compensation limit, ignored. delay: 0.937[s], limit = extend_state_step * ekf_dt : 0.600[s]
[simple_trajectory_generator_node-9] [INFO] [1754795127.754308080] [planning.scenario_planning.simple_trajectory_generator]: Published trajectory with 121 points
[simple_trajectory_generator_node-9] [INFO] [1754795188.756328289] [planning.scenario_planning.simple_trajectory_generator]: Published trajectory with 121 points
[simple_trajectory_generator_node-9] [INFO] [1754795249.757871234] [planning.scenario_planning.simple_trajectory_generator]: Published trajectory with 121 points
[ekf_localizer-7] [WARN] [1754795284.061238404] [localization.ekf_localizer]: Pose delay exceeds the compensation limit, ignored. delay: 0.932[s], limit = extend_state_step * ekf_dt : 0.600[s]
[simple_trajectory_generator_node-9] [INFO] [1754795310.759563135] [planning.scenario_planning.simple_trajectory_generator]: Published trajectory with 121 points
