[INFO] [launch]: All log files can be found below /home/ubuntu/.ros/log/2025-08-08-20-36-00-096150-ubuntu-HP-Laptop-14s-dq5xxx-1029
[INFO] [launch]: Default logging verbosity is set to INFO
[INFO] [launch.user]: The arguments for aichallenge_system_launch.
[INFO] [launch.user]:  - simulation: true
[INFO] [launch.user]:  - use_sim_time: true
[INFO] [launch.user]:  - sensor_model: racing_kart_sensor_kit
[INFO] [launch.user]:  - launch_vehicle_interface: true
[INFO] [launch.user]:  - rviz config: /aichallenge/workspace/install/aichallenge_system_launch/share/aichallenge_system_launch/config/autoware.rviz
[INFO] [launch.user]: The arguments for aichallenge_submit_launch.
[INFO] [launch.user]:  - simulation: true
[INFO] [launch.user]:  - use_sim_time: true
[INFO] [launch.user]:  - sensor_model: racing_kart_sensor_kit
[INFO] [launch.user]:  - launch_vehicle_interface: true
[INFO] [launch.user]: echo launch param use_sim_time: true launch_vehicle_interface: true sensor_model: racing_kart_sensor_kit
[INFO] [robot_state_publisher-1]: process started with pid [1043]
[INFO] [vehicle_velocity_converter-2]: process started with pid [1045]
[INFO] [imu_corrector-3]: process started with pid [1047]
[INFO] [gnss_poser-4]: process started with pid [1049]
[INFO] [gyro_odometer-5]: process started with pid [1051]
[INFO] [imu_gnss_poser_node-6]: process started with pid [1053]
[INFO] [ekf_localizer-7]: process started with pid [1055]
[INFO] [twist2accel-8]: process started with pid [1057]
[INFO] [simple_trajectory_generator_node-9]: process started with pid [1059]
[INFO] [simple_pure_pursuit-10]: process started with pid [1061]
[INFO] [component_container-11]: process started with pid [1063]
[INFO] [raw_vehicle_cmd_converter_node-12]: process started with pid [1065]
[INFO] [goal_pose_setter_node-13]: process started with pid [1067]
[INFO] [rviz2-14]: process started with pid [1069]
[INFO] [relay-15]: process started with pid [1071]
[INFO] [control_mode_adapter.py-16]: process started with pid [1074]
[INFO] [actuation_cmd_converter-17]: process started with pid [1093]
[INFO] [relay-18]: process started with pid [1095]
[INFO] [component_container_mt-19]: process started with pid [1099]
[simple_pure_pursuit-10] [0m[INFO] [1754652961.111883577] [simple_pure_pursuit_node]: odometry is not available[0m
[ekf_localizer-7] [33m[WARN] [1754652961.131064433] [localization.ekf_localizer]: The node is not activated. Provide initial pose to pose_initializer[0m
[gyro_odometer-5] [33m[WARN] [1754652961.157005585] [localization.gyro_odometer]: Imu msg is not subscribed[0m
[robot_state_publisher-1] [0m[INFO] [1754652961.183089576] [robot_state_publisher]: got segment base_link[0m
[robot_state_publisher-1] [0m[INFO] [1754652961.183226338] [robot_state_publisher]: got segment gnss_link[0m
[robot_state_publisher-1] [0m[INFO] [1754652961.183247466] [robot_state_publisher]: got segment imu_link[0m
[robot_state_publisher-1] [0m[INFO] [1754652961.183261814] [robot_state_publisher]: got segment sensor_kit_base_link[0m
[simple_trajectory_generator_node-9] [0m[INFO] [1754652961.182702466] [planning.scenario_planning.simple_trajectory_generator]: csv_path parameter changed from '' to '/aichallenge/workspace/install/simple_trajectory_generator/share/simple_trajectory_generator/data/raceline_awsim_15km.csv'[0m
[simple_trajectory_generator_node-9] [0m[INFO] [1754652961.185415248] [planning.scenario_planning.simple_trajectory_generator]: Successfully loaded new trajectory from CSV: /aichallenge/workspace/install/simple_trajectory_generator/share/simple_trajectory_generator/data/raceline_awsim_15km.csv with 121 points[0m
[simple_trajectory_generator_node-9] [0m[INFO] [1754652961.185794432] [planning.scenario_planning.simple_trajectory_generator]: z parameter changed to 6.500000[0m
[simple_trajectory_generator_node-9] [0m[INFO] [1754652961.186390691] [planning.scenario_planning.simple_trajectory_generator]: Loaded trajectory from CSV with 121 points[0m
[imu_corrector-3] [33m[WARN] [1754652961.186111708] [sensing.imu.imu_corrector]: failed to get transform from imu_link to base_link: "imu_link" passed to lookupTransform argument target_frame does not exist. [0m
[imu_corrector-3] [31m[ERROR] [1754652961.186263337] [sensing.imu.imu_corrector]: Please publish TF base_link to imu_link[0m
[component_container-11] [0m[INFO] [1754652961.225776046] [map.map_container]: Load Library: /autoware/install/map_loader/lib/liblanelet2_map_loader_node.so[0m
[component_container-11] [0m[INFO] [1754652961.233393635] [map.map_container]: Found class: rclcpp_components::NodeFactoryTemplate<Lanelet2MapLoaderNode>[0m
[component_container-11] [0m[INFO] [1754652961.233438138] [map.map_container]: Instantiate class: rclcpp_components::NodeFactoryTemplate<Lanelet2MapLoaderNode>[0m
[INFO] [launch_ros.actions.load_composable_nodes]: Loaded node '/map/lanelet2_map_loader' in container '/map/map_container'
[component_container-11] [0m[INFO] [1754652961.260400593] [map.map_container]: Load Library: /autoware/install/map_loader/lib/liblanelet2_map_visualization_node.so[0m
[component_container-11] [0m[INFO] [1754652961.262377003] [map.map_container]: Found class: rclcpp_components::NodeFactoryTemplate<Lanelet2MapVisualizationNode>[0m
[component_container-11] [0m[INFO] [1754652961.262424712] [map.map_container]: Instantiate class: rclcpp_components::NodeFactoryTemplate<Lanelet2MapVisualizationNode>[0m
[INFO] [launch_ros.actions.load_composable_nodes]: Loaded node '/map/lanelet2_map_visualization' in container '/map/map_container'
[component_container-11] [0m[INFO] [1754652961.275475073] [map.lanelet2_map_visualization]: Map is loaded
[component_container-11] [0m
[component_container-11] [0m[INFO] [1754652961.279005384] [map.map_container]: Load Library: /autoware/install/map_tf_generator/lib/libvector_map_tf_generator_node.so[0m
[component_container-11] [0m[INFO] [1754652961.284059228] [map.map_container]: Found class: rclcpp_components::NodeFactoryTemplate<VectorMapTFGeneratorNode>[0m
[component_container-11] [0m[INFO] [1754652961.284113828] [map.map_container]: Instantiate class: rclcpp_components::NodeFactoryTemplate<VectorMapTFGeneratorNode>[0m
[INFO] [launch_ros.actions.load_composable_nodes]: Loaded node '/map/vector_map_tf_generator' in container '/map/map_container'
[component_container-11] [0m[INFO] [1754652961.297105079] [map.vector_map_tf_generator]: broadcast static tf. map_frame:map, viewer_frame:viewer, x:89648.2, y:43157.2, z:6.5[0m
[component_container_mt-19] [0m[INFO] [1754652961.303207375] [system.system_monitor.system_monitor.system_monitor_container]: Load Library: /autoware/install/system_monitor/lib/libcpu_monitor_lib.so[0m
[component_container_mt-19] [0m[INFO] [1754652961.307008637] [system.system_monitor.system_monitor.system_monitor_container]: Found class: rclcpp_components::NodeFactoryTemplate<CPUMonitor>[0m
[component_container_mt-19] [0m[INFO] [1754652961.307061210] [system.system_monitor.system_monitor.system_monitor_container]: Instantiate class: rclcpp_components::NodeFactoryTemplate<CPUMonitor>[0m
[rviz2-14] QPainter::begin: Paint device returned engine == 0, type: 2
[rviz2-14] QPainter::setPen: Painter not active
[INFO] [launch_ros.actions.load_composable_nodes]: Loaded node '/system/system_monitor/cpu_monitor' in container '/system/system_monitor/system_monitor/system_monitor_container'
[component_container_mt-19] [0m[INFO] [1754652961.324717790] [system.system_monitor.system_monitor.system_monitor_container]: Load Library: /autoware/install/system_monitor/lib/libmem_monitor_lib.so[0m
[component_container_mt-19] [0m[INFO] [1754652961.325196159] [system.system_monitor.system_monitor.system_monitor_container]: Found class: rclcpp_components::NodeFactoryTemplate<MemMonitor>[0m
[component_container_mt-19] [0m[INFO] [1754652961.325214178] [system.system_monitor.system_monitor.system_monitor_container]: Instantiate class: rclcpp_components::NodeFactoryTemplate<MemMonitor>[0m
[INFO] [launch_ros.actions.load_composable_nodes]: Loaded node '/system/system_monitor/mem_monitor' in container '/system/system_monitor/system_monitor/system_monitor_container'
[component_container_mt-19] [0m[INFO] [1754652961.335094948] [system.system_monitor.system_monitor.system_monitor_container]: Load Library: /autoware/install/system_monitor/lib/libprocess_monitor_lib.so[0m
[component_container_mt-19] [0m[INFO] [1754652961.335964939] [system.system_monitor.system_monitor.system_monitor_container]: Found class: rclcpp_components::NodeFactoryTemplate<ProcessMonitor>[0m
[component_container_mt-19] [0m[INFO] [1754652961.336005790] [system.system_monitor.system_monitor.system_monitor_container]: Instantiate class: rclcpp_components::NodeFactoryTemplate<ProcessMonitor>[0m
[INFO] [launch_ros.actions.load_composable_nodes]: Loaded node '/system/system_monitor/process_monitor' in container '/system/system_monitor/system_monitor/system_monitor_container'
[component_container_mt-19] [0m[INFO] [1754652961.347436959] [system.system_monitor.system_monitor.system_monitor_container]: Load Library: /autoware/install/system_monitor/lib/libvoltage_monitor_lib.so[0m
[component_container_mt-19] [0m[INFO] [1754652961.347932230] [system.system_monitor.system_monitor.system_monitor_container]: Found class: rclcpp_components::NodeFactoryTemplate<VoltageMonitor>[0m
[component_container_mt-19] [0m[INFO] [1754652961.347947884] [system.system_monitor.system_monitor.system_monitor_container]: Instantiate class: rclcpp_components::NodeFactoryTemplate<VoltageMonitor>[0m
[INFO] [launch_ros.actions.load_composable_nodes]: Loaded node '/system/system_monitor/voltage_monitor' in container '/system/system_monitor/system_monitor/system_monitor_container'
[rviz2-14] [0m[INFO] [1754652961.572210333] [rviz2]: Stereo is NOT SUPPORTED[0m
[rviz2-14] [0m[INFO] [1754652961.572534084] [rviz2]: OpenGl version: 4.6 (GLSL 4.6)[0m
[rviz2-14] [0m[INFO] [1754652961.626284956] [rviz2]: Stereo is NOT SUPPORTED[0m
[simple_trajectory_generator_node-9] [33m[WARN] [1754652962.028166352] [planning.scenario_planning.simple_trajectory_generator]: New subscription discovered on topic '/planning/scenario_planning/trajectory', requesting incompatible QoS. No messages will be sent to it. Last incompatible policy: RELIABILITY_QOS_POLICY[0m
[simple_trajectory_generator_node-9] [33m[WARN] [1754652962.029231200] [planning.scenario_planning.simple_trajectory_generator]: New subscription discovered on topic '/planning/scenario_planning/trajectory', requesting incompatible QoS. No messages will be sent to it. Last incompatible policy: RELIABILITY_QOS_POLICY[0m
[simple_pure_pursuit-10] [0m[INFO] [1754652962.121632954] [simple_pure_pursuit_node]: odometry is not available[0m
[rviz2-14] QObject::connect: No such signal QLineEdit::valueChanged(std::string)
[simple_pure_pursuit-10] [0m[INFO] [1754652963.131670885] [simple_pure_pursuit_node]: odometry is not available[0m
[ekf_localizer-7] [33m[WARN] [1754652963.151934075] [localization.ekf_localizer]: The node is not activated. Provide initial pose to pose_initializer[0m
[simple_pure_pursuit-10] [0m[INFO] [1754652964.141740347] [simple_pure_pursuit_node]: odometry is not available[0m
[goal_pose_setter_node-13] [0m[INFO] [1754652964.454023932] [goal_pose_setter]: Call localization trigger[0m
[goal_pose_setter_node-13] [0m[INFO] [1754652964.454374501] [goal_pose_setter]: Complete localization trigger[0m
[relay-15] [33m[WARN] [1754652979.777502207] [initial_pose_relay]: Some, but not all, publishers on topic /initialpose offer 'transient local' durability. Falling back to 'volatile' durability in orderto connect to all publishers.[0m
[rviz2-14] [33m[WARN] [1754652979.843096875] [rviz2]: Negative eigenvalue found for position. Is the covariance matrix correct (positive semidefinite)?[0m
[rviz2-14] [33m[WARN] [1754652979.876261690] [rviz2]: Negative eigenvalue found for position. Is the covariance matrix correct (positive semidefinite)?[0m
[ekf_localizer-7] [33m[WARN] [1754652980.014933792] [localization.ekf_localizer]: The Mahalanobis distance 5187218214.0453 is over the limit 10000.0000.[0m
[rviz2-14] OpenCV: FFMPEG: tag 0x34363268/'h264' is not supported with codec id 27 and format 'mp4 / MP4 (MPEG-4 Part 14)'
[rviz2-14] OpenCV: FFMPEG: fallback to use tag 0x31637661/'avc1'
[simple_trajectory_generator_node-9] [0m[INFO] [1754653018.192472761] [planning.scenario_planning.simple_trajectory_generator]: Published trajectory with 121 points[0m
[simple_trajectory_generator_node-9] [0m[INFO] [1754653079.197104953] [planning.scenario_planning.simple_trajectory_generator]: Published trajectory with 121 points[0m
[INFO] [rviz2-14]: process has finished cleanly [pid 1069]
[simple_trajectory_generator_node-9] [0m[INFO] [1754653140.200848096] [planning.scenario_planning.simple_trajectory_generator]: Published trajectory with 121 points[0m
[simple_trajectory_generator_node-9] [0m[INFO] [1754653201.204135006] [planning.scenario_planning.simple_trajectory_generator]: Published trajectory with 121 points[0m
[simple_trajectory_generator_node-9] [0m[INFO] [1754653262.207054322] [planning.scenario_planning.simple_trajectory_generator]: Published trajectory with 121 points[0m
[simple_trajectory_generator_node-9] [0m[INFO] [1754653323.209841936] [planning.scenario_planning.simple_trajectory_generator]: Published trajectory with 121 points[0m
[component_container_mt-19] [0m[INFO] [1754653384.554952717] [rclcpp]: signal_handler(signum=2)[0m
[relay-15] [0m[INFO] [1754653384.554959278] [rclcpp]: signal_handler(signum=2)[0m
[actuation_cmd_converter-17] [0m[INFO] [1754653384.554948690] [rclcpp]: signal_handler(signum=2)[0m
[relay-18] [0m[INFO] [1754653384.554949174] [rclcpp]: signal_handler(signum=2)[0m
[imu_corrector-3] [0m[INFO] [1754653384.555028625] [rclcpp]: signal_handler(signum=2)[0m
[simple_pure_pursuit-10] [0m[INFO] [1754653384.555051622] [rclcpp]: signal_handler(signum=2)[0m
[goal_pose_setter_node-13] [0m[INFO] [1754653384.555044661] [rclcpp]: signal_handler(signum=2)[0m
[imu_gnss_poser_node-6] [0m[INFO] [1754653384.555026452] [rclcpp]: signal_handler(signum=2)[0m
[raw_vehicle_cmd_converter_node-12] [0m[INFO] [1754653384.555018776] [rclcpp]: signal_handler(signum=2)[0m
[twist2accel-8] [0m[INFO] [1754653384.555050160] [rclcpp]: signal_handler(signum=2)[0m
[gnss_poser-4] [0m[INFO] [1754653384.555171707] [rclcpp]: signal_handler(signum=2)[0m
[simple_trajectory_generator_node-9] [0m[INFO] [1754653384.555296700] [rclcpp]: signal_handler(signum=2)[0m
[ekf_localizer-7] [0m[INFO] [1754653384.555309837] [rclcpp]: signal_handler(signum=2)[0m
[component_container-11] [0m[INFO] [1754653384.555345838] [rclcpp]: signal_handler(signum=2)[0m
[robot_state_publisher-1] [0m[INFO] [1754653384.555448468] [rclcpp]: signal_handler(signum=2)[0m
[control_mode_adapter.py-16] Traceback (most recent call last):
[control_mode_adapter.py-16]   File "/aichallenge/workspace/install/aichallenge_system_launch/lib/aichallenge_system_launch/control_mode_adapter.py", line 41, in <module>
[control_mode_adapter.py-16]     main()
[control_mode_adapter.py-16]   File "/aichallenge/workspace/install/aichallenge_system_launch/lib/aichallenge_system_launch/control_mode_adapter.py", line 35, in main
[control_mode_adapter.py-16]     rclpy.spin(ControlModeAdapterNode())
[control_mode_adapter.py-16]   File "/opt/ros/humble/local/lib/python3.10/dist-packages/rclpy/__init__.py", line 226, in spin
[control_mode_adapter.py-16]     executor.spin_once()
[control_mode_adapter.py-16]   File "/opt/ros/humble/local/lib/python3.10/dist-packages/rclpy/executors.py", line 751, in spin_once
[control_mode_adapter.py-16]     self._spin_once_impl(timeout_sec)
[control_mode_adapter.py-16]   File "/opt/ros/humble/local/lib/python3.10/dist-packages/rclpy/executors.py", line 740, in _spin_once_impl
[control_mode_adapter.py-16]     handler, entity, node = self.wait_for_ready_callbacks(timeout_sec=timeout_sec)
[control_mode_adapter.py-16]   File "/opt/ros/humble/local/lib/python3.10/dist-packages/rclpy/executors.py", line 723, in wait_for_ready_callbacks
[control_mode_adapter.py-16]     return next(self._cb_iter)
[control_mode_adapter.py-16]   File "/opt/ros/humble/local/lib/python3.10/dist-packages/rclpy/executors.py", line 624, in _wait_for_ready_callbacks
[control_mode_adapter.py-16]     raise ExternalShutdownException()
[control_mode_adapter.py-16] rclpy.executors.ExternalShutdownException
[gyro_odometer-5] [0m[INFO] [1754653384.555604877] [rclcpp]: signal_handler(signum=2)[0m
[vehicle_velocity_converter-2] [0m[INFO] [1754653384.557986424] [rclcpp]: signal_handler(signum=2)[0m
[INFO] [relay-15]: process has finished cleanly [pid 1071]
[INFO] [robot_state_publisher-1]: process has finished cleanly [pid 1043]
[INFO] [component_container-11]: process has finished cleanly [pid 1063]
[INFO] [ekf_localizer-7]: process has finished cleanly [pid 1055]
[INFO] [imu_corrector-3]: process has finished cleanly [pid 1047]
[INFO] [simple_trajectory_generator_node-9]: process has finished cleanly [pid 1059]
[INFO] [raw_vehicle_cmd_converter_node-12]: process has finished cleanly [pid 1065]
[INFO] [relay-18]: process has finished cleanly [pid 1095]
[INFO] [goal_pose_setter_node-13]: process has finished cleanly [pid 1067]
[INFO] [simple_pure_pursuit-10]: process has finished cleanly [pid 1061]
[INFO] [gnss_poser-4]: process has finished cleanly [pid 1049]
[INFO] [component_container_mt-19]: process has finished cleanly [pid 1099]
[INFO] [twist2accel-8]: process has finished cleanly [pid 1057]
[INFO] [imu_gnss_poser_node-6]: process has finished cleanly [pid 1053]
[INFO] [actuation_cmd_converter-17]: process has finished cleanly [pid 1093]
[INFO] [gyro_odometer-5]: process has finished cleanly [pid 1051]
[INFO] [vehicle_velocity_converter-2]: process has finished cleanly [pid 1045]
[ERROR] [control_mode_adapter.py-16]: process has died [pid 1074, exit code 1, cmd '/aichallenge/workspace/install/aichallenge_system_launch/lib/aichallenge_system_launch/control_mode_adapter.py --ros-args -p use_sim_time:=True -p wheel_radius:=0.24 -p wheel_width:=0.18 -p wheel_base:=1.087 -p wheel_tread:=1.12 -p front_overhang:=0.467 -p rear_overhang:=0.51 -p left_overhang:=0.09 -p right_overhang:=0.09 -p vehicle_height:=2.2 -p max_steer_angle:=0.64'].
