[INFO] [launch]: All log files can be found below /home/ubuntu/.ros/log/2025-08-10-10-54-22-554795-ubuntu-HP-Laptop-14s-dq5xxx-175
[INFO] [launch]: Default logging verbosity is set to INFO
[INFO] [launch.user]: The arguments for aichallenge_system_launch.
[INFO] [launch.user]:  - simulation: true
[INFO] [launch.user]:  - use_sim_time: true
[INFO] [launch.user]:  - sensor_model: racing_kart_sensor_kit
[INFO] [launch.user]:  - launch_vehicle_interface: true
[INFO] [launch.user]:  - rviz config: /aichallenge/workspace/install/aichallenge_system_launch/share/aichallenge_system_launch/config/autoware.rviz
[INFO] [launch.user]: The arguments for aichallenge_submit_launch.
[INFO] [launch.user]:  - simulation: true
[INFO] [launch.user]:  - use_sim_time: true
[INFO] [launch.user]:  - sensor_model: racing_kart_sensor_kit
[INFO] [launch.user]:  - launch_vehicle_interface: true
[INFO] [launch.user]: echo launch param use_sim_time: true launch_vehicle_interface: true sensor_model: racing_kart_sensor_kit
[INFO] [robot_state_publisher-1]: process started with pid [189]
[INFO] [vehicle_velocity_converter-2]: process started with pid [191]
[INFO] [imu_corrector-3]: process started with pid [193]
[INFO] [gnss_poser-4]: process started with pid [195]
[INFO] [gyro_odometer-5]: process started with pid [197]
[INFO] [imu_gnss_poser_node-6]: process started with pid [199]
[INFO] [ekf_localizer-7]: process started with pid [201]
[INFO] [twist2accel-8]: process started with pid [203]
[INFO] [simple_trajectory_generator_node-9]: process started with pid [205]
[INFO] [interactive_server-10]: process started with pid [207]
[INFO] [simple_pure_pursuit-11]: process started with pid [209]
[INFO] [component_container-12]: process started with pid [211]
[INFO] [raw_vehicle_cmd_converter_node-13]: process started with pid [213]
[INFO] [goal_pose_setter_node-14]: process started with pid [215]
[INFO] [rviz2-15]: process started with pid [217]
[INFO] [relay-16]: process started with pid [219]
[INFO] [control_mode_adapter.py-17]: process started with pid [221]
[INFO] [actuation_cmd_converter-18]: process started with pid [223]
[INFO] [relay-19]: process started with pid [232]
[INFO] [component_container_mt-20]: process started with pid [246]
[simple_trajectory_generator_node-9] [INFO] [1754790863.861935524] [planning.scenario_planning.simple_trajectory_generator]: csv_path parameter changed from '' to '/aichallenge/workspace/install/simple_trajectory_generator/share/simple_trajectory_generator/data/raceline_awsim_15km.csv'
[simple_trajectory_generator_node-9] [INFO] [1754790863.862409922] [planning.scenario_planning.simple_trajectory_generator]: Successfully loaded new trajectory from CSV: /aichallenge/workspace/install/simple_trajectory_generator/share/simple_trajectory_generator/data/raceline_awsim_15km.csv with 121 points
[simple_trajectory_generator_node-9] [INFO] [1754790863.862517029] [planning.scenario_planning.simple_trajectory_generator]: z parameter changed to 6.500000
[simple_trajectory_generator_node-9] [INFO] [1754790863.870843778] [planning.scenario_planning.simple_trajectory_generator]: Loaded trajectory from CSV with 121 points
[interactive_server-10] [INFO] [1754790863.893103207] [editor_tool_server]: Waiting for 5.000000 seconds before loading CSV and publishing markers.
[simple_pure_pursuit-11] [INFO] [1754790863.908396175] [simple_pure_pursuit_node]: odometry is not available
[gnss_poser-4] [WARN] [1754790863.926047685] [sensing.gnss.racing_kart_gnss_poser]: "gnss_link" passed to lookupTransform argument target_frame does not exist. 
[gnss_poser-4] [WARN] [1754790863.926191779] [sensing.gnss.racing_kart_gnss_poser]: Please publish TF gnss_link to base_link
[gyro_odometer-5] [WARN] [1754790863.942300442] [localization.gyro_odometer]: Imu msg is not subscribed
[ekf_localizer-7] [WARN] [1754790863.942428224] [localization.ekf_localizer]: The node is not activated. Provide initial pose to pose_initializer
[robot_state_publisher-1] [INFO] [1754790863.943382105] [robot_state_publisher]: got segment base_link
[robot_state_publisher-1] [INFO] [1754790863.943511192] [robot_state_publisher]: got segment gnss_link
[robot_state_publisher-1] [INFO] [1754790863.943532911] [robot_state_publisher]: got segment imu_link
[robot_state_publisher-1] [INFO] [1754790863.943546101] [robot_state_publisher]: got segment sensor_kit_base_link
[imu_corrector-3] [WARN] [1754790863.944297230] [sensing.imu.imu_corrector]: failed to get transform from imu_link to base_link: "imu_link" passed to lookupTransform argument target_frame does not exist. 
[imu_corrector-3] [ERROR] [1754790863.944672367] [sensing.imu.imu_corrector]: Please publish TF base_link to imu_link
[component_container-12] [INFO] [1754790863.950062608] [map.map_container]: Load Library: /autoware/install/map_loader/lib/liblanelet2_map_loader_node.so
[component_container-12] [INFO] [1754790863.976929823] [map.map_container]: Found class: rclcpp_components::NodeFactoryTemplate<Lanelet2MapLoaderNode>
[component_container-12] [INFO] [1754790863.976985667] [map.map_container]: Instantiate class: rclcpp_components::NodeFactoryTemplate<Lanelet2MapLoaderNode>
[INFO] [launch_ros.actions.load_composable_nodes]: Loaded node '/map/lanelet2_map_loader' in container '/map/map_container'
[component_container-12] [INFO] [1754790863.999740173] [map.map_container]: Load Library: /autoware/install/map_loader/lib/liblanelet2_map_visualization_node.so
[component_container-12] [INFO] [1754790864.003461220] [map.map_container]: Found class: rclcpp_components::NodeFactoryTemplate<Lanelet2MapVisualizationNode>
[component_container-12] [INFO] [1754790864.003520542] [map.map_container]: Instantiate class: rclcpp_components::NodeFactoryTemplate<Lanelet2MapVisualizationNode>
[INFO] [launch_ros.actions.load_composable_nodes]: Loaded node '/map/lanelet2_map_visualization' in container '/map/map_container'
[component_container-12] [INFO] [1754790864.015153253] [map.lanelet2_map_visualization]: Map is loaded
[component_container-12] 
[component_container-12] [INFO] [1754790864.020233923] [map.map_container]: Load Library: /autoware/install/map_tf_generator/lib/libvector_map_tf_generator_node.so
[component_container-12] [INFO] [1754790864.024360912] [map.map_container]: Found class: rclcpp_components::NodeFactoryTemplate<VectorMapTFGeneratorNode>
[component_container-12] [INFO] [1754790864.024405372] [map.map_container]: Instantiate class: rclcpp_components::NodeFactoryTemplate<VectorMapTFGeneratorNode>
[INFO] [launch_ros.actions.load_composable_nodes]: Loaded node '/map/vector_map_tf_generator' in container '/map/map_container'
[component_container-12] [INFO] [1754790864.036776625] [map.vector_map_tf_generator]: broadcast static tf. map_frame:map, viewer_frame:viewer, x:89648.2, y:43157.2, z:6.5
[component_container_mt-20] [INFO] [1754790864.040179984] [system.system_monitor.system_monitor.system_monitor_container]: Load Library: /autoware/install/system_monitor/lib/libcpu_monitor_lib.so
[component_container_mt-20] [INFO] [1754790864.045183508] [system.system_monitor.system_monitor.system_monitor_container]: Found class: rclcpp_components::NodeFactoryTemplate<CPUMonitor>
[component_container_mt-20] [INFO] [1754790864.045231476] [system.system_monitor.system_monitor.system_monitor_container]: Instantiate class: rclcpp_components::NodeFactoryTemplate<CPUMonitor>
[INFO] [launch_ros.actions.load_composable_nodes]: Loaded node '/system/system_monitor/cpu_monitor' in container '/system/system_monitor/system_monitor/system_monitor_container'
[component_container_mt-20] [INFO] [1754790864.071252456] [system.system_monitor.system_monitor.system_monitor_container]: Load Library: /autoware/install/system_monitor/lib/libmem_monitor_lib.so
[component_container_mt-20] [INFO] [1754790864.072609764] [system.system_monitor.system_monitor.system_monitor_container]: Found class: rclcpp_components::NodeFactoryTemplate<MemMonitor>
[component_container_mt-20] [INFO] [1754790864.072652814] [system.system_monitor.system_monitor.system_monitor_container]: Instantiate class: rclcpp_components::NodeFactoryTemplate<MemMonitor>
[INFO] [launch_ros.actions.load_composable_nodes]: Loaded node '/system/system_monitor/mem_monitor' in container '/system/system_monitor/system_monitor/system_monitor_container'
[component_container_mt-20] [INFO] [1754790864.085396121] [system.system_monitor.system_monitor.system_monitor_container]: Load Library: /autoware/install/system_monitor/lib/libprocess_monitor_lib.so
[component_container_mt-20] [INFO] [1754790864.088035926] [system.system_monitor.system_monitor.system_monitor_container]: Found class: rclcpp_components::NodeFactoryTemplate<ProcessMonitor>
[component_container_mt-20] [INFO] [1754790864.088099659] [system.system_monitor.system_monitor.system_monitor_container]: Instantiate class: rclcpp_components::NodeFactoryTemplate<ProcessMonitor>
[INFO] [launch_ros.actions.load_composable_nodes]: Loaded node '/system/system_monitor/process_monitor' in container '/system/system_monitor/system_monitor/system_monitor_container'
[component_container_mt-20] [INFO] [1754790864.107366879] [system.system_monitor.system_monitor.system_monitor_container]: Load Library: /autoware/install/system_monitor/lib/libvoltage_monitor_lib.so
[component_container_mt-20] [INFO] [1754790864.108993953] [system.system_monitor.system_monitor.system_monitor_container]: Found class: rclcpp_components::NodeFactoryTemplate<VoltageMonitor>
[component_container_mt-20] [INFO] [1754790864.109041171] [system.system_monitor.system_monitor.system_monitor_container]: Instantiate class: rclcpp_components::NodeFactoryTemplate<VoltageMonitor>
[INFO] [launch_ros.actions.load_composable_nodes]: Loaded node '/system/system_monitor/voltage_monitor' in container '/system/system_monitor/system_monitor/system_monitor_container'
[rviz2-15] QPainter::begin: Paint device returned engine == 0, type: 2
[rviz2-15] QPainter::setPen: Painter not active
[rviz2-15] [INFO] [1754790864.394753933] [rviz2]: Stereo is NOT SUPPORTED
[rviz2-15] [INFO] [1754790864.394985468] [rviz2]: OpenGl version: 4.6 (GLSL 4.6)
[rviz2-15] [INFO] [1754790864.437626179] [rviz2]: Stereo is NOT SUPPORTED
[simple_trajectory_generator_node-9] [WARN] [1754790864.847875229] [planning.scenario_planning.simple_trajectory_generator]: New subscription discovered on topic '/planning/scenario_planning/trajectory', requesting incompatible QoS. No messages will be sent to it. Last incompatible policy: RELIABILITY_QOS_POLICY
[simple_trajectory_generator_node-9] [WARN] [1754790864.848640749] [planning.scenario_planning.simple_trajectory_generator]: New subscription discovered on topic '/planning/scenario_planning/trajectory', requesting incompatible QoS. No messages will be sent to it. Last incompatible policy: RELIABILITY_QOS_POLICY
[simple_pure_pursuit-11] [INFO] [1754790864.891687515] [simple_pure_pursuit_node]: odometry is not available
[rviz2-15] QObject::connect: No such signal QLineEdit::valueChanged(std::string)
[simple_pure_pursuit-11] [INFO] [1754790865.902213453] [simple_pure_pursuit_node]: odometry is not available
[ekf_localizer-7] [WARN] [1754790866.009356417] [localization.ekf_localizer]: The node is not activated. Provide initial pose to pose_initializer
[simple_pure_pursuit-11] [INFO] [1754790866.911792191] [simple_pure_pursuit_node]: odometry is not available
[goal_pose_setter_node-14] [INFO] [1754790867.229777666] [goal_pose_setter]: Call localization trigger
[goal_pose_setter_node-14] [INFO] [1754790867.366941150] [goal_pose_setter]: Complete localization trigger
[interactive_server-10] [INFO] [1754790868.893767560] [editor_tool_server]: Loading CSV file: /aichallenge/workspace/src/aichallenge-trajectory-editor/csv/centerline_15km.csv
[interactive_server-10] [ERROR] [1754790868.893963489] [editor_tool_server]: Failed to open file: /aichallenge/workspace/src/aichallenge-trajectory-editor/csv/centerline_15km.csv
[simple_pure_pursuit-11] [INFO] [1754790868.902050955] [simple_pure_pursuit_node]: trajectory points is empty
[relay-16] [WARN] [1754790882.735975177] [initial_pose_relay]: Some, but not all, publishers on topic /initialpose offer 'transient local' durability. Falling back to 'volatile' durability in orderto connect to all publishers.
[ekf_localizer-7] [WARN] [1754790882.926185038] [localization.ekf_localizer]: The Mahalanobis distance 2364759604.4184 is over the limit 10000.0000.
[rviz2-15] [WARN] [1754790882.939009865] [rviz2]: Negative eigenvalue found for position. Is the covariance matrix correct (positive semidefinite)?
[rviz2-15] OpenCV: FFMPEG: tag 0x34363268/'h264' is not supported with codec id 27 and format 'mp4 / MP4 (MPEG-4 Part 14)'
[rviz2-15] OpenCV: FFMPEG: fallback to use tag 0x31637661/'avc1'
[simple_trajectory_generator_node-9] [INFO] [1754790920.872885422] [planning.scenario_planning.simple_trajectory_generator]: Published trajectory with 121 points
[simple_trajectory_generator_node-9] [INFO] [1754790981.875002428] [planning.scenario_planning.simple_trajectory_generator]: Published trajectory with 121 points
[simple_trajectory_generator_node-9] [INFO] [1754791042.876178603] [planning.scenario_planning.simple_trajectory_generator]: Published trajectory with 121 points
[simple_trajectory_generator_node-9] [INFO] [1754791103.877592400] [planning.scenario_planning.simple_trajectory_generator]: Published trajectory with 121 points
[simple_trajectory_generator_node-9] [INFO] [1754791164.878894653] [planning.scenario_planning.simple_trajectory_generator]: Published trajectory with 121 points
[simple_trajectory_generator_node-9] [INFO] [1754791225.880170500] [planning.scenario_planning.simple_trajectory_generator]: Published trajectory with 121 points
