[INFO] [launch]: All log files can be found below /root/.ros/log/2025-08-10-19-02-11-182242-ubuntu-HP-Laptop-14s-dq5xxx-175
[INFO] [launch]: Default logging verbosity is set to INFO
[INFO] [launch.user]: The arguments for aichallenge_system_launch.
[INFO] [launch.user]:  - simulation: true
[INFO] [launch.user]:  - use_sim_time: true
[INFO] [launch.user]:  - sensor_model: racing_kart_sensor_kit
[INFO] [launch.user]:  - launch_vehicle_interface: true
[INFO] [launch.user]:  - rviz config: /aichallenge/workspace/install/aichallenge_system_launch/share/aichallenge_system_launch/config/autoware.rviz
[INFO] [launch.user]: The arguments for aichallenge_submit_launch.
[INFO] [launch.user]:  - simulation: true
[INFO] [launch.user]:  - use_sim_time: true
[INFO] [launch.user]:  - sensor_model: racing_kart_sensor_kit
[INFO] [launch.user]:  - launch_vehicle_interface: true
[INFO] [launch.user]: echo launch param use_sim_time: true launch_vehicle_interface: true sensor_model: racing_kart_sensor_kit
[INFO] [robot_state_publisher-1]: process started with pid [199]
[INFO] [vehicle_velocity_converter-2]: process started with pid [201]
[INFO] [imu_corrector-3]: process started with pid [203]
[INFO] [gnss_poser-4]: process started with pid [205]
[INFO] [gyro_odometer-5]: process started with pid [207]
[INFO] [imu_gnss_poser_node-6]: process started with pid [209]
[INFO] [ekf_localizer-7]: process started with pid [211]
[INFO] [twist2accel-8]: process started with pid [213]
[INFO] [simple_trajectory_generator_node-9]: process started with pid [215]
[INFO] [interactive_server-10]: process started with pid [217]
[INFO] [simple_pure_pursuit-11]: process started with pid [219]
[INFO] [component_container-12]: process started with pid [221]
[INFO] [raw_vehicle_cmd_converter_node-13]: process started with pid [223]
[INFO] [goal_pose_setter_node-14]: process started with pid [225]
[INFO] [rviz2-15]: process started with pid [227]
[INFO] [relay-16]: process started with pid [229]
[INFO] [control_mode_adapter.py-17]: process started with pid [235]
[INFO] [actuation_cmd_converter-18]: process started with pid [258]
[INFO] [relay-19]: process started with pid [277]
[INFO] [component_container_mt-20]: process started with pid [286]
[simple_trajectory_generator_node-9] [INFO] [1754820133.344045245] [planning.scenario_planning.simple_trajectory_generator]: csv_path parameter changed from '' to '/aichallenge/workspace/install/simple_trajectory_generator/share/simple_trajectory_generator/data/raceline_awsim_15km.csv'
[simple_trajectory_generator_node-9] [INFO] [1754820133.346767446] [planning.scenario_planning.simple_trajectory_generator]: Successfully loaded new trajectory from CSV: /aichallenge/workspace/install/simple_trajectory_generator/share/simple_trajectory_generator/data/raceline_awsim_15km.csv with 121 points
[interactive_server-10] [INFO] [1754820133.347395732] [editor_tool_server]: Waiting for 5.000000 seconds before loading CSV and publishing markers.
[simple_trajectory_generator_node-9] [INFO] [1754820133.348468347] [planning.scenario_planning.simple_trajectory_generator]: z parameter changed to 6.500000
[simple_trajectory_generator_node-9] [INFO] [1754820133.351110413] [planning.scenario_planning.simple_trajectory_generator]: Loaded trajectory from CSV with 121 points
[simple_pure_pursuit-11] [INFO] [1754820133.363222682] [simple_pure_pursuit_node]: odometry is not available
[imu_corrector-3] [WARN] [1754820133.366447328] [sensing.imu.imu_corrector]: failed to get transform from imu_link to base_link: "imu_link" passed to lookupTransform argument target_frame does not exist. 
[imu_corrector-3] [ERROR] [1754820133.366613182] [sensing.imu.imu_corrector]: Please publish TF base_link to imu_link
[ekf_localizer-7] [WARN] [1754820133.382252920] [localization.ekf_localizer]: The node is not activated. Provide initial pose to pose_initializer
[component_container-12] [INFO] [1754820133.404280374] [map.map_container]: Load Library: /autoware/install/map_loader/lib/liblanelet2_map_loader_node.so
[imu_corrector-3] [WARN] [1754820133.406782417] [sensing.imu.imu_corrector]: failed to get transform from imu_link to base_link: "imu_link" passed to lookupTransform argument target_frame does not exist. 
[robot_state_publisher-1] [INFO] [1754820133.420518119] [robot_state_publisher]: got segment base_link
[robot_state_publisher-1] [INFO] [1754820133.420749503] [robot_state_publisher]: got segment gnss_link
[robot_state_publisher-1] [INFO] [1754820133.420762664] [robot_state_publisher]: got segment imu_link
[robot_state_publisher-1] [INFO] [1754820133.420771017] [robot_state_publisher]: got segment sensor_kit_base_link
[component_container-12] [INFO] [1754820133.445115212] [map.map_container]: Found class: rclcpp_components::NodeFactoryTemplate<Lanelet2MapLoaderNode>
[component_container-12] [INFO] [1754820133.445188912] [map.map_container]: Instantiate class: rclcpp_components::NodeFactoryTemplate<Lanelet2MapLoaderNode>
[gyro_odometer-5] [WARN] [1754820133.453985524] [localization.gyro_odometer]: Twist msg is not subscribed
[INFO] [launch_ros.actions.load_composable_nodes]: Loaded node '/map/lanelet2_map_loader' in container '/map/map_container'
[component_container-12] [INFO] [1754820133.470529507] [map.map_container]: Load Library: /autoware/install/map_loader/lib/liblanelet2_map_visualization_node.so
[component_container-12] [INFO] [1754820133.473316316] [map.map_container]: Found class: rclcpp_components::NodeFactoryTemplate<Lanelet2MapVisualizationNode>
[component_container-12] [INFO] [1754820133.473376470] [map.map_container]: Instantiate class: rclcpp_components::NodeFactoryTemplate<Lanelet2MapVisualizationNode>
[INFO] [launch_ros.actions.load_composable_nodes]: Loaded node '/map/lanelet2_map_visualization' in container '/map/map_container'
[component_container-12] [INFO] [1754820133.487708377] [map.lanelet2_map_visualization]: Map is loaded
[component_container-12] 
[component_container-12] [INFO] [1754820133.492155828] [map.map_container]: Load Library: /autoware/install/map_tf_generator/lib/libvector_map_tf_generator_node.so
[component_container-12] [INFO] [1754820133.498956211] [map.map_container]: Found class: rclcpp_components::NodeFactoryTemplate<VectorMapTFGeneratorNode>
[component_container-12] [INFO] [1754820133.499133161] [map.map_container]: Instantiate class: rclcpp_components::NodeFactoryTemplate<VectorMapTFGeneratorNode>
[component_container_mt-20] [INFO] [1754820133.506029656] [system.system_monitor.system_monitor.system_monitor_container]: Load Library: /autoware/install/system_monitor/lib/libcpu_monitor_lib.so
[INFO] [launch_ros.actions.load_composable_nodes]: Loaded node '/map/vector_map_tf_generator' in container '/map/map_container'
[component_container-12] [INFO] [1754820133.518478637] [map.vector_map_tf_generator]: broadcast static tf. map_frame:map, viewer_frame:viewer, x:89648.2, y:43157.2, z:6.5
[component_container_mt-20] [INFO] [1754820133.519841728] [system.system_monitor.system_monitor.system_monitor_container]: Found class: rclcpp_components::NodeFactoryTemplate<CPUMonitor>
[component_container_mt-20] [INFO] [1754820133.519897455] [system.system_monitor.system_monitor.system_monitor_container]: Instantiate class: rclcpp_components::NodeFactoryTemplate<CPUMonitor>
[INFO] [launch_ros.actions.load_composable_nodes]: Loaded node '/system/system_monitor/cpu_monitor' in container '/system/system_monitor/system_monitor/system_monitor_container'
[component_container_mt-20] [INFO] [1754820133.555299258] [system.system_monitor.system_monitor.system_monitor_container]: Load Library: /autoware/install/system_monitor/lib/libmem_monitor_lib.so
[component_container_mt-20] [INFO] [1754820133.559603805] [system.system_monitor.system_monitor.system_monitor_container]: Found class: rclcpp_components::NodeFactoryTemplate<MemMonitor>
[component_container_mt-20] [INFO] [1754820133.559666379] [system.system_monitor.system_monitor.system_monitor_container]: Instantiate class: rclcpp_components::NodeFactoryTemplate<MemMonitor>
[INFO] [launch_ros.actions.load_composable_nodes]: Loaded node '/system/system_monitor/mem_monitor' in container '/system/system_monitor/system_monitor/system_monitor_container'
[component_container_mt-20] [INFO] [1754820133.575959618] [system.system_monitor.system_monitor.system_monitor_container]: Load Library: /autoware/install/system_monitor/lib/libprocess_monitor_lib.so
[component_container_mt-20] [INFO] [1754820133.577910778] [system.system_monitor.system_monitor.system_monitor_container]: Found class: rclcpp_components::NodeFactoryTemplate<ProcessMonitor>
[component_container_mt-20] [INFO] [1754820133.577986570] [system.system_monitor.system_monitor.system_monitor_container]: Instantiate class: rclcpp_components::NodeFactoryTemplate<ProcessMonitor>
[INFO] [launch_ros.actions.load_composable_nodes]: Loaded node '/system/system_monitor/process_monitor' in container '/system/system_monitor/system_monitor/system_monitor_container'
[component_container_mt-20] [INFO] [1754820133.592292009] [system.system_monitor.system_monitor.system_monitor_container]: Load Library: /autoware/install/system_monitor/lib/libvoltage_monitor_lib.so
[component_container_mt-20] [INFO] [1754820133.594036764] [system.system_monitor.system_monitor.system_monitor_container]: Found class: rclcpp_components::NodeFactoryTemplate<VoltageMonitor>
[component_container_mt-20] [INFO] [1754820133.595151695] [system.system_monitor.system_monitor.system_monitor_container]: Instantiate class: rclcpp_components::NodeFactoryTemplate<VoltageMonitor>
[INFO] [launch_ros.actions.load_composable_nodes]: Loaded node '/system/system_monitor/voltage_monitor' in container '/system/system_monitor/system_monitor/system_monitor_container'
[rviz2-15] QPainter::begin: Paint device returned engine == 0, type: 2
[rviz2-15] QPainter::setPen: Painter not active
[rviz2-15] [INFO] [1754820134.039236879] [rviz2]: Stereo is NOT SUPPORTED
[rviz2-15] [INFO] [1754820134.039799278] [rviz2]: OpenGl version: 4.6 (GLSL 4.6)
[rviz2-15] [INFO] [1754820134.142230478] [rviz2]: Stereo is NOT SUPPORTED
[simple_pure_pursuit-11] [INFO] [1754820134.364515700] [simple_pure_pursuit_node]: odometry is not available
[simple_trajectory_generator_node-9] [WARN] [1754820135.215640668] [planning.scenario_planning.simple_trajectory_generator]: New subscription discovered on topic '/planning/scenario_planning/trajectory', requesting incompatible QoS. No messages will be sent to it. Last incompatible policy: RELIABILITY_QOS_POLICY
[simple_trajectory_generator_node-9] [WARN] [1754820135.217840933] [planning.scenario_planning.simple_trajectory_generator]: New subscription discovered on topic '/planning/scenario_planning/trajectory', requesting incompatible QoS. No messages will be sent to it. Last incompatible policy: RELIABILITY_QOS_POLICY
[simple_pure_pursuit-11] [INFO] [1754820135.374264221] [simple_pure_pursuit_node]: odometry is not available
[ekf_localizer-7] [WARN] [1754820135.467989211] [localization.ekf_localizer]: The node is not activated. Provide initial pose to pose_initializer
[simple_pure_pursuit-11] [INFO] [1754820136.384656077] [simple_pure_pursuit_node]: odometry is not available
[rviz2-15] QObject::connect: No such signal QLineEdit::valueChanged(std::string)
[goal_pose_setter_node-14] [INFO] [1754820136.696571421] [goal_pose_setter]: Call localization trigger
[goal_pose_setter_node-14] [INFO] [1754820136.749926692] [goal_pose_setter]: Complete localization trigger
[interactive_server-10] [INFO] [1754820138.347662118] [editor_tool_server]: Loading CSV file: /aichallenge/workspace/src/aichallenge-trajectory-editor/csv/centerline_15km.csv
[interactive_server-10] [ERROR] [1754820138.348002428] [editor_tool_server]: Failed to open file: /aichallenge/workspace/src/aichallenge-trajectory-editor/csv/centerline_15km.csv
[relay-16] [WARN] [1754820154.977082939] [initial_pose_relay]: Some, but not all, publishers on topic /initialpose offer 'transient local' durability. Falling back to 'volatile' durability in orderto connect to all publishers.
[rviz2-15] [WARN] [1754820155.111691698] [rviz2]: Negative eigenvalue found for position. Is the covariance matrix correct (positive semidefinite)?
[ekf_localizer-7] [WARN] [1754820155.125562426] [localization.ekf_localizer]: The Mahalanobis distance 11962652488.8070 is over the limit 10000.0000.
[rviz2-15] OpenCV: FFMPEG: tag 0x34363268/'h264' is not supported with codec id 27 and format 'mp4 / MP4 (MPEG-4 Part 14)'
[rviz2-15] OpenCV: FFMPEG: fallback to use tag 0x31637661/'avc1'
[simple_trajectory_generator_node-9] [INFO] [1754820189.351788871] [planning.scenario_planning.simple_trajectory_generator]: Published trajectory with 121 points
[simple_trajectory_generator_node-9] [INFO] [1754820250.351888699] [planning.scenario_planning.simple_trajectory_generator]: Published trajectory with 121 points
[simple_trajectory_generator_node-9] [INFO] [1754820311.351903135] [planning.scenario_planning.simple_trajectory_generator]: Published trajectory with 121 points
[simple_trajectory_generator_node-9] [INFO] [1754820372.351530967] [planning.scenario_planning.simple_trajectory_generator]: Published trajectory with 121 points
[simple_trajectory_generator_node-9] [INFO] [1754820433.351547600] [planning.scenario_planning.simple_trajectory_generator]: Published trajectory with 121 points
[simple_trajectory_generator_node-9] [INFO] [1754820494.351877020] [planning.scenario_planning.simple_trajectory_generator]: Published trajectory with 121 points
