[INFO] [launch]: All log files can be found below /home/ubuntu/.ros/log/2025-08-10-11-08-31-095716-ubuntu-HP-Laptop-14s-dq5xxx-174
[INFO] [launch]: Default logging verbosity is set to INFO
[INFO] [launch.user]: The arguments for aichallenge_system_launch.
[INFO] [launch.user]:  - simulation: true
[INFO] [launch.user]:  - use_sim_time: true
[INFO] [launch.user]:  - sensor_model: racing_kart_sensor_kit
[INFO] [launch.user]:  - launch_vehicle_interface: true
[INFO] [launch.user]:  - rviz config: /aichallenge/workspace/install/aichallenge_system_launch/share/aichallenge_system_launch/config/autoware.rviz
[INFO] [launch.user]: The arguments for aichallenge_submit_launch.
[INFO] [launch.user]:  - simulation: true
[INFO] [launch.user]:  - use_sim_time: true
[INFO] [launch.user]:  - sensor_model: racing_kart_sensor_kit
[INFO] [launch.user]:  - launch_vehicle_interface: true
[INFO] [launch.user]: echo launch param use_sim_time: true launch_vehicle_interface: true sensor_model: racing_kart_sensor_kit
[INFO] [robot_state_publisher-1]: process started with pid [188]
[INFO] [vehicle_velocity_converter-2]: process started with pid [190]
[INFO] [imu_corrector-3]: process started with pid [192]
[INFO] [gnss_poser-4]: process started with pid [194]
[INFO] [gyro_odometer-5]: process started with pid [196]
[INFO] [imu_gnss_poser_node-6]: process started with pid [198]
[INFO] [ekf_localizer-7]: process started with pid [200]
[INFO] [twist2accel-8]: process started with pid [202]
[INFO] [simple_trajectory_generator_node-9]: process started with pid [204]
[INFO] [interactive_server-10]: process started with pid [206]
[INFO] [simple_pure_pursuit-11]: process started with pid [208]
[INFO] [component_container-12]: process started with pid [210]
[INFO] [raw_vehicle_cmd_converter_node-13]: process started with pid [212]
[INFO] [goal_pose_setter_node-14]: process started with pid [214]
[INFO] [rviz2-15]: process started with pid [216]
[INFO] [relay-16]: process started with pid [218]
[INFO] [control_mode_adapter.py-17]: process started with pid [220]
[INFO] [actuation_cmd_converter-18]: process started with pid [222]
[INFO] [relay-19]: process started with pid [224]
[INFO] [component_container_mt-20]: process started with pid [226]
[simple_trajectory_generator_node-9] [INFO] [1754791712.648888223] [planning.scenario_planning.simple_trajectory_generator]: csv_path parameter changed from '' to '/aichallenge/workspace/install/simple_trajectory_generator/share/simple_trajectory_generator/data/raceline_awsim_15km.csv'
[simple_trajectory_generator_node-9] [INFO] [1754791712.651176915] [planning.scenario_planning.simple_trajectory_generator]: Successfully loaded new trajectory from CSV: /aichallenge/workspace/install/simple_trajectory_generator/share/simple_trajectory_generator/data/raceline_awsim_15km.csv with 121 points
[simple_trajectory_generator_node-9] [INFO] [1754791712.652616881] [planning.scenario_planning.simple_trajectory_generator]: z parameter changed to 6.500000
[simple_trajectory_generator_node-9] [INFO] [1754791712.654498898] [planning.scenario_planning.simple_trajectory_generator]: Loaded trajectory from CSV with 121 points
[simple_pure_pursuit-11] [INFO] [1754791712.661613327] [simple_pure_pursuit_node]: odometry is not available
[robot_state_publisher-1] [INFO] [1754791712.708893018] [robot_state_publisher]: got segment base_link
[robot_state_publisher-1] [INFO] [1754791712.709049113] [robot_state_publisher]: got segment gnss_link
[robot_state_publisher-1] [INFO] [1754791712.709070582] [robot_state_publisher]: got segment imu_link
[robot_state_publisher-1] [INFO] [1754791712.709084604] [robot_state_publisher]: got segment sensor_kit_base_link
[interactive_server-10] [INFO] [1754791712.713599289] [editor_tool_server]: Waiting for 5.000000 seconds before loading CSV and publishing markers.
[imu_corrector-3] [WARN] [1754791712.717096439] [sensing.imu.imu_corrector]: failed to get transform from imu_link to base_link: "imu_link" passed to lookupTransform argument target_frame does not exist. 
[imu_corrector-3] [ERROR] [1754791712.717240613] [sensing.imu.imu_corrector]: Please publish TF base_link to imu_link
[gnss_poser-4] [WARN] [1754791712.728324168] [sensing.gnss.racing_kart_gnss_poser]: "gnss_link" passed to lookupTransform argument target_frame does not exist. 
[gnss_poser-4] [WARN] [1754791712.728459867] [sensing.gnss.racing_kart_gnss_poser]: Please publish TF gnss_link to base_link
[component_container-12] [INFO] [1754791712.728787492] [map.map_container]: Load Library: /autoware/install/map_loader/lib/liblanelet2_map_loader_node.so
[gyro_odometer-5] [WARN] [1754791712.729147860] [localization.gyro_odometer]: Imu msg is not subscribed
[component_container-12] [INFO] [1754791712.742254557] [map.map_container]: Found class: rclcpp_components::NodeFactoryTemplate<Lanelet2MapLoaderNode>
[component_container-12] [INFO] [1754791712.742308548] [map.map_container]: Instantiate class: rclcpp_components::NodeFactoryTemplate<Lanelet2MapLoaderNode>
[ekf_localizer-7] [WARN] [1754791712.767111522] [localization.ekf_localizer]: The node is not activated. Provide initial pose to pose_initializer
[INFO] [launch_ros.actions.load_composable_nodes]: Loaded node '/map/lanelet2_map_loader' in container '/map/map_container'
[component_container-12] [INFO] [1754791712.773304299] [map.map_container]: Load Library: /autoware/install/map_loader/lib/liblanelet2_map_visualization_node.so
[component_container-12] [INFO] [1754791712.775259240] [map.map_container]: Found class: rclcpp_components::NodeFactoryTemplate<Lanelet2MapVisualizationNode>
[component_container-12] [INFO] [1754791712.775305073] [map.map_container]: Instantiate class: rclcpp_components::NodeFactoryTemplate<Lanelet2MapVisualizationNode>
[INFO] [launch_ros.actions.load_composable_nodes]: Loaded node '/map/lanelet2_map_visualization' in container '/map/map_container'
[component_container-12] [INFO] [1754791712.793052395] [map.lanelet2_map_visualization]: Map is loaded
[component_container-12] 
[component_container-12] [INFO] [1754791712.798144439] [map.map_container]: Load Library: /autoware/install/map_tf_generator/lib/libvector_map_tf_generator_node.so
[component_container-12] [INFO] [1754791712.805262124] [map.map_container]: Found class: rclcpp_components::NodeFactoryTemplate<VectorMapTFGeneratorNode>
[component_container-12] [INFO] [1754791712.805316581] [map.map_container]: Instantiate class: rclcpp_components::NodeFactoryTemplate<VectorMapTFGeneratorNode>
[INFO] [launch_ros.actions.load_composable_nodes]: Loaded node '/map/vector_map_tf_generator' in container '/map/map_container'
[component_container-12] [INFO] [1754791712.818936778] [map.vector_map_tf_generator]: broadcast static tf. map_frame:map, viewer_frame:viewer, x:89648.2, y:43157.2, z:6.5
[rviz2-15] QPainter::begin: Paint device returned engine == 0, type: 2
[component_container_mt-20] [INFO] [1754791712.824169244] [system.system_monitor.system_monitor.system_monitor_container]: Load Library: /autoware/install/system_monitor/lib/libcpu_monitor_lib.so
[rviz2-15] QPainter::setPen: Painter not active
[component_container_mt-20] [INFO] [1754791712.828644690] [system.system_monitor.system_monitor.system_monitor_container]: Found class: rclcpp_components::NodeFactoryTemplate<CPUMonitor>
[component_container_mt-20] [INFO] [1754791712.828706756] [system.system_monitor.system_monitor.system_monitor_container]: Instantiate class: rclcpp_components::NodeFactoryTemplate<CPUMonitor>
[INFO] [launch_ros.actions.load_composable_nodes]: Loaded node '/system/system_monitor/cpu_monitor' in container '/system/system_monitor/system_monitor/system_monitor_container'
[component_container_mt-20] [INFO] [1754791712.852243299] [system.system_monitor.system_monitor.system_monitor_container]: Load Library: /autoware/install/system_monitor/lib/libmem_monitor_lib.so
[component_container_mt-20] [INFO] [1754791712.853019152] [system.system_monitor.system_monitor.system_monitor_container]: Found class: rclcpp_components::NodeFactoryTemplate<MemMonitor>
[component_container_mt-20] [INFO] [1754791712.853054185] [system.system_monitor.system_monitor.system_monitor_container]: Instantiate class: rclcpp_components::NodeFactoryTemplate<MemMonitor>
[INFO] [launch_ros.actions.load_composable_nodes]: Loaded node '/system/system_monitor/mem_monitor' in container '/system/system_monitor/system_monitor/system_monitor_container'
[component_container_mt-20] [INFO] [1754791712.864507257] [system.system_monitor.system_monitor.system_monitor_container]: Load Library: /autoware/install/system_monitor/lib/libprocess_monitor_lib.so
[component_container_mt-20] [INFO] [1754791712.865868654] [system.system_monitor.system_monitor.system_monitor_container]: Found class: rclcpp_components::NodeFactoryTemplate<ProcessMonitor>
[component_container_mt-20] [INFO] [1754791712.865959780] [system.system_monitor.system_monitor.system_monitor_container]: Instantiate class: rclcpp_components::NodeFactoryTemplate<ProcessMonitor>
[INFO] [launch_ros.actions.load_composable_nodes]: Loaded node '/system/system_monitor/process_monitor' in container '/system/system_monitor/system_monitor/system_monitor_container'
[component_container_mt-20] [INFO] [1754791712.885124390] [system.system_monitor.system_monitor.system_monitor_container]: Load Library: /autoware/install/system_monitor/lib/libvoltage_monitor_lib.so
[component_container_mt-20] [INFO] [1754791712.885958947] [system.system_monitor.system_monitor.system_monitor_container]: Found class: rclcpp_components::NodeFactoryTemplate<VoltageMonitor>
[component_container_mt-20] [INFO] [1754791712.886004069] [system.system_monitor.system_monitor.system_monitor_container]: Instantiate class: rclcpp_components::NodeFactoryTemplate<VoltageMonitor>
[INFO] [launch_ros.actions.load_composable_nodes]: Loaded node '/system/system_monitor/voltage_monitor' in container '/system/system_monitor/system_monitor/system_monitor_container'
[rviz2-15] [INFO] [1754791713.031124555] [rviz2]: Stereo is NOT SUPPORTED
[rviz2-15] [INFO] [1754791713.031418141] [rviz2]: OpenGl version: 4.6 (GLSL 4.6)
[rviz2-15] [INFO] [1754791713.078348987] [rviz2]: Stereo is NOT SUPPORTED
[simple_trajectory_generator_node-9] [WARN] [1754791713.568926222] [planning.scenario_planning.simple_trajectory_generator]: New subscription discovered on topic '/planning/scenario_planning/trajectory', requesting incompatible QoS. No messages will be sent to it. Last incompatible policy: RELIABILITY_QOS_POLICY
[simple_trajectory_generator_node-9] [WARN] [1754791713.571182542] [planning.scenario_planning.simple_trajectory_generator]: New subscription discovered on topic '/planning/scenario_planning/trajectory', requesting incompatible QoS. No messages will be sent to it. Last incompatible policy: RELIABILITY_QOS_POLICY
[simple_pure_pursuit-11] [INFO] [1754791713.669848395] [simple_pure_pursuit_node]: odometry is not available
[rviz2-15] QObject::connect: No such signal QLineEdit::valueChanged(std::string)
[simple_pure_pursuit-11] [INFO] [1754791714.680105586] [simple_pure_pursuit_node]: odometry is not available
[ekf_localizer-7] [WARN] [1754791714.783931629] [localization.ekf_localizer]: The node is not activated. Provide initial pose to pose_initializer
[simple_pure_pursuit-11] [INFO] [1754791715.692318870] [simple_pure_pursuit_node]: odometry is not available
[goal_pose_setter_node-14] [INFO] [1754791715.977502583] [goal_pose_setter]: Call localization trigger
[goal_pose_setter_node-14] [INFO] [1754791716.034709610] [goal_pose_setter]: Complete localization trigger
[interactive_server-10] [INFO] [1754791717.713807531] [editor_tool_server]: Loading CSV file: /aichallenge/workspace/src/aichallenge-trajectory-editor/csv/centerline_15km.csv
[interactive_server-10] [ERROR] [1754791717.713981809] [editor_tool_server]: Failed to open file: /aichallenge/workspace/src/aichallenge-trajectory-editor/csv/centerline_15km.csv
[simple_pure_pursuit-11] [INFO] [1754791717.720391601] [simple_pure_pursuit_node]: trajectory points is empty
[relay-16] [WARN] [1754791731.481777170] [initial_pose_relay]: Some, but not all, publishers on topic /initialpose offer 'transient local' durability. Falling back to 'volatile' durability in orderto connect to all publishers.
[rviz2-15] [WARN] [1754791731.634683472] [rviz2]: Negative eigenvalue found for position. Is the covariance matrix correct (positive semidefinite)?
[ekf_localizer-7] [WARN] [1754791731.655768080] [localization.ekf_localizer]: The Mahalanobis distance 5885876002.0362 is over the limit 10000.0000.
[rviz2-15] OpenCV: FFMPEG: tag 0x34363268/'h264' is not supported with codec id 27 and format 'mp4 / MP4 (MPEG-4 Part 14)'
[rviz2-15] OpenCV: FFMPEG: fallback to use tag 0x31637661/'avc1'
[simple_trajectory_generator_node-9] [INFO] [1754791769.658147220] [planning.scenario_planning.simple_trajectory_generator]: Published trajectory with 121 points
[simple_trajectory_generator_node-9] [INFO] [1754791830.661123772] [planning.scenario_planning.simple_trajectory_generator]: Published trajectory with 121 points
[simple_trajectory_generator_node-9] [INFO] [1754791891.663629557] [planning.scenario_planning.simple_trajectory_generator]: Published trajectory with 121 points
[simple_trajectory_generator_node-9] [INFO] [1754791952.666286481] [planning.scenario_planning.simple_trajectory_generator]: Published trajectory with 121 points
[simple_trajectory_generator_node-9] [INFO] [1754792013.669175811] [planning.scenario_planning.simple_trajectory_generator]: Published trajectory with 121 points
[simple_trajectory_generator_node-9] [INFO] [1754792074.671712113] [planning.scenario_planning.simple_trajectory_generator]: Published trajectory with 121 points
[ekf_localizer-7] [INFO] [1754792114.974536847] [rclcpp]: signal_handler(signum=2)
[relay-19] [INFO] [1754792114.974525750] [rclcpp]: signal_handler(signum=2)
[gyro_odometer-5] [INFO] [1754792114.974572657] [rclcpp]: signal_handler(signum=2)
[actuation_cmd_converter-18] [INFO] [1754792114.974543678] [rclcpp]: signal_handler(signum=2)
[gnss_poser-4] [INFO] [1754792114.974581939] [rclcpp]: signal_handler(signum=2)
[interactive_server-10] [INFO] [1754792114.974640866] [rclcpp]: signal_handler(signum=2)
[vehicle_velocity_converter-2] [INFO] [1754792114.974697268] [rclcpp]: signal_handler(signum=2)
[simple_pure_pursuit-11] [INFO] [1754792114.974773171] [rclcpp]: signal_handler(signum=2)
[simple_trajectory_generator_node-9] [INFO] [1754792114.974927003] [rclcpp]: signal_handler(signum=2)
[imu_corrector-3] [INFO] [1754792114.974951339] [rclcpp]: signal_handler(signum=2)
[component_container_mt-20] [INFO] [1754792114.975306838] [rclcpp]: signal_handler(signum=2)
[rviz2-15] [INFO] [1754792114.975361429] [rclcpp]: signal_handler(signum=2)
[robot_state_publisher-1] [INFO] [1754792114.975434072] [rclcpp]: signal_handler(signum=2)
[goal_pose_setter_node-14] [INFO] [1754792114.975532119] [rclcpp]: signal_handler(signum=2)
[component_container-12] [INFO] [1754792114.975554568] [rclcpp]: signal_handler(signum=2)
[raw_vehicle_cmd_converter_node-13] [INFO] [1754792114.975587809] [rclcpp]: signal_handler(signum=2)
[twist2accel-8] [INFO] [1754792114.975672969] [rclcpp]: signal_handler(signum=2)
[control_mode_adapter.py-17] Traceback (most recent call last):
[control_mode_adapter.py-17]   File "/aichallenge/workspace/install/aichallenge_system_launch/lib/aichallenge_system_launch/control_mode_adapter.py", line 36, in <module>
[control_mode_adapter.py-17]     main()
[control_mode_adapter.py-17]   File "/aichallenge/workspace/install/aichallenge_system_launch/lib/aichallenge_system_launch/control_mode_adapter.py", line 31, in main
[control_mode_adapter.py-17]     rclpy.spin(ControlModeAdapterNode())
[control_mode_adapter.py-17]   File "/opt/ros/humble/local/lib/python3.10/dist-packages/rclpy/__init__.py", line 226, in spin
[control_mode_adapter.py-17]     executor.spin_once()
[control_mode_adapter.py-17]   File "/opt/ros/humble/local/lib/python3.10/dist-packages/rclpy/executors.py", line 751, in spin_once
[control_mode_adapter.py-17]     self._spin_once_impl(timeout_sec)
[control_mode_adapter.py-17]   File "/opt/ros/humble/local/lib/python3.10/dist-packages/rclpy/executors.py", line 740, in _spin_once_impl
[control_mode_adapter.py-17]     handler, entity, node = self.wait_for_ready_callbacks(timeout_sec=timeout_sec)
[control_mode_adapter.py-17]   File "/opt/ros/humble/local/lib/python3.10/dist-packages/rclpy/executors.py", line 723, in wait_for_ready_callbacks
[control_mode_adapter.py-17]     return next(self._cb_iter)
[control_mode_adapter.py-17]   File "/opt/ros/humble/local/lib/python3.10/dist-packages/rclpy/executors.py", line 624, in _wait_for_ready_callbacks
[control_mode_adapter.py-17]     raise ExternalShutdownException()
[control_mode_adapter.py-17] rclpy.executors.ExternalShutdownException
[relay-16] [INFO] [1754792114.974622531] [rclcpp]: signal_handler(signum=2)
[imu_gnss_poser_node-6] [INFO] [1754792114.985542069] [rclcpp]: signal_handler(signum=2)
[INFO] [goal_pose_setter_node-14]: process has finished cleanly [pid 214]
[INFO] [simple_trajectory_generator_node-9]: process has finished cleanly [pid 204]
[INFO] [ekf_localizer-7]: process has finished cleanly [pid 200]
[INFO] [relay-19]: process has finished cleanly [pid 224]
[INFO] [twist2accel-8]: process has finished cleanly [pid 202]
[INFO] [relay-16]: process has finished cleanly [pid 218]
[INFO] [robot_state_publisher-1]: process has finished cleanly [pid 188]
[INFO] [imu_gnss_poser_node-6]: process has finished cleanly [pid 198]
[ERROR] [control_mode_adapter.py-17]: process has died [pid 220, exit code 1, cmd '/aichallenge/workspace/install/aichallenge_system_launch/lib/aichallenge_system_launch/control_mode_adapter.py --ros-args -p use_sim_time:=True -p wheel_radius:=0.24 -p wheel_width:=0.18 -p wheel_base:=1.087 -p wheel_tread:=1.12 -p front_overhang:=0.467 -p rear_overhang:=0.51 -p left_overhang:=0.09 -p right_overhang:=0.09 -p vehicle_height:=2.2 -p max_steer_angle:=0.64'].
[INFO] [imu_corrector-3]: process has finished cleanly [pid 192]
[INFO] [vehicle_velocity_converter-2]: process has finished cleanly [pid 190]
[INFO] [raw_vehicle_cmd_converter_node-13]: process has finished cleanly [pid 212]
[INFO] [gyro_odometer-5]: process has finished cleanly [pid 196]
[INFO] [component_container-12]: process has finished cleanly [pid 210]
[INFO] [interactive_server-10]: process has finished cleanly [pid 206]
[INFO] [gnss_poser-4]: process has finished cleanly [pid 194]
[INFO] [simple_pure_pursuit-11]: process has finished cleanly [pid 208]
[INFO] [actuation_cmd_converter-18]: process has finished cleanly [pid 222]
[INFO] [component_container_mt-20]: process has finished cleanly [pid 226]
[INFO] [rviz2-15]: process has finished cleanly [pid 216]
