[INFO] [launch]: All log files can be found below /home/ubuntu/.ros/log/2025-08-10-10-29-52-056763-ubuntu-HP-Laptop-14s-dq5xxx-25382
[INFO] [launch]: Default logging verbosity is set to INFO
[INFO] [launch.user]: The arguments for aichallenge_system_launch.
[INFO] [launch.user]:  - simulation: true
[INFO] [launch.user]:  - use_sim_time: true
[INFO] [launch.user]:  - sensor_model: racing_kart_sensor_kit
[INFO] [launch.user]:  - launch_vehicle_interface: true
[INFO] [launch.user]:  - rviz config: /aichallenge/workspace/install/aichallenge_system_launch/share/aichallenge_system_launch/config/autoware.rviz
[INFO] [launch.user]: The arguments for aichallenge_submit_launch.
[INFO] [launch.user]:  - simulation: true
[INFO] [launch.user]:  - use_sim_time: true
[INFO] [launch.user]:  - sensor_model: racing_kart_sensor_kit
[INFO] [launch.user]:  - launch_vehicle_interface: true
[INFO] [launch.user]: echo launch param use_sim_time: true launch_vehicle_interface: true sensor_model: racing_kart_sensor_kit
[INFO] [robot_state_publisher-1]: process started with pid [25396]
[INFO] [vehicle_velocity_converter-2]: process started with pid [25398]
[INFO] [imu_corrector-3]: process started with pid [25400]
[INFO] [gnss_poser-4]: process started with pid [25402]
[INFO] [gyro_odometer-5]: process started with pid [25404]
[INFO] [imu_gnss_poser_node-6]: process started with pid [25406]
[INFO] [ekf_localizer-7]: process started with pid [25408]
[INFO] [twist2accel-8]: process started with pid [25410]
[INFO] [simple_trajectory_generator_node-9]: process started with pid [25412]
[INFO] [interactive_server-10]: process started with pid [25414]
[INFO] [simple_pure_pursuit-11]: process started with pid [25416]
[INFO] [component_container-12]: process started with pid [25418]
[INFO] [raw_vehicle_cmd_converter_node-13]: process started with pid [25420]
[INFO] [goal_pose_setter_node-14]: process started with pid [25422]
[INFO] [rviz2-15]: process started with pid [25424]
[INFO] [relay-16]: process started with pid [25426]
[INFO] [control_mode_adapter.py-17]: process started with pid [25429]
[INFO] [actuation_cmd_converter-18]: process started with pid [25448]
[INFO] [relay-19]: process started with pid [25458]
[INFO] [component_container_mt-20]: process started with pid [25494]
[simple_trajectory_generator_node-9] [0m[INFO] [1754789393.239962854] [planning.scenario_planning.simple_trajectory_generator]: csv_path parameter changed from '' to '/aichallenge/workspace/install/simple_trajectory_generator/share/simple_trajectory_generator/data/raceline_awsim_15km.csv'[0m
[simple_trajectory_generator_node-9] [0m[INFO] [1754789393.240737377] [planning.scenario_planning.simple_trajectory_generator]: Successfully loaded new trajectory from CSV: /aichallenge/workspace/install/simple_trajectory_generator/share/simple_trajectory_generator/data/raceline_awsim_15km.csv with 121 points[0m
[simple_trajectory_generator_node-9] [0m[INFO] [1754789393.240847945] [planning.scenario_planning.simple_trajectory_generator]: z parameter changed to 6.500000[0m
[simple_trajectory_generator_node-9] [0m[INFO] [1754789393.241202915] [planning.scenario_planning.simple_trajectory_generator]: Loaded trajectory from CSV with 121 points[0m
[ekf_localizer-7] [33m[WARN] [1754789393.254646810] [localization.ekf_localizer]: The node is not activated. Provide initial pose to pose_initializer[0m
[interactive_server-10] [0m[INFO] [1754789393.259214305] [editor_tool_server]: Waiting for 5.000000 seconds before loading CSV and publishing markers.[0m
[robot_state_publisher-1] [0m[INFO] [1754789393.259312669] [robot_state_publisher]: got segment base_link[0m
[robot_state_publisher-1] [0m[INFO] [1754789393.259445263] [robot_state_publisher]: got segment gnss_link[0m
[robot_state_publisher-1] [0m[INFO] [1754789393.259459667] [robot_state_publisher]: got segment imu_link[0m
[robot_state_publisher-1] [0m[INFO] [1754789393.259467256] [robot_state_publisher]: got segment sensor_kit_base_link[0m
[gyro_odometer-5] [33m[WARN] [1754789393.282082416] [localization.gyro_odometer]: Imu msg is not subscribed[0m
[simple_pure_pursuit-11] [0m[INFO] [1754789393.292351020] [simple_pure_pursuit_node]: odometry is not available[0m
[component_container-12] [0m[INFO] [1754789393.304402138] [map.map_container]: Load Library: /autoware/install/map_loader/lib/liblanelet2_map_loader_node.so[0m
[component_container-12] [0m[INFO] [1754789393.328207442] [map.map_container]: Found class: rclcpp_components::NodeFactoryTemplate<Lanelet2MapLoaderNode>[0m
[component_container-12] [0m[INFO] [1754789393.328273833] [map.map_container]: Instantiate class: rclcpp_components::NodeFactoryTemplate<Lanelet2MapLoaderNode>[0m
[INFO] [launch_ros.actions.load_composable_nodes]: Loaded node '/map/lanelet2_map_loader' in container '/map/map_container'
[component_container-12] [0m[INFO] [1754789393.366860482] [map.map_container]: Load Library: /autoware/install/map_loader/lib/liblanelet2_map_visualization_node.so[0m
[component_container-12] [0m[INFO] [1754789393.368874566] [map.map_container]: Found class: rclcpp_components::NodeFactoryTemplate<Lanelet2MapVisualizationNode>[0m
[component_container-12] [0m[INFO] [1754789393.368924295] [map.map_container]: Instantiate class: rclcpp_components::NodeFactoryTemplate<Lanelet2MapVisualizationNode>[0m
[INFO] [launch_ros.actions.load_composable_nodes]: Loaded node '/map/lanelet2_map_visualization' in container '/map/map_container'
[component_container-12] [0m[INFO] [1754789393.383786306] [map.lanelet2_map_visualization]: Map is loaded
[component_container-12] [0m
[component_container-12] [0m[INFO] [1754789393.387813146] [map.map_container]: Load Library: /autoware/install/map_tf_generator/lib/libvector_map_tf_generator_node.so[0m
[component_container_mt-20] [0m[INFO] [1754789393.390779363] [system.system_monitor.system_monitor.system_monitor_container]: Load Library: /autoware/install/system_monitor/lib/libcpu_monitor_lib.so[0m
[component_container-12] [0m[INFO] [1754789393.391814485] [map.map_container]: Found class: rclcpp_components::NodeFactoryTemplate<VectorMapTFGeneratorNode>[0m
[component_container-12] [0m[INFO] [1754789393.391854762] [map.map_container]: Instantiate class: rclcpp_components::NodeFactoryTemplate<VectorMapTFGeneratorNode>[0m
[rviz2-15] QPainter::begin: Paint device returned engine == 0, type: 2
[component_container_mt-20] [0m[INFO] [1754789393.395441115] [system.system_monitor.system_monitor.system_monitor_container]: Found class: rclcpp_components::NodeFactoryTemplate<CPUMonitor>[0m
[component_container_mt-20] [0m[INFO] [1754789393.395501600] [system.system_monitor.system_monitor.system_monitor_container]: Instantiate class: rclcpp_components::NodeFactoryTemplate<CPUMonitor>[0m
[rviz2-15] QPainter::setPen: Painter not active
[INFO] [launch_ros.actions.load_composable_nodes]: Loaded node '/map/vector_map_tf_generator' in container '/map/map_container'
[component_container-12] [0m[INFO] [1754789393.406480407] [map.vector_map_tf_generator]: broadcast static tf. map_frame:map, viewer_frame:viewer, x:89648.2, y:43157.2, z:6.5[0m
[INFO] [launch_ros.actions.load_composable_nodes]: Loaded node '/system/system_monitor/cpu_monitor' in container '/system/system_monitor/system_monitor/system_monitor_container'
[component_container_mt-20] [0m[INFO] [1754789393.423767241] [system.system_monitor.system_monitor.system_monitor_container]: Load Library: /autoware/install/system_monitor/lib/libmem_monitor_lib.so[0m
[component_container_mt-20] [0m[INFO] [1754789393.424455977] [system.system_monitor.system_monitor.system_monitor_container]: Found class: rclcpp_components::NodeFactoryTemplate<MemMonitor>[0m
[component_container_mt-20] [0m[INFO] [1754789393.424487858] [system.system_monitor.system_monitor.system_monitor_container]: Instantiate class: rclcpp_components::NodeFactoryTemplate<MemMonitor>[0m
[INFO] [launch_ros.actions.load_composable_nodes]: Loaded node '/system/system_monitor/mem_monitor' in container '/system/system_monitor/system_monitor/system_monitor_container'
[component_container_mt-20] [0m[INFO] [1754789393.438167797] [system.system_monitor.system_monitor.system_monitor_container]: Load Library: /autoware/install/system_monitor/lib/libprocess_monitor_lib.so[0m
[component_container_mt-20] [0m[INFO] [1754789393.439224359] [system.system_monitor.system_monitor.system_monitor_container]: Found class: rclcpp_components::NodeFactoryTemplate<ProcessMonitor>[0m
[component_container_mt-20] [0m[INFO] [1754789393.439259985] [system.system_monitor.system_monitor.system_monitor_container]: Instantiate class: rclcpp_components::NodeFactoryTemplate<ProcessMonitor>[0m
[INFO] [launch_ros.actions.load_composable_nodes]: Loaded node '/system/system_monitor/process_monitor' in container '/system/system_monitor/system_monitor/system_monitor_container'
[component_container_mt-20] [0m[INFO] [1754789393.454947530] [system.system_monitor.system_monitor.system_monitor_container]: Load Library: /autoware/install/system_monitor/lib/libvoltage_monitor_lib.so[0m
[component_container_mt-20] [0m[INFO] [1754789393.456207327] [system.system_monitor.system_monitor.system_monitor_container]: Found class: rclcpp_components::NodeFactoryTemplate<VoltageMonitor>[0m
[component_container_mt-20] [0m[INFO] [1754789393.456269435] [system.system_monitor.system_monitor.system_monitor_container]: Instantiate class: rclcpp_components::NodeFactoryTemplate<VoltageMonitor>[0m
[INFO] [launch_ros.actions.load_composable_nodes]: Loaded node '/system/system_monitor/voltage_monitor' in container '/system/system_monitor/system_monitor/system_monitor_container'
[rviz2-15] [0m[INFO] [1754789393.580482277] [rviz2]: Stereo is NOT SUPPORTED[0m
[rviz2-15] [0m[INFO] [1754789393.580641469] [rviz2]: OpenGl version: 4.6 (GLSL 4.6)[0m
[rviz2-15] [0m[INFO] [1754789393.608046602] [rviz2]: Stereo is NOT SUPPORTED[0m
[simple_trajectory_generator_node-9] [33m[WARN] [1754789393.953601022] [planning.scenario_planning.simple_trajectory_generator]: New subscription discovered on topic '/planning/scenario_planning/trajectory', requesting incompatible QoS. No messages will be sent to it. Last incompatible policy: RELIABILITY_QOS_POLICY[0m
[simple_trajectory_generator_node-9] [33m[WARN] [1754789393.954580764] [planning.scenario_planning.simple_trajectory_generator]: New subscription discovered on topic '/planning/scenario_planning/trajectory', requesting incompatible QoS. No messages will be sent to it. Last incompatible policy: RELIABILITY_QOS_POLICY[0m
[rviz2-15] QObject::connect: No such signal QLineEdit::valueChanged(std::string)
[simple_pure_pursuit-11] [0m[INFO] [1754789394.299896521] [simple_pure_pursuit_node]: odometry is not available[0m
[simple_pure_pursuit-11] [0m[INFO] [1754789395.310273830] [simple_pure_pursuit_node]: odometry is not available[0m
[ekf_localizer-7] [33m[WARN] [1754789395.372452786] [localization.ekf_localizer]: The node is not activated. Provide initial pose to pose_initializer[0m
[simple_pure_pursuit-11] [0m[INFO] [1754789396.320474510] [simple_pure_pursuit_node]: odometry is not available[0m
[goal_pose_setter_node-14] [0m[INFO] [1754789396.574674648] [goal_pose_setter]: Call localization trigger[0m
[goal_pose_setter_node-14] [0m[INFO] [1754789396.765879644] [goal_pose_setter]: Complete localization trigger[0m
[interactive_server-10] [0m[INFO] [1754789398.259450977] [editor_tool_server]: Loading CSV file: /aichallenge/workspace/src/aichallenge-trajectory-editor/csv/centerline_15km.csv[0m
[interactive_server-10] [31m[ERROR] [1754789398.259647123] [editor_tool_server]: Failed to open file: /aichallenge/workspace/src/aichallenge-trajectory-editor/csv/centerline_15km.csv[0m
[simple_pure_pursuit-11] [0m[INFO] [1754789398.260462128] [simple_pure_pursuit_node]: trajectory points is empty[0m
[relay-16] [33m[WARN] [1754789412.175507039] [initial_pose_relay]: Some, but not all, publishers on topic /initialpose offer 'transient local' durability. Falling back to 'volatile' durability in orderto connect to all publishers.[0m
[rviz2-15] [33m[WARN] [1754789412.326088401] [rviz2]: Negative eigenvalue found for position. Is the covariance matrix correct (positive semidefinite)?[0m
[rviz2-15] [33m[WARN] [1754789412.358563636] [rviz2]: Negative eigenvalue found for position. Is the covariance matrix correct (positive semidefinite)?[0m
[ekf_localizer-7] [33m[WARN] [1754789412.385100329] [localization.ekf_localizer]: The Mahalanobis distance 3489346636.8968 is over the limit 10000.0000.[0m
[rviz2-15] OpenCV: FFMPEG: tag 0x34363268/'h264' is not supported with codec id 27 and format 'mp4 / MP4 (MPEG-4 Part 14)'
[rviz2-15] OpenCV: FFMPEG: fallback to use tag 0x31637661/'avc1'
[simple_trajectory_generator_node-9] [0m[INFO] [1754789451.247690190] [planning.scenario_planning.simple_trajectory_generator]: Published trajectory with 121 points[0m
[simple_trajectory_generator_node-9] [0m[INFO] [1754789512.231858004] [planning.scenario_planning.simple_trajectory_generator]: Published trajectory with 121 points[0m
[simple_trajectory_generator_node-9] [0m[INFO] [1754789573.213772695] [planning.scenario_planning.simple_trajectory_generator]: Published trajectory with 121 points[0m
[simple_trajectory_generator_node-9] [0m[INFO] [1754789634.206368298] [planning.scenario_planning.simple_trajectory_generator]: Published trajectory with 121 points[0m
[simple_trajectory_generator_node-9] [0m[INFO] [1754789695.203077391] [planning.scenario_planning.simple_trajectory_generator]: Published trajectory with 121 points[0m
[simple_trajectory_generator_node-9] [0m[INFO] [1754789756.203921756] [planning.scenario_planning.simple_trajectory_generator]: Published trajectory with 121 points[0m
