[INFO] [launch]: All log files can be found below /root/.ros/log/2025-08-11-01-01-29-760778-ubuntu-HP-Laptop-14s-dq5xxx-162
[INFO] [launch]: Default logging verbosity is set to INFO
[INFO] [launch.user]: The arguments for aichallenge_system_launch.
[INFO] [launch.user]:  - simulation: true
[INFO] [launch.user]:  - use_sim_time: true
[INFO] [launch.user]:  - sensor_model: racing_kart_sensor_kit
[INFO] [launch.user]:  - launch_vehicle_interface: true
[INFO] [launch.user]:  - rviz config: /aichallenge/workspace/install/aichallenge_system_launch/share/aichallenge_system_launch/config/autoware.rviz
[INFO] [launch.user]: The arguments for aichallenge_submit_launch.
[INFO] [launch.user]:  - simulation: true
[INFO] [launch.user]:  - use_sim_time: true
[INFO] [launch.user]:  - sensor_model: racing_kart_sensor_kit
[INFO] [launch.user]:  - launch_vehicle_interface: true
[INFO] [launch.user]: echo launch param use_sim_time: true launch_vehicle_interface: true sensor_model: racing_kart_sensor_kit
[INFO] [launch_ros.actions.load_composable_nodes]: Loaded node '/map/lanelet2_map_loader' in container '/map/map_container'
[INFO] [launch_ros.actions.load_composable_nodes]: Loaded node '/map/lanelet2_map_visualization' in container '/map/map_container'
[INFO] [launch_ros.actions.load_composable_nodes]: Loaded node '/map/vector_map_tf_generator' in container '/map/map_container'
[INFO] [launch_ros.actions.load_composable_nodes]: Loaded node '/system/system_monitor/cpu_monitor' in container '/system/system_monitor/system_monitor/system_monitor_container'
[INFO] [launch_ros.actions.load_composable_nodes]: Loaded node '/system/system_monitor/mem_monitor' in container '/system/system_monitor/system_monitor/system_monitor_container'
[INFO] [robot_state_publisher-1]: process started with pid [212]
[INFO] [vehicle_velocity_converter-2]: process started with pid [214]
[INFO] [imu_corrector-3]: process started with pid [216]
[INFO] [gnss_poser-4]: process started with pid [218]
[INFO] [gyro_odometer-5]: process started with pid [220]
[INFO] [imu_gnss_poser_node-6]: process started with pid [223]
[INFO] [ekf_localizer-7]: process started with pid [227]
[INFO] [twist2accel-8]: process started with pid [229]
[INFO] [simple_trajectory_generator_node-9]: process started with pid [231]
[INFO] [interactive_server-10]: process started with pid [258]
[INFO] [simple_pure_pursuit-11]: process started with pid [260]
[INFO] [component_container-12]: process started with pid [262]
[INFO] [raw_vehicle_cmd_converter_node-13]: process started with pid [264]
[INFO] [goal_pose_setter_node-14]: process started with pid [274]
[INFO] [rviz2-15]: process started with pid [315]
[INFO] [relay-16]: process started with pid [329]
[INFO] [control_mode_adapter.py-17]: process started with pid [334]
[INFO] [actuation_cmd_converter-18]: process started with pid [336]
[INFO] [relay-19]: process started with pid [338]
[INFO] [component_container_mt-20]: process started with pid [353]
[robot_state_publisher-1] [INFO] [1754841693.677884792] [robot_state_publisher]: got segment base_link
[robot_state_publisher-1] [INFO] [1754841693.678036798] [robot_state_publisher]: got segment gnss_link
[robot_state_publisher-1] [INFO] [1754841693.678056882] [robot_state_publisher]: got segment imu_link
[robot_state_publisher-1] [INFO] [1754841693.678070702] [robot_state_publisher]: got segment sensor_kit_base_link
[simple_trajectory_generator_node-9] [INFO] [1754841694.554880492] [planning.scenario_planning.simple_trajectory_generator]: csv_path parameter changed from '' to '/aichallenge/workspace/install/simple_trajectory_generator/share/simple_trajectory_generator/data/raceline_awsim_15km.csv'
[simple_trajectory_generator_node-9] [INFO] [1754841694.555706409] [planning.scenario_planning.simple_trajectory_generator]: Successfully loaded new trajectory from CSV: /aichallenge/workspace/install/simple_trajectory_generator/share/simple_trajectory_generator/data/raceline_awsim_15km.csv with 121 points
[simple_trajectory_generator_node-9] [INFO] [1754841694.555945049] [planning.scenario_planning.simple_trajectory_generator]: z parameter changed to 6.500000
[simple_trajectory_generator_node-9] [INFO] [1754841694.556655626] [planning.scenario_planning.simple_trajectory_generator]: Loaded trajectory from CSV with 121 points
[gnss_poser-4] [WARN] [1754841695.079068277] [sensing.gnss.racing_kart_gnss_poser]: "gnss_link" passed to lookupTransform argument target_frame does not exist. 
[gnss_poser-4] [WARN] [1754841695.098018610] [sensing.gnss.racing_kart_gnss_poser]: Please publish TF gnss_link to base_link
[INFO] [launch_ros.actions.load_composable_nodes]: Loaded node '/system/system_monitor/process_monitor' in container '/system/system_monitor/system_monitor/system_monitor_container'
[rviz2-15] QPainter::begin: Paint device returned engine == 0, type: 2
[INFO] [launch_ros.actions.load_composable_nodes]: Loaded node '/system/system_monitor/voltage_monitor' in container '/system/system_monitor/system_monitor/system_monitor_container'
[gyro_odometer-5] [ERROR] [1754841695.684580953] [localization.gyro_odometer]: Imu msg is timeout. imu_dt: 0.269999994[sec], tolerance 0.2[sec]
[rviz2-15] QPainter::setPen: Painter not active
[interactive_server-10] [INFO] [1754841696.342374820] [editor_tool_server]: Waiting for 5.000000 seconds before loading CSV and publishing markers.
[ekf_localizer-7] [WARN] [1754841696.538102534] [localization.ekf_localizer]: The node is not activated. Provide initial pose to pose_initializer
[gyro_odometer-5] [ERROR] [1754841697.985238188] [localization.gyro_odometer]: Twist msg is timeout. twist_dt: 0.204999995[sec], tolerance 0.2[sec]
[rviz2-15] [INFO] [1754841698.664283595] [rviz2]: Stereo is NOT SUPPORTED
[rviz2-15] [INFO] [1754841698.664569989] [rviz2]: OpenGl version: 4.6 (GLSL 4.6)
[goal_pose_setter_node-14] [INFO] [1754841698.668260869] [goal_pose_setter]: Call localization trigger
[goal_pose_setter_node-14] [INFO] [1754841698.759064802] [goal_pose_setter]: Complete localization trigger
[rviz2-15] [INFO] [1754841699.350446487] [rviz2]: Stereo is NOT SUPPORTED
[ekf_localizer-7] [WARN] [1754841699.845219697] [localization.ekf_localizer]: The node is not activated. Provide initial pose to pose_initializer
[interactive_server-10] [INFO] [1754841701.342972362] [editor_tool_server]: Loading CSV file: /aichallenge/workspace/src/aichallenge-trajectory-editor/csv/centerline_15km.csv
[interactive_server-10] [ERROR] [1754841701.343374970] [editor_tool_server]: Failed to open file: /aichallenge/workspace/src/aichallenge-trajectory-editor/csv/centerline_15km.csv
[simple_pure_pursuit-11] [INFO] [1754841701.389660618] [simple_pure_pursuit_node]: trajectory points is empty
[ekf_localizer-7] [WARN] [1754841701.893216926] [localization.ekf_localizer]: The node is not activated. Provide initial pose to pose_initializer
[rviz2-15] QObject::connect: No such signal QLineEdit::valueChanged(std::string)
[ekf_localizer-7] [WARN] [1754841703.905364376] [localization.ekf_localizer]: The node is not activated. Provide initial pose to pose_initializer
[ekf_localizer-7] [WARN] [1754841705.933987785] [localization.ekf_localizer]: The node is not activated. Provide initial pose to pose_initializer
[ekf_localizer-7] [WARN] [1754841707.944619343] [localization.ekf_localizer]: The node is not activated. Provide initial pose to pose_initializer
[ekf_localizer-7] [WARN] [1754841709.965042423] [localization.ekf_localizer]: The node is not activated. Provide initial pose to pose_initializer
[ekf_localizer-7] [WARN] [1754841711.988190680] [localization.ekf_localizer]: The node is not activated. Provide initial pose to pose_initializer
[ekf_localizer-7] [WARN] [1754841714.004295219] [localization.ekf_localizer]: The node is not activated. Provide initial pose to pose_initializer
[ekf_localizer-7] [WARN] [1754841716.024284448] [localization.ekf_localizer]: The node is not activated. Provide initial pose to pose_initializer
[ekf_localizer-7] [WARN] [1754841718.048085797] [localization.ekf_localizer]: The node is not activated. Provide initial pose to pose_initializer
[ekf_localizer-7] [WARN] [1754841720.063706194] [localization.ekf_localizer]: The node is not activated. Provide initial pose to pose_initializer
[ekf_localizer-7] [WARN] [1754841722.085326345] [localization.ekf_localizer]: The node is not activated. Provide initial pose to pose_initializer
[relay-16] [WARN] [1754841722.926607325] [initial_pose_relay]: Some, but not all, publishers on topic /initialpose offer 'transient local' durability. Falling back to 'volatile' durability in orderto connect to all publishers.
[ekf_localizer-7] [WARN] [1754841724.104049337] [localization.ekf_localizer]: The node is not activated. Provide initial pose to pose_initializer
[rviz2-15] OpenCV: FFMPEG: tag 0x34363268/'h264' is not supported with codec id 27 and format 'mp4 / MP4 (MPEG-4 Part 14)'
[rviz2-15] OpenCV: FFMPEG: fallback to use tag 0x31637661/'avc1'
[ekf_localizer-7] [WARN] [1754841726.124689535] [localization.ekf_localizer]: The node is not activated. Provide initial pose to pose_initializer
[ekf_localizer-7] [WARN] [1754841728.143386551] [localization.ekf_localizer]: The node is not activated. Provide initial pose to pose_initializer
[ekf_localizer-7] [WARN] [1754841730.168809676] [localization.ekf_localizer]: The node is not activated. Provide initial pose to pose_initializer
[ekf_localizer-7] [WARN] [1754841732.183762181] [localization.ekf_localizer]: The node is not activated. Provide initial pose to pose_initializer
[ekf_localizer-7] [WARN] [1754841734.202426913] [localization.ekf_localizer]: The node is not activated. Provide initial pose to pose_initializer
[ekf_localizer-7] [WARN] [1754841736.222808899] [localization.ekf_localizer]: The node is not activated. Provide initial pose to pose_initializer
[ekf_localizer-7] [WARN] [1754841738.242687641] [localization.ekf_localizer]: The node is not activated. Provide initial pose to pose_initializer
[ekf_localizer-7] [WARN] [1754841740.262114912] [localization.ekf_localizer]: The node is not activated. Provide initial pose to pose_initializer
[ekf_localizer-7] [WARN] [1754841742.283848150] [localization.ekf_localizer]: The node is not activated. Provide initial pose to pose_initializer
[ekf_localizer-7] [WARN] [1754841744.302287516] [localization.ekf_localizer]: The node is not activated. Provide initial pose to pose_initializer
[ekf_localizer-7] [WARN] [1754841746.321960871] [localization.ekf_localizer]: The node is not activated. Provide initial pose to pose_initializer
[ekf_localizer-7] [WARN] [1754841748.343365875] [localization.ekf_localizer]: The node is not activated. Provide initial pose to pose_initializer
[ekf_localizer-7] [WARN] [1754841750.363558062] [localization.ekf_localizer]: The node is not activated. Provide initial pose to pose_initializer
[ekf_localizer-7] [WARN] [1754841752.382131304] [localization.ekf_localizer]: The node is not activated. Provide initial pose to pose_initializer
[simple_trajectory_generator_node-9] [INFO] [1754841753.555208209] [planning.scenario_planning.simple_trajectory_generator]: Published trajectory with 121 points
[ekf_localizer-7] [WARN] [1754841754.401725091] [localization.ekf_localizer]: The node is not activated. Provide initial pose to pose_initializer
[ekf_localizer-7] [WARN] [1754841756.421042102] [localization.ekf_localizer]: The node is not activated. Provide initial pose to pose_initializer
[ekf_localizer-7] [WARN] [1754841758.441127392] [localization.ekf_localizer]: The node is not activated. Provide initial pose to pose_initializer
[ekf_localizer-7] [WARN] [1754841760.461526227] [localization.ekf_localizer]: The node is not activated. Provide initial pose to pose_initializer
[ekf_localizer-7] [WARN] [1754841762.481184576] [localization.ekf_localizer]: The node is not activated. Provide initial pose to pose_initializer
[ekf_localizer-7] [WARN] [1754841764.500579025] [localization.ekf_localizer]: The node is not activated. Provide initial pose to pose_initializer
[ekf_localizer-7] [WARN] [1754841766.520715770] [localization.ekf_localizer]: The node is not activated. Provide initial pose to pose_initializer
[ekf_localizer-7] [WARN] [1754841768.540303091] [localization.ekf_localizer]: The node is not activated. Provide initial pose to pose_initializer
[ekf_localizer-7] [WARN] [1754841770.560410753] [localization.ekf_localizer]: The node is not activated. Provide initial pose to pose_initializer
[ekf_localizer-7] [WARN] [1754841772.580055499] [localization.ekf_localizer]: The node is not activated. Provide initial pose to pose_initializer
[ekf_localizer-7] [WARN] [1754841774.600042598] [localization.ekf_localizer]: The node is not activated. Provide initial pose to pose_initializer
[ekf_localizer-7] [WARN] [1754841776.619721939] [localization.ekf_localizer]: The node is not activated. Provide initial pose to pose_initializer
[ekf_localizer-7] [WARN] [1754841778.640704708] [localization.ekf_localizer]: The node is not activated. Provide initial pose to pose_initializer
[ekf_localizer-7] [WARN] [1754841780.659594680] [localization.ekf_localizer]: The node is not activated. Provide initial pose to pose_initializer
[ekf_localizer-7] [WARN] [1754841782.679470005] [localization.ekf_localizer]: The node is not activated. Provide initial pose to pose_initializer
[ekf_localizer-7] [WARN] [1754841784.699431097] [localization.ekf_localizer]: The node is not activated. Provide initial pose to pose_initializer
[ekf_localizer-7] [WARN] [1754841786.719212054] [localization.ekf_localizer]: The node is not activated. Provide initial pose to pose_initializer
[ekf_localizer-7] [WARN] [1754841788.739439330] [localization.ekf_localizer]: The node is not activated. Provide initial pose to pose_initializer
[ekf_localizer-7] [WARN] [1754841790.759294194] [localization.ekf_localizer]: The node is not activated. Provide initial pose to pose_initializer
[ekf_localizer-7] [WARN] [1754841792.778686271] [localization.ekf_localizer]: The node is not activated. Provide initial pose to pose_initializer
[ekf_localizer-7] [WARN] [1754841794.798923203] [localization.ekf_localizer]: The node is not activated. Provide initial pose to pose_initializer
[ekf_localizer-7] [WARN] [1754841796.819278603] [localization.ekf_localizer]: The node is not activated. Provide initial pose to pose_initializer
[ekf_localizer-7] [WARN] [1754841798.838908958] [localization.ekf_localizer]: The node is not activated. Provide initial pose to pose_initializer
[ekf_localizer-7] [WARN] [1754841800.859025025] [localization.ekf_localizer]: The node is not activated. Provide initial pose to pose_initializer
[ekf_localizer-7] [WARN] [1754841802.878379152] [localization.ekf_localizer]: The node is not activated. Provide initial pose to pose_initializer
[ekf_localizer-7] [WARN] [1754841804.898780126] [localization.ekf_localizer]: The node is not activated. Provide initial pose to pose_initializer
[ekf_localizer-7] [WARN] [1754841806.918059012] [localization.ekf_localizer]: The node is not activated. Provide initial pose to pose_initializer
[ekf_localizer-7] [WARN] [1754841808.939993570] [localization.ekf_localizer]: The node is not activated. Provide initial pose to pose_initializer
[ekf_localizer-7] [WARN] [1754841810.958025076] [localization.ekf_localizer]: The node is not activated. Provide initial pose to pose_initializer
[ekf_localizer-7] [WARN] [1754841812.977927825] [localization.ekf_localizer]: The node is not activated. Provide initial pose to pose_initializer
[simple_trajectory_generator_node-9] [INFO] [1754841814.550838815] [planning.scenario_planning.simple_trajectory_generator]: Published trajectory with 121 points
[ekf_localizer-7] [WARN] [1754841814.997558135] [localization.ekf_localizer]: The node is not activated. Provide initial pose to pose_initializer
[ekf_localizer-7] [WARN] [1754841817.017753826] [localization.ekf_localizer]: The node is not activated. Provide initial pose to pose_initializer
[ekf_localizer-7] [WARN] [1754841819.037318647] [localization.ekf_localizer]: The node is not activated. Provide initial pose to pose_initializer
[ekf_localizer-7] [WARN] [1754841821.057352838] [localization.ekf_localizer]: The node is not activated. Provide initial pose to pose_initializer
[ekf_localizer-7] [WARN] [1754841823.077033684] [localization.ekf_localizer]: The node is not activated. Provide initial pose to pose_initializer
[ekf_localizer-7] [WARN] [1754841825.097018909] [localization.ekf_localizer]: The node is not activated. Provide initial pose to pose_initializer
[ekf_localizer-7] [WARN] [1754841827.116759763] [localization.ekf_localizer]: The node is not activated. Provide initial pose to pose_initializer
[ekf_localizer-7] [WARN] [1754841829.136756529] [localization.ekf_localizer]: The node is not activated. Provide initial pose to pose_initializer
[ekf_localizer-7] [WARN] [1754841831.156821587] [localization.ekf_localizer]: The node is not activated. Provide initial pose to pose_initializer
[ekf_localizer-7] [WARN] [1754841833.176518436] [localization.ekf_localizer]: The node is not activated. Provide initial pose to pose_initializer
[ekf_localizer-7] [WARN] [1754841835.196490209] [localization.ekf_localizer]: The node is not activated. Provide initial pose to pose_initializer
[ekf_localizer-7] [WARN] [1754841837.216603073] [localization.ekf_localizer]: The node is not activated. Provide initial pose to pose_initializer
[ekf_localizer-7] [WARN] [1754841839.236250466] [localization.ekf_localizer]: The node is not activated. Provide initial pose to pose_initializer
[ekf_localizer-7] [WARN] [1754841841.256276145] [localization.ekf_localizer]: The node is not activated. Provide initial pose to pose_initializer
[ekf_localizer-7] [WARN] [1754841843.275930300] [localization.ekf_localizer]: The node is not activated. Provide initial pose to pose_initializer
[ekf_localizer-7] [WARN] [1754841845.295701617] [localization.ekf_localizer]: The node is not activated. Provide initial pose to pose_initializer
[ekf_localizer-7] [WARN] [1754841847.316023680] [localization.ekf_localizer]: The node is not activated. Provide initial pose to pose_initializer
[ekf_localizer-7] [WARN] [1754841849.335712471] [localization.ekf_localizer]: The node is not activated. Provide initial pose to pose_initializer
[ekf_localizer-7] [WARN] [1754841851.355698573] [localization.ekf_localizer]: The node is not activated. Provide initial pose to pose_initializer
[ekf_localizer-7] [WARN] [1754841853.375920315] [localization.ekf_localizer]: The node is not activated. Provide initial pose to pose_initializer
[ekf_localizer-7] [WARN] [1754841855.395247916] [localization.ekf_localizer]: The node is not activated. Provide initial pose to pose_initializer
[ekf_localizer-7] [WARN] [1754841857.415786520] [localization.ekf_localizer]: The node is not activated. Provide initial pose to pose_initializer
[ekf_localizer-7] [WARN] [1754841859.434950933] [localization.ekf_localizer]: The node is not activated. Provide initial pose to pose_initializer
[ekf_localizer-7] [WARN] [1754841861.455232986] [localization.ekf_localizer]: The node is not activated. Provide initial pose to pose_initializer
[ekf_localizer-7] [WARN] [1754841863.475181189] [localization.ekf_localizer]: The node is not activated. Provide initial pose to pose_initializer
[ekf_localizer-7] [WARN] [1754841865.494807956] [localization.ekf_localizer]: The node is not activated. Provide initial pose to pose_initializer
[ekf_localizer-7] [WARN] [1754841867.514585842] [localization.ekf_localizer]: The node is not activated. Provide initial pose to pose_initializer
[ekf_localizer-7] [WARN] [1754841869.534473810] [localization.ekf_localizer]: The node is not activated. Provide initial pose to pose_initializer
[ekf_localizer-7] [WARN] [1754841871.555023586] [localization.ekf_localizer]: The node is not activated. Provide initial pose to pose_initializer
[ekf_localizer-7] [WARN] [1754841873.575288652] [localization.ekf_localizer]: The node is not activated. Provide initial pose to pose_initializer
[simple_trajectory_generator_node-9] [INFO] [1754841875.546049987] [planning.scenario_planning.simple_trajectory_generator]: Published trajectory with 121 points
[ekf_localizer-7] [WARN] [1754841875.594144535] [localization.ekf_localizer]: The node is not activated. Provide initial pose to pose_initializer
[ekf_localizer-7] [WARN] [1754841877.614066680] [localization.ekf_localizer]: The node is not activated. Provide initial pose to pose_initializer
[ekf_localizer-7] [WARN] [1754841879.635114361] [localization.ekf_localizer]: The node is not activated. Provide initial pose to pose_initializer
[ekf_localizer-7] [WARN] [1754841881.654028111] [localization.ekf_localizer]: The node is not activated. Provide initial pose to pose_initializer
[ekf_localizer-7] [WARN] [1754841883.673965409] [localization.ekf_localizer]: The node is not activated. Provide initial pose to pose_initializer
[ekf_localizer-7] [WARN] [1754841885.693711460] [localization.ekf_localizer]: The node is not activated. Provide initial pose to pose_initializer
[ekf_localizer-7] [WARN] [1754841887.714202749] [localization.ekf_localizer]: The node is not activated. Provide initial pose to pose_initializer
[ekf_localizer-7] [WARN] [1754841889.734383902] [localization.ekf_localizer]: The node is not activated. Provide initial pose to pose_initializer
[ekf_localizer-7] [WARN] [1754841891.753842018] [localization.ekf_localizer]: The node is not activated. Provide initial pose to pose_initializer
[ekf_localizer-7] [WARN] [1754841893.774952034] [localization.ekf_localizer]: The node is not activated. Provide initial pose to pose_initializer
[ekf_localizer-7] [WARN] [1754841895.793309088] [localization.ekf_localizer]: The node is not activated. Provide initial pose to pose_initializer
[ekf_localizer-7] [WARN] [1754841897.813679658] [localization.ekf_localizer]: The node is not activated. Provide initial pose to pose_initializer
[ekf_localizer-7] [WARN] [1754841899.833292579] [localization.ekf_localizer]: The node is not activated. Provide initial pose to pose_initializer
[ekf_localizer-7] [WARN] [1754841901.852816777] [localization.ekf_localizer]: The node is not activated. Provide initial pose to pose_initializer
[ekf_localizer-7] [WARN] [1754841903.873287888] [localization.ekf_localizer]: The node is not activated. Provide initial pose to pose_initializer
[ekf_localizer-7] [WARN] [1754841905.892544854] [localization.ekf_localizer]: The node is not activated. Provide initial pose to pose_initializer
[ekf_localizer-7] [WARN] [1754841907.912458090] [localization.ekf_localizer]: The node is not activated. Provide initial pose to pose_initializer
[ekf_localizer-7] [WARN] [1754841909.933906181] [localization.ekf_localizer]: The node is not activated. Provide initial pose to pose_initializer
[ekf_localizer-7] [WARN] [1754841911.954965227] [localization.ekf_localizer]: The node is not activated. Provide initial pose to pose_initializer
[ekf_localizer-7] [WARN] [1754841913.972799471] [localization.ekf_localizer]: The node is not activated. Provide initial pose to pose_initializer
[ekf_localizer-7] [WARN] [1754841915.992515577] [localization.ekf_localizer]: The node is not activated. Provide initial pose to pose_initializer
[ekf_localizer-7] [WARN] [1754841918.011963800] [localization.ekf_localizer]: The node is not activated. Provide initial pose to pose_initializer
[ekf_localizer-7] [WARN] [1754841920.031968511] [localization.ekf_localizer]: The node is not activated. Provide initial pose to pose_initializer
[ekf_localizer-7] [WARN] [1754841922.051898991] [localization.ekf_localizer]: The node is not activated. Provide initial pose to pose_initializer
[ekf_localizer-7] [WARN] [1754841924.074893632] [localization.ekf_localizer]: The node is not activated. Provide initial pose to pose_initializer
[ekf_localizer-7] [WARN] [1754841926.091890816] [localization.ekf_localizer]: The node is not activated. Provide initial pose to pose_initializer
[ekf_localizer-7] [WARN] [1754841928.111476534] [localization.ekf_localizer]: The node is not activated. Provide initial pose to pose_initializer
[ekf_localizer-7] [WARN] [1754841930.131769518] [localization.ekf_localizer]: The node is not activated. Provide initial pose to pose_initializer
[ekf_localizer-7] [WARN] [1754841932.151296440] [localization.ekf_localizer]: The node is not activated. Provide initial pose to pose_initializer
[ekf_localizer-7] [WARN] [1754841934.171292023] [localization.ekf_localizer]: The node is not activated. Provide initial pose to pose_initializer
[ekf_localizer-7] [WARN] [1754841936.191662560] [localization.ekf_localizer]: The node is not activated. Provide initial pose to pose_initializer
[simple_trajectory_generator_node-9] [INFO] [1754841936.543034951] [planning.scenario_planning.simple_trajectory_generator]: Published trajectory with 121 points
[ekf_localizer-7] [WARN] [1754841938.211401016] [localization.ekf_localizer]: The node is not activated. Provide initial pose to pose_initializer
[ekf_localizer-7] [WARN] [1754841940.231007838] [localization.ekf_localizer]: The node is not activated. Provide initial pose to pose_initializer
[ekf_localizer-7] [WARN] [1754841942.251319156] [localization.ekf_localizer]: The node is not activated. Provide initial pose to pose_initializer
[ekf_localizer-7] [WARN] [1754841944.271329068] [localization.ekf_localizer]: The node is not activated. Provide initial pose to pose_initializer
[ekf_localizer-7] [WARN] [1754841946.290933984] [localization.ekf_localizer]: The node is not activated. Provide initial pose to pose_initializer
[ekf_localizer-7] [WARN] [1754841948.310796284] [localization.ekf_localizer]: The node is not activated. Provide initial pose to pose_initializer
[ekf_localizer-7] [WARN] [1754841950.330654845] [localization.ekf_localizer]: The node is not activated. Provide initial pose to pose_initializer
[ekf_localizer-7] [WARN] [1754841952.350279128] [localization.ekf_localizer]: The node is not activated. Provide initial pose to pose_initializer
[ekf_localizer-7] [WARN] [1754841954.370824845] [localization.ekf_localizer]: The node is not activated. Provide initial pose to pose_initializer
[ekf_localizer-7] [WARN] [1754841956.390112683] [localization.ekf_localizer]: The node is not activated. Provide initial pose to pose_initializer
[ekf_localizer-7] [WARN] [1754841958.410211508] [localization.ekf_localizer]: The node is not activated. Provide initial pose to pose_initializer
[ekf_localizer-7] [WARN] [1754841960.430009393] [localization.ekf_localizer]: The node is not activated. Provide initial pose to pose_initializer
[ekf_localizer-7] [WARN] [1754841962.450052711] [localization.ekf_localizer]: The node is not activated. Provide initial pose to pose_initializer
[ekf_localizer-7] [WARN] [1754841964.470143418] [localization.ekf_localizer]: The node is not activated. Provide initial pose to pose_initializer
[ekf_localizer-7] [WARN] [1754841966.489945418] [localization.ekf_localizer]: The node is not activated. Provide initial pose to pose_initializer
[ekf_localizer-7] [WARN] [1754841968.509732420] [localization.ekf_localizer]: The node is not activated. Provide initial pose to pose_initializer
[ekf_localizer-7] [WARN] [1754841970.529398444] [localization.ekf_localizer]: The node is not activated. Provide initial pose to pose_initializer
[ekf_localizer-7] [WARN] [1754841972.550169341] [localization.ekf_localizer]: The node is not activated. Provide initial pose to pose_initializer
[ekf_localizer-7] [WARN] [1754841974.569443482] [localization.ekf_localizer]: The node is not activated. Provide initial pose to pose_initializer
[ekf_localizer-7] [WARN] [1754841976.589578260] [localization.ekf_localizer]: The node is not activated. Provide initial pose to pose_initializer
[ekf_localizer-7] [WARN] [1754841978.609577909] [localization.ekf_localizer]: The node is not activated. Provide initial pose to pose_initializer
[ekf_localizer-7] [WARN] [1754841980.629176734] [localization.ekf_localizer]: The node is not activated. Provide initial pose to pose_initializer
[ekf_localizer-7] [WARN] [1754841982.649223359] [localization.ekf_localizer]: The node is not activated. Provide initial pose to pose_initializer
[ekf_localizer-7] [WARN] [1754841984.668817359] [localization.ekf_localizer]: The node is not activated. Provide initial pose to pose_initializer
[ekf_localizer-7] [WARN] [1754841986.688743081] [localization.ekf_localizer]: The node is not activated. Provide initial pose to pose_initializer
[ekf_localizer-7] [WARN] [1754841988.708849814] [localization.ekf_localizer]: The node is not activated. Provide initial pose to pose_initializer
[ekf_localizer-7] [WARN] [1754841990.728717657] [localization.ekf_localizer]: The node is not activated. Provide initial pose to pose_initializer
[ekf_localizer-7] [WARN] [1754841992.749859105] [localization.ekf_localizer]: The node is not activated. Provide initial pose to pose_initializer
[ekf_localizer-7] [WARN] [1754841994.770231393] [localization.ekf_localizer]: The node is not activated. Provide initial pose to pose_initializer
[ekf_localizer-7] [WARN] [1754841996.789098590] [localization.ekf_localizer]: The node is not activated. Provide initial pose to pose_initializer
[simple_trajectory_generator_node-9] [INFO] [1754841997.540805436] [planning.scenario_planning.simple_trajectory_generator]: Published trajectory with 121 points
[ekf_localizer-7] [WARN] [1754841998.808406138] [localization.ekf_localizer]: The node is not activated. Provide initial pose to pose_initializer
[ekf_localizer-7] [WARN] [1754842000.827917343] [localization.ekf_localizer]: The node is not activated. Provide initial pose to pose_initializer
[ekf_localizer-7] [WARN] [1754842002.848824178] [localization.ekf_localizer]: The node is not activated. Provide initial pose to pose_initializer
[ekf_localizer-7] [WARN] [1754842004.868240156] [localization.ekf_localizer]: The node is not activated. Provide initial pose to pose_initializer
[ekf_localizer-7] [WARN] [1754842006.889009511] [localization.ekf_localizer]: The node is not activated. Provide initial pose to pose_initializer
[ekf_localizer-7] [WARN] [1754842008.908797602] [localization.ekf_localizer]: The node is not activated. Provide initial pose to pose_initializer
[ekf_localizer-7] [WARN] [1754842010.929173070] [localization.ekf_localizer]: The node is not activated. Provide initial pose to pose_initializer
[ekf_localizer-7] [WARN] [1754842012.947527253] [localization.ekf_localizer]: The node is not activated. Provide initial pose to pose_initializer
[ekf_localizer-7] [WARN] [1754842014.967554144] [localization.ekf_localizer]: The node is not activated. Provide initial pose to pose_initializer
[ekf_localizer-7] [WARN] [1754842016.987537744] [localization.ekf_localizer]: The node is not activated. Provide initial pose to pose_initializer
[ekf_localizer-7] [WARN] [1754842019.007331662] [localization.ekf_localizer]: The node is not activated. Provide initial pose to pose_initializer
[ekf_localizer-7] [WARN] [1754842021.027467601] [localization.ekf_localizer]: The node is not activated. Provide initial pose to pose_initializer
[ekf_localizer-7] [WARN] [1754842023.047687941] [localization.ekf_localizer]: The node is not activated. Provide initial pose to pose_initializer
[ekf_localizer-7] [WARN] [1754842025.067505939] [localization.ekf_localizer]: The node is not activated. Provide initial pose to pose_initializer
[ekf_localizer-7] [WARN] [1754842027.087036323] [localization.ekf_localizer]: The node is not activated. Provide initial pose to pose_initializer
[ekf_localizer-7] [WARN] [1754842029.107042716] [localization.ekf_localizer]: The node is not activated. Provide initial pose to pose_initializer
[ekf_localizer-7] [WARN] [1754842031.126532863] [localization.ekf_localizer]: The node is not activated. Provide initial pose to pose_initializer
[ekf_localizer-7] [WARN] [1754842033.147007828] [localization.ekf_localizer]: The node is not activated. Provide initial pose to pose_initializer
[ekf_localizer-7] [WARN] [1754842035.166474911] [localization.ekf_localizer]: The node is not activated. Provide initial pose to pose_initializer
[ekf_localizer-7] [WARN] [1754842037.186643752] [localization.ekf_localizer]: The node is not activated. Provide initial pose to pose_initializer
[ekf_localizer-7] [WARN] [1754842039.206527654] [localization.ekf_localizer]: The node is not activated. Provide initial pose to pose_initializer
[ekf_localizer-7] [WARN] [1754842041.226577772] [localization.ekf_localizer]: The node is not activated. Provide initial pose to pose_initializer
[ekf_localizer-7] [WARN] [1754842043.246384666] [localization.ekf_localizer]: The node is not activated. Provide initial pose to pose_initializer
[ekf_localizer-7] [WARN] [1754842045.267509419] [localization.ekf_localizer]: The node is not activated. Provide initial pose to pose_initializer
[ekf_localizer-7] [WARN] [1754842047.286324836] [localization.ekf_localizer]: The node is not activated. Provide initial pose to pose_initializer
[ekf_localizer-7] [WARN] [1754842049.306010497] [localization.ekf_localizer]: The node is not activated. Provide initial pose to pose_initializer
[ekf_localizer-7] [WARN] [1754842051.326158425] [localization.ekf_localizer]: The node is not activated. Provide initial pose to pose_initializer
[ekf_localizer-7] [WARN] [1754842053.345939041] [localization.ekf_localizer]: The node is not activated. Provide initial pose to pose_initializer
[ekf_localizer-7] [WARN] [1754842055.366031098] [localization.ekf_localizer]: The node is not activated. Provide initial pose to pose_initializer
[ekf_localizer-7] [WARN] [1754842057.385526183] [localization.ekf_localizer]: The node is not activated. Provide initial pose to pose_initializer
[simple_trajectory_generator_node-9] [INFO] [1754842058.537433081] [planning.scenario_planning.simple_trajectory_generator]: Published trajectory with 121 points
[ekf_localizer-7] [WARN] [1754842059.405900986] [localization.ekf_localizer]: The node is not activated. Provide initial pose to pose_initializer
[ekf_localizer-7] [WARN] [1754842061.425729740] [localization.ekf_localizer]: The node is not activated. Provide initial pose to pose_initializer
[ekf_localizer-7] [WARN] [1754842063.445999498] [localization.ekf_localizer]: The node is not activated. Provide initial pose to pose_initializer
[ekf_localizer-7] [WARN] [1754842065.466048273] [localization.ekf_localizer]: The node is not activated. Provide initial pose to pose_initializer
[ekf_localizer-7] [WARN] [1754842067.485713053] [localization.ekf_localizer]: The node is not activated. Provide initial pose to pose_initializer
[ekf_localizer-7] [WARN] [1754842069.505661160] [localization.ekf_localizer]: The node is not activated. Provide initial pose to pose_initializer
[ekf_localizer-7] [WARN] [1754842071.525071429] [localization.ekf_localizer]: The node is not activated. Provide initial pose to pose_initializer
[ekf_localizer-7] [WARN] [1754842073.545308041] [localization.ekf_localizer]: The node is not activated. Provide initial pose to pose_initializer
[ekf_localizer-7] [WARN] [1754842075.565191516] [localization.ekf_localizer]: The node is not activated. Provide initial pose to pose_initializer
[ekf_localizer-7] [WARN] [1754842077.584755483] [localization.ekf_localizer]: The node is not activated. Provide initial pose to pose_initializer
[ekf_localizer-7] [WARN] [1754842079.605014350] [localization.ekf_localizer]: The node is not activated. Provide initial pose to pose_initializer
[ekf_localizer-7] [WARN] [1754842081.624668128] [localization.ekf_localizer]: The node is not activated. Provide initial pose to pose_initializer
[ekf_localizer-7] [WARN] [1754842083.644891831] [localization.ekf_localizer]: The node is not activated. Provide initial pose to pose_initializer
[ekf_localizer-7] [WARN] [1754842085.664842841] [localization.ekf_localizer]: The node is not activated. Provide initial pose to pose_initializer
[ekf_localizer-7] [WARN] [1754842087.684465315] [localization.ekf_localizer]: The node is not activated. Provide initial pose to pose_initializer
[ekf_localizer-7] [WARN] [1754842089.704518238] [localization.ekf_localizer]: The node is not activated. Provide initial pose to pose_initializer
[ekf_localizer-7] [WARN] [1754842091.725154579] [localization.ekf_localizer]: The node is not activated. Provide initial pose to pose_initializer
[ekf_localizer-7] [WARN] [1754842093.744391482] [localization.ekf_localizer]: The node is not activated. Provide initial pose to pose_initializer
[ekf_localizer-7] [WARN] [1754842095.764338879] [localization.ekf_localizer]: The node is not activated. Provide initial pose to pose_initializer
[ekf_localizer-7] [WARN] [1754842097.784185125] [localization.ekf_localizer]: The node is not activated. Provide initial pose to pose_initializer
[ekf_localizer-7] [WARN] [1754842099.803920995] [localization.ekf_localizer]: The node is not activated. Provide initial pose to pose_initializer
[ekf_localizer-7] [WARN] [1754842101.824153526] [localization.ekf_localizer]: The node is not activated. Provide initial pose to pose_initializer
[ekf_localizer-7] [WARN] [1754842103.844536721] [localization.ekf_localizer]: The node is not activated. Provide initial pose to pose_initializer
[ekf_localizer-7] [WARN] [1754842105.863882147] [localization.ekf_localizer]: The node is not activated. Provide initial pose to pose_initializer
[ekf_localizer-7] [WARN] [1754842107.883759856] [localization.ekf_localizer]: The node is not activated. Provide initial pose to pose_initializer
[ekf_localizer-7] [WARN] [1754842109.904705880] [localization.ekf_localizer]: The node is not activated. Provide initial pose to pose_initializer
[ekf_localizer-7] [WARN] [1754842111.923553512] [localization.ekf_localizer]: The node is not activated. Provide initial pose to pose_initializer
