[INFO] [launch]: All log files can be found below /home/ubuntu/.ros/log/2025-08-10-14-54-46-100044-ubuntu-HP-Laptop-14s-dq5xxx-174
[INFO] [launch]: Default logging verbosity is set to INFO
[INFO] [launch.user]: The arguments for aichallenge_system_launch.
[INFO] [launch.user]:  - simulation: true
[INFO] [launch.user]:  - use_sim_time: true
[INFO] [launch.user]:  - sensor_model: racing_kart_sensor_kit
[INFO] [launch.user]:  - launch_vehicle_interface: true
[INFO] [launch.user]:  - rviz config: /aichallenge/workspace/install/aichallenge_system_launch/share/aichallenge_system_launch/config/autoware.rviz
[INFO] [launch.user]: The arguments for aichallenge_submit_launch.
[INFO] [launch.user]:  - simulation: true
[INFO] [launch.user]:  - use_sim_time: true
[INFO] [launch.user]:  - sensor_model: racing_kart_sensor_kit
[INFO] [launch.user]:  - launch_vehicle_interface: true
[INFO] [launch.user]: echo launch param use_sim_time: true launch_vehicle_interface: true sensor_model: racing_kart_sensor_kit
[INFO] [robot_state_publisher-1]: process started with pid [188]
[INFO] [vehicle_velocity_converter-2]: process started with pid [190]
[INFO] [imu_corrector-3]: process started with pid [192]
[INFO] [gnss_poser-4]: process started with pid [194]
[INFO] [gyro_odometer-5]: process started with pid [196]
[INFO] [imu_gnss_poser_node-6]: process started with pid [198]
[INFO] [ekf_localizer-7]: process started with pid [200]
[INFO] [twist2accel-8]: process started with pid [202]
[INFO] [simple_trajectory_generator_node-9]: process started with pid [204]
[INFO] [interactive_server-10]: process started with pid [206]
[INFO] [simple_pure_pursuit-11]: process started with pid [208]
[INFO] [component_container-12]: process started with pid [210]
[INFO] [raw_vehicle_cmd_converter_node-13]: process started with pid [212]
[INFO] [goal_pose_setter_node-14]: process started with pid [214]
[INFO] [rviz2-15]: process started with pid [216]
[INFO] [relay-16]: process started with pid [218]
[INFO] [control_mode_adapter.py-17]: process started with pid [220]
[INFO] [actuation_cmd_converter-18]: process started with pid [222]
[INFO] [relay-19]: process started with pid [224]
[INFO] [component_container_mt-20]: process started with pid [228]
[simple_trajectory_generator_node-9] [INFO] [1754805287.560044850] [planning.scenario_planning.simple_trajectory_generator]: csv_path parameter changed from '' to '/aichallenge/workspace/install/simple_trajectory_generator/share/simple_trajectory_generator/data/raceline_awsim_15km.csv'
[simple_trajectory_generator_node-9] [INFO] [1754805287.560676926] [planning.scenario_planning.simple_trajectory_generator]: Successfully loaded new trajectory from CSV: /aichallenge/workspace/install/simple_trajectory_generator/share/simple_trajectory_generator/data/raceline_awsim_15km.csv with 121 points
[simple_trajectory_generator_node-9] [INFO] [1754805287.560843269] [planning.scenario_planning.simple_trajectory_generator]: z parameter changed to 6.500000
[simple_trajectory_generator_node-9] [INFO] [1754805287.561283369] [planning.scenario_planning.simple_trajectory_generator]: Loaded trajectory from CSV with 121 points
[ekf_localizer-7] [WARN] [1754805287.584793939] [localization.ekf_localizer]: The node is not activated. Provide initial pose to pose_initializer
[imu_corrector-3] [WARN] [1754805287.585497376] [sensing.imu.imu_corrector]: failed to get transform from imu_link to base_link: "imu_link" passed to lookupTransform argument target_frame does not exist. 
[imu_corrector-3] [ERROR] [1754805287.585602633] [sensing.imu.imu_corrector]: Please publish TF base_link to imu_link
[robot_state_publisher-1] [INFO] [1754805287.589426780] [robot_state_publisher]: got segment base_link
[robot_state_publisher-1] [INFO] [1754805287.589655458] [robot_state_publisher]: got segment gnss_link
[robot_state_publisher-1] [INFO] [1754805287.589688638] [robot_state_publisher]: got segment imu_link
[robot_state_publisher-1] [INFO] [1754805287.589710054] [robot_state_publisher]: got segment sensor_kit_base_link
[gyro_odometer-5] [WARN] [1754805287.605846200] [localization.gyro_odometer]: Imu msg is not subscribed
[interactive_server-10] [INFO] [1754805287.622486141] [editor_tool_server]: Waiting for 5.000000 seconds before loading CSV and publishing markers.
[simple_pure_pursuit-11] [INFO] [1754805287.627428430] [simple_pure_pursuit_node]: odometry is not available
[imu_corrector-3] [WARN] [1754805287.638489217] [sensing.imu.imu_corrector]: failed to get transform from imu_link to base_link: "imu_link" passed to lookupTransform argument target_frame does not exist. 
[imu_corrector-3] [WARN] [1754805287.684973932] [sensing.imu.imu_corrector]: failed to get transform from imu_link to base_link: "imu_link" passed to lookupTransform argument target_frame does not exist. 
[component_container_mt-20] [INFO] [1754805287.731981578] [system.system_monitor.system_monitor.system_monitor_container]: Load Library: /autoware/install/system_monitor/lib/libcpu_monitor_lib.so
[imu_corrector-3] [WARN] [1754805287.734994045] [sensing.imu.imu_corrector]: failed to get transform from imu_link to base_link: "imu_link" passed to lookupTransform argument target_frame does not exist. 
[component_container_mt-20] [INFO] [1754805287.740632366] [system.system_monitor.system_monitor.system_monitor_container]: Found class: rclcpp_components::NodeFactoryTemplate<CPUMonitor>
[component_container_mt-20] [INFO] [1754805287.740715973] [system.system_monitor.system_monitor.system_monitor_container]: Instantiate class: rclcpp_components::NodeFactoryTemplate<CPUMonitor>
[INFO] [launch_ros.actions.load_composable_nodes]: Loaded node '/system/system_monitor/cpu_monitor' in container '/system/system_monitor/system_monitor/system_monitor_container'
[component_container_mt-20] [INFO] [1754805287.780355065] [system.system_monitor.system_monitor.system_monitor_container]: Load Library: /autoware/install/system_monitor/lib/libmem_monitor_lib.so
[component_container_mt-20] [INFO] [1754805287.781590948] [system.system_monitor.system_monitor.system_monitor_container]: Found class: rclcpp_components::NodeFactoryTemplate<MemMonitor>
[component_container_mt-20] [INFO] [1754805287.781614551] [system.system_monitor.system_monitor.system_monitor_container]: Instantiate class: rclcpp_components::NodeFactoryTemplate<MemMonitor>
[INFO] [launch_ros.actions.load_composable_nodes]: Loaded node '/system/system_monitor/mem_monitor' in container '/system/system_monitor/system_monitor/system_monitor_container'
[component_container_mt-20] [INFO] [1754805287.793988339] [system.system_monitor.system_monitor.system_monitor_container]: Load Library: /autoware/install/system_monitor/lib/libprocess_monitor_lib.so
[component_container_mt-20] [INFO] [1754805287.796740770] [system.system_monitor.system_monitor.system_monitor_container]: Found class: rclcpp_components::NodeFactoryTemplate<ProcessMonitor>
[component_container_mt-20] [INFO] [1754805287.796814720] [system.system_monitor.system_monitor.system_monitor_container]: Instantiate class: rclcpp_components::NodeFactoryTemplate<ProcessMonitor>
[INFO] [launch_ros.actions.load_composable_nodes]: Loaded node '/system/system_monitor/process_monitor' in container '/system/system_monitor/system_monitor/system_monitor_container'
[rviz2-15] QPainter::begin: Paint device returned engine == 0, type: 2
[component_container_mt-20] [INFO] [1754805287.809625172] [system.system_monitor.system_monitor.system_monitor_container]: Load Library: /autoware/install/system_monitor/lib/libvoltage_monitor_lib.so
[component_container_mt-20] [INFO] [1754805287.811333486] [system.system_monitor.system_monitor.system_monitor_container]: Found class: rclcpp_components::NodeFactoryTemplate<VoltageMonitor>
[component_container_mt-20] [INFO] [1754805287.811367619] [system.system_monitor.system_monitor.system_monitor_container]: Instantiate class: rclcpp_components::NodeFactoryTemplate<VoltageMonitor>
[rviz2-15] QPainter::setPen: Painter not active
[component_container-12] [INFO] [1754805287.817493371] [map.map_container]: Load Library: /autoware/install/map_loader/lib/liblanelet2_map_loader_node.so
[INFO] [launch_ros.actions.load_composable_nodes]: Loaded node '/system/system_monitor/voltage_monitor' in container '/system/system_monitor/system_monitor/system_monitor_container'
[component_container-12] [INFO] [1754805287.838788279] [map.map_container]: Found class: rclcpp_components::NodeFactoryTemplate<Lanelet2MapLoaderNode>
[component_container-12] [INFO] [1754805287.838853124] [map.map_container]: Instantiate class: rclcpp_components::NodeFactoryTemplate<Lanelet2MapLoaderNode>
[INFO] [launch_ros.actions.load_composable_nodes]: Loaded node '/map/lanelet2_map_loader' in container '/map/map_container'
[component_container-12] [INFO] [1754805287.863134149] [map.map_container]: Load Library: /autoware/install/map_loader/lib/liblanelet2_map_visualization_node.so
[component_container-12] [INFO] [1754805287.867264183] [map.map_container]: Found class: rclcpp_components::NodeFactoryTemplate<Lanelet2MapVisualizationNode>
[component_container-12] [INFO] [1754805287.867323019] [map.map_container]: Instantiate class: rclcpp_components::NodeFactoryTemplate<Lanelet2MapVisualizationNode>
[INFO] [launch_ros.actions.load_composable_nodes]: Loaded node '/map/lanelet2_map_visualization' in container '/map/map_container'
[component_container-12] [INFO] [1754805287.882145853] [map.lanelet2_map_visualization]: Map is loaded
[component_container-12] 
[component_container-12] [INFO] [1754805287.886545562] [map.map_container]: Load Library: /autoware/install/map_tf_generator/lib/libvector_map_tf_generator_node.so
[component_container-12] [INFO] [1754805287.891140221] [map.map_container]: Found class: rclcpp_components::NodeFactoryTemplate<VectorMapTFGeneratorNode>
[component_container-12] [INFO] [1754805287.891204709] [map.map_container]: Instantiate class: rclcpp_components::NodeFactoryTemplate<VectorMapTFGeneratorNode>
[INFO] [launch_ros.actions.load_composable_nodes]: Loaded node '/map/vector_map_tf_generator' in container '/map/map_container'
[component_container-12] [INFO] [1754805287.906876659] [map.vector_map_tf_generator]: broadcast static tf. map_frame:map, viewer_frame:viewer, x:89648.2, y:43157.2, z:6.5
[rviz2-15] [INFO] [1754805288.081038233] [rviz2]: Stereo is NOT SUPPORTED
[rviz2-15] [INFO] [1754805288.081263356] [rviz2]: OpenGl version: 4.6 (GLSL 4.6)
[rviz2-15] [INFO] [1754805288.114435548] [rviz2]: Stereo is NOT SUPPORTED
[simple_trajectory_generator_node-9] [WARN] [1754805288.520407616] [planning.scenario_planning.simple_trajectory_generator]: New subscription discovered on topic '/planning/scenario_planning/trajectory', requesting incompatible QoS. No messages will be sent to it. Last incompatible policy: RELIABILITY_QOS_POLICY
[simple_trajectory_generator_node-9] [WARN] [1754805288.521290515] [planning.scenario_planning.simple_trajectory_generator]: New subscription discovered on topic '/planning/scenario_planning/trajectory', requesting incompatible QoS. No messages will be sent to it. Last incompatible policy: RELIABILITY_QOS_POLICY
[simple_pure_pursuit-11] [INFO] [1754805288.634758292] [simple_pure_pursuit_node]: odometry is not available
[rviz2-15] QObject::connect: No such signal QLineEdit::valueChanged(std::string)
[simple_pure_pursuit-11] [INFO] [1754805289.645324659] [simple_pure_pursuit_node]: odometry is not available
[ekf_localizer-7] [WARN] [1754805289.679240989] [localization.ekf_localizer]: The node is not activated. Provide initial pose to pose_initializer
[simple_pure_pursuit-11] [INFO] [1754805290.654877027] [simple_pure_pursuit_node]: odometry is not available
[goal_pose_setter_node-14] [INFO] [1754805290.881808342] [goal_pose_setter]: Call localization trigger
[goal_pose_setter_node-14] [INFO] [1754805291.059536792] [goal_pose_setter]: Complete localization trigger
[interactive_server-10] [INFO] [1754805292.622695722] [editor_tool_server]: Loading CSV file: /aichallenge/workspace/src/aichallenge-trajectory-editor/csv/centerline_15km.csv
[interactive_server-10] [ERROR] [1754805292.622843658] [editor_tool_server]: Failed to open file: /aichallenge/workspace/src/aichallenge-trajectory-editor/csv/centerline_15km.csv
[simple_pure_pursuit-11] [INFO] [1754805292.625070274] [simple_pure_pursuit_node]: trajectory points is empty
[relay-16] [WARN] [1754805305.635137040] [initial_pose_relay]: Some, but not all, publishers on topic /initialpose offer 'transient local' durability. Falling back to 'volatile' durability in orderto connect to all publishers.
[rviz2-15] [WARN] [1754805305.754805415] [rviz2]: Negative eigenvalue found for position. Is the covariance matrix correct (positive semidefinite)?
[ekf_localizer-7] [WARN] [1754805305.755558615] [localization.ekf_localizer]: The Mahalanobis distance 3568976394.0000 is over the limit 10000.0000.
[rviz2-15] OpenCV: FFMPEG: tag 0x34363268/'h264' is not supported with codec id 27 and format 'mp4 / MP4 (MPEG-4 Part 14)'
[rviz2-15] OpenCV: FFMPEG: fallback to use tag 0x31637661/'avc1'
[simple_trajectory_generator_node-9] [INFO] [1754805344.562241836] [planning.scenario_planning.simple_trajectory_generator]: Published trajectory with 121 points
[simple_trajectory_generator_node-9] [INFO] [1754805405.562982652] [planning.scenario_planning.simple_trajectory_generator]: Published trajectory with 121 points
[simple_trajectory_generator_node-9] [INFO] [1754805466.563617337] [planning.scenario_planning.simple_trajectory_generator]: Published trajectory with 121 points
[simple_trajectory_generator_node-9] [INFO] [1754805527.564298389] [planning.scenario_planning.simple_trajectory_generator]: Published trajectory with 121 points
[simple_trajectory_generator_node-9] [INFO] [1754805588.564889741] [planning.scenario_planning.simple_trajectory_generator]: Published trajectory with 121 points
[simple_trajectory_generator_node-9] [INFO] [1754805649.565624313] [planning.scenario_planning.simple_trajectory_generator]: Published trajectory with 121 points
