[INFO] [launch]: All log files can be found below /root/.ros/log/2025-08-10-20-57-43-102397-ubuntu-HP-Laptop-14s-dq5xxx-175
[INFO] [launch]: Default logging verbosity is set to INFO
[INFO] [launch.user]: The arguments for aichallenge_system_launch.
[INFO] [launch.user]:  - simulation: true
[INFO] [launch.user]:  - use_sim_time: true
[INFO] [launch.user]:  - sensor_model: racing_kart_sensor_kit
[INFO] [launch.user]:  - launch_vehicle_interface: true
[INFO] [launch.user]:  - rviz config: /aichallenge/workspace/install/aichallenge_system_launch/share/aichallenge_system_launch/config/autoware.rviz
[INFO] [launch.user]: The arguments for aichallenge_submit_launch.
[INFO] [launch.user]:  - simulation: true
[INFO] [launch.user]:  - use_sim_time: true
[INFO] [launch.user]:  - sensor_model: racing_kart_sensor_kit
[INFO] [launch.user]:  - launch_vehicle_interface: true
[INFO] [launch.user]: echo launch param use_sim_time: true launch_vehicle_interface: true sensor_model: racing_kart_sensor_kit
[INFO] [robot_state_publisher-1]: process started with pid [189]
[INFO] [vehicle_velocity_converter-2]: process started with pid [191]
[INFO] [imu_corrector-3]: process started with pid [193]
[INFO] [gnss_poser-4]: process started with pid [195]
[INFO] [gyro_odometer-5]: process started with pid [197]
[INFO] [imu_gnss_poser_node-6]: process started with pid [199]
[INFO] [ekf_localizer-7]: process started with pid [201]
[INFO] [twist2accel-8]: process started with pid [203]
[INFO] [simple_trajectory_generator_node-9]: process started with pid [205]
[INFO] [interactive_server-10]: process started with pid [207]
[INFO] [simple_pure_pursuit-11]: process started with pid [209]
[INFO] [component_container-12]: process started with pid [211]
[INFO] [raw_vehicle_cmd_converter_node-13]: process started with pid [213]
[INFO] [goal_pose_setter_node-14]: process started with pid [215]
[INFO] [rviz2-15]: process started with pid [217]
[INFO] [relay-16]: process started with pid [219]
[INFO] [control_mode_adapter.py-17]: process started with pid [225]
[INFO] [actuation_cmd_converter-18]: process started with pid [227]
[INFO] [relay-19]: process started with pid [262]
[INFO] [component_container_mt-20]: process started with pid [319]
[simple_trajectory_generator_node-9] [INFO] [1754827064.289776969] [planning.scenario_planning.simple_trajectory_generator]: csv_path parameter changed from '' to '/aichallenge/workspace/install/simple_trajectory_generator/share/simple_trajectory_generator/data/raceline_awsim_15km.csv'
[simple_trajectory_generator_node-9] [INFO] [1754827064.290246175] [planning.scenario_planning.simple_trajectory_generator]: Successfully loaded new trajectory from CSV: /aichallenge/workspace/install/simple_trajectory_generator/share/simple_trajectory_generator/data/raceline_awsim_15km.csv with 121 points
[simple_trajectory_generator_node-9] [INFO] [1754827064.290360468] [planning.scenario_planning.simple_trajectory_generator]: z parameter changed to 6.500000
[simple_trajectory_generator_node-9] [INFO] [1754827064.290742192] [planning.scenario_planning.simple_trajectory_generator]: Loaded trajectory from CSV with 121 points
[robot_state_publisher-1] [INFO] [1754827064.334429538] [robot_state_publisher]: got segment base_link
[robot_state_publisher-1] [INFO] [1754827064.335623997] [robot_state_publisher]: got segment gnss_link
[robot_state_publisher-1] [INFO] [1754827064.335645758] [robot_state_publisher]: got segment imu_link
[robot_state_publisher-1] [INFO] [1754827064.335655342] [robot_state_publisher]: got segment sensor_kit_base_link
[simple_pure_pursuit-11] [WARN] [1754827064.341196005] [simple_pure_pursuit_node]: New publisher discovered on topic '/planning/scenario_planning/trajectory', offering incompatible QoS. No messages will be sent to it. Last incompatible policy: RELIABILITY_QOS_POLICY
[interactive_server-10] [INFO] [1754827064.345552515] [editor_tool_server]: Waiting for 5.000000 seconds before loading CSV and publishing markers.
[simple_pure_pursuit-11] [INFO] [1754827064.351274954] [simple_pure_pursuit_node]: odometry is not available
[gyro_odometer-5] [WARN] [1754827064.354186202] [localization.gyro_odometer]: Imu msg is not subscribed
[ekf_localizer-7] [WARN] [1754827064.360397148] [localization.ekf_localizer]: The node is not activated. Provide initial pose to pose_initializer
[component_container-12] [INFO] [1754827064.392247822] [map.map_container]: Load Library: /autoware/install/map_loader/lib/liblanelet2_map_loader_node.so
[component_container-12] [INFO] [1754827064.417923235] [map.map_container]: Found class: rclcpp_components::NodeFactoryTemplate<Lanelet2MapLoaderNode>
[component_container-12] [INFO] [1754827064.417994818] [map.map_container]: Instantiate class: rclcpp_components::NodeFactoryTemplate<Lanelet2MapLoaderNode>
[INFO] [launch_ros.actions.load_composable_nodes]: Loaded node '/map/lanelet2_map_loader' in container '/map/map_container'
[component_container-12] [INFO] [1754827064.450682754] [map.map_container]: Load Library: /autoware/install/map_loader/lib/liblanelet2_map_visualization_node.so
[component_container-12] [INFO] [1754827064.454198074] [map.map_container]: Found class: rclcpp_components::NodeFactoryTemplate<Lanelet2MapVisualizationNode>
[component_container-12] [INFO] [1754827064.454272719] [map.map_container]: Instantiate class: rclcpp_components::NodeFactoryTemplate<Lanelet2MapVisualizationNode>
[simple_trajectory_generator_node-9] [WARN] [1754827064.466174720] [planning.scenario_planning.simple_trajectory_generator]: New subscription discovered on topic '/planning/scenario_planning/trajectory', requesting incompatible QoS. No messages will be sent to it. Last incompatible policy: RELIABILITY_QOS_POLICY
[component_container_mt-20] [INFO] [1754827064.468201281] [system.system_monitor.system_monitor.system_monitor_container]: Load Library: /autoware/install/system_monitor/lib/libcpu_monitor_lib.so
[INFO] [launch_ros.actions.load_composable_nodes]: Loaded node '/map/lanelet2_map_visualization' in container '/map/map_container'
[component_container-12] [INFO] [1754827064.482107460] [map.lanelet2_map_visualization]: Map is loaded
[component_container-12] 
[component_container_mt-20] [INFO] [1754827064.482150501] [system.system_monitor.system_monitor.system_monitor_container]: Found class: rclcpp_components::NodeFactoryTemplate<CPUMonitor>
[component_container_mt-20] [INFO] [1754827064.482215763] [system.system_monitor.system_monitor.system_monitor_container]: Instantiate class: rclcpp_components::NodeFactoryTemplate<CPUMonitor>
[component_container-12] [INFO] [1754827064.492591927] [map.map_container]: Load Library: /autoware/install/map_tf_generator/lib/libvector_map_tf_generator_node.so
[component_container-12] [INFO] [1754827064.502049627] [map.map_container]: Found class: rclcpp_components::NodeFactoryTemplate<VectorMapTFGeneratorNode>
[component_container-12] [INFO] [1754827064.502120548] [map.map_container]: Instantiate class: rclcpp_components::NodeFactoryTemplate<VectorMapTFGeneratorNode>
[INFO] [launch_ros.actions.load_composable_nodes]: Loaded node '/system/system_monitor/cpu_monitor' in container '/system/system_monitor/system_monitor/system_monitor_container'
[component_container_mt-20] [INFO] [1754827064.520096031] [system.system_monitor.system_monitor.system_monitor_container]: Load Library: /autoware/install/system_monitor/lib/libmem_monitor_lib.so
[INFO] [launch_ros.actions.load_composable_nodes]: Loaded node '/map/vector_map_tf_generator' in container '/map/map_container'
[component_container_mt-20] [INFO] [1754827064.523780303] [system.system_monitor.system_monitor.system_monitor_container]: Found class: rclcpp_components::NodeFactoryTemplate<MemMonitor>
[component_container_mt-20] [INFO] [1754827064.523853905] [system.system_monitor.system_monitor.system_monitor_container]: Instantiate class: rclcpp_components::NodeFactoryTemplate<MemMonitor>
[component_container-12] [INFO] [1754827064.531369200] [map.vector_map_tf_generator]: broadcast static tf. map_frame:map, viewer_frame:viewer, x:89648.2, y:43157.2, z:6.5
[INFO] [launch_ros.actions.load_composable_nodes]: Loaded node '/system/system_monitor/mem_monitor' in container '/system/system_monitor/system_monitor/system_monitor_container'
[rviz2-15] QPainter::begin: Paint device returned engine == 0, type: 2
[component_container_mt-20] [INFO] [1754827064.542187423] [system.system_monitor.system_monitor.system_monitor_container]: Load Library: /autoware/install/system_monitor/lib/libprocess_monitor_lib.so
[rviz2-15] QPainter::setPen: Painter not active
[component_container_mt-20] [INFO] [1754827064.544540927] [system.system_monitor.system_monitor.system_monitor_container]: Found class: rclcpp_components::NodeFactoryTemplate<ProcessMonitor>
[component_container_mt-20] [INFO] [1754827064.544594119] [system.system_monitor.system_monitor.system_monitor_container]: Instantiate class: rclcpp_components::NodeFactoryTemplate<ProcessMonitor>
[INFO] [launch_ros.actions.load_composable_nodes]: Loaded node '/system/system_monitor/process_monitor' in container '/system/system_monitor/system_monitor/system_monitor_container'
[component_container_mt-20] [INFO] [1754827064.561879559] [system.system_monitor.system_monitor.system_monitor_container]: Load Library: /autoware/install/system_monitor/lib/libvoltage_monitor_lib.so
[component_container_mt-20] [INFO] [1754827064.563962138] [system.system_monitor.system_monitor.system_monitor_container]: Found class: rclcpp_components::NodeFactoryTemplate<VoltageMonitor>
[component_container_mt-20] [INFO] [1754827064.564023044] [system.system_monitor.system_monitor.system_monitor_container]: Instantiate class: rclcpp_components::NodeFactoryTemplate<VoltageMonitor>
[INFO] [launch_ros.actions.load_composable_nodes]: Loaded node '/system/system_monitor/voltage_monitor' in container '/system/system_monitor/system_monitor/system_monitor_container'
[rviz2-15] [INFO] [1754827064.867820552] [rviz2]: Stereo is NOT SUPPORTED
[rviz2-15] [INFO] [1754827064.868004166] [rviz2]: OpenGl version: 4.6 (GLSL 4.6)
[rviz2-15] [INFO] [1754827064.921689281] [rviz2]: Stereo is NOT SUPPORTED
[simple_pure_pursuit-11] [INFO] [1754827065.359020753] [simple_pure_pursuit_node]: odometry is not available
[simple_trajectory_generator_node-9] [WARN] [1754827065.365752937] [planning.scenario_planning.simple_trajectory_generator]: New subscription discovered on topic '/planning/scenario_planning/trajectory', requesting incompatible QoS. No messages will be sent to it. Last incompatible policy: RELIABILITY_QOS_POLICY
[simple_trajectory_generator_node-9] [WARN] [1754827065.366917883] [planning.scenario_planning.simple_trajectory_generator]: New subscription discovered on topic '/planning/scenario_planning/trajectory', requesting incompatible QoS. No messages will be sent to it. Last incompatible policy: RELIABILITY_QOS_POLICY
[rviz2-15] QObject::connect: No such signal QLineEdit::valueChanged(std::string)
[simple_pure_pursuit-11] [INFO] [1754827066.369256611] [simple_pure_pursuit_node]: odometry is not available
[ekf_localizer-7] [WARN] [1754827066.410880683] [localization.ekf_localizer]: The node is not activated. Provide initial pose to pose_initializer
[simple_pure_pursuit-11] [INFO] [1754827067.379062404] [simple_pure_pursuit_node]: odometry is not available
[goal_pose_setter_node-14] [INFO] [1754827067.628542074] [goal_pose_setter]: Call localization trigger
[goal_pose_setter_node-14] [INFO] [1754827067.769436992] [goal_pose_setter]: Complete localization trigger
[simple_pure_pursuit-11] [INFO] [1754827067.779324460] [simple_pure_pursuit_node]: trajectory is not available
[simple_pure_pursuit-11] [INFO] [1754827068.789151037] [simple_pure_pursuit_node]: trajectory is not available
[interactive_server-10] [INFO] [1754827069.345737569] [editor_tool_server]: Loading CSV file: /aichallenge/workspace/src/aichallenge-trajectory-editor/csv/centerline_15km.csv
[interactive_server-10] [ERROR] [1754827069.345993517] [editor_tool_server]: Failed to open file: /aichallenge/workspace/src/aichallenge-trajectory-editor/csv/centerline_15km.csv
[simple_pure_pursuit-11] [INFO] [1754827069.349184127] [simple_pure_pursuit_node]: trajectory points is empty
[simple_pure_pursuit-11] [INFO] [1754827070.359112674] [simple_pure_pursuit_node]: trajectory points is empty
[simple_pure_pursuit-11] [INFO] [1754827071.369410970] [simple_pure_pursuit_node]: trajectory points is empty
[simple_pure_pursuit-11] [INFO] [1754827072.379144329] [simple_pure_pursuit_node]: trajectory points is empty
[simple_pure_pursuit-11] [INFO] [1754827073.389488699] [simple_pure_pursuit_node]: trajectory points is empty
[simple_pure_pursuit-11] [INFO] [1754827074.399367089] [simple_pure_pursuit_node]: trajectory points is empty
[simple_pure_pursuit-11] [INFO] [1754827075.409153615] [simple_pure_pursuit_node]: trajectory points is empty
[simple_pure_pursuit-11] [INFO] [1754827076.419589242] [simple_pure_pursuit_node]: trajectory points is empty
[simple_pure_pursuit-11] [INFO] [1754827077.429329754] [simple_pure_pursuit_node]: trajectory points is empty
[simple_pure_pursuit-11] [INFO] [1754827078.439401487] [simple_pure_pursuit_node]: trajectory points is empty
[simple_pure_pursuit-11] [INFO] [1754827079.449289937] [simple_pure_pursuit_node]: trajectory points is empty
[simple_pure_pursuit-11] [INFO] [1754827080.459322767] [simple_pure_pursuit_node]: trajectory points is empty
[simple_pure_pursuit-11] [INFO] [1754827081.469202583] [simple_pure_pursuit_node]: trajectory points is empty
[simple_pure_pursuit-11] [INFO] [1754827082.479486007] [simple_pure_pursuit_node]: trajectory points is empty
[simple_pure_pursuit-11] [INFO] [1754827083.489408458] [simple_pure_pursuit_node]: trajectory points is empty
[simple_pure_pursuit-11] [INFO] [1754827084.499427747] [simple_pure_pursuit_node]: trajectory points is empty
[simple_pure_pursuit-11] [INFO] [1754827085.509517088] [simple_pure_pursuit_node]: trajectory points is empty
[simple_pure_pursuit-11] [INFO] [1754827086.519272743] [simple_pure_pursuit_node]: trajectory points is empty
[simple_pure_pursuit-11] [INFO] [1754827087.529394854] [simple_pure_pursuit_node]: trajectory points is empty
[simple_pure_pursuit-11] [INFO] [1754827088.539238806] [simple_pure_pursuit_node]: trajectory points is empty
[simple_pure_pursuit-11] [INFO] [1754827089.549408099] [simple_pure_pursuit_node]: trajectory points is empty
[simple_pure_pursuit-11] [INFO] [1754827090.559341092] [simple_pure_pursuit_node]: trajectory points is empty
[simple_pure_pursuit-11] [INFO] [1754827091.569345458] [simple_pure_pursuit_node]: trajectory points is empty
[simple_pure_pursuit-11] [INFO] [1754827092.579595151] [simple_pure_pursuit_node]: trajectory points is empty
[simple_pure_pursuit-11] [INFO] [1754827093.589407968] [simple_pure_pursuit_node]: trajectory points is empty
[simple_pure_pursuit-11] [INFO] [1754827094.599347927] [simple_pure_pursuit_node]: trajectory points is empty
[simple_pure_pursuit-11] [INFO] [1754827095.609431661] [simple_pure_pursuit_node]: trajectory points is empty
[simple_pure_pursuit-11] [INFO] [1754827096.619406502] [simple_pure_pursuit_node]: trajectory points is empty
[simple_pure_pursuit-11] [INFO] [1754827097.629628118] [simple_pure_pursuit_node]: trajectory points is empty
[simple_pure_pursuit-11] [INFO] [1754827098.639586935] [simple_pure_pursuit_node]: trajectory points is empty
[simple_pure_pursuit-11] [INFO] [1754827099.649908415] [simple_pure_pursuit_node]: trajectory points is empty
[simple_pure_pursuit-11] [INFO] [1754827100.659452910] [simple_pure_pursuit_node]: trajectory points is empty
[simple_pure_pursuit-11] [INFO] [1754827101.669690827] [simple_pure_pursuit_node]: trajectory points is empty
[simple_pure_pursuit-11] [INFO] [1754827102.679684196] [simple_pure_pursuit_node]: trajectory points is empty
[simple_pure_pursuit-11] [INFO] [1754827103.691363210] [simple_pure_pursuit_node]: trajectory points is empty
[simple_pure_pursuit-11] [INFO] [1754827104.699547739] [simple_pure_pursuit_node]: trajectory points is empty
[simple_pure_pursuit-11] [INFO] [1754827105.709786509] [simple_pure_pursuit_node]: trajectory points is empty
[simple_pure_pursuit-11] [INFO] [1754827106.719639851] [simple_pure_pursuit_node]: trajectory points is empty
[simple_pure_pursuit-11] [INFO] [1754827107.729655127] [simple_pure_pursuit_node]: trajectory points is empty
[simple_pure_pursuit-11] [INFO] [1754827108.739667460] [simple_pure_pursuit_node]: trajectory points is empty
[simple_pure_pursuit-11] [INFO] [1754827109.749627657] [simple_pure_pursuit_node]: trajectory points is empty
[simple_pure_pursuit-11] [INFO] [1754827110.759747585] [simple_pure_pursuit_node]: trajectory points is empty
[simple_pure_pursuit-11] [INFO] [1754827111.769729267] [simple_pure_pursuit_node]: trajectory points is empty
[simple_pure_pursuit-11] [INFO] [1754827112.779604529] [simple_pure_pursuit_node]: trajectory points is empty
[simple_pure_pursuit-11] [INFO] [1754827113.789766883] [simple_pure_pursuit_node]: trajectory points is empty
[simple_pure_pursuit-11] [INFO] [1754827114.799885755] [simple_pure_pursuit_node]: trajectory points is empty
[simple_pure_pursuit-11] [INFO] [1754827115.809801356] [simple_pure_pursuit_node]: trajectory points is empty
[simple_pure_pursuit-11] [INFO] [1754827116.820017151] [simple_pure_pursuit_node]: trajectory points is empty
[simple_pure_pursuit-11] [INFO] [1754827117.829844342] [simple_pure_pursuit_node]: trajectory points is empty
[simple_pure_pursuit-11] [INFO] [1754827118.839754812] [simple_pure_pursuit_node]: trajectory points is empty
[simple_pure_pursuit-11] [INFO] [1754827119.849786136] [simple_pure_pursuit_node]: trajectory points is empty
[simple_pure_pursuit-11] [INFO] [1754827120.859763322] [simple_pure_pursuit_node]: trajectory points is empty
[simple_pure_pursuit-11] [INFO] [1754827121.869809837] [simple_pure_pursuit_node]: trajectory points is empty
[simple_trajectory_generator_node-9] [INFO] [1754827122.291694642] [planning.scenario_planning.simple_trajectory_generator]: Published trajectory with 121 points
[simple_pure_pursuit-11] [INFO] [1754827122.879898997] [simple_pure_pursuit_node]: trajectory points is empty
[simple_pure_pursuit-11] [INFO] [1754827123.890091392] [simple_pure_pursuit_node]: trajectory points is empty
[simple_pure_pursuit-11] [INFO] [1754827124.899998479] [simple_pure_pursuit_node]: trajectory points is empty
[simple_pure_pursuit-11] [INFO] [1754827125.909857742] [simple_pure_pursuit_node]: trajectory points is empty
[simple_pure_pursuit-11] [INFO] [1754827126.919847660] [simple_pure_pursuit_node]: trajectory points is empty
[simple_pure_pursuit-11] [INFO] [1754827127.930198652] [simple_pure_pursuit_node]: trajectory points is empty
[simple_pure_pursuit-11] [INFO] [1754827128.939926257] [simple_pure_pursuit_node]: trajectory points is empty
[simple_pure_pursuit-11] [INFO] [1754827129.950307392] [simple_pure_pursuit_node]: trajectory points is empty
[simple_pure_pursuit-11] [INFO] [1754827130.960107820] [simple_pure_pursuit_node]: trajectory points is empty
[simple_pure_pursuit-11] [INFO] [1754827131.970150297] [simple_pure_pursuit_node]: trajectory points is empty
[simple_pure_pursuit-11] [INFO] [1754827132.980103964] [simple_pure_pursuit_node]: trajectory points is empty
[simple_pure_pursuit-11] [INFO] [1754827133.989966661] [simple_pure_pursuit_node]: trajectory points is empty
[simple_pure_pursuit-11] [INFO] [1754827135.000044565] [simple_pure_pursuit_node]: trajectory points is empty
[simple_pure_pursuit-11] [INFO] [1754827136.009880332] [simple_pure_pursuit_node]: trajectory points is empty
[simple_pure_pursuit-11] [INFO] [1754827137.020005364] [simple_pure_pursuit_node]: trajectory points is empty
[simple_pure_pursuit-11] [INFO] [1754827138.030079333] [simple_pure_pursuit_node]: trajectory points is empty
[simple_pure_pursuit-11] [INFO] [1754827139.040250326] [simple_pure_pursuit_node]: trajectory points is empty
[simple_pure_pursuit-11] [INFO] [1754827140.050051190] [simple_pure_pursuit_node]: trajectory points is empty
[simple_pure_pursuit-11] [INFO] [1754827141.060151918] [simple_pure_pursuit_node]: trajectory points is empty
[simple_pure_pursuit-11] [INFO] [1754827142.070025448] [simple_pure_pursuit_node]: trajectory points is empty
[simple_pure_pursuit-11] [INFO] [1754827143.079969182] [simple_pure_pursuit_node]: trajectory points is empty
[simple_pure_pursuit-11] [INFO] [1754827144.090331941] [simple_pure_pursuit_node]: trajectory points is empty
[simple_pure_pursuit-11] [INFO] [1754827145.100148822] [simple_pure_pursuit_node]: trajectory points is empty
[relay-16] [WARN] [1754827145.743513764] [initial_pose_relay]: Some, but not all, publishers on topic /initialpose offer 'transient local' durability. Falling back to 'volatile' durability in orderto connect to all publishers.
[ekf_localizer-7] [WARN] [1754827145.867478235] [localization.ekf_localizer]: The Mahalanobis distance 9329127706.2582 is over the limit 10000.0000.
[simple_pure_pursuit-11] [INFO] [1754827146.110271633] [simple_pure_pursuit_node]: trajectory points is empty
[simple_pure_pursuit-11] [INFO] [1754827147.120232722] [simple_pure_pursuit_node]: trajectory points is empty
[rviz2-15] OpenCV: FFMPEG: tag 0x34363268/'h264' is not supported with codec id 27 and format 'mp4 / MP4 (MPEG-4 Part 14)'
[rviz2-15] OpenCV: FFMPEG: fallback to use tag 0x31637661/'avc1'
[ekf_localizer-7] [WARN] [1754827148.123766434] [localization.ekf_localizer]: The Mahalanobis distance 1454485453.6928 is over the limit 10000.0000.
[simple_pure_pursuit-11] [INFO] [1754827148.130461040] [simple_pure_pursuit_node]: trajectory points is empty
[simple_pure_pursuit-11] [INFO] [1754827149.140310528] [simple_pure_pursuit_node]: trajectory points is empty
[simple_pure_pursuit-11] [INFO] [1754827150.150326481] [simple_pure_pursuit_node]: trajectory points is empty
[simple_pure_pursuit-11] [INFO] [1754827151.160594618] [simple_pure_pursuit_node]: trajectory points is empty
[simple_pure_pursuit-11] [INFO] [1754827152.170514959] [simple_pure_pursuit_node]: trajectory points is empty
[simple_pure_pursuit-11] [INFO] [1754827153.180217736] [simple_pure_pursuit_node]: trajectory points is empty
[ekf_localizer-7] [WARN] [1754827154.083302587] [localization.ekf_localizer]: The Mahalanobis distance 80111.3144 is over the limit 10000.0000.
[simple_pure_pursuit-11] [INFO] [1754827154.190227681] [simple_pure_pursuit_node]: trajectory points is empty
[simple_pure_pursuit-11] [INFO] [1754827155.200215447] [simple_pure_pursuit_node]: trajectory points is empty
[ekf_localizer-7] [WARN] [1754827156.102040002] [localization.ekf_localizer]: The Mahalanobis distance 40854.2321 is over the limit 10000.0000.
[simple_pure_pursuit-11] [INFO] [1754827156.210239619] [simple_pure_pursuit_node]: trajectory points is empty
[simple_pure_pursuit-11] [INFO] [1754827157.220134016] [simple_pure_pursuit_node]: trajectory points is empty
[ekf_localizer-7] [WARN] [1754827158.124818226] [localization.ekf_localizer]: The Mahalanobis distance 38709.9777 is over the limit 10000.0000.
[simple_pure_pursuit-11] [INFO] [1754827158.230393271] [simple_pure_pursuit_node]: trajectory points is empty
[simple_pure_pursuit-11] [INFO] [1754827159.240562568] [simple_pure_pursuit_node]: trajectory points is empty
[ekf_localizer-7] [WARN] [1754827160.164816259] [localization.ekf_localizer]: The Mahalanobis distance 42410.0270 is over the limit 10000.0000.
[simple_pure_pursuit-11] [INFO] [1754827160.250414175] [simple_pure_pursuit_node]: trajectory points is empty
[simple_pure_pursuit-11] [INFO] [1754827161.260995620] [simple_pure_pursuit_node]: trajectory points is empty
[simple_pure_pursuit-11] [INFO] [1754827162.270355334] [simple_pure_pursuit_node]: trajectory points is empty
[ekf_localizer-7] [WARN] [1754827162.309653886] [localization.ekf_localizer]: The Mahalanobis distance 44877.2146 is over the limit 10000.0000.
[simple_pure_pursuit-11] [INFO] [1754827163.280525409] [simple_pure_pursuit_node]: trajectory points is empty
[simple_pure_pursuit-11] [INFO] [1754827164.291570527] [simple_pure_pursuit_node]: trajectory points is empty
[ekf_localizer-7] [WARN] [1754827164.397604199] [localization.ekf_localizer]: The Mahalanobis distance 31615.9345 is over the limit 10000.0000.
[simple_pure_pursuit-11] [INFO] [1754827165.300778421] [simple_pure_pursuit_node]: trajectory points is empty
[simple_pure_pursuit-11] [INFO] [1754827166.310344701] [simple_pure_pursuit_node]: trajectory points is empty
[ekf_localizer-7] [WARN] [1754827166.494296032] [localization.ekf_localizer]: The Mahalanobis distance 47136.0420 is over the limit 10000.0000.
[simple_pure_pursuit-11] [INFO] [1754827167.320383432] [simple_pure_pursuit_node]: trajectory points is empty
[simple_pure_pursuit-11] [INFO] [1754827168.330900322] [simple_pure_pursuit_node]: trajectory points is empty
[ekf_localizer-7] [WARN] [1754827168.626754471] [localization.ekf_localizer]: The Mahalanobis distance 24996.7877 is over the limit 10000.0000.
[simple_pure_pursuit-11] [INFO] [1754827169.340454688] [simple_pure_pursuit_node]: trajectory points is empty
[simple_pure_pursuit-11] [INFO] [1754827170.351106056] [simple_pure_pursuit_node]: trajectory points is empty
[ekf_localizer-7] [WARN] [1754827170.643867192] [localization.ekf_localizer]: The Mahalanobis distance 42607.8923 is over the limit 10000.0000.
[simple_pure_pursuit-11] [INFO] [1754827171.360727508] [simple_pure_pursuit_node]: trajectory points is empty
[simple_pure_pursuit-11] [INFO] [1754827172.370891576] [simple_pure_pursuit_node]: trajectory points is empty
[ekf_localizer-7] [WARN] [1754827172.664139986] [localization.ekf_localizer]: The Mahalanobis distance 22914.3434 is over the limit 10000.0000.
[simple_pure_pursuit-11] [INFO] [1754827173.380922154] [simple_pure_pursuit_node]: trajectory points is empty
[simple_pure_pursuit-11] [INFO] [1754827174.390619619] [simple_pure_pursuit_node]: trajectory points is empty
[ekf_localizer-7] [WARN] [1754827174.742271099] [localization.ekf_localizer]: The Mahalanobis distance 29768.0940 is over the limit 10000.0000.
[simple_pure_pursuit-11] [INFO] [1754827175.400615861] [simple_pure_pursuit_node]: trajectory points is empty
[simple_pure_pursuit-11] [INFO] [1754827176.410643768] [simple_pure_pursuit_node]: trajectory points is empty
[ekf_localizer-7] [WARN] [1754827176.843919622] [localization.ekf_localizer]: The Mahalanobis distance 43835.6458 is over the limit 10000.0000.
[simple_pure_pursuit-11] [INFO] [1754827177.420546465] [simple_pure_pursuit_node]: trajectory points is empty
[simple_pure_pursuit-11] [INFO] [1754827178.430599894] [simple_pure_pursuit_node]: trajectory points is empty
[ekf_localizer-7] [WARN] [1754827178.854246151] [localization.ekf_localizer]: The Mahalanobis distance 23393.0922 is over the limit 10000.0000.
[simple_pure_pursuit-11] [INFO] [1754827179.440430665] [simple_pure_pursuit_node]: trajectory points is empty
[simple_pure_pursuit-11] [INFO] [1754827180.450834040] [simple_pure_pursuit_node]: trajectory points is empty
[ekf_localizer-7] [WARN] [1754827180.883665648] [localization.ekf_localizer]: The Mahalanobis distance 21455.7632 is over the limit 10000.0000.
[simple_pure_pursuit-11] [INFO] [1754827181.460736360] [simple_pure_pursuit_node]: trajectory points is empty
[simple_pure_pursuit-11] [INFO] [1754827182.470657348] [simple_pure_pursuit_node]: trajectory points is empty
[ekf_localizer-7] [WARN] [1754827182.982349391] [localization.ekf_localizer]: The Mahalanobis distance 11849.1333 is over the limit 10000.0000.
[simple_trajectory_generator_node-9] [INFO] [1754827183.292540054] [planning.scenario_planning.simple_trajectory_generator]: Published trajectory with 121 points
[simple_pure_pursuit-11] [INFO] [1754827183.480580772] [simple_pure_pursuit_node]: trajectory points is empty
[simple_pure_pursuit-11] [INFO] [1754827184.490702107] [simple_pure_pursuit_node]: trajectory points is empty
[ekf_localizer-7] [WARN] [1754827185.402729708] [localization.ekf_localizer]: The Mahalanobis distance 11719.3763 is over the limit 10000.0000.
[simple_pure_pursuit-11] [INFO] [1754827185.501265807] [simple_pure_pursuit_node]: trajectory points is empty
[simple_pure_pursuit-11] [INFO] [1754827186.511053573] [simple_pure_pursuit_node]: trajectory points is empty
[ekf_localizer-7] [WARN] [1754827187.468878100] [localization.ekf_localizer]: The Mahalanobis distance 12259.2677 is over the limit 10000.0000.
[simple_pure_pursuit-11] [INFO] [1754827187.520663753] [simple_pure_pursuit_node]: trajectory points is empty
[simple_pure_pursuit-11] [INFO] [1754827188.530749264] [simple_pure_pursuit_node]: trajectory points is empty
[simple_pure_pursuit-11] [INFO] [1754827189.540658800] [simple_pure_pursuit_node]: trajectory points is empty
[ekf_localizer-7] [WARN] [1754827189.682464136] [localization.ekf_localizer]: The Mahalanobis distance 12358.2026 is over the limit 10000.0000.
[simple_pure_pursuit-11] [INFO] [1754827190.550962136] [simple_pure_pursuit_node]: trajectory points is empty
[simple_pure_pursuit-11] [INFO] [1754827191.560763031] [simple_pure_pursuit_node]: trajectory points is empty
[ekf_localizer-7] [WARN] [1754827191.944434977] [localization.ekf_localizer]: The Mahalanobis distance 13033.5111 is over the limit 10000.0000.
[simple_pure_pursuit-11] [INFO] [1754827192.570960157] [simple_pure_pursuit_node]: trajectory points is empty
[simple_pure_pursuit-11] [INFO] [1754827193.581004202] [simple_pure_pursuit_node]: trajectory points is empty
[ekf_localizer-7] [WARN] [1754827194.202678705] [localization.ekf_localizer]: The Mahalanobis distance 12142.9947 is over the limit 10000.0000.
[simple_pure_pursuit-11] [INFO] [1754827194.590653302] [simple_pure_pursuit_node]: trajectory points is empty
[simple_pure_pursuit-11] [INFO] [1754827195.600784302] [simple_pure_pursuit_node]: trajectory points is empty
[ekf_localizer-7] [WARN] [1754827196.504412525] [localization.ekf_localizer]: The Mahalanobis distance 11832.2818 is over the limit 10000.0000.
[simple_pure_pursuit-11] [INFO] [1754827196.610721690] [simple_pure_pursuit_node]: trajectory points is empty
[simple_pure_pursuit-11] [INFO] [1754827197.621036265] [simple_pure_pursuit_node]: trajectory points is empty
[simple_pure_pursuit-11] [INFO] [1754827198.630877989] [simple_pure_pursuit_node]: trajectory points is empty
[ekf_localizer-7] [WARN] [1754827198.724694528] [localization.ekf_localizer]: The Mahalanobis distance 12077.2950 is over the limit 10000.0000.
[simple_pure_pursuit-11] [INFO] [1754827199.640935476] [simple_pure_pursuit_node]: trajectory points is empty
[simple_pure_pursuit-11] [INFO] [1754827200.650802368] [simple_pure_pursuit_node]: trajectory points is empty
[ekf_localizer-7] [WARN] [1754827200.744315224] [localization.ekf_localizer]: The Mahalanobis distance 12997.5353 is over the limit 10000.0000.
[simple_pure_pursuit-11] [INFO] [1754827201.660871768] [simple_pure_pursuit_node]: trajectory points is empty
[simple_pure_pursuit-11] [INFO] [1754827202.670936828] [simple_pure_pursuit_node]: trajectory points is empty
[ekf_localizer-7] [WARN] [1754827202.764514433] [localization.ekf_localizer]: The Mahalanobis distance 11137.9822 is over the limit 10000.0000.
[simple_pure_pursuit-11] [INFO] [1754827203.681027886] [simple_pure_pursuit_node]: trajectory points is empty
[simple_pure_pursuit-11] [INFO] [1754827204.691056685] [simple_pure_pursuit_node]: trajectory points is empty
[ekf_localizer-7] [WARN] [1754827204.784811052] [localization.ekf_localizer]: The Mahalanobis distance 11852.5590 is over the limit 10000.0000.
[simple_pure_pursuit-11] [INFO] [1754827205.700872833] [simple_pure_pursuit_node]: trajectory points is empty
[simple_pure_pursuit-11] [INFO] [1754827206.710977850] [simple_pure_pursuit_node]: trajectory points is empty
[ekf_localizer-7] [WARN] [1754827207.044980677] [localization.ekf_localizer]: The Mahalanobis distance 10957.1020 is over the limit 10000.0000.
[simple_pure_pursuit-11] [INFO] [1754827207.720980425] [simple_pure_pursuit_node]: trajectory points is empty
[simple_pure_pursuit-11] [INFO] [1754827208.731045435] [simple_pure_pursuit_node]: trajectory points is empty
[ekf_localizer-7] [WARN] [1754827209.164722305] [localization.ekf_localizer]: The Mahalanobis distance 10926.6782 is over the limit 10000.0000.
[simple_pure_pursuit-11] [INFO] [1754827209.740938031] [simple_pure_pursuit_node]: trajectory points is empty
[simple_pure_pursuit-11] [INFO] [1754827210.751271763] [simple_pure_pursuit_node]: trajectory points is empty
[ekf_localizer-7] [WARN] [1754827211.222692557] [localization.ekf_localizer]: The Mahalanobis distance 12639.3593 is over the limit 10000.0000.
[simple_pure_pursuit-11] [INFO] [1754827211.761165030] [simple_pure_pursuit_node]: trajectory points is empty
[simple_pure_pursuit-11] [INFO] [1754827212.771188319] [simple_pure_pursuit_node]: trajectory points is empty
[ekf_localizer-7] [WARN] [1754827213.523611720] [localization.ekf_localizer]: The Mahalanobis distance 10474.0781 is over the limit 10000.0000.
[simple_pure_pursuit-11] [INFO] [1754827213.781234071] [simple_pure_pursuit_node]: trajectory points is empty
[simple_pure_pursuit-11] [INFO] [1754827214.791140958] [simple_pure_pursuit_node]: trajectory points is empty
[ekf_localizer-7] [WARN] [1754827215.771045403] [localization.ekf_localizer]: The Mahalanobis distance 13546.2582 is over the limit 10000.0000.
[simple_pure_pursuit-11] [INFO] [1754827215.801125965] [simple_pure_pursuit_node]: trajectory points is empty
[simple_pure_pursuit-11] [INFO] [1754827216.811138092] [simple_pure_pursuit_node]: trajectory points is empty
[simple_pure_pursuit-11] [INFO] [1754827217.821394753] [simple_pure_pursuit_node]: trajectory points is empty
[ekf_localizer-7] [WARN] [1754827218.084955080] [localization.ekf_localizer]: The Mahalanobis distance 10484.9137 is over the limit 10000.0000.
[simple_pure_pursuit-11] [INFO] [1754827218.831174363] [simple_pure_pursuit_node]: trajectory points is empty
[simple_pure_pursuit-11] [INFO] [1754827219.841090428] [simple_pure_pursuit_node]: trajectory points is empty
[ekf_localizer-7] [WARN] [1754827220.465345941] [localization.ekf_localizer]: The Mahalanobis distance 10135.3686 is over the limit 10000.0000.
[simple_pure_pursuit-11] [INFO] [1754827220.851202822] [simple_pure_pursuit_node]: trajectory points is empty
[simple_pure_pursuit-11] [INFO] [1754827221.861238595] [simple_pure_pursuit_node]: trajectory points is empty
[ekf_localizer-7] [WARN] [1754827222.643548776] [localization.ekf_localizer]: The Mahalanobis distance 11127.2459 is over the limit 10000.0000.
[simple_pure_pursuit-11] [INFO] [1754827222.871329750] [simple_pure_pursuit_node]: trajectory points is empty
[simple_pure_pursuit-11] [INFO] [1754827223.880998584] [simple_pure_pursuit_node]: trajectory points is empty
[simple_pure_pursuit-11] [INFO] [1754827224.891101562] [simple_pure_pursuit_node]: trajectory points is empty
[ekf_localizer-7] [WARN] [1754827225.844619597] [localization.ekf_localizer]: The Mahalanobis distance 10026.0624 is over the limit 10000.0000.
[simple_pure_pursuit-11] [INFO] [1754827225.901734443] [simple_pure_pursuit_node]: trajectory points is empty
[simple_pure_pursuit-11] [INFO] [1754827226.911576377] [simple_pure_pursuit_node]: trajectory points is empty
[simple_pure_pursuit-11] [INFO] [1754827227.921224500] [simple_pure_pursuit_node]: trajectory points is empty
[ekf_localizer-7] [WARN] [1754827227.924962643] [localization.ekf_localizer]: The Mahalanobis distance 11107.3528 is over the limit 10000.0000.
[simple_pure_pursuit-11] [INFO] [1754827228.931284859] [simple_pure_pursuit_node]: trajectory points is empty
[simple_pure_pursuit-11] [INFO] [1754827229.941350883] [simple_pure_pursuit_node]: trajectory points is empty
[ekf_localizer-7] [WARN] [1754827230.783290294] [localization.ekf_localizer]: The Mahalanobis distance 10473.6558 is over the limit 10000.0000.
[simple_pure_pursuit-11] [INFO] [1754827230.951425201] [simple_pure_pursuit_node]: trajectory points is empty
[simple_pure_pursuit-11] [INFO] [1754827231.961468364] [simple_pure_pursuit_node]: trajectory points is empty
[simple_pure_pursuit-11] [INFO] [1754827232.971719189] [simple_pure_pursuit_node]: trajectory points is empty
[simple_pure_pursuit-11] [INFO] [1754827233.981304820] [simple_pure_pursuit_node]: trajectory points is empty
[ekf_localizer-7] [WARN] [1754827234.187067535] [localization.ekf_localizer]: The Mahalanobis distance 10103.7597 is over the limit 10000.0000.
[simple_pure_pursuit-11] [INFO] [1754827234.991622525] [simple_pure_pursuit_node]: trajectory points is empty
[simple_pure_pursuit-11] [INFO] [1754827236.001192597] [simple_pure_pursuit_node]: trajectory points is empty
[ekf_localizer-7] [WARN] [1754827236.724877815] [localization.ekf_localizer]: The Mahalanobis distance 11283.4646 is over the limit 10000.0000.
[simple_pure_pursuit-11] [INFO] [1754827237.011555188] [simple_pure_pursuit_node]: trajectory points is empty
[simple_pure_pursuit-11] [INFO] [1754827238.021303770] [simple_pure_pursuit_node]: trajectory points is empty
[simple_pure_pursuit-11] [INFO] [1754827239.031460879] [simple_pure_pursuit_node]: trajectory points is empty
[simple_pure_pursuit-11] [INFO] [1754827240.041314979] [simple_pure_pursuit_node]: trajectory points is empty
[simple_pure_pursuit-11] [INFO] [1754827241.051533363] [simple_pure_pursuit_node]: trajectory points is empty
[simple_pure_pursuit-11] [INFO] [1754827242.061350548] [simple_pure_pursuit_node]: trajectory points is empty
[ekf_localizer-7] [WARN] [1754827243.003032204] [localization.ekf_localizer]: The Mahalanobis distance 10360.8200 is over the limit 10000.0000.
[simple_pure_pursuit-11] [INFO] [1754827243.071538997] [simple_pure_pursuit_node]: trajectory points is empty
[simple_pure_pursuit-11] [INFO] [1754827244.081215132] [simple_pure_pursuit_node]: trajectory points is empty
[simple_trajectory_generator_node-9] [INFO] [1754827244.293156903] [planning.scenario_planning.simple_trajectory_generator]: Published trajectory with 121 points
[simple_pure_pursuit-11] [INFO] [1754827245.091171300] [simple_pure_pursuit_node]: trajectory points is empty
[simple_pure_pursuit-11] [INFO] [1754827246.100965429] [simple_pure_pursuit_node]: trajectory points is empty
[ekf_localizer-7] [WARN] [1754827246.165955948] [localization.ekf_localizer]: The Mahalanobis distance 10096.6265 is over the limit 10000.0000.
[simple_pure_pursuit-11] [INFO] [1754827247.110897764] [simple_pure_pursuit_node]: trajectory points is empty
[simple_pure_pursuit-11] [INFO] [1754827248.120776671] [simple_pure_pursuit_node]: trajectory points is empty
[simple_pure_pursuit-11] [INFO] [1754827249.131234335] [simple_pure_pursuit_node]: trajectory points is empty
[simple_pure_pursuit-11] [INFO] [1754827250.141065084] [simple_pure_pursuit_node]: trajectory points is empty
[simple_pure_pursuit-11] [INFO] [1754827251.151160918] [simple_pure_pursuit_node]: trajectory points is empty
[simple_pure_pursuit-11] [INFO] [1754827252.160756902] [simple_pure_pursuit_node]: trajectory points is empty
[simple_pure_pursuit-11] [INFO] [1754827253.170550760] [simple_pure_pursuit_node]: trajectory points is empty
[simple_pure_pursuit-11] [INFO] [1754827254.180419043] [simple_pure_pursuit_node]: trajectory points is empty
[ekf_localizer-7] [WARN] [1754827254.962864176] [localization.ekf_localizer]: The Mahalanobis distance 10752.5281 is over the limit 10000.0000.
[simple_pure_pursuit-11] [INFO] [1754827255.190866214] [simple_pure_pursuit_node]: trajectory points is empty
[simple_pure_pursuit-11] [INFO] [1754827256.200420195] [simple_pure_pursuit_node]: trajectory points is empty
[simple_pure_pursuit-11] [INFO] [1754827257.210520761] [simple_pure_pursuit_node]: trajectory points is empty
[simple_pure_pursuit-11] [INFO] [1754827258.220080438] [simple_pure_pursuit_node]: trajectory points is empty
[simple_pure_pursuit-11] [INFO] [1754827259.230238769] [simple_pure_pursuit_node]: trajectory points is empty
[simple_pure_pursuit-11] [INFO] [1754827260.239987766] [simple_pure_pursuit_node]: trajectory points is empty
[simple_pure_pursuit-11] [INFO] [1754827261.250122369] [simple_pure_pursuit_node]: trajectory points is empty
[simple_pure_pursuit-11] [INFO] [1754827262.260073615] [simple_pure_pursuit_node]: trajectory points is empty
[simple_pure_pursuit-11] [INFO] [1754827263.270020272] [simple_pure_pursuit_node]: trajectory points is empty
[simple_pure_pursuit-11] [INFO] [1754827264.279657413] [simple_pure_pursuit_node]: trajectory points is empty
[simple_pure_pursuit-11] [INFO] [1754827265.289902957] [simple_pure_pursuit_node]: trajectory points is empty
[simple_pure_pursuit-11] [INFO] [1754827266.299771856] [simple_pure_pursuit_node]: trajectory points is empty
[simple_pure_pursuit-11] [INFO] [1754827267.309935728] [simple_pure_pursuit_node]: trajectory points is empty
[simple_pure_pursuit-11] [INFO] [1754827268.319624610] [simple_pure_pursuit_node]: trajectory points is empty
[simple_pure_pursuit-11] [INFO] [1754827269.330404746] [simple_pure_pursuit_node]: trajectory points is empty
[simple_pure_pursuit-11] [INFO] [1754827270.339549410] [simple_pure_pursuit_node]: trajectory points is empty
[simple_pure_pursuit-11] [INFO] [1754827271.349674569] [simple_pure_pursuit_node]: trajectory points is empty
[simple_pure_pursuit-11] [INFO] [1754827272.359411432] [simple_pure_pursuit_node]: trajectory points is empty
[simple_pure_pursuit-11] [INFO] [1754827273.369437786] [simple_pure_pursuit_node]: trajectory points is empty
[simple_pure_pursuit-11] [INFO] [1754827274.379215509] [simple_pure_pursuit_node]: trajectory points is empty
[simple_pure_pursuit-11] [INFO] [1754827275.389336746] [simple_pure_pursuit_node]: trajectory points is empty
[simple_pure_pursuit-11] [INFO] [1754827276.399059309] [simple_pure_pursuit_node]: trajectory points is empty
[simple_pure_pursuit-11] [INFO] [1754827277.409431275] [simple_pure_pursuit_node]: trajectory points is empty
[simple_pure_pursuit-11] [INFO] [1754827278.418887228] [simple_pure_pursuit_node]: trajectory points is empty
[simple_pure_pursuit-11] [INFO] [1754827279.429140318] [simple_pure_pursuit_node]: trajectory points is empty
[simple_pure_pursuit-11] [INFO] [1754827280.439022460] [simple_pure_pursuit_node]: trajectory points is empty
[simple_pure_pursuit-11] [INFO] [1754827281.449772229] [simple_pure_pursuit_node]: trajectory points is empty
[simple_pure_pursuit-11] [INFO] [1754827282.458747891] [simple_pure_pursuit_node]: trajectory points is empty
[simple_pure_pursuit-11] [INFO] [1754827283.468776788] [simple_pure_pursuit_node]: trajectory points is empty
[simple_pure_pursuit-11] [INFO] [1754827284.478940373] [simple_pure_pursuit_node]: trajectory points is empty
[simple_pure_pursuit-11] [INFO] [1754827285.488586492] [simple_pure_pursuit_node]: trajectory points is empty
[simple_pure_pursuit-11] [INFO] [1754827286.498564382] [simple_pure_pursuit_node]: trajectory points is empty
[simple_pure_pursuit-11] [INFO] [1754827287.508520174] [simple_pure_pursuit_node]: trajectory points is empty
[simple_pure_pursuit-11] [INFO] [1754827288.518435180] [simple_pure_pursuit_node]: trajectory points is empty
[simple_pure_pursuit-11] [INFO] [1754827289.528614876] [simple_pure_pursuit_node]: trajectory points is empty
[simple_pure_pursuit-11] [INFO] [1754827290.538672479] [simple_pure_pursuit_node]: trajectory points is empty
[simple_pure_pursuit-11] [INFO] [1754827291.548593292] [simple_pure_pursuit_node]: trajectory points is empty
[simple_pure_pursuit-11] [INFO] [1754827292.558949516] [simple_pure_pursuit_node]: trajectory points is empty
[simple_pure_pursuit-11] [INFO] [1754827293.568546563] [simple_pure_pursuit_node]: trajectory points is empty
[simple_pure_pursuit-11] [INFO] [1754827294.578166294] [simple_pure_pursuit_node]: trajectory points is empty
[simple_pure_pursuit-11] [INFO] [1754827295.588254189] [simple_pure_pursuit_node]: trajectory points is empty
[simple_pure_pursuit-11] [INFO] [1754827296.598001947] [simple_pure_pursuit_node]: trajectory points is empty
[simple_pure_pursuit-11] [INFO] [1754827297.608367459] [simple_pure_pursuit_node]: trajectory points is empty
[simple_pure_pursuit-11] [INFO] [1754827298.617913439] [simple_pure_pursuit_node]: trajectory points is empty
[simple_pure_pursuit-11] [INFO] [1754827299.628002396] [simple_pure_pursuit_node]: trajectory points is empty
[simple_pure_pursuit-11] [INFO] [1754827300.637907205] [simple_pure_pursuit_node]: trajectory points is empty
[simple_pure_pursuit-11] [INFO] [1754827301.647894521] [simple_pure_pursuit_node]: trajectory points is empty
[simple_pure_pursuit-11] [INFO] [1754827302.657796858] [simple_pure_pursuit_node]: trajectory points is empty
[simple_pure_pursuit-11] [INFO] [1754827303.667778705] [simple_pure_pursuit_node]: trajectory points is empty
[simple_pure_pursuit-11] [INFO] [1754827304.677700330] [simple_pure_pursuit_node]: trajectory points is empty
[simple_trajectory_generator_node-9] [INFO] [1754827305.289758209] [planning.scenario_planning.simple_trajectory_generator]: Published trajectory with 121 points
[simple_pure_pursuit-11] [INFO] [1754827305.688082817] [simple_pure_pursuit_node]: trajectory points is empty
[simple_pure_pursuit-11] [INFO] [1754827306.698122842] [simple_pure_pursuit_node]: trajectory points is empty
[simple_pure_pursuit-11] [INFO] [1754827307.707699730] [simple_pure_pursuit_node]: trajectory points is empty
[simple_pure_pursuit-11] [INFO] [1754827308.717409056] [simple_pure_pursuit_node]: trajectory points is empty
[simple_pure_pursuit-11] [INFO] [1754827309.727548497] [simple_pure_pursuit_node]: trajectory points is empty
[simple_pure_pursuit-11] [INFO] [1754827310.737413789] [simple_pure_pursuit_node]: trajectory points is empty
[simple_pure_pursuit-11] [INFO] [1754827311.747591790] [simple_pure_pursuit_node]: trajectory points is empty
[simple_pure_pursuit-11] [INFO] [1754827312.759291086] [simple_pure_pursuit_node]: trajectory points is empty
[simple_pure_pursuit-11] [INFO] [1754827313.767305537] [simple_pure_pursuit_node]: trajectory points is empty
[simple_pure_pursuit-11] [INFO] [1754827314.777418208] [simple_pure_pursuit_node]: trajectory points is empty
[simple_pure_pursuit-11] [INFO] [1754827315.787254102] [simple_pure_pursuit_node]: trajectory points is empty
[simple_pure_pursuit-11] [INFO] [1754827316.797859877] [simple_pure_pursuit_node]: trajectory points is empty
[simple_pure_pursuit-11] [INFO] [1754827317.807216958] [simple_pure_pursuit_node]: trajectory points is empty
[simple_pure_pursuit-11] [INFO] [1754827318.817529304] [simple_pure_pursuit_node]: trajectory points is empty
[simple_pure_pursuit-11] [INFO] [1754827319.827914261] [simple_pure_pursuit_node]: trajectory points is empty
[simple_pure_pursuit-11] [INFO] [1754827320.836894551] [simple_pure_pursuit_node]: trajectory points is empty
[simple_pure_pursuit-11] [INFO] [1754827321.847277895] [simple_pure_pursuit_node]: trajectory points is empty
[simple_pure_pursuit-11] [INFO] [1754827322.857183092] [simple_pure_pursuit_node]: trajectory points is empty
[simple_pure_pursuit-11] [INFO] [1754827323.867238531] [simple_pure_pursuit_node]: trajectory points is empty
[simple_pure_pursuit-11] [INFO] [1754827324.876824942] [simple_pure_pursuit_node]: trajectory points is empty
[simple_pure_pursuit-11] [INFO] [1754827325.886929269] [simple_pure_pursuit_node]: trajectory points is empty
[simple_pure_pursuit-11] [INFO] [1754827326.896723086] [simple_pure_pursuit_node]: trajectory points is empty
[simple_pure_pursuit-11] [INFO] [1754827327.906729049] [simple_pure_pursuit_node]: trajectory points is empty
[simple_pure_pursuit-11] [INFO] [1754827328.917134835] [simple_pure_pursuit_node]: trajectory points is empty
[simple_pure_pursuit-11] [INFO] [1754827329.926719578] [simple_pure_pursuit_node]: trajectory points is empty
[simple_pure_pursuit-11] [INFO] [1754827330.936901038] [simple_pure_pursuit_node]: trajectory points is empty
[simple_pure_pursuit-11] [INFO] [1754827331.946677586] [simple_pure_pursuit_node]: trajectory points is empty
[simple_pure_pursuit-11] [INFO] [1754827332.956739136] [simple_pure_pursuit_node]: trajectory points is empty
[simple_pure_pursuit-11] [INFO] [1754827333.966687624] [simple_pure_pursuit_node]: trajectory points is empty
[simple_pure_pursuit-11] [INFO] [1754827334.976431679] [simple_pure_pursuit_node]: trajectory points is empty
[simple_pure_pursuit-11] [INFO] [1754827335.986522704] [simple_pure_pursuit_node]: trajectory points is empty
[simple_pure_pursuit-11] [INFO] [1754827336.996361252] [simple_pure_pursuit_node]: trajectory points is empty
[simple_pure_pursuit-11] [INFO] [1754827338.006325298] [simple_pure_pursuit_node]: trajectory points is empty
[simple_pure_pursuit-11] [INFO] [1754827339.016450729] [simple_pure_pursuit_node]: trajectory points is empty
[simple_pure_pursuit-11] [INFO] [1754827340.026436265] [simple_pure_pursuit_node]: trajectory points is empty
[simple_pure_pursuit-11] [INFO] [1754827341.036554932] [simple_pure_pursuit_node]: trajectory points is empty
[simple_pure_pursuit-11] [INFO] [1754827342.046671359] [simple_pure_pursuit_node]: trajectory points is empty
[simple_pure_pursuit-11] [INFO] [1754827343.056231274] [simple_pure_pursuit_node]: trajectory points is empty
[simple_pure_pursuit-11] [INFO] [1754827344.066456765] [simple_pure_pursuit_node]: trajectory points is empty
[simple_pure_pursuit-11] [INFO] [1754827345.076385400] [simple_pure_pursuit_node]: trajectory points is empty
[simple_pure_pursuit-11] [INFO] [1754827346.086357757] [simple_pure_pursuit_node]: trajectory points is empty
[simple_pure_pursuit-11] [INFO] [1754827347.096075254] [simple_pure_pursuit_node]: trajectory points is empty
[simple_pure_pursuit-11] [INFO] [1754827348.106026630] [simple_pure_pursuit_node]: trajectory points is empty
[simple_pure_pursuit-11] [INFO] [1754827349.116041311] [simple_pure_pursuit_node]: trajectory points is empty
[simple_pure_pursuit-11] [INFO] [1754827350.126242106] [simple_pure_pursuit_node]: trajectory points is empty
[simple_pure_pursuit-11] [INFO] [1754827351.136024627] [simple_pure_pursuit_node]: trajectory points is empty
[simple_pure_pursuit-11] [INFO] [1754827352.146103041] [simple_pure_pursuit_node]: trajectory points is empty
[simple_pure_pursuit-11] [INFO] [1754827353.156533008] [simple_pure_pursuit_node]: trajectory points is empty
[simple_pure_pursuit-11] [INFO] [1754827354.166077371] [simple_pure_pursuit_node]: trajectory points is empty
[simple_pure_pursuit-11] [INFO] [1754827355.176299826] [simple_pure_pursuit_node]: trajectory points is empty
[simple_pure_pursuit-11] [INFO] [1754827356.185975074] [simple_pure_pursuit_node]: trajectory points is empty
[simple_pure_pursuit-11] [INFO] [1754827357.195806833] [simple_pure_pursuit_node]: trajectory points is empty
[simple_pure_pursuit-11] [INFO] [1754827358.206247221] [simple_pure_pursuit_node]: trajectory points is empty
[simple_pure_pursuit-11] [INFO] [1754827359.215787235] [simple_pure_pursuit_node]: trajectory points is empty
[simple_pure_pursuit-11] [INFO] [1754827360.226214114] [simple_pure_pursuit_node]: trajectory points is empty
[simple_pure_pursuit-11] [INFO] [1754827361.235956739] [simple_pure_pursuit_node]: trajectory points is empty
[simple_pure_pursuit-11] [INFO] [1754827362.245769762] [simple_pure_pursuit_node]: trajectory points is empty
[simple_pure_pursuit-11] [INFO] [1754827363.255958239] [simple_pure_pursuit_node]: trajectory points is empty
[simple_pure_pursuit-11] [INFO] [1754827364.265933252] [simple_pure_pursuit_node]: trajectory points is empty
[simple_pure_pursuit-11] [INFO] [1754827365.275916148] [simple_pure_pursuit_node]: trajectory points is empty
[simple_pure_pursuit-11] [INFO] [1754827366.285773789] [simple_pure_pursuit_node]: trajectory points is empty
[simple_trajectory_generator_node-9] [INFO] [1754827366.287649448] [planning.scenario_planning.simple_trajectory_generator]: Published trajectory with 121 points
[simple_pure_pursuit-11] [INFO] [1754827367.295717161] [simple_pure_pursuit_node]: trajectory points is empty
[simple_pure_pursuit-11] [INFO] [1754827368.305736294] [simple_pure_pursuit_node]: trajectory points is empty
[simple_pure_pursuit-11] [INFO] [1754827369.315511183] [simple_pure_pursuit_node]: trajectory points is empty
[simple_pure_pursuit-11] [INFO] [1754827370.325543472] [simple_pure_pursuit_node]: trajectory points is empty
[simple_pure_pursuit-11] [INFO] [1754827371.335561343] [simple_pure_pursuit_node]: trajectory points is empty
[simple_pure_pursuit-11] [INFO] [1754827372.345843487] [simple_pure_pursuit_node]: trajectory points is empty
[simple_pure_pursuit-11] [INFO] [1754827373.355589209] [simple_pure_pursuit_node]: trajectory points is empty
[simple_pure_pursuit-11] [INFO] [1754827374.365708414] [simple_pure_pursuit_node]: trajectory points is empty
[simple_pure_pursuit-11] [INFO] [1754827375.375764614] [simple_pure_pursuit_node]: trajectory points is empty
[simple_pure_pursuit-11] [INFO] [1754827376.385460592] [simple_pure_pursuit_node]: trajectory points is empty
[simple_pure_pursuit-11] [INFO] [1754827377.395374889] [simple_pure_pursuit_node]: trajectory points is empty
[simple_pure_pursuit-11] [INFO] [1754827378.405456463] [simple_pure_pursuit_node]: trajectory points is empty
[simple_pure_pursuit-11] [INFO] [1754827379.415328926] [simple_pure_pursuit_node]: trajectory points is empty
[simple_pure_pursuit-11] [INFO] [1754827380.425294621] [simple_pure_pursuit_node]: trajectory points is empty
[simple_pure_pursuit-11] [INFO] [1754827381.435224046] [simple_pure_pursuit_node]: trajectory points is empty
[simple_pure_pursuit-11] [INFO] [1754827382.446186274] [simple_pure_pursuit_node]: trajectory points is empty
[simple_pure_pursuit-11] [INFO] [1754827383.455212235] [simple_pure_pursuit_node]: trajectory points is empty
[simple_pure_pursuit-11] [INFO] [1754827384.465219893] [simple_pure_pursuit_node]: trajectory points is empty
[simple_pure_pursuit-11] [INFO] [1754827385.475437558] [simple_pure_pursuit_node]: trajectory points is empty
[simple_pure_pursuit-11] [INFO] [1754827386.485302390] [simple_pure_pursuit_node]: trajectory points is empty
[simple_pure_pursuit-11] [INFO] [1754827387.494970259] [simple_pure_pursuit_node]: trajectory points is empty
[simple_pure_pursuit-11] [INFO] [1754827388.505124910] [simple_pure_pursuit_node]: trajectory points is empty
[simple_pure_pursuit-11] [INFO] [1754827389.515059653] [simple_pure_pursuit_node]: trajectory points is empty
[simple_pure_pursuit-11] [INFO] [1754827390.525261801] [simple_pure_pursuit_node]: trajectory points is empty
[simple_pure_pursuit-11] [INFO] [1754827391.535359139] [simple_pure_pursuit_node]: trajectory points is empty
[simple_pure_pursuit-11] [INFO] [1754827392.545277639] [simple_pure_pursuit_node]: trajectory points is empty
[simple_pure_pursuit-11] [INFO] [1754827393.555268261] [simple_pure_pursuit_node]: trajectory points is empty
[simple_pure_pursuit-11] [INFO] [1754827394.565537360] [simple_pure_pursuit_node]: trajectory points is empty
[simple_pure_pursuit-11] [INFO] [1754827395.575027365] [simple_pure_pursuit_node]: trajectory points is empty
[simple_pure_pursuit-11] [INFO] [1754827396.584843673] [simple_pure_pursuit_node]: trajectory points is empty
[simple_pure_pursuit-11] [INFO] [1754827397.595002337] [simple_pure_pursuit_node]: trajectory points is empty
[simple_pure_pursuit-11] [INFO] [1754827398.605397806] [simple_pure_pursuit_node]: trajectory points is empty
[simple_pure_pursuit-11] [INFO] [1754827399.614948091] [simple_pure_pursuit_node]: trajectory points is empty
[simple_pure_pursuit-11] [INFO] [1754827400.625011930] [simple_pure_pursuit_node]: trajectory points is empty
[simple_pure_pursuit-11] [INFO] [1754827401.634870331] [simple_pure_pursuit_node]: trajectory points is empty
[simple_pure_pursuit-11] [INFO] [1754827402.644880577] [simple_pure_pursuit_node]: trajectory points is empty
[simple_pure_pursuit-11] [INFO] [1754827403.654866825] [simple_pure_pursuit_node]: trajectory points is empty
[simple_pure_pursuit-11] [INFO] [1754827404.664848015] [simple_pure_pursuit_node]: trajectory points is empty
[simple_pure_pursuit-11] [INFO] [1754827405.675098422] [simple_pure_pursuit_node]: trajectory points is empty
[simple_pure_pursuit-11] [INFO] [1754827406.684739049] [simple_pure_pursuit_node]: trajectory points is empty
[simple_pure_pursuit-11] [INFO] [1754827407.694829896] [simple_pure_pursuit_node]: trajectory points is empty
[simple_pure_pursuit-11] [INFO] [1754827408.704684912] [simple_pure_pursuit_node]: trajectory points is empty
[simple_pure_pursuit-11] [INFO] [1754827409.714894309] [simple_pure_pursuit_node]: trajectory points is empty
[simple_pure_pursuit-11] [INFO] [1754827410.725070819] [simple_pure_pursuit_node]: trajectory points is empty
[simple_pure_pursuit-11] [INFO] [1754827411.734803443] [simple_pure_pursuit_node]: trajectory points is empty
[simple_pure_pursuit-11] [INFO] [1754827412.746127367] [simple_pure_pursuit_node]: trajectory points is empty
[simple_pure_pursuit-11] [INFO] [1754827413.755035382] [simple_pure_pursuit_node]: trajectory points is empty
[simple_pure_pursuit-11] [INFO] [1754827414.764814204] [simple_pure_pursuit_node]: trajectory points is empty
[simple_pure_pursuit-11] [INFO] [1754827415.775069002] [simple_pure_pursuit_node]: trajectory points is empty
[simple_pure_pursuit-11] [INFO] [1754827416.784854556] [simple_pure_pursuit_node]: trajectory points is empty
[simple_pure_pursuit-11] [INFO] [1754827417.794728481] [simple_pure_pursuit_node]: trajectory points is empty
[simple_pure_pursuit-11] [INFO] [1754827418.804583124] [simple_pure_pursuit_node]: trajectory points is empty
[simple_pure_pursuit-11] [INFO] [1754827419.814430206] [simple_pure_pursuit_node]: trajectory points is empty
[simple_pure_pursuit-11] [INFO] [1754827420.824464432] [simple_pure_pursuit_node]: trajectory points is empty
[simple_pure_pursuit-11] [INFO] [1754827421.834353149] [simple_pure_pursuit_node]: trajectory points is empty
[simple_pure_pursuit-11] [INFO] [1754827422.844527874] [simple_pure_pursuit_node]: trajectory points is empty
[simple_pure_pursuit-11] [INFO] [1754827423.854456813] [simple_pure_pursuit_node]: trajectory points is empty
[simple_pure_pursuit-11] [INFO] [1754827424.864707753] [simple_pure_pursuit_node]: trajectory points is empty
[simple_pure_pursuit-11] [INFO] [1754827425.874425468] [simple_pure_pursuit_node]: trajectory points is empty
[simple_pure_pursuit-11] [INFO] [1754827426.884470653] [simple_pure_pursuit_node]: trajectory points is empty
[simple_trajectory_generator_node-9] [INFO] [1754827427.286378064] [planning.scenario_planning.simple_trajectory_generator]: Published trajectory with 121 points
[simple_pure_pursuit-11] [INFO] [1754827427.894311780] [simple_pure_pursuit_node]: trajectory points is empty
[simple_pure_pursuit-11] [INFO] [1754827428.904876085] [simple_pure_pursuit_node]: trajectory points is empty
[simple_pure_pursuit-11] [INFO] [1754827429.914450644] [simple_pure_pursuit_node]: trajectory points is empty
[simple_pure_pursuit-11] [INFO] [1754827430.924387063] [simple_pure_pursuit_node]: trajectory points is empty
[simple_pure_pursuit-11] [INFO] [1754827431.934445144] [simple_pure_pursuit_node]: trajectory points is empty
[simple_pure_pursuit-11] [INFO] [1754827432.944803254] [simple_pure_pursuit_node]: trajectory points is empty
[simple_pure_pursuit-11] [INFO] [1754827433.954324000] [simple_pure_pursuit_node]: trajectory points is empty
[simple_pure_pursuit-11] [INFO] [1754827434.964600064] [simple_pure_pursuit_node]: trajectory points is empty
[simple_pure_pursuit-11] [INFO] [1754827435.974246083] [simple_pure_pursuit_node]: trajectory points is empty
[simple_pure_pursuit-11] [INFO] [1754827436.984475380] [simple_pure_pursuit_node]: trajectory points is empty
[simple_pure_pursuit-11] [INFO] [1754827437.994377373] [simple_pure_pursuit_node]: trajectory points is empty
[simple_pure_pursuit-11] [INFO] [1754827439.004677611] [simple_pure_pursuit_node]: trajectory points is empty
[simple_pure_pursuit-11] [INFO] [1754827440.014319710] [simple_pure_pursuit_node]: trajectory points is empty
[simple_pure_pursuit-11] [INFO] [1754827441.024999826] [simple_pure_pursuit_node]: trajectory points is empty
[simple_pure_pursuit-11] [INFO] [1754827442.034232425] [simple_pure_pursuit_node]: trajectory points is empty
[simple_pure_pursuit-11] [INFO] [1754827443.044699010] [simple_pure_pursuit_node]: trajectory points is empty
[simple_pure_pursuit-11] [INFO] [1754827444.054143892] [simple_pure_pursuit_node]: trajectory points is empty
[simple_pure_pursuit-11] [INFO] [1754827445.064188373] [simple_pure_pursuit_node]: trajectory points is empty
[simple_pure_pursuit-11] [INFO] [1754827446.074193256] [simple_pure_pursuit_node]: trajectory points is empty
[simple_pure_pursuit-11] [INFO] [1754827447.084448498] [simple_pure_pursuit_node]: trajectory points is empty
[simple_pure_pursuit-11] [INFO] [1754827448.094426602] [simple_pure_pursuit_node]: trajectory points is empty
[simple_pure_pursuit-11] [INFO] [1754827449.104364548] [simple_pure_pursuit_node]: trajectory points is empty
[simple_pure_pursuit-11] [INFO] [1754827450.114101363] [simple_pure_pursuit_node]: trajectory points is empty
[simple_pure_pursuit-11] [INFO] [1754827451.124463394] [simple_pure_pursuit_node]: trajectory points is empty
[simple_pure_pursuit-11] [INFO] [1754827452.134203852] [simple_pure_pursuit_node]: trajectory points is empty
[simple_pure_pursuit-11] [INFO] [1754827453.144266445] [simple_pure_pursuit_node]: trajectory points is empty
[simple_pure_pursuit-11] [INFO] [1754827454.154361281] [simple_pure_pursuit_node]: trajectory points is empty
[simple_pure_pursuit-11] [INFO] [1754827455.164740857] [simple_pure_pursuit_node]: trajectory points is empty
[simple_pure_pursuit-11] [INFO] [1754827456.174136439] [simple_pure_pursuit_node]: trajectory points is empty
[simple_pure_pursuit-11] [INFO] [1754827457.184291658] [simple_pure_pursuit_node]: trajectory points is empty
[simple_pure_pursuit-11] [INFO] [1754827458.194025957] [simple_pure_pursuit_node]: trajectory points is empty
[simple_pure_pursuit-11] [INFO] [1754827459.204191239] [simple_pure_pursuit_node]: trajectory points is empty
[simple_pure_pursuit-11] [INFO] [1754827460.213910381] [simple_pure_pursuit_node]: trajectory points is empty
[simple_pure_pursuit-11] [INFO] [1754827461.224123049] [simple_pure_pursuit_node]: trajectory points is empty
[simple_pure_pursuit-11] [INFO] [1754827462.234065477] [simple_pure_pursuit_node]: trajectory points is empty
[simple_pure_pursuit-11] [INFO] [1754827463.244160863] [simple_pure_pursuit_node]: trajectory points is empty
[simple_pure_pursuit-11] [INFO] [1754827464.254180506] [simple_pure_pursuit_node]: trajectory points is empty
[simple_pure_pursuit-11] [INFO] [1754827465.264085784] [simple_pure_pursuit_node]: trajectory points is empty
[simple_pure_pursuit-11] [INFO] [1754827466.274346789] [simple_pure_pursuit_node]: trajectory points is empty
[simple_pure_pursuit-11] [INFO] [1754827467.284170172] [simple_pure_pursuit_node]: trajectory points is empty
[simple_pure_pursuit-11] [INFO] [1754827468.293807629] [simple_pure_pursuit_node]: trajectory points is empty
[simple_pure_pursuit-11] [INFO] [1754827469.303938859] [simple_pure_pursuit_node]: trajectory points is empty
[simple_pure_pursuit-11] [INFO] [1754827470.313888537] [simple_pure_pursuit_node]: trajectory points is empty
[simple_pure_pursuit-11] [INFO] [1754827471.324119356] [simple_pure_pursuit_node]: trajectory points is empty
[simple_pure_pursuit-11] [INFO] [1754827472.333990807] [simple_pure_pursuit_node]: trajectory points is empty
[simple_pure_pursuit-11] [INFO] [1754827473.344016253] [simple_pure_pursuit_node]: trajectory points is empty
[simple_pure_pursuit-11] [INFO] [1754827474.353969740] [simple_pure_pursuit_node]: trajectory points is empty
[simple_pure_pursuit-11] [INFO] [1754827475.364355160] [simple_pure_pursuit_node]: trajectory points is empty
[simple_pure_pursuit-11] [INFO] [1754827476.374417115] [simple_pure_pursuit_node]: trajectory points is empty
[simple_pure_pursuit-11] [INFO] [1754827477.384018758] [simple_pure_pursuit_node]: trajectory points is empty
[simple_pure_pursuit-11] [INFO] [1754827478.394061661] [simple_pure_pursuit_node]: trajectory points is empty
[simple_pure_pursuit-11] [INFO] [1754827479.404072240] [simple_pure_pursuit_node]: trajectory points is empty
[simple_pure_pursuit-11] [INFO] [1754827480.414185110] [simple_pure_pursuit_node]: trajectory points is empty
