[INFO] [launch]: All log files can be found below /home/ubuntu/.ros/log/2025-08-08-22-26-20-345721-ubuntu-HP-Laptop-14s-dq5xxx-1970
[INFO] [launch]: Default logging verbosity is set to INFO
[INFO] [launch.user]: The arguments for aichallenge_system_launch.
[INFO] [launch.user]:  - simulation: true
[INFO] [launch.user]:  - use_sim_time: true
[INFO] [launch.user]:  - sensor_model: racing_kart_sensor_kit
[INFO] [launch.user]:  - launch_vehicle_interface: true
[INFO] [launch.user]:  - rviz config: /aichallenge/workspace/install/aichallenge_system_launch/share/aichallenge_system_launch/config/autoware.rviz
[INFO] [launch.user]: The arguments for aichallenge_submit_launch.
[INFO] [launch.user]:  - simulation: true
[INFO] [launch.user]:  - use_sim_time: true
[INFO] [launch.user]:  - sensor_model: racing_kart_sensor_kit
[INFO] [launch.user]:  - launch_vehicle_interface: true
[INFO] [launch.user]: echo launch param use_sim_time: true launch_vehicle_interface: true sensor_model: racing_kart_sensor_kit
[ERROR] [launch]: Caught exception in launch (see debug for traceback): "package 'editor_tool_server' not found, searching: ['/aichallenge/workspace/install/simple_trajectory_generator', '/aichallenge/workspace/install/aichallenge_system_launch', '/aichallenge/workspace/install/aichallenge_submit_launch', '/aichallenge/workspace/install/simple_pure_pursuit', '/aichallenge/workspace/install/racing_kart_sensor_kit_description', '/aichallenge/workspace/install/racing_kart_gnss_poser', '/aichallenge/workspace/install/racing_kart_description', '/aichallenge/workspace/install/path_to_trajectory', '/aichallenge/workspace/install/imu_gnss_poser', '/aichallenge/workspace/install/imu_corrector', '/aichallenge/workspace/install/gyro_odometer', '/aichallenge/workspace/install/goal_pose_setter', '/aichallenge/workspace/install/autoware_overlay_rviz_plugin', '/aichallenge/workspace/install/aichallenge_awsim_adapter', '/autoware/install/velodyne_monitor', '/autoware/install/vehicle_velocity_converter', '/autoware/install/autoware_launch', '/autoware/install/tier4_control_launch', '/autoware/install/vehicle_cmd_gate', '/autoware/install/trajectory_follower_node', '/autoware/install/pure_pursuit', '/autoware/install/pid_longitudinal_controller', '/autoware/install/mpc_lateral_controller', '/autoware/install/trajectory_follower_base', '/autoware/install/tier4_simulator_launch', '/autoware/install/tier4_sensing_launch', '/autoware/install/tier4_planning_rviz_plugin', '/autoware/install/tier4_planning_launch', '/autoware/install/tier4_perception_launch', '/autoware/install/tier4_localization_rviz_plugin', '/autoware/install/surround_obstacle_checker', '/autoware/install/steer_offset_estimator', '/autoware/install/static_centerline_optimizer', '/autoware/install/simple_planning_simulator', '/autoware/install/planning_validator', '/autoware/install/operation_mode_transition_manager', '/autoware/install/obstacle_velocity_limiter', '/autoware/install/obstacle_stop_planner', '/autoware/install/obstacle_cruise_planner', '/autoware/install/obstacle_collision_checker', '/autoware/install/obstacle_avoidance_planner', '/autoware/install/behavior_velocity_planner', '/autoware/install/motion_velocity_smoother', '/autoware/install/mission_planner', '/autoware/install/behavior_path_planner', '/autoware/install/lane_departure_checker', '/autoware/install/ground_segmentation', '/autoware/install/control_performance_analysis', '/autoware/install/global_parameter_loader', '/autoware/install/freespace_planner', '/autoware/install/freespace_planning_algorithms', '/autoware/install/vehicle_info_util', '/autoware/install/twist2accel', '/autoware/install/lidar_centerpoint_tvm', '/autoware/install/lidar_apollo_segmentation_tvm_nodes', '/autoware/install/lidar_apollo_segmentation_tvm', '/autoware/install/tvm_utility', '/autoware/install/traffic_light_visualization', '/autoware/install/traffic_light_ssd_fine_detector', '/autoware/install/traffic_light_selector', '/autoware/install/traffic_light_map_based_detector', '/autoware/install/traffic_light_classifier', '/autoware/install/tier4_system_launch', '/autoware/install/component_state_monitor', '/autoware/install/topic_state_monitor', '/autoware/install/time_utils', '/autoware/install/tier4_vehicle_rviz_plugin', '/autoware/install/tier4_calibration_rviz_plugin', '/autoware/install/tier4_autoware_api_launch', '/autoware/install/external_cmd_selector', '/autoware/install/awapi_awiv_adapter', '/autoware/install/autoware_iv_internal_api_adaptor', '/autoware/install/autoware_iv_external_api_adaptor', '/autoware/install/tier4_auto_msgs_converter', '/autoware/install/external_cmd_converter', '/autoware/install/accel_brake_map_calibrator', '/autoware/install/raw_vehicle_cmd_converter', '/autoware/install/tier4_vehicle_msgs', '/autoware/install/tier4_vehicle_launch', '/autoware/install/dummy_infrastructure', '/autoware/install/tier4_v2x_msgs', '/autoware/install/tier4_traffic_light_rviz_plugin', '/autoware/install/tier4_localization_launch', '/autoware/install/tier4_api_msgs', '/autoware/install/pose_initializer', '/autoware/install/mrm_emergency_stop_operator', '/autoware/install/mrm_comfortable_stop_operator', '/autoware/install/emergency_handler', '/autoware/install/default_ad_api', '/autoware/install/automatic_pose_initializer', '/autoware/install/ad_api_adaptors', '/autoware/install/component_interface_utils', '/autoware/install/component_interface_tools', '/autoware/install/tier4_system_msgs', '/autoware/install/tier4_state_rviz_plugin', '/autoware/install/fault_injection', '/autoware/install/diagnostic_converter', '/autoware/install/tier4_simulation_msgs', '/autoware/install/tier4_simulated_clock_rviz_plugin', '/autoware/install/tier4_screen_capture_rviz_plugin', '/autoware/install/rtc_replayer', '/autoware/install/rtc_manager_rviz_plugin', '/autoware/install/rtc_interface', '/autoware/install/rtc_auto_mode_manager', '/autoware/install/tier4_rtc_msgs', '/autoware/install/scenario_selector', '/autoware/install/planning_debug_tools', '/autoware/install/external_velocity_limit_selector', '/autoware/install/costmap_generator', '/autoware/install/tier4_planning_msgs', '/autoware/install/tier4_perception_rviz_plugin', '/autoware/install/tensorrt_yolo', '/autoware/install/detection_by_tracker', '/autoware/install/shape_estimation', '/autoware/install/object_merger', '/autoware/install/multi_object_tracker', '/autoware/install/lidar_apollo_instance_segmentation', '/autoware/install/image_projection_based_fusion', '/autoware/install/euclidean_cluster', '/autoware/install/dummy_perception_publisher', '/autoware/install/detected_object_validation', '/autoware/install/detected_object_feature_remover', '/autoware/install/tier4_perception_msgs', '/autoware/install/occupancy_grid_map_outlier_filter', '/autoware/install/compare_map_segmentation', '/autoware/install/pointcloud_preprocessor', '/autoware/install/tier4_pcl_extensions', '/autoware/install/tier4_map_launch', '/autoware/install/ndt_scan_matcher', '/autoware/install/initial_pose_button_panel', '/autoware/install/tier4_localization_msgs', '/autoware/install/tier4_hmi_msgs', '/autoware/install/tier4_control_rviz_plugin', '/autoware/install/joy_controller', '/autoware/install/tier4_api_utils', '/autoware/install/system_monitor', '/autoware/install/elevation_map_loader', '/autoware/install/autoware_external_api_msgs', '/autoware/install/tier4_external_api_msgs', '/autoware/install/tier4_debug_tools', '/autoware/install/tier4_debug_rviz_plugin', '/autoware/install/system_error_monitor', '/autoware/install/route_handler', '/autoware/install/radar_tracks_msgs_converter', '/autoware/install/radar_static_pointcloud_filter', '/autoware/install/radar_fusion_to_detected_object', '/autoware/install/probabilistic_occupancy_grid_map', '/autoware/install/planning_evaluator', '/autoware/install/lidar_centerpoint', '/autoware/install/heatmap_visualizer', '/autoware/install/perception_utils', '/autoware/install/path_distance_calculator', '/autoware/install/map_based_prediction', '/autoware/install/motion_utils', '/autoware/install/map_loader', '/autoware/install/localization_evaluator', '/autoware/install/kinematic_evaluator', '/autoware/install/interpolation', '/autoware/install/imu_corrector', '/autoware/install/image_diagnostics', '/autoware/install/gyro_odometer', '/autoware/install/grid_map_utils', '/autoware/install/goal_distance_calculator', '/autoware/install/front_vehicle_velocity_estimator', '/autoware/install/ekf_localizer', '/autoware/install/dummy_diag_publisher', '/autoware/install/crosswalk_traffic_light_estimator', '/autoware/install/tier4_autoware_utils', '/autoware/install/stop_filter', '/autoware/install/pose2twist', '/autoware/install/gnss_poser', '/autoware/install/tier4_debug_msgs', '/autoware/install/tier4_datetime_rviz_plugin', '/autoware/install/tier4_control_msgs', '/autoware/install/tier4_automatic_goal_rviz_plugin', '/autoware/install/simulator_compatibility_test', '/autoware/install/signal_processing', '/autoware/install/shift_decider', '/autoware/install/radar_threshold_filter', '/autoware/install/radar_scan_to_pointcloud2', '/autoware/install/polar_grid', '/autoware/install/pointcloud_to_laserscan', '/autoware/install/plotjuggler_ros', '/autoware/install/osqp_interface', '/autoware/install/object_range_splitter', '/autoware/install/ndt_omp', '/autoware/install/mussp', '/autoware/install/morai_msgs', '/autoware/install/map_tf_generator', '/autoware/install/map_height_fitter', '/autoware/install/localization_error_monitor', '/autoware/install/livox_tag_filter', '/autoware/install/lanelet2_map_preprocessor', '/autoware/install/lanelet2_extension', '/autoware/install/kalman_filter', '/autoware/install/individual_params', '/autoware/install/image_transport_decompressor', '/autoware/install/geo_pos_conv', '/autoware/install/fake_test_node', '/autoware/install/component_interface_specs', '/autoware/install/bluetooth_monitor', '/autoware/install/bag_time_manager_rviz_plugin', '/autoware/install/autoware_utils', '/autoware/install/autoware_testing', '/autoware/install/autoware_sensing_msgs', '/autoware/install/autoware_point_types', '/autoware/install/autoware_planning_msgs', '/autoware/install/autoware_perception_msgs', '/autoware/install/autoware_map_msgs', '/autoware/install/autoware_localization_msgs', '/autoware/install/autoware_lint_common', '/autoware/install/autoware_control_msgs', '/autoware/install/autoware_common_msgs', '/autoware/install/autoware_cmake', '/autoware/install/autoware_auto_msgs', '/autoware/install/autoware_auto_geometry', '/autoware/install/autoware_auto_vehicle_msgs', '/autoware/install/autoware_auto_tf2', '/autoware/install/autoware_auto_system_msgs', '/autoware/install/autoware_auto_planning_msgs', '/autoware/install/autoware_auto_perception_rviz_plugin', '/autoware/install/autoware_auto_perception_msgs', '/autoware/install/autoware_auto_mapping_msgs', '/autoware/install/autoware_auto_geometry_msgs', '/autoware/install/autoware_auto_control_msgs', '/autoware/install/autoware_auto_common', '/autoware/install/autoware_adapi_version_msgs', '/autoware/install/ad_api_visualizers', '/autoware/install/autoware_adapi_v1_msgs', '/autoware/install/autoware_ad_api_specs', '/opt/ros/humble']"
[INFO] [robot_state_publisher-1]: process started with pid [1985]
[INFO] [vehicle_velocity_converter-2]: process started with pid [1987]
[INFO] [imu_corrector-3]: process started with pid [1989]
[INFO] [gnss_poser-4]: process started with pid [1991]
[INFO] [gyro_odometer-5]: process started with pid [1993]
[INFO] [imu_gnss_poser_node-6]: process started with pid [1995]
[INFO] [ekf_localizer-7]: process started with pid [1997]
[INFO] [twist2accel-8]: process started with pid [1999]
[INFO] [simple_trajectory_generator_node-9]: process started with pid [2001]
[INFO] [simple_pure_pursuit-10]: process started with pid [2003]
[INFO] [component_container-11]: process started with pid [2005]
[INFO] [raw_vehicle_cmd_converter_node-12]: process started with pid [2007]
[INFO] [goal_pose_setter_node-13]: process started with pid [2009]
[robot_state_publisher-1] [0m[INFO] [1754659581.437387764] [robot_state_publisher]: got segment base_link[0m
[robot_state_publisher-1] [0m[INFO] [1754659581.437487669] [robot_state_publisher]: got segment gnss_link[0m
[robot_state_publisher-1] [0m[INFO] [1754659581.437499717] [robot_state_publisher]: got segment imu_link[0m
[robot_state_publisher-1] [0m[INFO] [1754659581.437508380] [robot_state_publisher]: got segment sensor_kit_base_link[0m
[gyro_odometer-5] [33m[WARN] [1754659581.446123372] [localization.gyro_odometer]: Imu msg is not subscribed[0m
[ekf_localizer-7] [33m[WARN] [1754659581.445854291] [localization.ekf_localizer]: The node is not activated. Provide initial pose to pose_initializer[0m
[simple_trajectory_generator_node-9] [0m[INFO] [1754659581.443107519] [planning.scenario_planning.simple_trajectory_generator]: csv_path parameter changed from '' to '/aichallenge/workspace/install/simple_trajectory_generator/share/simple_trajectory_generator/data/raceline_awsim_15km.csv'[0m
[simple_trajectory_generator_node-9] [0m[INFO] [1754659581.443553330] [planning.scenario_planning.simple_trajectory_generator]: Successfully loaded new trajectory from CSV: /aichallenge/workspace/install/simple_trajectory_generator/share/simple_trajectory_generator/data/raceline_awsim_15km.csv with 121 points[0m
[simple_trajectory_generator_node-9] [0m[INFO] [1754659581.443705103] [planning.scenario_planning.simple_trajectory_generator]: z parameter changed to 6.500000[0m
[simple_trajectory_generator_node-9] [0m[INFO] [1754659581.444052800] [planning.scenario_planning.simple_trajectory_generator]: Loaded trajectory from CSV with 121 points[0m
[simple_pure_pursuit-10] [0m[INFO] [1754659581.425818128] [simple_pure_pursuit_node]: odometry is not available[0m
[component_container-11] [0m[INFO] [1754659581.561988289] [map.map_container]: Load Library: /autoware/install/map_loader/lib/liblanelet2_map_loader_node.so[0m
[component_container-11] [0m[INFO] [1754659581.569708120] [map.map_container]: Found class: rclcpp_components::NodeFactoryTemplate<Lanelet2MapLoaderNode>[0m
[component_container-11] [0m[INFO] [1754659581.569747066] [map.map_container]: Instantiate class: rclcpp_components::NodeFactoryTemplate<Lanelet2MapLoaderNode>[0m
[INFO] [robot_state_publisher-1]: sending signal 'SIGINT' to process[robot_state_publisher-1]
[INFO] [vehicle_velocity_converter-2]: sending signal 'SIGINT' to process[vehicle_velocity_converter-2]
[INFO] [imu_corrector-3]: sending signal 'SIGINT' to process[imu_corrector-3]
[INFO] [gnss_poser-4]: sending signal 'SIGINT' to process[gnss_poser-4]
[INFO] [gyro_odometer-5]: sending signal 'SIGINT' to process[gyro_odometer-5]
[INFO] [imu_gnss_poser_node-6]: sending signal 'SIGINT' to process[imu_gnss_poser_node-6]
[INFO] [ekf_localizer-7]: sending signal 'SIGINT' to process[ekf_localizer-7]
[INFO] [twist2accel-8]: sending signal 'SIGINT' to process[twist2accel-8]
[INFO] [simple_trajectory_generator_node-9]: sending signal 'SIGINT' to process[simple_trajectory_generator_node-9]
[INFO] [simple_pure_pursuit-10]: sending signal 'SIGINT' to process[simple_pure_pursuit-10]
[INFO] [component_container-11]: sending signal 'SIGINT' to process[component_container-11]
[INFO] [raw_vehicle_cmd_converter_node-12]: sending signal 'SIGINT' to process[raw_vehicle_cmd_converter_node-12]
[INFO] [goal_pose_setter_node-13]: sending signal 'SIGINT' to process[goal_pose_setter_node-13]
[robot_state_publisher-1] [0m[INFO] [1754659581.765404613] [rclcpp]: signal_handler(signum=2)[0m
[vehicle_velocity_converter-2] [0m[INFO] [1754659581.778917758] [rclcpp]: signal_handler(signum=2)[0m
[imu_corrector-3] [0m[INFO] [1754659581.780745527] [rclcpp]: signal_handler(signum=2)[0m
[gnss_poser-4] [0m[INFO] [1754659581.782655022] [rclcpp]: signal_handler(signum=2)[0m
[gyro_odometer-5] [0m[INFO] [1754659581.784819585] [rclcpp]: signal_handler(signum=2)[0m
[imu_gnss_poser_node-6] [0m[INFO] [1754659581.786644201] [rclcpp]: signal_handler(signum=2)[0m
[ekf_localizer-7] [0m[INFO] [1754659581.788737483] [rclcpp]: signal_handler(signum=2)[0m
[twist2accel-8] [0m[INFO] [1754659581.790517491] [rclcpp]: signal_handler(signum=2)[0m
[simple_trajectory_generator_node-9] [0m[INFO] [1754659581.792312999] [rclcpp]: signal_handler(signum=2)[0m
[simple_pure_pursuit-10] [0m[INFO] [1754659581.794106997] [rclcpp]: signal_handler(signum=2)[0m
[component_container-11] [0m[INFO] [1754659581.795927443] [rclcpp]: signal_handler(signum=2)[0m
[raw_vehicle_cmd_converter_node-12] [0m[INFO] [1754659581.797686870] [rclcpp]: signal_handler(signum=2)[0m
[goal_pose_setter_node-13] [0m[INFO] [1754659581.799471999] [rclcpp]: signal_handler(signum=2)[0m
[INFO] [component_container-11]: process has finished cleanly [pid 2005]
[INFO] [ekf_localizer-7]: process has finished cleanly [pid 1997]
[INFO] [robot_state_publisher-1]: process has finished cleanly [pid 1985]
[INFO] [vehicle_velocity_converter-2]: process has finished cleanly [pid 1987]
[INFO] [imu_corrector-3]: process has finished cleanly [pid 1989]
[INFO] [gyro_odometer-5]: process has finished cleanly [pid 1993]
[INFO] [gnss_poser-4]: process has finished cleanly [pid 1991]
[INFO] [imu_gnss_poser_node-6]: process has finished cleanly [pid 1995]
[INFO] [twist2accel-8]: process has finished cleanly [pid 1999]
[INFO] [simple_trajectory_generator_node-9]: process has finished cleanly [pid 2001]
[INFO] [simple_pure_pursuit-10]: process has finished cleanly [pid 2003]
[INFO] [raw_vehicle_cmd_converter_node-12]: process has finished cleanly [pid 2007]
[INFO] [goal_pose_setter_node-13]: process has finished cleanly [pid 2009]
[WARNING] [launch_ros.actions.load_composable_nodes]: Abandoning wait for the '/map/map_container/_container/load_node' service response, due to shutdown.
Future exception was never retrieved
future: <Future finished exception=InvalidHandle('cannot use Destroyable because destruction was requested')>
Traceback (most recent call last):
  File "/usr/lib/python3.10/concurrent/futures/thread.py", line 58, in run
    result = self.fn(*self.args, **self.kwargs)
  File "/opt/ros/humble/lib/python3.10/site-packages/launch_ros/actions/load_composable_nodes.py", line 197, in _load_in_sequence
    self._load_node(next_load_node_request, context)
  File "/opt/ros/humble/lib/python3.10/site-packages/launch_ros/actions/load_composable_nodes.py", line 119, in _load_node
    while not self.__rclpy_load_node_client.wait_for_service(timeout_sec=1.0):
  File "/opt/ros/humble/local/lib/python3.10/dist-packages/rclpy/client.py", line 180, in wait_for_service
    return self.service_is_ready()
  File "/opt/ros/humble/local/lib/python3.10/dist-packages/rclpy/client.py", line 159, in service_is_ready
    with self.handle:
rclpy._rclpy_pybind11.InvalidHandle: cannot use Destroyable because destruction was requested
