[INFO] [launch]: All log files can be found below /home/ubuntu/.ros/log/2025-08-09-10-02-27-617109-ubuntu-HP-Laptop-14s-dq5xxx-2382
[INFO] [launch]: Default logging verbosity is set to INFO
[INFO] [launch.user]: The arguments for aichallenge_system_launch.
[INFO] [launch.user]:  - simulation: true
[INFO] [launch.user]:  - use_sim_time: true
[INFO] [launch.user]:  - sensor_model: racing_kart_sensor_kit
[INFO] [launch.user]:  - launch_vehicle_interface: true
[INFO] [launch.user]:  - rviz config: /aichallenge/workspace/install/aichallenge_system_launch/share/aichallenge_system_launch/config/autoware.rviz
[INFO] [launch.user]: The arguments for aichallenge_submit_launch.
[INFO] [launch.user]:  - simulation: true
[INFO] [launch.user]:  - use_sim_time: true
[INFO] [launch.user]:  - sensor_model: racing_kart_sensor_kit
[INFO] [launch.user]:  - launch_vehicle_interface: true
[INFO] [launch.user]: echo launch param use_sim_time: true launch_vehicle_interface: true sensor_model: racing_kart_sensor_kit
[INFO] [robot_state_publisher-1]: process started with pid [2396]
[INFO] [vehicle_velocity_converter-2]: process started with pid [2398]
[INFO] [imu_corrector-3]: process started with pid [2400]
[INFO] [gnss_poser-4]: process started with pid [2402]
[INFO] [gyro_odometer-5]: process started with pid [2404]
[INFO] [imu_gnss_poser_node-6]: process started with pid [2406]
[INFO] [ekf_localizer-7]: process started with pid [2408]
[INFO] [twist2accel-8]: process started with pid [2410]
[INFO] [simple_trajectory_generator_node-9]: process started with pid [2412]
[INFO] [interactive_server-10]: process started with pid [2414]
[INFO] [simple_pure_pursuit-11]: process started with pid [2416]
[INFO] [component_container-12]: process started with pid [2418]
[INFO] [raw_vehicle_cmd_converter_node-13]: process started with pid [2420]
[INFO] [goal_pose_setter_node-14]: process started with pid [2422]
[INFO] [rviz2-15]: process started with pid [2424]
[INFO] [relay-16]: process started with pid [2426]
[INFO] [control_mode_adapter.py-17]: process started with pid [2428]
[INFO] [actuation_cmd_converter-18]: process started with pid [2432]
[INFO] [relay-19]: process started with pid [2456]
[INFO] [component_container_mt-20]: process started with pid [2478]
[simple_pure_pursuit-11] [0m[INFO] [1754701348.792750995] [simple_pure_pursuit_node]: odometry is not available[0m
[interactive_server-10] [0m[INFO] [1754701348.804303179] [editor_tool_server]: Waiting for 5.000000 seconds before loading CSV and publishing markers.[0m
[robot_state_publisher-1] [0m[INFO] [1754701348.811638081] [robot_state_publisher]: got segment base_link[0m
[robot_state_publisher-1] [0m[INFO] [1754701348.812914325] [robot_state_publisher]: got segment gnss_link[0m
[robot_state_publisher-1] [0m[INFO] [1754701348.812940350] [robot_state_publisher]: got segment imu_link[0m
[robot_state_publisher-1] [0m[INFO] [1754701348.812955039] [robot_state_publisher]: got segment sensor_kit_base_link[0m
[gyro_odometer-5] [33m[WARN] [1754701348.819272105] [localization.gyro_odometer]: Imu msg is not subscribed[0m
[simple_trajectory_generator_node-9] [0m[INFO] [1754701348.823046986] [planning.scenario_planning.simple_trajectory_generator]: csv_path parameter changed from '' to '/aichallenge/workspace/install/simple_trajectory_generator/share/simple_trajectory_generator/data/raceline_awsim_15km.csv'[0m
[simple_trajectory_generator_node-9] [0m[INFO] [1754701348.823559073] [planning.scenario_planning.simple_trajectory_generator]: Successfully loaded new trajectory from CSV: /aichallenge/workspace/install/simple_trajectory_generator/share/simple_trajectory_generator/data/raceline_awsim_15km.csv with 121 points[0m
[simple_trajectory_generator_node-9] [0m[INFO] [1754701348.823691376] [planning.scenario_planning.simple_trajectory_generator]: z parameter changed to 6.500000[0m
[simple_trajectory_generator_node-9] [0m[INFO] [1754701348.824214750] [planning.scenario_planning.simple_trajectory_generator]: Loaded trajectory from CSV with 121 points[0m
[component_container-12] [0m[INFO] [1754701348.842577259] [map.map_container]: Load Library: /autoware/install/map_loader/lib/liblanelet2_map_loader_node.so[0m
[ekf_localizer-7] [33m[WARN] [1754701348.844016249] [localization.ekf_localizer]: The node is not activated. Provide initial pose to pose_initializer[0m
[component_container-12] [0m[INFO] [1754701348.856676585] [map.map_container]: Found class: rclcpp_components::NodeFactoryTemplate<Lanelet2MapLoaderNode>[0m
[component_container-12] [0m[INFO] [1754701348.857272697] [map.map_container]: Instantiate class: rclcpp_components::NodeFactoryTemplate<Lanelet2MapLoaderNode>[0m
[INFO] [launch_ros.actions.load_composable_nodes]: Loaded node '/map/lanelet2_map_loader' in container '/map/map_container'
[component_container-12] [0m[INFO] [1754701348.881090131] [map.map_container]: Load Library: /autoware/install/map_loader/lib/liblanelet2_map_visualization_node.so[0m
[component_container-12] [0m[INFO] [1754701348.882381371] [map.map_container]: Found class: rclcpp_components::NodeFactoryTemplate<Lanelet2MapVisualizationNode>[0m
[component_container-12] [0m[INFO] [1754701348.882405043] [map.map_container]: Instantiate class: rclcpp_components::NodeFactoryTemplate<Lanelet2MapVisualizationNode>[0m
[INFO] [launch_ros.actions.load_composable_nodes]: Loaded node '/map/lanelet2_map_visualization' in container '/map/map_container'
[component_container-12] [0m[INFO] [1754701348.899656931] [map.lanelet2_map_visualization]: Map is loaded
[component_container-12] [0m
[component_container-12] [0m[INFO] [1754701348.905236335] [map.map_container]: Load Library: /autoware/install/map_tf_generator/lib/libvector_map_tf_generator_node.so[0m
[component_container-12] [0m[INFO] [1754701348.910468421] [map.map_container]: Found class: rclcpp_components::NodeFactoryTemplate<VectorMapTFGeneratorNode>[0m
[component_container-12] [0m[INFO] [1754701348.910529178] [map.map_container]: Instantiate class: rclcpp_components::NodeFactoryTemplate<VectorMapTFGeneratorNode>[0m
[INFO] [launch_ros.actions.load_composable_nodes]: Loaded node '/map/vector_map_tf_generator' in container '/map/map_container'
[rviz2-15] QPainter::begin: Paint device returned engine == 0, type: 2
[rviz2-15] QPainter::setPen: Painter not active
[component_container-12] [0m[INFO] [1754701348.926016887] [map.vector_map_tf_generator]: broadcast static tf. map_frame:map, viewer_frame:viewer, x:89648.2, y:43157.2, z:6.5[0m
[component_container_mt-20] [0m[INFO] [1754701348.957320882] [system.system_monitor.system_monitor.system_monitor_container]: Load Library: /autoware/install/system_monitor/lib/libcpu_monitor_lib.so[0m
[component_container_mt-20] [0m[INFO] [1754701348.960919454] [system.system_monitor.system_monitor.system_monitor_container]: Found class: rclcpp_components::NodeFactoryTemplate<CPUMonitor>[0m
[component_container_mt-20] [0m[INFO] [1754701348.960972973] [system.system_monitor.system_monitor.system_monitor_container]: Instantiate class: rclcpp_components::NodeFactoryTemplate<CPUMonitor>[0m
[INFO] [launch_ros.actions.load_composable_nodes]: Loaded node '/system/system_monitor/cpu_monitor' in container '/system/system_monitor/system_monitor/system_monitor_container'
[component_container_mt-20] [0m[INFO] [1754701348.986780386] [system.system_monitor.system_monitor.system_monitor_container]: Load Library: /autoware/install/system_monitor/lib/libmem_monitor_lib.so[0m
[component_container_mt-20] [0m[INFO] [1754701348.987469230] [system.system_monitor.system_monitor.system_monitor_container]: Found class: rclcpp_components::NodeFactoryTemplate<MemMonitor>[0m
[component_container_mt-20] [0m[INFO] [1754701348.987500296] [system.system_monitor.system_monitor.system_monitor_container]: Instantiate class: rclcpp_components::NodeFactoryTemplate<MemMonitor>[0m
[INFO] [launch_ros.actions.load_composable_nodes]: Loaded node '/system/system_monitor/mem_monitor' in container '/system/system_monitor/system_monitor/system_monitor_container'
[component_container_mt-20] [0m[INFO] [1754701349.001456118] [system.system_monitor.system_monitor.system_monitor_container]: Load Library: /autoware/install/system_monitor/lib/libprocess_monitor_lib.so[0m
[component_container_mt-20] [0m[INFO] [1754701349.002102374] [system.system_monitor.system_monitor.system_monitor_container]: Found class: rclcpp_components::NodeFactoryTemplate<ProcessMonitor>[0m
[component_container_mt-20] [0m[INFO] [1754701349.002132656] [system.system_monitor.system_monitor.system_monitor_container]: Instantiate class: rclcpp_components::NodeFactoryTemplate<ProcessMonitor>[0m
[INFO] [launch_ros.actions.load_composable_nodes]: Loaded node '/system/system_monitor/process_monitor' in container '/system/system_monitor/system_monitor/system_monitor_container'
[component_container_mt-20] [0m[INFO] [1754701349.018022917] [system.system_monitor.system_monitor.system_monitor_container]: Load Library: /autoware/install/system_monitor/lib/libvoltage_monitor_lib.so[0m
[component_container_mt-20] [0m[INFO] [1754701349.018888184] [system.system_monitor.system_monitor.system_monitor_container]: Found class: rclcpp_components::NodeFactoryTemplate<VoltageMonitor>[0m
[component_container_mt-20] [0m[INFO] [1754701349.018926993] [system.system_monitor.system_monitor.system_monitor_container]: Instantiate class: rclcpp_components::NodeFactoryTemplate<VoltageMonitor>[0m
[INFO] [launch_ros.actions.load_composable_nodes]: Loaded node '/system/system_monitor/voltage_monitor' in container '/system/system_monitor/system_monitor/system_monitor_container'
[rviz2-15] [0m[INFO] [1754701349.092941619] [rviz2]: Stereo is NOT SUPPORTED[0m
[rviz2-15] [0m[INFO] [1754701349.093065557] [rviz2]: OpenGl version: 4.6 (GLSL 4.6)[0m
[rviz2-15] [0m[INFO] [1754701349.112713311] [rviz2]: Stereo is NOT SUPPORTED[0m
[simple_trajectory_generator_node-9] [33m[WARN] [1754701349.442847125] [planning.scenario_planning.simple_trajectory_generator]: New subscription discovered on topic '/planning/scenario_planning/trajectory', requesting incompatible QoS. No messages will be sent to it. Last incompatible policy: RELIABILITY_QOS_POLICY[0m
[simple_trajectory_generator_node-9] [33m[WARN] [1754701349.443637514] [planning.scenario_planning.simple_trajectory_generator]: New subscription discovered on topic '/planning/scenario_planning/trajectory', requesting incompatible QoS. No messages will be sent to it. Last incompatible policy: RELIABILITY_QOS_POLICY[0m
[simple_pure_pursuit-11] [0m[INFO] [1754701349.792771426] [simple_pure_pursuit_node]: odometry is not available[0m
[rviz2-15] QObject::connect: No such signal QLineEdit::valueChanged(std::string)
[simple_pure_pursuit-11] [0m[INFO] [1754701350.802715938] [simple_pure_pursuit_node]: odometry is not available[0m
[ekf_localizer-7] [33m[WARN] [1754701350.951077692] [localization.ekf_localizer]: The node is not activated. Provide initial pose to pose_initializer[0m
[simple_pure_pursuit-11] [0m[INFO] [1754701351.812626539] [simple_pure_pursuit_node]: odometry is not available[0m
[goal_pose_setter_node-14] [0m[INFO] [1754701352.097686059] [goal_pose_setter]: Call localization trigger[0m
[goal_pose_setter_node-14] [0m[INFO] [1754701352.272463425] [goal_pose_setter]: Complete localization trigger[0m
[interactive_server-10] [0m[INFO] [1754701353.804939090] [editor_tool_server]: Loading CSV file: /aichallenge/workspace/src/aichallenge-trajectory-editor/csv/centerline_15km.csv[0m
[interactive_server-10] [31m[ERROR] [1754701353.805081954] [editor_tool_server]: Failed to open file: /aichallenge/workspace/src/aichallenge-trajectory-editor/csv/centerline_15km.csv[0m
[simple_pure_pursuit-11] [0m[INFO] [1754701353.812779336] [simple_pure_pursuit_node]: trajectory points is empty[0m
[relay-16] [33m[WARN] [1754701366.135211258] [initial_pose_relay]: Some, but not all, publishers on topic /initialpose offer 'transient local' durability. Falling back to 'volatile' durability in orderto connect to all publishers.[0m
[ekf_localizer-7] [33m[WARN] [1754701366.203432275] [localization.ekf_localizer]: The Mahalanobis distance 13520675146.7377 is over the limit 10000.0000.[0m
[rviz2-15] [33m[WARN] [1754701366.220917701] [rviz2]: Negative eigenvalue found for position. Is the covariance matrix correct (positive semidefinite)?[0m
[rviz2-15] OpenCV: FFMPEG: tag 0x34363268/'h264' is not supported with codec id 27 and format 'mp4 / MP4 (MPEG-4 Part 14)'
[rviz2-15] OpenCV: FFMPEG: fallback to use tag 0x31637661/'avc1'
[simple_trajectory_generator_node-9] [0m[INFO] [1754701405.823365139] [planning.scenario_planning.simple_trajectory_generator]: Published trajectory with 121 points[0m
[simple_trajectory_generator_node-9] [0m[INFO] [1754701466.822396311] [planning.scenario_planning.simple_trajectory_generator]: Published trajectory with 121 points[0m
[rviz2-15] [33m[WARN] [1754701519.399874314] [rcl.logging_rosout]: Publisher already registered for provided node name. If this is due to multiple nodes with the same name then all logs for that logger name will go out over the existing publisher. As soon as any node with that name is destructed it will unregister the publisher, preventing any further logs for that name from being published on the rosout topic.[0m
[rviz2-15] [0m[INFO] [1754701519.421685300] [rviz2]: CsvMarkerDisplay initialized[0m
[rviz2-15] [33m[WARN] [1754701527.093373403] [rcl.logging_rosout]: Publisher already registered for provided node name. If this is due to multiple nodes with the same name then all logs for that logger name will go out over the existing publisher. As soon as any node with that name is destructed it will unregister the publisher, preventing any further logs for that name from being published on the rosout topic.[0m
[rviz2-15] [0m[INFO] [1754701527.110802248] [rviz2]: EditorTool initialized[0m
[simple_trajectory_generator_node-9] [0m[INFO] [1754701527.821128180] [planning.scenario_planning.simple_trajectory_generator]: Published trajectory with 121 points[0m
[simple_trajectory_generator_node-9] [0m[INFO] [1754701588.819955677] [planning.scenario_planning.simple_trajectory_generator]: Published trajectory with 121 points[0m
[rviz2-15] [0m[INFO] [1754701609.023502322] [rviz2]: Connected on namespace: /editor_tool_server[0m
[rviz2-15] [0m[INFO] [1754701609.042655468] [rviz2]: Sending request for interactive markers[0m
[rviz2-15] [0m[INFO] [1754701609.088700220] [rviz2]: Service response received for initialization[0m
[rviz2-15] [0m[INFO] [1754701638.801667089] [rviz2]: Loading CSV file: /aichallenge/workspace/src/aichallenge_submit/aichallenge-trajectory-editor/csv/raceline_awsim_30km_pp.csv[0m
[interactive_server-10] [0m[INFO] [1754701638.801939031] [editor_tool_server]: Loading CSV file: /aichallenge/workspace/src/aichallenge_submit/aichallenge-trajectory-editor/csv/raceline_awsim_30km_pp.csv[0m
[interactive_server-10] [0m[INFO] [1754701638.812133138] [editor_tool_server]: CSV loaded and markers displayed successfully[0m
[simple_trajectory_generator_node-9] [0m[INFO] [1754701649.818758568] [planning.scenario_planning.simple_trajectory_generator]: Published trajectory with 121 points[0m
[interactive_server-10] [33m[WARN] [1754701695.798263659] [editor_tool_server]: Nothing to redo[0m
[rviz2-15] [0m[INFO] [1754701695.798562551] [rviz2]: Redo executed[0m
[interactive_server-10] [33m[WARN] [1754701696.611043834] [editor_tool_server]: Nothing to redo[0m
[rviz2-15] [0m[INFO] [1754701696.611388649] [rviz2]: Redo executed[0m
[interactive_server-10] [33m[WARN] [1754701696.795222443] [editor_tool_server]: Nothing to redo[0m
[rviz2-15] [0m[INFO] [1754701696.795487526] [rviz2]: Redo executed[0m
[interactive_server-10] [33m[WARN] [1754701696.992766820] [editor_tool_server]: Nothing to redo[0m
[rviz2-15] [0m[INFO] [1754701696.993439405] [rviz2]: Redo executed[0m
[interactive_server-10] [33m[WARN] [1754701697.212748427] [editor_tool_server]: Nothing to redo[0m
[rviz2-15] [0m[INFO] [1754701697.213087437] [rviz2]: Redo executed[0m
[interactive_server-10] [33m[WARN] [1754701697.335156303] [editor_tool_server]: Nothing to redo[0m
[rviz2-15] [0m[INFO] [1754701697.335505470] [rviz2]: Redo executed[0m
[interactive_server-10] [33m[WARN] [1754701697.519421451] [editor_tool_server]: Nothing to redo[0m
[rviz2-15] [0m[INFO] [1754701697.519789283] [rviz2]: Redo executed[0m
[interactive_server-10] [33m[WARN] [1754701697.712818661] [editor_tool_server]: Nothing to redo[0m
[rviz2-15] [0m[INFO] [1754701697.713072984] [rviz2]: Redo executed[0m
[interactive_server-10] [33m[WARN] [1754701697.905046700] [editor_tool_server]: Nothing to redo[0m
[rviz2-15] [0m[INFO] [1754701697.905302675] [rviz2]: Redo executed[0m
[interactive_server-10] [33m[WARN] [1754701698.112231209] [editor_tool_server]: Nothing to redo[0m
[rviz2-15] [0m[INFO] [1754701698.112486253] [rviz2]: Redo executed[0m
[interactive_server-10] [33m[WARN] [1754701698.304391911] [editor_tool_server]: Nothing to redo[0m
[rviz2-15] [0m[INFO] [1754701698.304950039] [rviz2]: Redo executed[0m
[interactive_server-10] [33m[WARN] [1754701698.545513172] [editor_tool_server]: Nothing to redo[0m
[rviz2-15] [0m[INFO] [1754701698.545815935] [rviz2]: Redo executed[0m
[interactive_server-10] [33m[WARN] [1754701698.714839100] [editor_tool_server]: Nothing to redo[0m
[rviz2-15] [0m[INFO] [1754701698.715060241] [rviz2]: Redo executed[0m
[interactive_server-10] [33m[WARN] [1754701699.029068812] [editor_tool_server]: Nothing to redo[0m
[rviz2-15] [0m[INFO] [1754701699.029369684] [rviz2]: Redo executed[0m
[rviz2-15] [0m[INFO] [1754701701.941137477] [rviz2]: Creating directory: /aichallenge/post[0m
[interactive_server-10] [0m[INFO] [1754701701.942310671] [editor_tool_server]: CSV saved to /aichallenge/post/post.csv[0m
[interactive_server-10] [0m[INFO] [1754701701.942397317] [editor_tool_server]: CSV saved successfully to /aichallenge/post/post.csv[0m
[rviz2-15] [0m[INFO] [1754701701.942599017] [rviz2]: CSV saved to /aichallenge/post/post.csv[0m
[simple_trajectory_generator_node-9] [0m[INFO] [1754701701.942794934] [planning.scenario_planning.simple_trajectory_generator]: csv_path parameter changed from '/aichallenge/workspace/install/simple_trajectory_generator/share/simple_trajectory_generator/data/raceline_awsim_15km.csv' to '/aichallenge/post/post.csv'[0m
[simple_trajectory_generator_node-9] [0m[INFO] [1754701701.943098331] [planning.scenario_planning.simple_trajectory_generator]: Successfully loaded new trajectory from CSV: /aichallenge/post/post.csv with 121 points[0m
[interactive_server-10] [0m[INFO] [1754701703.831563347] [editor_tool_server]: CSV saved to /aichallenge/post/post.csv[0m
[interactive_server-10] [0m[INFO] [1754701703.831684482] [editor_tool_server]: CSV saved successfully to /aichallenge/post/post.csv[0m
[rviz2-15] [0m[INFO] [1754701703.831874744] [rviz2]: CSV saved to /aichallenge/post/post.csv[0m
[simple_trajectory_generator_node-9] [0m[INFO] [1754701703.832060646] [planning.scenario_planning.simple_trajectory_generator]: csv_path parameter changed from '/aichallenge/post/post.csv' to '/aichallenge/post/post.csv'[0m
[simple_trajectory_generator_node-9] [0m[INFO] [1754701703.832399347] [planning.scenario_planning.simple_trajectory_generator]: Successfully loaded new trajectory from CSV: /aichallenge/post/post.csv with 121 points[0m
[interactive_server-10] [0m[INFO] [1754701704.702056177] [editor_tool_server]: CSV saved to /aichallenge/post/post.csv[0m
[interactive_server-10] [0m[INFO] [1754701704.702203732] [editor_tool_server]: CSV saved successfully to /aichallenge/post/post.csv[0m
[rviz2-15] [0m[INFO] [1754701704.702501419] [rviz2]: CSV saved to /aichallenge/post/post.csv[0m
[simple_trajectory_generator_node-9] [0m[INFO] [1754701704.702727640] [planning.scenario_planning.simple_trajectory_generator]: csv_path parameter changed from '/aichallenge/post/post.csv' to '/aichallenge/post/post.csv'[0m
[simple_trajectory_generator_node-9] [0m[INFO] [1754701704.703293983] [planning.scenario_planning.simple_trajectory_generator]: Successfully loaded new trajectory from CSV: /aichallenge/post/post.csv with 121 points[0m
[simple_trajectory_generator_node-9] [0m[INFO] [1754701710.817703478] [planning.scenario_planning.simple_trajectory_generator]: Published trajectory with 121 points[0m
[rviz2-15] [0m[INFO] [1754701715.585736246] [rviz2]: Connected on namespace: /editor_tool_server[0m
[rviz2-15] [0m[INFO] [1754701715.619237510] [rviz2]: Sending request for interactive markers[0m
[rviz2-15] [0m[INFO] [1754701715.649709141] [rviz2]: Service response received for initialization[0m
[rviz2-15] [0m[INFO] [1754701730.540807278] [rviz2]: Connected on namespace: /editor_tool_server[0m
[rviz2-15] [0m[INFO] [1754701730.548545856] [rviz2]: Sending request for interactive markers[0m
[rviz2-15] [0m[INFO] [1754701730.592692317] [rviz2]: Service response received for initialization[0m
[interactive_server-10] [0m[INFO] [1754701737.406894533] [editor_tool_server]: SelectRange: selection mode started. click two markers to select range. velocity=0.00[0m
[rviz2-15] [0m[INFO] [1754701737.407188035] [rviz2]: Selection started with velocity: 0.00[0m
[interactive_server-10] [33m[WARN] [1754701738.524216059] [editor_tool_server]: SelectRange: already in selection mode[0m
[rviz2-15] [0m[INFO] [1754701738.524502281] [rviz2]: Selection started with velocity: 0.00[0m
[interactive_server-10] [33m[WARN] [1754701739.104314651] [editor_tool_server]: SelectRange: already in selection mode[0m
[rviz2-15] [0m[INFO] [1754701739.104610927] [rviz2]: Selection started with velocity: 0.00[0m
[interactive_server-10] [33m[WARN] [1754701739.303567219] [editor_tool_server]: SelectRange: already in selection mode[0m
[rviz2-15] [0m[INFO] [1754701739.303797544] [rviz2]: Selection started with velocity: 0.00[0m
[interactive_server-10] [33m[WARN] [1754701739.500547972] [editor_tool_server]: SelectRange: already in selection mode[0m
[rviz2-15] [0m[INFO] [1754701739.500892344] [rviz2]: Selection started with velocity: 0.00[0m
