[INFO] [launch]: All log files can be found below /root/.ros/log/2025-08-10-18-16-24-784634-ubuntu-HP-Laptop-14s-dq5xxx-174
[INFO] [launch]: Default logging verbosity is set to INFO
[INFO] [launch.user]: The arguments for aichallenge_system_launch.
[INFO] [launch.user]:  - simulation: true
[INFO] [launch.user]:  - use_sim_time: true
[INFO] [launch.user]:  - sensor_model: racing_kart_sensor_kit
[INFO] [launch.user]:  - launch_vehicle_interface: true
[INFO] [launch.user]:  - rviz config: /aichallenge/workspace/install/aichallenge_system_launch/share/aichallenge_system_launch/config/autoware.rviz
[INFO] [launch.user]: The arguments for aichallenge_submit_launch.
[INFO] [launch.user]:  - simulation: true
[INFO] [launch.user]:  - use_sim_time: true
[INFO] [launch.user]:  - sensor_model: racing_kart_sensor_kit
[INFO] [launch.user]:  - launch_vehicle_interface: true
[INFO] [launch.user]: echo launch param use_sim_time: true launch_vehicle_interface: true sensor_model: racing_kart_sensor_kit
[INFO] [robot_state_publisher-1]: process started with pid [188]
[INFO] [vehicle_velocity_converter-2]: process started with pid [190]
[INFO] [imu_corrector-3]: process started with pid [192]
[INFO] [gnss_poser-4]: process started with pid [194]
[INFO] [gyro_odometer-5]: process started with pid [196]
[INFO] [imu_gnss_poser_node-6]: process started with pid [198]
[INFO] [ekf_localizer-7]: process started with pid [200]
[INFO] [twist2accel-8]: process started with pid [202]
[INFO] [simple_trajectory_generator_node-9]: process started with pid [204]
[INFO] [interactive_server-10]: process started with pid [206]
[INFO] [simple_pure_pursuit-11]: process started with pid [208]
[INFO] [component_container-12]: process started with pid [210]
[INFO] [raw_vehicle_cmd_converter_node-13]: process started with pid [212]
[INFO] [goal_pose_setter_node-14]: process started with pid [214]
[INFO] [rviz2-15]: process started with pid [216]
[INFO] [relay-16]: process started with pid [218]
[INFO] [control_mode_adapter.py-17]: process started with pid [220]
[INFO] [actuation_cmd_converter-18]: process started with pid [222]
[INFO] [relay-19]: process started with pid [224]
[INFO] [component_container_mt-20]: process started with pid [226]
[simple_pure_pursuit-11] [INFO] [1754817386.236983577] [simple_pure_pursuit_node]: odometry is not available
[component_container-12] [INFO] [1754817386.253708084] [map.map_container]: Load Library: /autoware/install/map_loader/lib/liblanelet2_map_loader_node.so
[simple_trajectory_generator_node-9] [INFO] [1754817386.259562111] [planning.scenario_planning.simple_trajectory_generator]: csv_path parameter changed from '' to '/aichallenge/workspace/install/simple_trajectory_generator/share/simple_trajectory_generator/data/raceline_awsim_15km.csv'
[simple_trajectory_generator_node-9] [INFO] [1754817386.260055785] [planning.scenario_planning.simple_trajectory_generator]: Successfully loaded new trajectory from CSV: /aichallenge/workspace/install/simple_trajectory_generator/share/simple_trajectory_generator/data/raceline_awsim_15km.csv with 121 points
[simple_trajectory_generator_node-9] [INFO] [1754817386.260206709] [planning.scenario_planning.simple_trajectory_generator]: z parameter changed to 6.500000
[simple_trajectory_generator_node-9] [INFO] [1754817386.261622324] [planning.scenario_planning.simple_trajectory_generator]: Loaded trajectory from CSV with 121 points
[robot_state_publisher-1] [INFO] [1754817386.281918154] [robot_state_publisher]: got segment base_link
[robot_state_publisher-1] [INFO] [1754817386.282157341] [robot_state_publisher]: got segment gnss_link
[robot_state_publisher-1] [INFO] [1754817386.282211323] [robot_state_publisher]: got segment imu_link
[robot_state_publisher-1] [INFO] [1754817386.282228082] [robot_state_publisher]: got segment sensor_kit_base_link
[interactive_server-10] [INFO] [1754817386.289359330] [editor_tool_server]: Waiting for 5.000000 seconds before loading CSV and publishing markers.
[gnss_poser-4] [WARN] [1754817386.292695214] [sensing.gnss.racing_kart_gnss_poser]: "gnss_link" passed to lookupTransform argument target_frame does not exist. 
[gnss_poser-4] [WARN] [1754817386.292820064] [sensing.gnss.racing_kart_gnss_poser]: Please publish TF gnss_link to base_link
[component_container-12] [INFO] [1754817386.316161648] [map.map_container]: Found class: rclcpp_components::NodeFactoryTemplate<Lanelet2MapLoaderNode>
[component_container-12] [INFO] [1754817386.316279963] [map.map_container]: Instantiate class: rclcpp_components::NodeFactoryTemplate<Lanelet2MapLoaderNode>
[ekf_localizer-7] [WARN] [1754817386.320096983] [localization.ekf_localizer]: The node is not activated. Provide initial pose to pose_initializer
[gyro_odometer-5] [WARN] [1754817386.332827726] [localization.gyro_odometer]: Imu msg is not subscribed
[INFO] [launch_ros.actions.load_composable_nodes]: Loaded node '/map/lanelet2_map_loader' in container '/map/map_container'
[component_container-12] [INFO] [1754817386.352138538] [map.map_container]: Load Library: /autoware/install/map_loader/lib/liblanelet2_map_visualization_node.so
[component_container-12] [INFO] [1754817386.355092026] [map.map_container]: Found class: rclcpp_components::NodeFactoryTemplate<Lanelet2MapVisualizationNode>
[component_container-12] [INFO] [1754817386.355145595] [map.map_container]: Instantiate class: rclcpp_components::NodeFactoryTemplate<Lanelet2MapVisualizationNode>
[INFO] [launch_ros.actions.load_composable_nodes]: Loaded node '/map/lanelet2_map_visualization' in container '/map/map_container'
[component_container-12] [INFO] [1754817386.367903297] [map.lanelet2_map_visualization]: Map is loaded
[component_container-12] 
[component_container-12] [INFO] [1754817386.372304048] [map.map_container]: Load Library: /autoware/install/map_tf_generator/lib/libvector_map_tf_generator_node.so
[component_container_mt-20] [INFO] [1754817386.374818080] [system.system_monitor.system_monitor.system_monitor_container]: Load Library: /autoware/install/system_monitor/lib/libcpu_monitor_lib.so
[component_container-12] [INFO] [1754817386.380296990] [map.map_container]: Found class: rclcpp_components::NodeFactoryTemplate<VectorMapTFGeneratorNode>
[component_container-12] [INFO] [1754817386.380402489] [map.map_container]: Instantiate class: rclcpp_components::NodeFactoryTemplate<VectorMapTFGeneratorNode>
[component_container_mt-20] [INFO] [1754817386.384454831] [system.system_monitor.system_monitor.system_monitor_container]: Found class: rclcpp_components::NodeFactoryTemplate<CPUMonitor>
[component_container_mt-20] [INFO] [1754817386.384525482] [system.system_monitor.system_monitor.system_monitor_container]: Instantiate class: rclcpp_components::NodeFactoryTemplate<CPUMonitor>
[INFO] [launch_ros.actions.load_composable_nodes]: Loaded node '/map/vector_map_tf_generator' in container '/map/map_container'
[component_container-12] [INFO] [1754817386.401162259] [map.vector_map_tf_generator]: broadcast static tf. map_frame:map, viewer_frame:viewer, x:89648.2, y:43157.2, z:6.5
[INFO] [launch_ros.actions.load_composable_nodes]: Loaded node '/system/system_monitor/cpu_monitor' in container '/system/system_monitor/system_monitor/system_monitor_container'
[component_container_mt-20] [INFO] [1754817386.411534563] [system.system_monitor.system_monitor.system_monitor_container]: Load Library: /autoware/install/system_monitor/lib/libmem_monitor_lib.so
[component_container_mt-20] [INFO] [1754817386.413238678] [system.system_monitor.system_monitor.system_monitor_container]: Found class: rclcpp_components::NodeFactoryTemplate<MemMonitor>
[component_container_mt-20] [INFO] [1754817386.413295401] [system.system_monitor.system_monitor.system_monitor_container]: Instantiate class: rclcpp_components::NodeFactoryTemplate<MemMonitor>
[INFO] [launch_ros.actions.load_composable_nodes]: Loaded node '/system/system_monitor/mem_monitor' in container '/system/system_monitor/system_monitor/system_monitor_container'
[component_container_mt-20] [INFO] [1754817386.430396478] [system.system_monitor.system_monitor.system_monitor_container]: Load Library: /autoware/install/system_monitor/lib/libprocess_monitor_lib.so
[component_container_mt-20] [INFO] [1754817386.434856768] [system.system_monitor.system_monitor.system_monitor_container]: Found class: rclcpp_components::NodeFactoryTemplate<ProcessMonitor>
[component_container_mt-20] [INFO] [1754817386.434990687] [system.system_monitor.system_monitor.system_monitor_container]: Instantiate class: rclcpp_components::NodeFactoryTemplate<ProcessMonitor>
[INFO] [launch_ros.actions.load_composable_nodes]: Loaded node '/system/system_monitor/process_monitor' in container '/system/system_monitor/system_monitor/system_monitor_container'
[component_container_mt-20] [INFO] [1754817386.456230098] [system.system_monitor.system_monitor.system_monitor_container]: Load Library: /autoware/install/system_monitor/lib/libvoltage_monitor_lib.so
[component_container_mt-20] [INFO] [1754817386.457868244] [system.system_monitor.system_monitor.system_monitor_container]: Found class: rclcpp_components::NodeFactoryTemplate<VoltageMonitor>
[component_container_mt-20] [INFO] [1754817386.457914029] [system.system_monitor.system_monitor.system_monitor_container]: Instantiate class: rclcpp_components::NodeFactoryTemplate<VoltageMonitor>
[INFO] [launch_ros.actions.load_composable_nodes]: Loaded node '/system/system_monitor/voltage_monitor' in container '/system/system_monitor/system_monitor/system_monitor_container'
[rviz2-15] QPainter::begin: Paint device returned engine == 0, type: 2
[rviz2-15] QPainter::setPen: Painter not active
[rviz2-15] [INFO] [1754817386.765228663] [rviz2]: Stereo is NOT SUPPORTED
[rviz2-15] [INFO] [1754817386.765555776] [rviz2]: OpenGl version: 4.6 (GLSL 4.6)
[rviz2-15] [INFO] [1754817386.860305553] [rviz2]: Stereo is NOT SUPPORTED
[simple_pure_pursuit-11] [INFO] [1754817387.240871826] [simple_pure_pursuit_node]: odometry is not available
[simple_trajectory_generator_node-9] [WARN] [1754817387.530364308] [planning.scenario_planning.simple_trajectory_generator]: New subscription discovered on topic '/planning/scenario_planning/trajectory', requesting incompatible QoS. No messages will be sent to it. Last incompatible policy: RELIABILITY_QOS_POLICY
[simple_trajectory_generator_node-9] [WARN] [1754817387.531729000] [planning.scenario_planning.simple_trajectory_generator]: New subscription discovered on topic '/planning/scenario_planning/trajectory', requesting incompatible QoS. No messages will be sent to it. Last incompatible policy: RELIABILITY_QOS_POLICY
[simple_pure_pursuit-11] [INFO] [1754817388.251156505] [simple_pure_pursuit_node]: odometry is not available
[ekf_localizer-7] [WARN] [1754817388.431563582] [localization.ekf_localizer]: The node is not activated. Provide initial pose to pose_initializer
[rviz2-15] QObject::connect: No such signal QLineEdit::valueChanged(std::string)
[simple_pure_pursuit-11] [INFO] [1754817389.261130312] [simple_pure_pursuit_node]: odometry is not available
[goal_pose_setter_node-14] [INFO] [1754817389.532858307] [goal_pose_setter]: Call localization trigger
[goal_pose_setter_node-14] [INFO] [1754817389.533400207] [goal_pose_setter]: Complete localization trigger
[interactive_server-10] [INFO] [1754817391.289654769] [editor_tool_server]: Loading CSV file: /aichallenge/workspace/src/aichallenge-trajectory-editor/csv/centerline_15km.csv
[interactive_server-10] [ERROR] [1754817391.290044567] [editor_tool_server]: Failed to open file: /aichallenge/workspace/src/aichallenge-trajectory-editor/csv/centerline_15km.csv
[simple_pure_pursuit-11] [INFO] [1754817391.293013172] [simple_pure_pursuit_node]: trajectory points is empty
[relay-16] [WARN] [1754817406.477784384] [initial_pose_relay]: Some, but not all, publishers on topic /initialpose offer 'transient local' durability. Falling back to 'volatile' durability in orderto connect to all publishers.
[ekf_localizer-7] [WARN] [1754817406.818910813] [localization.ekf_localizer]: The Mahalanobis distance 5071974557.4292 is over the limit 10000.0000.
[rviz2-15] OpenCV: FFMPEG: tag 0x34363268/'h264' is not supported with codec id 27 and format 'mp4 / MP4 (MPEG-4 Part 14)'
[rviz2-15] OpenCV: FFMPEG: fallback to use tag 0x31637661/'avc1'
[simple_trajectory_generator_node-9] [INFO] [1754817443.262128334] [planning.scenario_planning.simple_trajectory_generator]: Published trajectory with 121 points
[simple_trajectory_generator_node-9] [INFO] [1754817504.262859672] [planning.scenario_planning.simple_trajectory_generator]: Published trajectory with 121 points
[simple_trajectory_generator_node-9] [INFO] [1754817565.262066512] [planning.scenario_planning.simple_trajectory_generator]: Published trajectory with 121 points
[simple_trajectory_generator_node-9] [INFO] [1754817626.261901081] [planning.scenario_planning.simple_trajectory_generator]: Published trajectory with 121 points
[simple_trajectory_generator_node-9] [INFO] [1754817687.262762564] [planning.scenario_planning.simple_trajectory_generator]: Published trajectory with 121 points
[simple_trajectory_generator_node-9] [INFO] [1754817748.262286248] [planning.scenario_planning.simple_trajectory_generator]: Published trajectory with 121 points
