[INFO] [launch]: All log files can be found below /home/ubuntu/.ros/log/2025-08-10-09-46-05-788687-ubuntu-HP-Laptop-14s-dq5xxx-174
[INFO] [launch]: Default logging verbosity is set to INFO
[INFO] [launch.user]: The arguments for aichallenge_system_launch.
[INFO] [launch.user]:  - simulation: true
[INFO] [launch.user]:  - use_sim_time: true
[INFO] [launch.user]:  - sensor_model: racing_kart_sensor_kit
[INFO] [launch.user]:  - launch_vehicle_interface: true
[INFO] [launch.user]:  - rviz config: /aichallenge/workspace/install/aichallenge_system_launch/share/aichallenge_system_launch/config/autoware.rviz
[INFO] [launch.user]: The arguments for aichallenge_submit_launch.
[INFO] [launch.user]:  - simulation: true
[INFO] [launch.user]:  - use_sim_time: true
[INFO] [launch.user]:  - sensor_model: racing_kart_sensor_kit
[INFO] [launch.user]:  - launch_vehicle_interface: true
[INFO] [launch.user]: echo launch param use_sim_time: true launch_vehicle_interface: true sensor_model: racing_kart_sensor_kit
[INFO] [robot_state_publisher-1]: process started with pid [198]
[INFO] [vehicle_velocity_converter-2]: process started with pid [200]
[INFO] [imu_corrector-3]: process started with pid [202]
[INFO] [gnss_poser-4]: process started with pid [204]
[INFO] [gyro_odometer-5]: process started with pid [206]
[INFO] [imu_gnss_poser_node-6]: process started with pid [208]
[INFO] [ekf_localizer-7]: process started with pid [210]
[INFO] [twist2accel-8]: process started with pid [212]
[INFO] [simple_trajectory_generator_node-9]: process started with pid [214]
[INFO] [interactive_server-10]: process started with pid [216]
[INFO] [simple_pure_pursuit-11]: process started with pid [218]
[INFO] [component_container-12]: process started with pid [220]
[INFO] [raw_vehicle_cmd_converter_node-13]: process started with pid [222]
[INFO] [goal_pose_setter_node-14]: process started with pid [224]
[INFO] [rviz2-15]: process started with pid [226]
[INFO] [relay-16]: process started with pid [228]
[INFO] [control_mode_adapter.py-17]: process started with pid [230]
[INFO] [actuation_cmd_converter-18]: process started with pid [232]
[INFO] [relay-19]: process started with pid [234]
[INFO] [component_container_mt-20]: process started with pid [236]
[simple_trajectory_generator_node-9] [INFO] [1754786767.568414032] [planning.scenario_planning.simple_trajectory_generator]: csv_path parameter changed from '' to '/aichallenge/workspace/install/simple_trajectory_generator/share/simple_trajectory_generator/data/raceline_awsim_15km.csv'
[simple_trajectory_generator_node-9] [INFO] [1754786767.569466851] [planning.scenario_planning.simple_trajectory_generator]: Successfully loaded new trajectory from CSV: /aichallenge/workspace/install/simple_trajectory_generator/share/simple_trajectory_generator/data/raceline_awsim_15km.csv with 121 points
[simple_trajectory_generator_node-9] [INFO] [1754786767.569963424] [planning.scenario_planning.simple_trajectory_generator]: z parameter changed to 6.500000
[simple_trajectory_generator_node-9] [INFO] [1754786767.570548719] [planning.scenario_planning.simple_trajectory_generator]: Loaded trajectory from CSV with 121 points
[simple_pure_pursuit-11] [INFO] [1754786767.574095577] [simple_pure_pursuit_node]: odometry is not available
[interactive_server-10] [INFO] [1754786767.610052592] [editor_tool_server]: Waiting for 5.000000 seconds before loading CSV and publishing markers.
[imu_corrector-3] [WARN] [1754786767.612273636] [sensing.imu.imu_corrector]: failed to get transform from imu_link to base_link: "imu_link" passed to lookupTransform argument target_frame does not exist. 
[imu_corrector-3] [ERROR] [1754786767.612449403] [sensing.imu.imu_corrector]: Please publish TF base_link to imu_link
[gyro_odometer-5] [WARN] [1754786767.628300644] [localization.gyro_odometer]: Imu msg is not subscribed
[ekf_localizer-7] [WARN] [1754786767.657364423] [localization.ekf_localizer]: The node is not activated. Provide initial pose to pose_initializer
[imu_corrector-3] [WARN] [1754786767.663697879] [sensing.imu.imu_corrector]: failed to get transform from imu_link to base_link: "imu_link" passed to lookupTransform argument target_frame does not exist. 
[gnss_poser-4] [WARN] [1754786767.678625404] [sensing.gnss.racing_kart_gnss_poser]: "gnss_link" passed to lookupTransform argument target_frame does not exist. 
[gnss_poser-4] [WARN] [1754786767.678733151] [sensing.gnss.racing_kart_gnss_poser]: Please publish TF gnss_link to base_link
[component_container-12] [INFO] [1754786767.695593957] [map.map_container]: Load Library: /autoware/install/map_loader/lib/liblanelet2_map_loader_node.so
[robot_state_publisher-1] [INFO] [1754786767.698539687] [robot_state_publisher]: got segment base_link
[robot_state_publisher-1] [INFO] [1754786767.698681071] [robot_state_publisher]: got segment gnss_link
[robot_state_publisher-1] [INFO] [1754786767.698692835] [robot_state_publisher]: got segment imu_link
[robot_state_publisher-1] [INFO] [1754786767.698700006] [robot_state_publisher]: got segment sensor_kit_base_link
[imu_corrector-3] [WARN] [1754786767.699007068] [sensing.imu.imu_corrector]: failed to get transform from imu_link to base_link: "imu_link" passed to lookupTransform argument target_frame does not exist. 
[component_container_mt-20] [INFO] [1754786767.703409979] [system.system_monitor.system_monitor.system_monitor_container]: Load Library: /autoware/install/system_monitor/lib/libcpu_monitor_lib.so
[component_container_mt-20] [INFO] [1754786767.711596096] [system.system_monitor.system_monitor.system_monitor_container]: Found class: rclcpp_components::NodeFactoryTemplate<CPUMonitor>
[component_container_mt-20] [INFO] [1754786767.711679271] [system.system_monitor.system_monitor.system_monitor_container]: Instantiate class: rclcpp_components::NodeFactoryTemplate<CPUMonitor>
[component_container-12] [INFO] [1754786767.719705409] [map.map_container]: Found class: rclcpp_components::NodeFactoryTemplate<Lanelet2MapLoaderNode>
[component_container-12] [INFO] [1754786767.719800672] [map.map_container]: Instantiate class: rclcpp_components::NodeFactoryTemplate<Lanelet2MapLoaderNode>
[INFO] [launch_ros.actions.load_composable_nodes]: Loaded node '/system/system_monitor/cpu_monitor' in container '/system/system_monitor/system_monitor/system_monitor_container'
[component_container_mt-20] [INFO] [1754786767.742167572] [system.system_monitor.system_monitor.system_monitor_container]: Load Library: /autoware/install/system_monitor/lib/libmem_monitor_lib.so
[component_container_mt-20] [INFO] [1754786767.743405142] [system.system_monitor.system_monitor.system_monitor_container]: Found class: rclcpp_components::NodeFactoryTemplate<MemMonitor>
[component_container_mt-20] [INFO] [1754786767.743450770] [system.system_monitor.system_monitor.system_monitor_container]: Instantiate class: rclcpp_components::NodeFactoryTemplate<MemMonitor>
[INFO] [launch_ros.actions.load_composable_nodes]: Loaded node '/map/lanelet2_map_loader' in container '/map/map_container'
[component_container-12] [INFO] [1754786767.752398040] [map.map_container]: Load Library: /autoware/install/map_loader/lib/liblanelet2_map_visualization_node.so
[INFO] [launch_ros.actions.load_composable_nodes]: Loaded node '/system/system_monitor/mem_monitor' in container '/system/system_monitor/system_monitor/system_monitor_container'
[component_container-12] [INFO] [1754786767.756686135] [map.map_container]: Found class: rclcpp_components::NodeFactoryTemplate<Lanelet2MapVisualizationNode>
[component_container-12] [INFO] [1754786767.756738399] [map.map_container]: Instantiate class: rclcpp_components::NodeFactoryTemplate<Lanelet2MapVisualizationNode>
[component_container_mt-20] [INFO] [1754786767.758333348] [system.system_monitor.system_monitor.system_monitor_container]: Load Library: /autoware/install/system_monitor/lib/libprocess_monitor_lib.so
[component_container_mt-20] [INFO] [1754786767.762051738] [system.system_monitor.system_monitor.system_monitor_container]: Found class: rclcpp_components::NodeFactoryTemplate<ProcessMonitor>
[component_container_mt-20] [INFO] [1754786767.762129085] [system.system_monitor.system_monitor.system_monitor_container]: Instantiate class: rclcpp_components::NodeFactoryTemplate<ProcessMonitor>
[INFO] [launch_ros.actions.load_composable_nodes]: Loaded node '/system/system_monitor/process_monitor' in container '/system/system_monitor/system_monitor/system_monitor_container'
[INFO] [launch_ros.actions.load_composable_nodes]: Loaded node '/map/lanelet2_map_visualization' in container '/map/map_container'
[component_container-12] [INFO] [1754786767.780878098] [map.lanelet2_map_visualization]: Map is loaded
[component_container-12] 
[component_container_mt-20] [INFO] [1754786767.781703815] [system.system_monitor.system_monitor.system_monitor_container]: Load Library: /autoware/install/system_monitor/lib/libvoltage_monitor_lib.so
[component_container_mt-20] [INFO] [1754786767.784419888] [system.system_monitor.system_monitor.system_monitor_container]: Found class: rclcpp_components::NodeFactoryTemplate<VoltageMonitor>
[component_container_mt-20] [INFO] [1754786767.784514394] [system.system_monitor.system_monitor.system_monitor_container]: Instantiate class: rclcpp_components::NodeFactoryTemplate<VoltageMonitor>
[component_container-12] [INFO] [1754786767.787005360] [map.map_container]: Load Library: /autoware/install/map_tf_generator/lib/libvector_map_tf_generator_node.so
[component_container-12] [INFO] [1754786767.795479061] [map.map_container]: Found class: rclcpp_components::NodeFactoryTemplate<VectorMapTFGeneratorNode>
[component_container-12] [INFO] [1754786767.795544584] [map.map_container]: Instantiate class: rclcpp_components::NodeFactoryTemplate<VectorMapTFGeneratorNode>
[INFO] [launch_ros.actions.load_composable_nodes]: Loaded node '/map/vector_map_tf_generator' in container '/map/map_container'
[INFO] [launch_ros.actions.load_composable_nodes]: Loaded node '/system/system_monitor/voltage_monitor' in container '/system/system_monitor/system_monitor/system_monitor_container'
[component_container-12] [INFO] [1754786767.821820102] [map.vector_map_tf_generator]: broadcast static tf. map_frame:map, viewer_frame:viewer, x:89648.2, y:43157.2, z:6.5
[rviz2-15] QPainter::begin: Paint device returned engine == 0, type: 2
[rviz2-15] QPainter::setPen: Painter not active
[rviz2-15] [INFO] [1754786768.341689673] [rviz2]: Stereo is NOT SUPPORTED
[rviz2-15] [INFO] [1754786768.341876957] [rviz2]: OpenGl version: 4.6 (GLSL 4.6)
[rviz2-15] [INFO] [1754786768.437704044] [rviz2]: Stereo is NOT SUPPORTED
[simple_pure_pursuit-11] [INFO] [1754786768.578196691] [simple_pure_pursuit_node]: odometry is not available
[simple_trajectory_generator_node-9] [WARN] [1754786768.850658285] [planning.scenario_planning.simple_trajectory_generator]: New subscription discovered on topic '/planning/scenario_planning/trajectory', requesting incompatible QoS. No messages will be sent to it. Last incompatible policy: RELIABILITY_QOS_POLICY
[simple_trajectory_generator_node-9] [WARN] [1754786768.852306289] [planning.scenario_planning.simple_trajectory_generator]: New subscription discovered on topic '/planning/scenario_planning/trajectory', requesting incompatible QoS. No messages will be sent to it. Last incompatible policy: RELIABILITY_QOS_POLICY
[simple_pure_pursuit-11] [INFO] [1754786769.589212921] [simple_pure_pursuit_node]: odometry is not available
[ekf_localizer-7] [WARN] [1754786769.714388278] [localization.ekf_localizer]: The node is not activated. Provide initial pose to pose_initializer
[rviz2-15] QObject::connect: No such signal QLineEdit::valueChanged(std::string)
[simple_pure_pursuit-11] [INFO] [1754786770.598608292] [simple_pure_pursuit_node]: odometry is not available
[goal_pose_setter_node-14] [INFO] [1754786770.929429966] [goal_pose_setter]: Call localization trigger
[goal_pose_setter_node-14] [INFO] [1754786771.162935641] [goal_pose_setter]: Complete localization trigger
[interactive_server-10] [INFO] [1754786772.610427793] [editor_tool_server]: Loading CSV file: /aichallenge/workspace/src/aichallenge-trajectory-editor/csv/centerline_15km.csv
[interactive_server-10] [ERROR] [1754786772.610826597] [editor_tool_server]: Failed to open file: /aichallenge/workspace/src/aichallenge-trajectory-editor/csv/centerline_15km.csv
[simple_pure_pursuit-11] [INFO] [1754786772.619319585] [simple_pure_pursuit_node]: trajectory points is empty
[relay-16] [WARN] [1754786788.669442373] [initial_pose_relay]: Some, but not all, publishers on topic /initialpose offer 'transient local' durability. Falling back to 'volatile' durability in orderto connect to all publishers.
[rviz2-15] [WARN] [1754786788.820258705] [rviz2]: Negative eigenvalue found for position. Is the covariance matrix correct (positive semidefinite)?
[ekf_localizer-7] [WARN] [1754786788.823348724] [localization.ekf_localizer]: The Mahalanobis distance 1164746216.8857 is over the limit 10000.0000.
[rviz2-15] OpenCV: FFMPEG: tag 0x34363268/'h264' is not supported with codec id 27 and format 'mp4 / MP4 (MPEG-4 Part 14)'
[rviz2-15] OpenCV: FFMPEG: fallback to use tag 0x31637661/'avc1'
[simple_trajectory_generator_node-9] [INFO] [1754786823.571330282] [planning.scenario_planning.simple_trajectory_generator]: Published trajectory with 121 points
[simple_trajectory_generator_node-9] [INFO] [1754786884.569759439] [planning.scenario_planning.simple_trajectory_generator]: Published trajectory with 121 points
[simple_trajectory_generator_node-9] [INFO] [1754786945.569614877] [planning.scenario_planning.simple_trajectory_generator]: Published trajectory with 121 points
[simple_trajectory_generator_node-9] [INFO] [1754787006.569588703] [planning.scenario_planning.simple_trajectory_generator]: Published trajectory with 121 points
[simple_trajectory_generator_node-9] [INFO] [1754787067.568767708] [planning.scenario_planning.simple_trajectory_generator]: Published trajectory with 121 points
[simple_trajectory_generator_node-9] [INFO] [1754787128.568189020] [planning.scenario_planning.simple_trajectory_generator]: Published trajectory with 121 points
