[INFO] [launch]: All log files can be found below /home/ubuntu/.ros/log/2025-08-09-00-37-31-475728-ubuntu-HP-Laptop-14s-dq5xxx-1507
[INFO] [launch]: Default logging verbosity is set to INFO
[INFO] [launch.user]: The arguments for aichallenge_system_launch.
[INFO] [launch.user]:  - simulation: true
[INFO] [launch.user]:  - use_sim_time: true
[INFO] [launch.user]:  - sensor_model: racing_kart_sensor_kit
[INFO] [launch.user]:  - launch_vehicle_interface: true
[INFO] [launch.user]:  - rviz config: /aichallenge/workspace/install/aichallenge_system_launch/share/aichallenge_system_launch/config/autoware.rviz
[INFO] [launch.user]: The arguments for aichallenge_submit_launch.
[INFO] [launch.user]:  - simulation: true
[INFO] [launch.user]:  - use_sim_time: true
[INFO] [launch.user]:  - sensor_model: racing_kart_sensor_kit
[INFO] [launch.user]:  - launch_vehicle_interface: true
[INFO] [launch.user]: echo launch param use_sim_time: true launch_vehicle_interface: true sensor_model: racing_kart_sensor_kit
[INFO] [robot_state_publisher-1]: process started with pid [1521]
[INFO] [vehicle_velocity_converter-2]: process started with pid [1523]
[INFO] [imu_corrector-3]: process started with pid [1525]
[INFO] [gnss_poser-4]: process started with pid [1527]
[INFO] [gyro_odometer-5]: process started with pid [1529]
[INFO] [imu_gnss_poser_node-6]: process started with pid [1531]
[INFO] [ekf_localizer-7]: process started with pid [1533]
[INFO] [twist2accel-8]: process started with pid [1535]
[INFO] [simple_trajectory_generator_node-9]: process started with pid [1537]
[INFO] [interactive_server-10]: process started with pid [1539]
[INFO] [simple_pure_pursuit-11]: process started with pid [1541]
[INFO] [component_container-12]: process started with pid [1543]
[INFO] [raw_vehicle_cmd_converter_node-13]: process started with pid [1545]
[INFO] [goal_pose_setter_node-14]: process started with pid [1547]
[INFO] [rviz2-15]: process started with pid [1549]
[INFO] [relay-16]: process started with pid [1551]
[INFO] [control_mode_adapter.py-17]: process started with pid [1553]
[INFO] [actuation_cmd_converter-18]: process started with pid [1555]
[INFO] [relay-19]: process started with pid [1567]
[INFO] [component_container_mt-20]: process started with pid [1580]
[ekf_localizer-7] [33m[WARN] [1754667452.700801275] [localization.ekf_localizer]: The node is not activated. Provide initial pose to pose_initializer[0m
[simple_trajectory_generator_node-9] [0m[INFO] [1754667452.715769192] [planning.scenario_planning.simple_trajectory_generator]: csv_path parameter changed from '' to '/aichallenge/workspace/install/simple_trajectory_generator/share/simple_trajectory_generator/data/raceline_awsim_15km.csv'[0m
[simple_trajectory_generator_node-9] [0m[INFO] [1754667452.717598357] [planning.scenario_planning.simple_trajectory_generator]: Successfully loaded new trajectory from CSV: /aichallenge/workspace/install/simple_trajectory_generator/share/simple_trajectory_generator/data/raceline_awsim_15km.csv with 121 points[0m
[simple_trajectory_generator_node-9] [0m[INFO] [1754667452.718202891] [planning.scenario_planning.simple_trajectory_generator]: z parameter changed to 6.500000[0m
[simple_pure_pursuit-11] [0m[INFO] [1754667452.718270034] [simple_pure_pursuit_node]: odometry is not available[0m
[simple_trajectory_generator_node-9] [0m[INFO] [1754667452.721059869] [planning.scenario_planning.simple_trajectory_generator]: Loaded trajectory from CSV with 121 points[0m
[interactive_server-10] [0m[INFO] [1754667452.736637082] [editor_tool_server]: Waiting for 5.000000 seconds before loading CSV and publishing markers.[0m
[robot_state_publisher-1] [0m[INFO] [1754667452.738999150] [robot_state_publisher]: got segment base_link[0m
[robot_state_publisher-1] [0m[INFO] [1754667452.739147992] [robot_state_publisher]: got segment gnss_link[0m
[robot_state_publisher-1] [0m[INFO] [1754667452.739168832] [robot_state_publisher]: got segment imu_link[0m
[robot_state_publisher-1] [0m[INFO] [1754667452.739181808] [robot_state_publisher]: got segment sensor_kit_base_link[0m
[component_container_mt-20] [0m[INFO] [1754667452.868645978] [system.system_monitor.system_monitor.system_monitor_container]: Load Library: /autoware/install/system_monitor/lib/libcpu_monitor_lib.so[0m
[component_container_mt-20] [0m[INFO] [1754667452.890826036] [system.system_monitor.system_monitor.system_monitor_container]: Found class: rclcpp_components::NodeFactoryTemplate<CPUMonitor>[0m
[component_container_mt-20] [0m[INFO] [1754667452.890901118] [system.system_monitor.system_monitor.system_monitor_container]: Instantiate class: rclcpp_components::NodeFactoryTemplate<CPUMonitor>[0m
[INFO] [launch_ros.actions.load_composable_nodes]: Loaded node '/system/system_monitor/cpu_monitor' in container '/system/system_monitor/system_monitor/system_monitor_container'
[component_container_mt-20] [0m[INFO] [1754667452.919495893] [system.system_monitor.system_monitor.system_monitor_container]: Load Library: /autoware/install/system_monitor/lib/libmem_monitor_lib.so[0m
[component_container_mt-20] [0m[INFO] [1754667452.921170965] [system.system_monitor.system_monitor.system_monitor_container]: Found class: rclcpp_components::NodeFactoryTemplate<MemMonitor>[0m
[component_container_mt-20] [0m[INFO] [1754667452.921213174] [system.system_monitor.system_monitor.system_monitor_container]: Instantiate class: rclcpp_components::NodeFactoryTemplate<MemMonitor>[0m
[gnss_poser-4] [33m[WARN] [1754667452.927928714] [sensing.gnss.racing_kart_gnss_poser]: "gnss_link" passed to lookupTransform argument target_frame does not exist. [0m
[gnss_poser-4] [33m[WARN] [1754667452.928127826] [sensing.gnss.racing_kart_gnss_poser]: Please publish TF gnss_link to base_link[0m
[INFO] [launch_ros.actions.load_composable_nodes]: Loaded node '/system/system_monitor/mem_monitor' in container '/system/system_monitor/system_monitor/system_monitor_container'
[component_container_mt-20] [0m[INFO] [1754667452.939141047] [system.system_monitor.system_monitor.system_monitor_container]: Load Library: /autoware/install/system_monitor/lib/libprocess_monitor_lib.so[0m
[component_container_mt-20] [0m[INFO] [1754667452.941236216] [system.system_monitor.system_monitor.system_monitor_container]: Found class: rclcpp_components::NodeFactoryTemplate<ProcessMonitor>[0m
[component_container_mt-20] [0m[INFO] [1754667452.941296021] [system.system_monitor.system_monitor.system_monitor_container]: Instantiate class: rclcpp_components::NodeFactoryTemplate<ProcessMonitor>[0m
[rviz2-15] QPainter::begin: Paint device returned engine == 0, type: 2
[rviz2-15] QPainter::setPen: Painter not active
[INFO] [launch_ros.actions.load_composable_nodes]: Loaded node '/system/system_monitor/process_monitor' in container '/system/system_monitor/system_monitor/system_monitor_container'
[component_container_mt-20] [0m[INFO] [1754667452.956706036] [system.system_monitor.system_monitor.system_monitor_container]: Load Library: /autoware/install/system_monitor/lib/libvoltage_monitor_lib.so[0m
[component_container_mt-20] [0m[INFO] [1754667452.958045167] [system.system_monitor.system_monitor.system_monitor_container]: Found class: rclcpp_components::NodeFactoryTemplate<VoltageMonitor>[0m
[component_container_mt-20] [0m[INFO] [1754667452.958071923] [system.system_monitor.system_monitor.system_monitor_container]: Instantiate class: rclcpp_components::NodeFactoryTemplate<VoltageMonitor>[0m
[INFO] [launch_ros.actions.load_composable_nodes]: Loaded node '/system/system_monitor/voltage_monitor' in container '/system/system_monitor/system_monitor/system_monitor_container'
[component_container-12] [0m[INFO] [1754667453.027437875] [map.map_container]: Load Library: /autoware/install/map_loader/lib/liblanelet2_map_loader_node.so[0m
[component_container-12] [0m[INFO] [1754667453.050215219] [map.map_container]: Found class: rclcpp_components::NodeFactoryTemplate<Lanelet2MapLoaderNode>[0m
[component_container-12] [0m[INFO] [1754667453.050277494] [map.map_container]: Instantiate class: rclcpp_components::NodeFactoryTemplate<Lanelet2MapLoaderNode>[0m
[INFO] [launch_ros.actions.load_composable_nodes]: Loaded node '/map/lanelet2_map_loader' in container '/map/map_container'
[component_container-12] [0m[INFO] [1754667453.079328170] [map.map_container]: Load Library: /autoware/install/map_loader/lib/liblanelet2_map_visualization_node.so[0m
[component_container-12] [0m[INFO] [1754667453.082664618] [map.map_container]: Found class: rclcpp_components::NodeFactoryTemplate<Lanelet2MapVisualizationNode>[0m
[component_container-12] [0m[INFO] [1754667453.082711996] [map.map_container]: Instantiate class: rclcpp_components::NodeFactoryTemplate<Lanelet2MapVisualizationNode>[0m
[INFO] [launch_ros.actions.load_composable_nodes]: Loaded node '/map/lanelet2_map_visualization' in container '/map/map_container'
[component_container-12] [0m[INFO] [1754667453.103979721] [map.lanelet2_map_visualization]: Map is loaded
[component_container-12] [0m
[component_container-12] [0m[INFO] [1754667453.112068604] [map.map_container]: Load Library: /autoware/install/map_tf_generator/lib/libvector_map_tf_generator_node.so[0m
[component_container-12] [0m[INFO] [1754667453.119297483] [map.map_container]: Found class: rclcpp_components::NodeFactoryTemplate<VectorMapTFGeneratorNode>[0m
[component_container-12] [0m[INFO] [1754667453.119405074] [map.map_container]: Instantiate class: rclcpp_components::NodeFactoryTemplate<VectorMapTFGeneratorNode>[0m
[INFO] [launch_ros.actions.load_composable_nodes]: Loaded node '/map/vector_map_tf_generator' in container '/map/map_container'
[component_container-12] [0m[INFO] [1754667453.146031608] [map.vector_map_tf_generator]: broadcast static tf. map_frame:map, viewer_frame:viewer, x:89648.2, y:43157.2, z:6.5[0m
[rviz2-15] [0m[INFO] [1754667453.290603106] [rviz2]: Stereo is NOT SUPPORTED[0m
[rviz2-15] [0m[INFO] [1754667453.290936470] [rviz2]: OpenGl version: 4.6 (GLSL 4.6)[0m
[rviz2-15] [0m[INFO] [1754667453.360979950] [rviz2]: Stereo is NOT SUPPORTED[0m
[simple_pure_pursuit-11] [0m[INFO] [1754667453.724951839] [simple_pure_pursuit_node]: odometry is not available[0m
[simple_trajectory_generator_node-9] [33m[WARN] [1754667454.085568927] [planning.scenario_planning.simple_trajectory_generator]: New subscription discovered on topic '/planning/scenario_planning/trajectory', requesting incompatible QoS. No messages will be sent to it. Last incompatible policy: RELIABILITY_QOS_POLICY[0m
[simple_trajectory_generator_node-9] [33m[WARN] [1754667454.087718479] [planning.scenario_planning.simple_trajectory_generator]: New subscription discovered on topic '/planning/scenario_planning/trajectory', requesting incompatible QoS. No messages will be sent to it. Last incompatible policy: RELIABILITY_QOS_POLICY[0m
[ekf_localizer-7] [33m[WARN] [1754667454.719203022] [localization.ekf_localizer]: The node is not activated. Provide initial pose to pose_initializer[0m
[simple_pure_pursuit-11] [0m[INFO] [1754667454.734514591] [simple_pure_pursuit_node]: odometry is not available[0m
[rviz2-15] QObject::connect: No such signal QLineEdit::valueChanged(std::string)
[simple_pure_pursuit-11] [0m[INFO] [1754667455.744659721] [simple_pure_pursuit_node]: odometry is not available[0m
[goal_pose_setter_node-14] [0m[INFO] [1754667456.042055313] [goal_pose_setter]: Call localization trigger[0m
[goal_pose_setter_node-14] [0m[INFO] [1754667456.247133568] [goal_pose_setter]: Complete localization trigger[0m
[interactive_server-10] [0m[INFO] [1754667457.737141165] [editor_tool_server]: Loading CSV file: /aichallenge/workspace/src/aichallenge-trajectory-editor/csv/centerline_15km.csv[0m
[interactive_server-10] [31m[ERROR] [1754667457.737400433] [editor_tool_server]: Failed to open file: /aichallenge/workspace/src/aichallenge-trajectory-editor/csv/centerline_15km.csv[0m
[simple_pure_pursuit-11] [0m[INFO] [1754667457.744388826] [simple_pure_pursuit_node]: trajectory points is empty[0m
[relay-16] [33m[WARN] [1754667472.862708862] [initial_pose_relay]: Some, but not all, publishers on topic /initialpose offer 'transient local' durability. Falling back to 'volatile' durability in orderto connect to all publishers.[0m
[relay-16] [33m[WARN] [1754667472.962820431] [initial_pose_relay]: Some, but not all, publishers on topic /initialpose offer 'transient local' durability. Falling back to 'volatile' durability in orderto connect to all publishers.[0m
[rviz2-15] [33m[WARN] [1754667473.015581039] [rviz2]: Negative eigenvalue found for position. Is the covariance matrix correct (positive semidefinite)?[0m
[ekf_localizer-7] [33m[WARN] [1754667473.986744891] [localization.ekf_localizer]: The Mahalanobis distance 322312.0577 is over the limit 10000.0000.[0m
[rviz2-15] OpenCV: FFMPEG: tag 0x34363268/'h264' is not supported with codec id 27 and format 'mp4 / MP4 (MPEG-4 Part 14)'
[rviz2-15] OpenCV: FFMPEG: fallback to use tag 0x31637661/'avc1'
[simple_trajectory_generator_node-9] [0m[INFO] [1754667509.721750988] [planning.scenario_planning.simple_trajectory_generator]: Published trajectory with 121 points[0m
[simple_trajectory_generator_node-9] [0m[INFO] [1754667570.721644814] [planning.scenario_planning.simple_trajectory_generator]: Published trajectory with 121 points[0m
[simple_trajectory_generator_node-9] [0m[INFO] [1754667631.723694034] [planning.scenario_planning.simple_trajectory_generator]: Published trajectory with 121 points[0m
[simple_trajectory_generator_node-9] [0m[INFO] [1754667692.727961537] [planning.scenario_planning.simple_trajectory_generator]: Published trajectory with 121 points[0m
[simple_trajectory_generator_node-9] [0m[INFO] [1754667753.731561306] [planning.scenario_planning.simple_trajectory_generator]: Published trajectory with 121 points[0m
[simple_trajectory_generator_node-9] [0m[INFO] [1754668672.562949920] [planning.scenario_planning.simple_trajectory_generator]: Published trajectory with 121 points[0m
